Wed Mar 26 12:50:01 2014
The interferometer is now tracking the moon.

Wed Mar 26 12:50:01 2014
Initializing tracking daemon.

Wed Mar 26 12:50:01 2014
Adjusting the interferometer position.
Azimuth: 122:52:00.4
Altitude: 16:16:53.5

Wed Mar 26 12:50:01 2014
Data collection is now starting.

Wed Mar 26 12:50:37 2014
Adjusting the interferometer position.
Azimuth: 122:58:25.3
Altitude: 16:22:43.5

Wed Mar 26 12:51:10 2014
Adjusting the interferometer position.
Azimuth: 123:04:18.6
Altitude: 16:28:04.0

Wed Mar 26 12:51:44 2014
Adjusting the interferometer position.
Azimuth: 123:10:23.2
Altitude: 16:33:33.8

Wed Mar 26 12:52:17 2014
Adjusting the interferometer position.
Azimuth: 123:16:17.6
Altitude: 16:38:53.5

Wed Mar 26 12:52:50 2014
Adjusting the interferometer position.
Azimuth: 123:22:12.5
Altitude: 16:44:13.0

Wed Mar 26 12:53:23 2014
Adjusting the interferometer position.
Azimuth: 123:28:08.0
Altitude: 16:49:32.0

Wed Mar 26 12:53:57 2014
Adjusting the interferometer position.
Azimuth: 123:34:14.8
Altitude: 16:55:00.4

Wed Mar 26 12:54:30 2014
Adjusting the interferometer position.
Azimuth: 123:40:11.3
Altitude: 17:00:18.8

Wed Mar 26 12:55:03 2014
Adjusting the interferometer position.
Azimuth: 123:46:08.3
Altitude: 17:05:36.8

Wed Mar 26 12:55:37 2014
Adjusting the interferometer position.
Azimuth: 123:52:16.7
Altitude: 17:11:04.1

Wed Mar 26 12:56:10 2014
Adjusting the interferometer position.
Azimuth: 123:58:14.9
Altitude: 17:16:21.4

Wed Mar 26 12:56:43 2014
Adjusting the interferometer position.
Azimuth: 124:04:13.6
Altitude: 17:21:38.3

Wed Mar 26 12:57:16 2014
Adjusting the interferometer position.
Azimuth: 124:10:12.8
Altitude: 17:26:54.9

Wed Mar 26 12:57:50 2014
Adjusting the interferometer position.
Azimuth: 124:16:23.4
Altitude: 17:32:20.7

Wed Mar 26 12:58:23 2014
Adjusting the interferometer position.
Azimuth: 124:22:23.7
Altitude: 17:37:36.6

Wed Mar 26 12:58:56 2014
Adjusting the interferometer position.
Azimuth: 124:28:24.6
Altitude: 17:42:52.1

Wed Mar 26 12:59:30 2014
Adjusting the interferometer position.
Azimuth: 124:34:36.9
Altitude: 17:48:16.8

Wed Mar 26 13:00:03 2014
Adjusting the interferometer position.
Azimuth: 124:40:38.9
Altitude: 17:53:31.5

Wed Mar 26 13:00:36 2014
Adjusting the interferometer position.
Azimuth: 124:46:41.4
Altitude: 17:58:45.9

Wed Mar 26 13:01:09 2014
Adjusting the interferometer position.
Azimuth: 124:52:44.5
Altitude: 18:04:00.0

Wed Mar 26 13:01:43 2014
Adjusting the interferometer position.
Azimuth: 124:58:59.1
Altitude: 18:09:23.1

Wed Mar 26 13:02:16 2014
Adjusting the interferometer position.
Azimuth: 125:05:03.3
Altitude: 18:14:36.4

Wed Mar 26 13:02:49 2014
Adjusting the interferometer position.
Azimuth: 125:11:08.1
Altitude: 18:19:49.3

Wed Mar 26 13:03:23 2014
Adjusting the interferometer position.
Azimuth: 125:17:24.4
Altitude: 18:25:11.3

Wed Mar 26 13:03:56 2014
Adjusting the interferometer position.
Azimuth: 125:23:30.3
Altitude: 18:30:23.4

Wed Mar 26 13:04:29 2014
Adjusting the interferometer position.
Azimuth: 125:29:36.8
Altitude: 18:35:35.2

Wed Mar 26 13:05:03 2014
Adjusting the interferometer position.
Azimuth: 125:35:54.9
Altitude: 18:40:56.0

Wed Mar 26 13:05:36 2014
Adjusting the interferometer position.
Azimuth: 125:42:02.5
Altitude: 18:46:07.0

Wed Mar 26 13:06:09 2014
Adjusting the interferometer position.
Azimuth: 125:48:10.7
Altitude: 18:51:17.6

Wed Mar 26 13:06:42 2014
Adjusting the interferometer position.
Azimuth: 125:54:19.4
Altitude: 18:56:27.9

Wed Mar 26 13:07:16 2014
Adjusting the interferometer position.
Azimuth: 126:00:39.9
Altitude: 19:01:47.1

Wed Mar 26 13:07:49 2014
Adjusting the interferometer position.
Azimuth: 126:06:49.8
Altitude: 19:06:56.5

Wed Mar 26 13:08:22 2014
Adjusting the interferometer position.
Azimuth: 126:13:00.3
Altitude: 19:12:05.6

Wed Mar 26 13:08:56 2014
Adjusting the interferometer position.
Azimuth: 126:19:22.6
Altitude: 19:17:23.6

Wed Mar 26 13:09:29 2014
Adjusting the interferometer position.
Azimuth: 126:25:34.3
Altitude: 19:22:31.9

Wed Mar 26 13:10:02 2014
Adjusting the interferometer position.
Azimuth: 126:31:46.5
Altitude: 19:27:39.7

Wed Mar 26 13:10:35 2014
Adjusting the interferometer position.
Azimuth: 126:37:59.3
Altitude: 19:32:47.2

Wed Mar 26 13:11:09 2014
Adjusting the interferometer position.
Azimuth: 126:44:24.1
Altitude: 19:38:03.6

Wed Mar 26 13:11:42 2014
Adjusting the interferometer position.
Azimuth: 126:50:38.1
Altitude: 19:43:10.3

Wed Mar 26 13:12:15 2014
Adjusting the interferometer position.
Azimuth: 126:56:52.7
Altitude: 19:48:16.5

Wed Mar 26 13:12:49 2014
Adjusting the interferometer position.
Azimuth: 127:03:19.2
Altitude: 19:53:31.7

Wed Mar 26 13:13:22 2014
Adjusting the interferometer position.
Azimuth: 127:09:35.0
Altitude: 19:58:37.1

Wed Mar 26 13:13:55 2014
Adjusting the interferometer position.
Azimuth: 127:15:51.4
Altitude: 20:03:42.2

Wed Mar 26 13:14:29 2014
Adjusting the interferometer position.
Azimuth: 127:22:19.8
Altitude: 20:08:56.0

Wed Mar 26 13:15:02 2014
Adjusting the interferometer position.
Azimuth: 127:28:37.5
Altitude: 20:14:00.2

Wed Mar 26 13:15:35 2014
Adjusting the interferometer position.
Azimuth: 127:34:55.7
Altitude: 20:19:04.0

Wed Mar 26 13:16:08 2014
Adjusting the interferometer position.
Azimuth: 127:41:14.5
Altitude: 20:24:07.4

Wed Mar 26 13:16:42 2014
Adjusting the interferometer position.
Azimuth: 127:47:45.4
Altitude: 20:29:19.6

Wed Mar 26 13:17:15 2014
Adjusting the interferometer position.
Azimuth: 127:54:05.4
Altitude: 20:34:22.1

Wed Mar 26 13:17:48 2014
Adjusting the interferometer position.
Azimuth: 128:00:26.1
Altitude: 20:39:24.3

Wed Mar 26 13:18:22 2014
Adjusting the interferometer position.
Azimuth: 128:06:58.9
Altitude: 20:44:35.1

Wed Mar 26 13:18:55 2014
Adjusting the interferometer position.
Azimuth: 128:13:20.8
Altitude: 20:49:36.4

Wed Mar 26 13:19:28 2014
Adjusting the interferometer position.
Azimuth: 128:19:43.3
Altitude: 20:54:37.3

Wed Mar 26 13:20:01 2014
Adjusting the interferometer position.
Azimuth: 128:26:06.4
Altitude: 20:59:37.7

Wed Mar 26 13:20:35 2014
Adjusting the interferometer position.
Azimuth: 128:32:41.7
Altitude: 21:04:46.8

Wed Mar 26 13:21:08 2014
Adjusting the interferometer position.
Azimuth: 128:39:06.1
Altitude: 21:09:46.4

Wed Mar 26 13:21:41 2014
Adjusting the interferometer position.
Azimuth: 128:45:31.1
Altitude: 21:14:45.5

Wed Mar 26 13:22:15 2014
Adjusting the interferometer position.
Azimuth: 128:52:08.4
Altitude: 21:19:53.3

Wed Mar 26 13:22:48 2014
Adjusting the interferometer position.
Azimuth: 128:58:34.6
Altitude: 21:24:51.5

Wed Mar 26 13:23:21 2014
Adjusting the interferometer position.
Azimuth: 129:05:01.5
Altitude: 21:29:49.3

Wed Mar 26 13:23:55 2014
Adjusting the interferometer position.
Azimuth: 129:11:40.7
Altitude: 21:34:55.7

Wed Mar 26 13:24:28 2014
Adjusting the interferometer position.
Azimuth: 129:18:08.9
Altitude: 21:39:52.7

Wed Mar 26 13:25:01 2014
Adjusting the interferometer position.
Azimuth: 129:24:37.7
Altitude: 21:44:49.2

Wed Mar 26 13:25:34 2014
Adjusting the interferometer position.
Azimuth: 129:31:07.1
Altitude: 21:49:45.2

Wed Mar 26 13:26:08 2014
Adjusting the interferometer position.
Azimuth: 129:37:48.9
Altitude: 21:54:49.8

Wed Mar 26 13:26:41 2014
Adjusting the interferometer position.
Azimuth: 129:44:19.6
Altitude: 21:59:44.9

Wed Mar 26 13:27:14 2014
Adjusting the interferometer position.
Azimuth: 129:50:51.0
Altitude: 22:04:39.6

Wed Mar 26 13:27:48 2014
Adjusting the interferometer position.
Azimuth: 129:57:34.8
Altitude: 22:09:42.8

Wed Mar 26 13:28:21 2014
Adjusting the interferometer position.
Azimuth: 130:04:07.5
Altitude: 22:14:36.6

Wed Mar 26 13:28:54 2014
Adjusting the interferometer position.
Azimuth: 130:10:40.7
Altitude: 22:19:29.9

Wed Mar 26 13:29:28 2014
Adjusting the interferometer position.
Azimuth: 130:17:26.6
Altitude: 22:24:31.7

Wed Mar 26 13:30:01 2014
Adjusting the interferometer position.
Azimuth: 130:24:01.2
Altitude: 22:29:24.1

Wed Mar 26 13:30:34 2014
Adjusting the interferometer position.
Azimuth: 130:30:36.4
Altitude: 22:34:16.0

Wed Mar 26 13:31:07 2014
Adjusting the interferometer position.
Azimuth: 130:37:12.3
Altitude: 22:39:07.5

Wed Mar 26 13:31:41 2014
Adjusting the interferometer position.
Azimuth: 130:44:00.9
Altitude: 22:44:07.4

Wed Mar 26 13:32:14 2014
Adjusting the interferometer position.
Azimuth: 130:50:38.1
Altitude: 22:48:57.9

Wed Mar 26 13:32:47 2014
Adjusting the interferometer position.
Azimuth: 130:57:16.0
Altitude: 22:53:48.0

Wed Mar 26 13:33:21 2014
Adjusting the interferometer position.
Azimuth: 131:04:06.6
Altitude: 22:58:46.4

Wed Mar 26 13:33:54 2014
Adjusting the interferometer position.
Azimuth: 131:10:45.8
Altitude: 23:03:35.5

Wed Mar 26 13:34:27 2014
Adjusting the interferometer position.
Azimuth: 131:17:25.6
Altitude: 23:08:24.2

Wed Mar 26 13:35:00 2014
Adjusting the interferometer position.
Azimuth: 131:24:06.1
Altitude: 23:13:12.3

Wed Mar 26 13:35:34 2014
Adjusting the interferometer position.
Azimuth: 131:30:59.5
Altitude: 23:18:08.8

Wed Mar 26 13:36:07 2014
Adjusting the interferometer position.
Azimuth: 131:37:41.4
Altitude: 23:22:56.0

Wed Mar 26 13:36:40 2014
Adjusting the interferometer position.
Azimuth: 131:44:23.9
Altitude: 23:27:42.7

Wed Mar 26 13:37:14 2014
Adjusting the interferometer position.
Azimuth: 131:51:19.3
Altitude: 23:32:37.6

Wed Mar 26 13:37:47 2014
Adjusting the interferometer position.
Azimuth: 131:58:03.2
Altitude: 23:37:23.4

Wed Mar 26 13:38:20 2014
Adjusting the interferometer position.
Azimuth: 132:04:47.8
Altitude: 23:42:08.6

Wed Mar 26 13:38:54 2014
Adjusting the interferometer position.
Azimuth: 132:11:45.3
Altitude: 23:47:02.0

Wed Mar 26 13:39:27 2014
Adjusting the interferometer position.
Azimuth: 132:18:31.3
Altitude: 23:51:46.3

Wed Mar 26 13:40:00 2014
Adjusting the interferometer position.
Azimuth: 132:25:17.9
Altitude: 23:56:30.1

Wed Mar 26 13:40:33 2014
Adjusting the interferometer position.
Azimuth: 132:32:05.2
Altitude: 24:01:13.4

Wed Mar 26 13:41:07 2014
Adjusting the interferometer position.
Azimuth: 132:39:05.5
Altitude: 24:06:04.7

Wed Mar 26 13:41:40 2014
Adjusting the interferometer position.
Azimuth: 132:45:54.2
Altitude: 24:10:47.0

Wed Mar 26 13:42:13 2014
Adjusting the interferometer position.
Azimuth: 132:52:43.5
Altitude: 24:15:28.8

Wed Mar 26 13:42:47 2014
Adjusting the interferometer position.
Azimuth: 132:59:46.0
Altitude: 24:20:18.6

Wed Mar 26 13:43:20 2014
Adjusting the interferometer position.
Azimuth: 133:06:36.7
Altitude: 24:24:59.4

Wed Mar 26 13:43:53 2014
Adjusting the interferometer position.
Azimuth: 133:13:28.2
Altitude: 24:29:39.6

Wed Mar 26 13:44:27 2014
Adjusting the interferometer position.
Azimuth: 133:20:32.8
Altitude: 24:34:27.8

Wed Mar 26 13:45:00 2014
Adjusting the interferometer position.
Azimuth: 133:27:25.6
Altitude: 24:39:07.1

Wed Mar 26 13:45:33 2014
Adjusting the interferometer position.
Azimuth: 133:34:19.1
Altitude: 24:43:45.8

Wed Mar 26 13:46:07 2014
Adjusting the interferometer position.
Azimuth: 133:41:25.9
Altitude: 24:48:32.4

Wed Mar 26 13:46:40 2014
Adjusting the interferometer position.
Azimuth: 133:48:20.9
Altitude: 24:53:10.1

Wed Mar 26 13:47:13 2014
Adjusting the interferometer position.
Azimuth: 133:55:16.5
Altitude: 24:57:47.2

Wed Mar 26 13:47:47 2014
Adjusting the interferometer position.
Azimuth: 134:02:25.4
Altitude: 25:02:32.2

Wed Mar 26 13:48:20 2014
Adjusting the interferometer position.
Azimuth: 134:09:22.5
Altitude: 25:07:08.3

Wed Mar 26 13:48:53 2014
Adjusting the interferometer position.
Azimuth: 134:16:20.3
Altitude: 25:11:43.9

Wed Mar 26 13:49:26 2014
Adjusting the interferometer position.
Azimuth: 134:23:18.7
Altitude: 25:16:18.9

Wed Mar 26 13:50:00 2014
Adjusting the interferometer position.
Azimuth: 134:30:30.6
Altitude: 25:21:01.7

Wed Mar 26 13:50:33 2014
Resetting the interferometer to its home position.

Wed Mar 26 13:51:08 2014
Done. Data collection may now resume.

Wed Mar 26 13:51:08 2014
Adjusting the interferometer position.
Azimuth: 134:44:56.6
Altitude: 25:30:25.7

Wed Mar 26 13:51:48 2014
Adjusting the interferometer position.
Azimuth: 134:53:27.4
Altitude: 25:35:56.4

Wed Mar 26 13:52:22 2014
Adjusting the interferometer position.
Azimuth: 135:00:42.4
Altitude: 25:40:36.8

Wed Mar 26 13:52:55 2014
Adjusting the interferometer position.
Azimuth: 135:07:45.3
Altitude: 25:45:08.5

Wed Mar 26 13:53:28 2014
Adjusting the interferometer position.
Azimuth: 135:14:49.0
Altitude: 25:49:39.6

Wed Mar 26 13:54:01 2014
Adjusting the interferometer position.
Azimuth: 135:21:53.4
Altitude: 25:54:10.2

Wed Mar 26 13:54:35 2014
Adjusting the interferometer position.
Azimuth: 135:29:11.3
Altitude: 25:58:48.4

Wed Mar 26 13:55:08 2014
Adjusting the interferometer position.
Azimuth: 135:36:17.2
Altitude: 26:03:17.8

Wed Mar 26 13:55:41 2014
Adjusting the interferometer position.
Azimuth: 135:43:23.7
Altitude: 26:07:46.8

Wed Mar 26 13:56:15 2014
Adjusting the interferometer position.
Azimuth: 135:50:43.9
Altitude: 26:12:23.3

Wed Mar 26 13:56:48 2014
Adjusting the interferometer position.
Azimuth: 135:57:51.9
Altitude: 26:16:51.0

Wed Mar 26 13:57:21 2014
Adjusting the interferometer position.
Azimuth: 136:05:00.7
Altitude: 26:21:18.3

Wed Mar 26 13:57:54 2014
Adjusting the interferometer position.
Azimuth: 136:12:10.1
Altitude: 26:25:45.0

Wed Mar 26 13:58:28 2014
Adjusting the interferometer position.
Azimuth: 136:19:33.3
Altitude: 26:30:19.1

Wed Mar 26 13:59:01 2014
Adjusting the interferometer position.
Azimuth: 136:26:44.3
Altitude: 26:34:44.7

Wed Mar 26 13:59:34 2014
Adjusting the interferometer position.
Azimuth: 136:33:55.9
Altitude: 26:39:09.7

Wed Mar 26 14:00:08 2014
Adjusting the interferometer position.
Azimuth: 136:41:21.4
Altitude: 26:43:42.1

Wed Mar 26 14:00:41 2014
Adjusting the interferometer position.
Azimuth: 136:48:34.6
Altitude: 26:48:05.9

Wed Mar 26 14:01:14 2014
Adjusting the interferometer position.
Azimuth: 136:55:48.4
Altitude: 26:52:29.1

Wed Mar 26 14:01:47 2014
Adjusting the interferometer position.
Azimuth: 137:03:03.0
Altitude: 26:56:51.8

Wed Mar 26 14:02:21 2014
Adjusting the interferometer position.
Azimuth: 137:10:31.6
Altitude: 27:01:21.9

Wed Mar 26 14:02:54 2014
Adjusting the interferometer position.
Azimuth: 137:17:47.7
Altitude: 27:05:43.4

Wed Mar 26 14:03:27 2014
Adjusting the interferometer position.
Azimuth: 137:25:04.5
Altitude: 27:10:04.3

Wed Mar 26 14:04:01 2014
Adjusting the interferometer position.
Azimuth: 137:32:35.4
Altitude: 27:14:32.5

Wed Mar 26 14:04:34 2014
Adjusting the interferometer position.
Azimuth: 137:39:53.7
Altitude: 27:18:52.3

Wed Mar 26 14:05:07 2014
Adjusting the interferometer position.
Azimuth: 137:47:12.8
Altitude: 27:23:11.4

Wed Mar 26 14:05:41 2014
Adjusting the interferometer position.
Azimuth: 137:54:45.9
Altitude: 27:27:37.8

Wed Mar 26 14:06:14 2014
Adjusting the interferometer position.
Azimuth: 138:02:06.5
Altitude: 27:31:55.8

Wed Mar 26 14:06:47 2014
Adjusting the interferometer position.
Azimuth: 138:09:27.8
Altitude: 27:36:13.1

Wed Mar 26 14:07:20 2014
Adjusting the interferometer position.
Azimuth: 138:16:49.9
Altitude: 27:40:29.9

Wed Mar 26 14:07:54 2014
Adjusting the interferometer position.
Azimuth: 138:24:26.1
Altitude: 27:44:53.8

Wed Mar 26 14:08:27 2014
Adjusting the interferometer position.
Azimuth: 138:31:49.7
Altitude: 27:49:09.4

Wed Mar 26 14:09:00 2014
Adjusting the interferometer position.
Azimuth: 138:39:14.1
Altitude: 27:53:24.3

Wed Mar 26 14:09:34 2014
Adjusting the interferometer position.
Azimuth: 138:46:52.7
Altitude: 27:57:46.4

Wed Mar 26 14:10:07 2014
Adjusting the interferometer position.
Azimuth: 138:54:18.5
Altitude: 28:02:00.1

Wed Mar 26 14:10:40 2014
Adjusting the interferometer position.
Azimuth: 139:01:45.1
Altitude: 28:06:13.2

Wed Mar 26 14:11:14 2014
Adjusting the interferometer position.
Azimuth: 139:09:26.0
Altitude: 28:10:33.4

Wed Mar 26 14:11:47 2014
Adjusting the interferometer position.
Azimuth: 139:16:54.2
Altitude: 28:14:45.2

Wed Mar 26 14:12:20 2014
Adjusting the interferometer position.
Azimuth: 139:24:23.1
Altitude: 28:18:56.5

Wed Mar 26 14:12:53 2014
Adjusting the interferometer position.
Azimuth: 139:31:52.7
Altitude: 28:23:07.1

Wed Mar 26 14:13:27 2014
Adjusting the interferometer position.
Azimuth: 139:39:36.8
Altitude: 28:27:24.7

Wed Mar 26 14:14:00 2014
Adjusting the interferometer position.
Azimuth: 139:47:08.0
Altitude: 28:31:34.1

Wed Mar 26 14:14:33 2014
Adjusting the interferometer position.
Azimuth: 139:54:39.9
Altitude: 28:35:42.8

Wed Mar 26 14:15:07 2014
Adjusting the interferometer position.
Azimuth: 140:02:26.4
Altitude: 28:39:58.5

Wed Mar 26 14:15:40 2014
Adjusting the interferometer position.
Azimuth: 140:09:59.8
Altitude: 28:44:05.9

Wed Mar 26 14:16:13 2014
Adjusting the interferometer position.
Azimuth: 140:17:34.1
Altitude: 28:48:12.8

Wed Mar 26 14:16:46 2014
Adjusting the interferometer position.
Azimuth: 140:25:09.1
Altitude: 28:52:19.0

Wed Mar 26 14:17:20 2014
Adjusting the interferometer position.
Azimuth: 140:32:58.7
Altitude: 28:56:32.0

Wed Mar 26 14:17:53 2014
Adjusting the interferometer position.
Azimuth: 140:40:35.3
Altitude: 29:00:36.9

Wed Mar 26 14:18:26 2014
Adjusting the interferometer position.
Azimuth: 140:48:12.6
Altitude: 29:04:41.2

Wed Mar 26 14:19:00 2014
Adjusting the interferometer position.
Azimuth: 140:56:04.6
Altitude: 29:08:52.1

Wed Mar 26 14:19:33 2014
Adjusting the interferometer position.
Azimuth: 141:03:43.4
Altitude: 29:12:55.1

Wed Mar 26 14:20:06 2014
Adjusting the interferometer position.
Azimuth: 141:11:23.1
Altitude: 29:16:57.4

Wed Mar 26 14:20:40 2014
Adjusting the interferometer position.
Azimuth: 141:19:17.5
Altitude: 29:21:06.4

Wed Mar 26 14:21:13 2014
Adjusting the interferometer position.
Azimuth: 141:26:58.7
Altitude: 29:25:07.4

Wed Mar 26 14:21:46 2014
Adjusting the interferometer position.
Azimuth: 141:34:40.6
Altitude: 29:29:07.7

Wed Mar 26 14:22:19 2014
Adjusting the interferometer position.
Azimuth: 141:42:23.4
Altitude: 29:33:07.4

Wed Mar 26 14:22:53 2014
Adjusting the interferometer position.
Azimuth: 141:50:20.9
Altitude: 29:37:13.6

Wed Mar 26 14:23:26 2014
Adjusting the interferometer position.
Azimuth: 141:58:05.2
Altitude: 29:41:12.0

Wed Mar 26 14:23:59 2014
Adjusting the interferometer position.
Azimuth: 142:05:50.3
Altitude: 29:45:09.7

Wed Mar 26 14:24:33 2014
Adjusting the interferometer position.
Azimuth: 142:13:50.3
Altitude: 29:49:13.8

Wed Mar 26 14:25:06 2014
Adjusting the interferometer position.
Azimuth: 142:21:36.9
Altitude: 29:53:10.1

Wed Mar 26 14:25:39 2014
Adjusting the interferometer position.
Azimuth: 142:29:24.4
Altitude: 29:57:05.8

Wed Mar 26 14:26:12 2014
Adjusting the interferometer position.
Azimuth: 142:37:12.5
Altitude: 30:01:00.7

Wed Mar 26 14:26:46 2014
Adjusting the interferometer position.
Azimuth: 142:45:15.7
Altitude: 30:05:02.1

Wed Mar 26 14:27:19 2014
Adjusting the interferometer position.
Azimuth: 142:53:05.5
Altitude: 30:08:55.7

Wed Mar 26 14:27:52 2014
Adjusting the interferometer position.
Azimuth: 143:00:56.0
Altitude: 30:12:48.6

Wed Mar 26 14:28:26 2014
Adjusting the interferometer position.
Azimuth: 143:09:01.6
Altitude: 30:16:47.9

Wed Mar 26 14:28:59 2014
Adjusting the interferometer position.
Azimuth: 143:16:53.8
Altitude: 30:20:39.4

Wed Mar 26 14:29:32 2014
Adjusting the interferometer position.
Azimuth: 143:24:46.6
Altitude: 30:24:30.2

Wed Mar 26 14:30:06 2014
Adjusting the interferometer position.
Azimuth: 143:32:54.7
Altitude: 30:28:27.3

Wed Mar 26 14:30:39 2014
Adjusting the interferometer position.
Azimuth: 143:40:49.1
Altitude: 30:32:16.8

Wed Mar 26 14:31:12 2014
Adjusting the interferometer position.
Azimuth: 143:48:44.4
Altitude: 30:36:05.5

Wed Mar 26 14:31:45 2014
Adjusting the interferometer position.
Azimuth: 143:56:40.4
Altitude: 30:39:53.5

Wed Mar 26 14:32:19 2014
Adjusting the interferometer position.
Azimuth: 144:04:51.7
Altitude: 30:43:47.7

Wed Mar 26 14:32:52 2014
Adjusting the interferometer position.
Azimuth: 144:12:49.3
Altitude: 30:47:34.3

Wed Mar 26 14:33:25 2014
Adjusting the interferometer position.
Azimuth: 144:20:47.7
Altitude: 30:51:20.2

Wed Mar 26 14:33:59 2014
Adjusting the interferometer position.
Azimuth: 144:29:01.4
Altitude: 30:55:12.2

Wed Mar 26 14:34:32 2014
Adjusting the interferometer position.
Azimuth: 144:37:01.3
Altitude: 30:58:56.7

Wed Mar 26 14:35:05 2014
Adjusting the interferometer position.
Azimuth: 144:45:02.1
Altitude: 31:02:40.5

Wed Mar 26 14:35:38 2014
Adjusting the interferometer position.
Azimuth: 144:53:03.6
Altitude: 31:06:23.5

Wed Mar 26 14:36:12 2014
Adjusting the interferometer position.
Azimuth: 145:01:20.5
Altitude: 31:10:12.5

Wed Mar 26 14:36:45 2014
Adjusting the interferometer position.
Azimuth: 145:09:23.6
Altitude: 31:13:54.1

Wed Mar 26 14:37:18 2014
Adjusting the interferometer position.
Azimuth: 145:17:27.5
Altitude: 31:17:35.0

Wed Mar 26 14:37:52 2014
Adjusting the interferometer position.
Azimuth: 145:25:46.9
Altitude: 31:21:21.7

Wed Mar 26 14:38:25 2014
Adjusting the interferometer position.
Azimuth: 145:33:52.4
Altitude: 31:25:01.1

Wed Mar 26 14:38:58 2014
Adjusting the interferometer position.
Azimuth: 145:41:58.6
Altitude: 31:28:39.8

Wed Mar 26 14:39:31 2014
Adjusting the interferometer position.
Azimuth: 145:50:05.6
Altitude: 31:32:17.7

Wed Mar 26 14:40:05 2014
Adjusting the interferometer position.
Azimuth: 145:58:28.2
Altitude: 31:36:01.4

Wed Mar 26 14:40:38 2014
Adjusting the interferometer position.
Azimuth: 146:06:36.9
Altitude: 31:39:37.9

Wed Mar 26 14:41:11 2014
Adjusting the interferometer position.
Azimuth: 146:14:46.3
Altitude: 31:43:13.6

Wed Mar 26 14:41:45 2014
Adjusting the interferometer position.
Azimuth: 146:23:11.3
Altitude: 31:46:55.0

Wed Mar 26 14:42:18 2014
Adjusting the interferometer position.
Azimuth: 146:31:22.3
Altitude: 31:50:29.2

Wed Mar 26 14:42:51 2014
Adjusting the interferometer position.
Azimuth: 146:39:34.0
Altitude: 31:54:02.6

Wed Mar 26 14:43:24 2014
Adjusting the interferometer position.
Azimuth: 146:47:46.6
Altitude: 31:57:35.3

Wed Mar 26 14:43:58 2014
Adjusting the interferometer position.
Azimuth: 146:56:14.8
Altitude: 32:01:13.6

Wed Mar 26 14:44:31 2014
Adjusting the interferometer position.
Azimuth: 147:04:29.0
Altitude: 32:04:44.8

Wed Mar 26 14:45:04 2014
Adjusting the interferometer position.
Azimuth: 147:12:43.9
Altitude: 32:08:15.2

Wed Mar 26 14:45:38 2014
Adjusting the interferometer position.
Azimuth: 147:21:14.6
Altitude: 32:11:51.1

Wed Mar 26 14:46:11 2014
Adjusting the interferometer position.
Azimuth: 147:29:31.1
Altitude: 32:15:20.0

Wed Mar 26 14:46:44 2014
Adjusting the interferometer position.
Azimuth: 147:37:48.3
Altitude: 32:18:48.1

Wed Mar 26 14:47:18 2014
Adjusting the interferometer position.
Azimuth: 147:46:21.5
Altitude: 32:22:21.7

Wed Mar 26 14:47:51 2014
Adjusting the interferometer position.
Azimuth: 147:54:40.3
Altitude: 32:25:48.2

Wed Mar 26 14:48:24 2014
Adjusting the interferometer position.
Azimuth: 148:02:59.9
Altitude: 32:29:14.0

Wed Mar 26 14:48:57 2014
Adjusting the interferometer position.
Azimuth: 148:11:20.3
Altitude: 32:32:38.9

Wed Mar 26 14:49:31 2014
Adjusting the interferometer position.
Azimuth: 148:19:56.7
Altitude: 32:36:09.3

Wed Mar 26 14:50:04 2014
Adjusting the interferometer position.
Azimuth: 148:28:18.6
Altitude: 32:39:32.7

Wed Mar 26 14:50:37 2014
Adjusting the interferometer position.
Azimuth: 148:36:41.4
Altitude: 32:42:55.4

Wed Mar 26 14:51:11 2014
Adjusting the interferometer position.
Azimuth: 148:45:20.1
Altitude: 32:46:23.3

Wed Mar 26 14:51:44 2014
Resetting the interferometer to its home position.

Wed Mar 26 14:52:18 2014
Done. Data collection may now resume.

Wed Mar 26 14:52:18 2014
Adjusting the interferometer position.
Azimuth: 149:02:24.9
Altitude: 32:53:10.6

Wed Mar 26 14:52:58 2014
Adjusting the interferometer position.
Azimuth: 149:12:38.1
Altitude: 32:57:12.3

Wed Mar 26 14:53:31 2014
Adjusting the interferometer position.
Azimuth: 149:21:05.0
Altitude: 33:00:30.7

Wed Mar 26 14:54:05 2014
Adjusting the interferometer position.
Azimuth: 149:29:47.9
Altitude: 33:03:54.4

Wed Mar 26 14:54:38 2014
Adjusting the interferometer position.
Azimuth: 149:38:16.3
Altitude: 33:07:11.2

Wed Mar 26 14:55:11 2014
Adjusting the interferometer position.
Azimuth: 149:46:45.5
Altitude: 33:10:27.3

Wed Mar 26 14:55:44 2014
Adjusting the interferometer position.
Azimuth: 149:55:15.4
Altitude: 33:13:42.5

Wed Mar 26 14:56:18 2014
Adjusting the interferometer position.
Azimuth: 150:04:01.6
Altitude: 33:17:02.8

Wed Mar 26 14:56:51 2014
Adjusting the interferometer position.
Azimuth: 150:12:33.0
Altitude: 33:20:16.4

Wed Mar 26 14:57:24 2014
Adjusting the interferometer position.
Azimuth: 150:21:05.3
Altitude: 33:23:29.2

Wed Mar 26 14:57:58 2014
Adjusting the interferometer position.
Azimuth: 150:29:53.8
Altitude: 33:26:47.0

Wed Mar 26 14:58:31 2014
Adjusting the interferometer position.
Azimuth: 150:38:27.6
Altitude: 33:29:58.1

Wed Mar 26 14:59:04 2014
Adjusting the interferometer position.
Azimuth: 150:47:02.2
Altitude: 33:33:08.4

Wed Mar 26 14:59:38 2014
Adjusting the interferometer position.
Azimuth: 150:55:53.1
Altitude: 33:36:23.7

Wed Mar 26 15:00:11 2014
Adjusting the interferometer position.
Azimuth: 151:04:29.2
Altitude: 33:39:32.3

Wed Mar 26 15:00:44 2014
Adjusting the interferometer position.
Azimuth: 151:13:06.1
Altitude: 33:42:40.1

Wed Mar 26 15:01:17 2014
Adjusting the interferometer position.
Azimuth: 151:21:43.7
Altitude: 33:45:47.1

Wed Mar 26 15:01:51 2014
Adjusting the interferometer position.
Azimuth: 151:30:37.8
Altitude: 33:48:58.9

Wed Mar 26 15:02:24 2014
Adjusting the interferometer position.
Azimuth: 151:39:17.0
Altitude: 33:52:04.2

Wed Mar 26 15:02:57 2014
Adjusting the interferometer position.
Azimuth: 151:47:56.9
Altitude: 33:55:08.7

Wed Mar 26 15:03:31 2014
Adjusting the interferometer position.
Azimuth: 151:56:53.4
Altitude: 33:58:17.9

Wed Mar 26 15:04:04 2014
Adjusting the interferometer position.
Azimuth: 152:05:34.8
Altitude: 34:01:20.7

Wed Mar 26 15:04:37 2014
Adjusting the interferometer position.
Azimuth: 152:14:17.0
Altitude: 34:04:22.6

Wed Mar 26 15:05:10 2014
Adjusting the interferometer position.
Azimuth: 152:22:59.9
Altitude: 34:07:23.7

Wed Mar 26 15:05:44 2014
Adjusting the interferometer position.
Azimuth: 152:31:59.5
Altitude: 34:10:29.3

Wed Mar 26 15:06:17 2014
Adjusting the interferometer position.
Azimuth: 152:40:44.0
Altitude: 34:13:28.7

Wed Mar 26 15:06:50 2014
Adjusting the interferometer position.
Azimuth: 152:49:29.2
Altitude: 34:16:27.2

Wed Mar 26 15:07:24 2014
Adjusting the interferometer position.
Azimuth: 152:58:31.1
Altitude: 34:19:30.2

Wed Mar 26 15:07:57 2014
Adjusting the interferometer position.
Azimuth: 153:07:17.8
Altitude: 34:22:27.0

Wed Mar 26 15:08:30 2014
Adjusting the interferometer position.
Azimuth: 153:16:05.3
Altitude: 34:25:22.9

Wed Mar 26 15:09:03 2014
Adjusting the interferometer position.
Azimuth: 153:24:53.5
Altitude: 34:28:17.9

Wed Mar 26 15:09:37 2014
Adjusting the interferometer position.
Azimuth: 153:33:58.5
Altitude: 34:31:17.4

Wed Mar 26 15:10:10 2014
Adjusting the interferometer position.
Azimuth: 153:42:48.2
Altitude: 34:34:10.6

Wed Mar 26 15:10:43 2014
Adjusting the interferometer position.
Azimuth: 153:51:38.6
Altitude: 34:37:03.1

Wed Mar 26 15:11:17 2014
Adjusting the interferometer position.
Azimuth: 154:00:45.9
Altitude: 34:39:59.8

Wed Mar 26 15:11:50 2014
Adjusting the interferometer position.
Azimuth: 154:09:37.8
Altitude: 34:42:50.4

Wed Mar 26 15:12:23 2014
Adjusting the interferometer position.
Azimuth: 154:18:30.5
Altitude: 34:45:40.2

Wed Mar 26 15:12:57 2014
Adjusting the interferometer position.
Azimuth: 154:27:40.0
Altitude: 34:48:34.2

Wed Mar 26 15:13:30 2014
Adjusting the interferometer position.
Azimuth: 154:36:34.2
Altitude: 34:51:22.2

Wed Mar 26 15:14:03 2014
Adjusting the interferometer position.
Azimuth: 154:45:29.0
Altitude: 34:54:09.3

Wed Mar 26 15:14:36 2014
Adjusting the interferometer position.
Azimuth: 154:54:24.6
Altitude: 34:56:55.5

Wed Mar 26 15:15:10 2014
Adjusting the interferometer position.
Azimuth: 155:03:37.2
Altitude: 34:59:45.8

Wed Mar 26 15:15:43 2014
Adjusting the interferometer position.
Azimuth: 155:12:34.2
Altitude: 35:02:30.2

Wed Mar 26 15:16:16 2014
Adjusting the interferometer position.
Azimuth: 155:21:32.0
Altitude: 35:05:13.7

Wed Mar 26 15:16:50 2014
Adjusting the interferometer position.
Azimuth: 155:30:46.7
Altitude: 35:08:01.2

Wed Mar 26 15:17:23 2014
Adjusting the interferometer position.
Azimuth: 155:39:46.0
Altitude: 35:10:42.9

Wed Mar 26 15:17:56 2014
Adjusting the interferometer position.
Azimuth: 155:48:45.9
Altitude: 35:13:23.7

Wed Mar 26 15:18:29 2014
Adjusting the interferometer position.
Azimuth: 155:57:46.5
Altitude: 35:16:03.6

Wed Mar 26 15:19:03 2014
Adjusting the interferometer position.
Azimuth: 156:07:04.2
Altitude: 35:18:47.4

Wed Mar 26 15:19:36 2014
Adjusting the interferometer position.
Azimuth: 156:16:06.3
Altitude: 35:21:25.4

Wed Mar 26 15:20:09 2014
Adjusting the interferometer position.
Azimuth: 156:25:09.0
Altitude: 35:24:02.6

Wed Mar 26 15:20:43 2014
Adjusting the interferometer position.
Azimuth: 156:34:29.0
Altitude: 35:26:43.5

Wed Mar 26 15:21:16 2014
Adjusting the interferometer position.
Azimuth: 156:43:33.1
Altitude: 35:29:18.8

Wed Mar 26 15:21:49 2014
Adjusting the interferometer position.
Azimuth: 156:52:38.0
Altitude: 35:31:53.2

Wed Mar 26 15:22:22 2014
Adjusting the interferometer position.
Azimuth: 157:01:43.6
Altitude: 35:34:26.6

Wed Mar 26 15:22:56 2014
Adjusting the interferometer position.
Azimuth: 157:11:06.4
Altitude: 35:37:03.7

Wed Mar 26 15:23:29 2014
Adjusting the interferometer position.
Azimuth: 157:20:13.3
Altitude: 35:39:35.3

Wed Mar 26 15:24:02 2014
Adjusting the interferometer position.
Azimuth: 157:29:21.0
Altitude: 35:42:06.0

Wed Mar 26 15:24:36 2014
Adjusting the interferometer position.
Azimuth: 157:38:45.9
Altitude: 35:44:40.2

Wed Mar 26 15:25:09 2014
Adjusting the interferometer position.
Azimuth: 157:47:55.0
Altitude: 35:47:09.0

Wed Mar 26 15:25:42 2014
Adjusting the interferometer position.
Azimuth: 157:57:04.7
Altitude: 35:49:36.8

Wed Mar 26 15:26:15 2014
Adjusting the interferometer position.
Azimuth: 158:06:15.0
Altitude: 35:52:03.7

Wed Mar 26 15:26:49 2014
Adjusting the interferometer position.
Azimuth: 158:15:42.8
Altitude: 35:54:34.1

Wed Mar 26 15:27:22 2014
Adjusting the interferometer position.
Azimuth: 158:24:54.5
Altitude: 35:56:59.1

Wed Mar 26 15:27:55 2014
Adjusting the interferometer position.
Azimuth: 158:34:06.9
Altitude: 35:59:23.2

Wed Mar 26 15:28:29 2014
Adjusting the interferometer position.
Azimuth: 158:43:36.8
Altitude: 36:01:50.6

Wed Mar 26 15:29:02 2014
Adjusting the interferometer position.
Azimuth: 158:52:50.5
Altitude: 36:04:12.7

Wed Mar 26 15:29:35 2014
Adjusting the interferometer position.
Azimuth: 159:02:04.9
Altitude: 36:06:33.9

Wed Mar 26 15:30:09 2014
Adjusting the interferometer position.
Azimuth: 159:11:36.8
Altitude: 36:08:58.4

Wed Mar 26 15:30:42 2014
Adjusting the interferometer position.
Azimuth: 159:20:52.5
Altitude: 36:11:17.7

Wed Mar 26 15:31:15 2014
Adjusting the interferometer position.
Azimuth: 159:30:08.9
Altitude: 36:13:36.0

Wed Mar 26 15:31:48 2014
Adjusting the interferometer position.
Azimuth: 159:39:25.9
Altitude: 36:15:53.3

Wed Mar 26 15:32:22 2014
Adjusting the interferometer position.
Azimuth: 159:49:00.5
Altitude: 36:18:13.8

Wed Mar 26 15:32:55 2014
Adjusting the interferometer position.
Azimuth: 159:58:18.8
Altitude: 36:20:29.2

Wed Mar 26 15:33:28 2014
Adjusting the interferometer position.
Azimuth: 160:07:37.8
Altitude: 36:22:43.7

Wed Mar 26 15:34:02 2014
Adjusting the interferometer position.
Azimuth: 160:17:14.3
Altitude: 36:25:01.2

Wed Mar 26 15:34:35 2014
Adjusting the interferometer position.
Azimuth: 160:26:34.6
Altitude: 36:27:13.7

Wed Mar 26 15:35:08 2014
Adjusting the interferometer position.
Azimuth: 160:35:55.4
Altitude: 36:29:25.2

Wed Mar 26 15:35:41 2014
Adjusting the interferometer position.
Azimuth: 160:45:16.9
Altitude: 36:31:35.7

Wed Mar 26 15:36:15 2014
Adjusting the interferometer position.
Azimuth: 160:54:56.1
Altitude: 36:33:49.2

Wed Mar 26 15:36:48 2014
Adjusting the interferometer position.
Azimuth: 161:04:18.8
Altitude: 36:35:57.7

Wed Mar 26 15:37:21 2014
Adjusting the interferometer position.
Azimuth: 161:13:42.2
Altitude: 36:38:05.3

Wed Mar 26 15:37:55 2014
Adjusting the interferometer position.
Azimuth: 161:23:23.3
Altitude: 36:40:15.8

Wed Mar 26 15:38:28 2014
Adjusting the interferometer position.
Azimuth: 161:32:47.9
Altitude: 36:42:21.3

Wed Mar 26 15:39:01 2014
Adjusting the interferometer position.
Azimuth: 161:42:13.1
Altitude: 36:44:26.0

Wed Mar 26 15:39:34 2014
Adjusting the interferometer position.
Azimuth: 161:51:38.9
Altitude: 36:46:29.6

Wed Mar 26 15:40:08 2014
Adjusting the interferometer position.
Azimuth: 162:01:22.4
Altitude: 36:48:35.9

Wed Mar 26 15:40:41 2014
Adjusting the interferometer position.
Azimuth: 162:10:49.4
Altitude: 36:50:37.5

Wed Mar 26 15:41:14 2014
Adjusting the interferometer position.
Azimuth: 162:20:17.0
Altitude: 36:52:38.2

Wed Mar 26 15:41:48 2014
Adjusting the interferometer position.
Azimuth: 162:30:02.4
Altitude: 36:54:41.4

Wed Mar 26 15:42:21 2014
Adjusting the interferometer position.
Azimuth: 162:39:31.2
Altitude: 36:56:40.0

Wed Mar 26 15:42:54 2014
Adjusting the interferometer position.
Azimuth: 162:49:00.6
Altitude: 36:58:37.6

Wed Mar 26 15:43:27 2014
Adjusting the interferometer position.
Azimuth: 162:58:30.5
Altitude: 37:00:34.2

Wed Mar 26 15:44:01 2014
Adjusting the interferometer position.
Azimuth: 163:08:18.3
Altitude: 37:02:33.3

Wed Mar 26 15:44:34 2014
Adjusting the interferometer position.
Azimuth: 163:17:49.4
Altitude: 37:04:27.9

Wed Mar 26 15:45:07 2014
Adjusting the interferometer position.
Azimuth: 163:27:21.0
Altitude: 37:06:21.5

Wed Mar 26 15:45:41 2014
Adjusting the interferometer position.
Azimuth: 163:37:10.6
Altitude: 37:08:17.5

Wed Mar 26 15:46:14 2014
Adjusting the interferometer position.
Azimuth: 163:46:43.3
Altitude: 37:10:09.0

Wed Mar 26 15:46:47 2014
Adjusting the interferometer position.
Azimuth: 163:56:16.6
Altitude: 37:11:59.5

Wed Mar 26 15:47:21 2014
Adjusting the interferometer position.
Azimuth: 164:06:07.9
Altitude: 37:13:52.3

Wed Mar 26 15:47:54 2014
Adjusting the interferometer position.
Azimuth: 164:15:42.3
Altitude: 37:15:40.8

Wed Mar 26 15:48:27 2014
Adjusting the interferometer position.
Azimuth: 164:25:17.3
Altitude: 37:17:28.2

Wed Mar 26 15:49:00 2014
Adjusting the interferometer position.
Azimuth: 164:34:52.8
Altitude: 37:19:14.6

Wed Mar 26 15:49:34 2014
Adjusting the interferometer position.
Azimuth: 164:44:46.3
Altitude: 37:21:03.2

Wed Mar 26 15:50:07 2014
Adjusting the interferometer position.
Azimuth: 164:54:22.9
Altitude: 37:22:47.6

Wed Mar 26 15:50:40 2014
Adjusting the interferometer position.
Azimuth: 165:04:00.0
Altitude: 37:24:30.9

Wed Mar 26 15:51:14 2014
Adjusting the interferometer position.
Azimuth: 165:13:55.1
Altitude: 37:26:16.3

Wed Mar 26 15:51:47 2014
Adjusting the interferometer position.
Azimuth: 165:23:33.2
Altitude: 37:27:57.6

Wed Mar 26 15:52:20 2014
Adjusting the interferometer position.
Azimuth: 165:33:11.9
Altitude: 37:29:37.8

Wed Mar 26 15:52:53 2014
Resetting the interferometer to its home position.

Wed Mar 26 15:53:28 2014
Done. Data collection may now resume.

Wed Mar 26 15:53:28 2014
Adjusting the interferometer position.
Azimuth: 165:53:05.8
Altitude: 37:33:01.0

Wed Mar 26 15:54:08 2014
Adjusting the interferometer position.
Azimuth: 166:04:49.1
Altitude: 37:34:58.6

Wed Mar 26 15:54:41 2014
Adjusting the interferometer position.
Azimuth: 166:14:29.9
Altitude: 37:36:34.4

Wed Mar 26 15:55:14 2014
Adjusting the interferometer position.
Azimuth: 166:24:11.1
Altitude: 37:38:09.1

Wed Mar 26 15:55:47 2014
Adjusting the interferometer position.
Azimuth: 166:33:52.9
Altitude: 37:39:42.9

Wed Mar 26 15:56:21 2014
Adjusting the interferometer position.
Azimuth: 166:43:52.7
Altitude: 37:41:18.3

Wed Mar 26 15:56:54 2014
Adjusting the interferometer position.
Azimuth: 166:53:35.4
Altitude: 37:42:50.0

Wed Mar 26 15:57:27 2014
Adjusting the interferometer position.
Azimuth: 167:03:18.6
Altitude: 37:44:20.5

Wed Mar 26 15:58:01 2014
Adjusting the interferometer position.
Azimuth: 167:13:19.9
Altitude: 37:45:52.8

Wed Mar 26 15:58:34 2014
Adjusting the interferometer position.
Azimuth: 167:23:04.0
Altitude: 37:47:21.2

Wed Mar 26 15:59:07 2014
Adjusting the interferometer position.
Azimuth: 167:32:48.6
Altitude: 37:48:48.6

Wed Mar 26 15:59:41 2014
Adjusting the interferometer position.
Azimuth: 167:42:51.3
Altitude: 37:50:17.6

Wed Mar 26 16:00:14 2014
Adjusting the interferometer position.
Azimuth: 167:52:36.7
Altitude: 37:51:42.8

Wed Mar 26 16:00:47 2014
Adjusting the interferometer position.
Azimuth: 168:02:22.6
Altitude: 37:53:07.1

Wed Mar 26 16:01:20 2014
Adjusting the interferometer position.
Azimuth: 168:12:09.0
Altitude: 37:54:30.2

Wed Mar 26 16:01:54 2014
Adjusting the interferometer position.
Azimuth: 168:22:13.5
Altitude: 37:55:54.8

Wed Mar 26 16:02:27 2014
Adjusting the interferometer position.
Azimuth: 168:32:00.7
Altitude: 37:57:15.8

Wed Mar 26 16:03:00 2014
Adjusting the interferometer position.
Azimuth: 168:41:48.3
Altitude: 37:58:35.8

Wed Mar 26 16:03:34 2014
Adjusting the interferometer position.
Azimuth: 168:51:54.2
Altitude: 37:59:57.0

Wed Mar 26 16:04:07 2014
Adjusting the interferometer position.
Azimuth: 169:01:42.6
Altitude: 38:01:14.8

Wed Mar 26 16:04:40 2014
Adjusting the interferometer position.
Azimuth: 169:11:31.4
Altitude: 38:02:31.6

Wed Mar 26 16:05:13 2014
Adjusting the interferometer position.
Azimuth: 169:21:20.7
Altitude: 38:03:47.3

Wed Mar 26 16:05:47 2014
Adjusting the interferometer position.
Azimuth: 169:31:28.2
Altitude: 38:05:04.1

Wed Mar 26 16:06:20 2014
Adjusting the interferometer position.
Azimuth: 169:41:18.3
Altitude: 38:06:17.6

Wed Mar 26 16:06:53 2014
Adjusting the interferometer position.
Azimuth: 169:51:08.7
Altitude: 38:07:30.1

Wed Mar 26 16:07:27 2014
Adjusting the interferometer position.
Azimuth: 170:01:17.4
Altitude: 38:08:43.6

Wed Mar 26 16:08:00 2014
Adjusting the interferometer position.
Azimuth: 170:11:08.6
Altitude: 38:09:53.9

Wed Mar 26 16:08:33 2014
Adjusting the interferometer position.
Azimuth: 170:21:00.1
Altitude: 38:11:03.1

Wed Mar 26 16:09:06 2014
Adjusting the interferometer position.
Azimuth: 170:30:52.1
Altitude: 38:12:11.2

Wed Mar 26 16:09:40 2014
Adjusting the interferometer position.
Azimuth: 170:41:02.3
Altitude: 38:13:20.3

Wed Mar 26 16:10:13 2014
Adjusting the interferometer position.
Azimuth: 170:50:54.9
Altitude: 38:14:26.2

Wed Mar 26 16:10:46 2014
Adjusting the interferometer position.
Azimuth: 171:00:47.9
Altitude: 38:15:31.1

Wed Mar 26 16:11:20 2014
Adjusting the interferometer position.
Azimuth: 171:10:59.2
Altitude: 38:16:36.8

Wed Mar 26 16:11:53 2014
Adjusting the interferometer position.
Azimuth: 171:20:52.9
Altitude: 38:17:39.4

Wed Mar 26 16:12:26 2014
Adjusting the interferometer position.
Azimuth: 171:30:46.9
Altitude: 38:18:41.0

Wed Mar 26 16:12:59 2014
Adjusting the interferometer position.
Azimuth: 171:40:41.2
Altitude: 38:19:41.6

Wed Mar 26 16:13:33 2014
Adjusting the interferometer position.
Azimuth: 171:50:53.9
Altitude: 38:20:42.8

Wed Mar 26 16:14:06 2014
Adjusting the interferometer position.
Azimuth: 172:00:48.9
Altitude: 38:21:41.1

Wed Mar 26 16:14:39 2014
Adjusting the interferometer position.
Azimuth: 172:10:44.2
Altitude: 38:22:38.3

Wed Mar 26 16:15:13 2014
Adjusting the interferometer position.
Azimuth: 172:20:57.8
Altitude: 38:23:36.2

Wed Mar 26 16:15:46 2014
Adjusting the interferometer position.
Azimuth: 172:30:53.7
Altitude: 38:24:31.2

Wed Mar 26 16:16:19 2014
Adjusting the interferometer position.
Azimuth: 172:40:49.9
Altitude: 38:25:25.1

Wed Mar 26 16:16:53 2014
Adjusting the interferometer position.
Azimuth: 172:51:04.5
Altitude: 38:26:19.5

Wed Mar 26 16:17:26 2014
Adjusting the interferometer position.
Azimuth: 173:01:01.2
Altitude: 38:27:11.3

Wed Mar 26 16:17:59 2014
Adjusting the interferometer position.
Azimuth: 173:10:58.3
Altitude: 38:28:01.9

Wed Mar 26 16:18:32 2014
Adjusting the interferometer position.
Azimuth: 173:20:55.6
Altitude: 38:28:51.5

Wed Mar 26 16:19:06 2014
Adjusting the interferometer position.
Azimuth: 173:31:11.3
Altitude: 38:29:41.4

Wed Mar 26 16:19:39 2014
Adjusting the interferometer position.
Azimuth: 173:41:09.1
Altitude: 38:30:28.7

Wed Mar 26 16:20:12 2014
Adjusting the interferometer position.
Azimuth: 173:51:07.2
Altitude: 38:31:14.9

Wed Mar 26 16:20:46 2014
Adjusting the interferometer position.
Azimuth: 174:01:23.7
Altitude: 38:32:01.4

Wed Mar 26 16:21:19 2014
Adjusting the interferometer position.
Azimuth: 174:11:22.3
Altitude: 38:32:45.4

Wed Mar 26 16:21:52 2014
Adjusting the interferometer position.
Azimuth: 174:21:21.1
Altitude: 38:33:28.3

Wed Mar 26 16:22:25 2014
Adjusting the interferometer position.
Azimuth: 174:31:20.1
Altitude: 38:34:10.1

Wed Mar 26 16:22:59 2014
Adjusting the interferometer position.
Azimuth: 174:41:37.6
Altitude: 38:34:52.1

Wed Mar 26 16:23:32 2014
Adjusting the interferometer position.
Azimuth: 174:51:37.1
Altitude: 38:35:31.6

Wed Mar 26 16:24:05 2014
Adjusting the interferometer position.
Azimuth: 175:01:36.8
Altitude: 38:36:10.1

Wed Mar 26 16:24:39 2014
Adjusting the interferometer position.
Azimuth: 175:11:54.9
Altitude: 38:36:48.6

Wed Mar 26 16:25:12 2014
Adjusting the interferometer position.
Azimuth: 175:21:55.0
Altitude: 38:37:24.9

Wed Mar 26 16:25:45 2014
Adjusting the interferometer position.
Azimuth: 175:31:55.4
Altitude: 38:38:00.0

Wed Mar 26 16:26:18 2014
Adjusting the interferometer position.
Azimuth: 175:41:55.9
Altitude: 38:38:34.0

Wed Mar 26 16:26:52 2014
Adjusting the interferometer position.
Azimuth: 175:52:14.8
Altitude: 38:39:08.0

Wed Mar 26 16:27:25 2014
Adjusting the interferometer position.
Azimuth: 176:02:15.7
Altitude: 38:39:39.8

Wed Mar 26 16:27:58 2014
Adjusting the interferometer position.
Azimuth: 176:12:16.7
Altitude: 38:40:10.5

Wed Mar 26 16:28:32 2014
Adjusting the interferometer position.
Azimuth: 176:22:36.2
Altitude: 38:40:40.9

Wed Mar 26 16:29:05 2014
Adjusting the interferometer position.
Azimuth: 176:32:37.6
Altitude: 38:41:09.4

Wed Mar 26 16:29:38 2014
Adjusting the interferometer position.
Azimuth: 176:42:39.1
Altitude: 38:41:36.7

Wed Mar 26 16:30:12 2014
Adjusting the interferometer position.
Azimuth: 176:52:59.0
Altitude: 38:42:03.7

Wed Mar 26 16:30:45 2014
Adjusting the interferometer position.
Azimuth: 177:03:00.9
Altitude: 38:42:28.8

Wed Mar 26 16:31:18 2014
Adjusting the interferometer position.
Azimuth: 177:13:02.8
Altitude: 38:42:52.8

Wed Mar 26 16:31:51 2014
Adjusting the interferometer position.
Azimuth: 177:23:04.9
Altitude: 38:43:15.7

Wed Mar 26 16:32:25 2014
Adjusting the interferometer position.
Azimuth: 177:33:25.4
Altitude: 38:43:38.1

Wed Mar 26 16:32:58 2014
Adjusting the interferometer position.
Azimuth: 177:43:27.8
Altitude: 38:43:58.8

Wed Mar 26 16:33:31 2014
Adjusting the interferometer position.
Azimuth: 177:53:30.2
Altitude: 38:44:18.3

Wed Mar 26 16:34:05 2014
Adjusting the interferometer position.
Azimuth: 178:03:51.0
Altitude: 38:44:37.2

Wed Mar 26 16:34:38 2014
Adjusting the interferometer position.
Azimuth: 178:13:53.7
Altitude: 38:44:54.5

Wed Mar 26 16:35:11 2014
Adjusting the interferometer position.
Azimuth: 178:23:56.5
Altitude: 38:45:10.7

Wed Mar 26 16:35:44 2014
Adjusting the interferometer position.
Azimuth: 178:33:59.3
Altitude: 38:45:25.7

Wed Mar 26 16:36:18 2014
Adjusting the interferometer position.
Azimuth: 178:44:20.5
Altitude: 38:45:40.1

Wed Mar 26 16:36:51 2014
Adjusting the interferometer position.
Azimuth: 178:54:23.5
Altitude: 38:45:52.9

Wed Mar 26 16:37:24 2014
Adjusting the interferometer position.
Azimuth: 179:04:26.6
Altitude: 38:46:04.6

Wed Mar 26 16:37:58 2014
Adjusting the interferometer position.
Azimuth: 179:14:48.0
Altitude: 38:46:15.4

Wed Mar 26 16:38:31 2014
Adjusting the interferometer position.
Azimuth: 179:24:51.2
Altitude: 38:46:24.9

Wed Mar 26 16:39:04 2014
Adjusting the interferometer position.
Azimuth: 179:34:54.5
Altitude: 38:46:33.2

Wed Mar 26 16:39:37 2014
Adjusting the interferometer position.
Azimuth: 179:44:57.8
Altitude: 38:46:40.4

Wed Mar 26 16:40:11 2014
Adjusting the interferometer position.
Azimuth: 179:55:19.4
Altitude: 38:46:46.6

Wed Mar 26 16:40:44 2014
Adjusting the interferometer position.
Azimuth: 180:05:22.8
Altitude: 38:46:51.6

Wed Mar 26 16:41:17 2014
Adjusting the interferometer position.
Azimuth: 180:15:26.2
Altitude: 38:46:55.4

Wed Mar 26 16:41:51 2014
Adjusting the interferometer position.
Azimuth: 180:25:47.9
Altitude: 38:46:58.2

Wed Mar 26 16:42:24 2014
Adjusting the interferometer position.
Azimuth: 180:35:51.3
Altitude: 38:46:59.8

Wed Mar 26 16:42:57 2014
Adjusting the interferometer position.
Azimuth: 180:45:54.8
Altitude: 38:47:00.2

Wed Mar 26 16:43:31 2014
Adjusting the interferometer position.
Azimuth: 180:56:16.5
Altitude: 38:46:59.5

Wed Mar 26 16:44:04 2014
Adjusting the interferometer position.
Azimuth: 181:06:19.9
Altitude: 38:46:57.7

Wed Mar 26 16:44:37 2014
Adjusting the interferometer position.
Azimuth: 181:16:23.4
Altitude: 38:46:54.8

Wed Mar 26 16:45:10 2014
Adjusting the interferometer position.
Azimuth: 181:26:26.8
Altitude: 38:46:50.8

Wed Mar 26 16:45:44 2014
Adjusting the interferometer position.
Azimuth: 181:36:48.5
Altitude: 38:46:45.5

Wed Mar 26 16:46:17 2014
Adjusting the interferometer position.
Azimuth: 181:46:51.9
Altitude: 38:46:39.2

Wed Mar 26 16:46:50 2014
Adjusting the interferometer position.
Azimuth: 181:56:55.2
Altitude: 38:46:31.8

Wed Mar 26 16:47:24 2014
Adjusting the interferometer position.
Azimuth: 182:07:16.8
Altitude: 38:46:23.1

Wed Mar 26 16:47:57 2014
Adjusting the interferometer position.
Azimuth: 182:17:20.0
Altitude: 38:46:13.4

Wed Mar 26 16:48:30 2014
Adjusting the interferometer position.
Azimuth: 182:27:23.2
Altitude: 38:46:02.7

Wed Mar 26 16:49:03 2014
Adjusting the interferometer position.
Azimuth: 182:37:26.4
Altitude: 38:45:50.8

Wed Mar 26 16:49:37 2014
Adjusting the interferometer position.
Azimuth: 182:47:47.7
Altitude: 38:45:37.4

Wed Mar 26 16:50:10 2014
Adjusting the interferometer position.
Azimuth: 182:57:50.7
Altitude: 38:45:23.3

Wed Mar 26 16:50:43 2014
Adjusting the interferometer position.
Azimuth: 183:07:53.6
Altitude: 38:45:08.0

Wed Mar 26 16:51:17 2014
Adjusting the interferometer position.
Azimuth: 183:18:14.8
Altitude: 38:44:51.2

Wed Mar 26 16:51:50 2014
Adjusting the interferometer position.
Azimuth: 183:28:17.5
Altitude: 38:44:33.7

Wed Mar 26 16:52:23 2014
Adjusting the interferometer position.
Azimuth: 183:38:20.2
Altitude: 38:44:15.1

Wed Mar 26 16:52:57 2014
Adjusting the interferometer position.
Azimuth: 183:48:41.0
Altitude: 38:43:54.8

Wed Mar 26 16:53:30 2014
Adjusting the interferometer position.
Azimuth: 183:58:43.4
Altitude: 38:43:33.9

Wed Mar 26 16:54:03 2014
Resetting the interferometer to its home position.

Wed Mar 26 16:54:38 2014
Done. Data collection may now resume.

Wed Mar 26 16:54:38 2014
Adjusting the interferometer position.
Azimuth: 184:19:24.5
Altitude: 38:42:47.4

Wed Mar 26 16:55:18 2014
Adjusting the interferometer position.
Azimuth: 184:31:34.3
Altitude: 38:42:17.9

Wed Mar 26 16:55:52 2014
Adjusting the interferometer position.
Azimuth: 184:41:54.5
Altitude: 38:41:51.5

Wed Mar 26 16:56:25 2014
Adjusting the interferometer position.
Azimuth: 184:51:56.2
Altitude: 38:41:24.8

Wed Mar 26 16:56:58 2014
Adjusting the interferometer position.
Azimuth: 185:01:57.9
Altitude: 38:40:57.0

Wed Mar 26 16:57:32 2014
Adjusting the interferometer position.
Azimuth: 185:12:17.6
Altitude: 38:40:27.1

Wed Mar 26 16:58:05 2014
Adjusting the interferometer position.
Azimuth: 185:22:18.9
Altitude: 38:39:57.1

Wed Mar 26 16:58:38 2014
Adjusting the interferometer position.
Azimuth: 185:32:20.1
Altitude: 38:39:25.9

Wed Mar 26 16:59:11 2014
Adjusting the interferometer position.
Azimuth: 185:42:21.1
Altitude: 38:38:53.6

Wed Mar 26 16:59:45 2014
Adjusting the interferometer position.
Azimuth: 185:52:40.2
Altitude: 38:38:19.2

Wed Mar 26 17:00:18 2014
Adjusting the interferometer position.
Azimuth: 186:02:40.8
Altitude: 38:37:44.7

Wed Mar 26 17:00:51 2014
Adjusting the interferometer position.
Azimuth: 186:12:41.3
Altitude: 38:37:09.1

Wed Mar 26 17:01:25 2014
Adjusting the interferometer position.
Azimuth: 186:22:59.7
Altitude: 38:36:31.2

Wed Mar 26 17:01:58 2014
Adjusting the interferometer position.
Azimuth: 186:32:59.8
Altitude: 38:35:53.3

Wed Mar 26 17:02:31 2014
Adjusting the interferometer position.
Azimuth: 186:42:59.7
Altitude: 38:35:14.4

Wed Mar 26 17:03:04 2014
Adjusting the interferometer position.
Azimuth: 186:52:59.3
Altitude: 38:34:34.3

Wed Mar 26 17:03:38 2014
Adjusting the interferometer position.
Azimuth: 187:03:16.9
Altitude: 38:33:51.9

Wed Mar 26 17:04:11 2014
Adjusting the interferometer position.
Azimuth: 187:13:16.2
Altitude: 38:33:09.6

Wed Mar 26 17:04:44 2014
Adjusting the interferometer position.
Azimuth: 187:23:15.2
Altitude: 38:32:26.2

Wed Mar 26 17:05:18 2014
Adjusting the interferometer position.
Azimuth: 187:33:32.1
Altitude: 38:31:40.4

Wed Mar 26 17:05:51 2014
Adjusting the interferometer position.
Azimuth: 187:43:30.6
Altitude: 38:30:54.8

Wed Mar 26 17:06:24 2014
Adjusting the interferometer position.
Azimuth: 187:53:28.8
Altitude: 38:30:08.1

Wed Mar 26 17:06:58 2014
Adjusting the interferometer position.
Azimuth: 188:03:45.5
Altitude: 38:29:18.6

Wed Mar 26 17:07:31 2014
Adjusting the interferometer position.
Azimuth: 188:13:42.8
Altitude: 38:28:29.9

Wed Mar 26 17:08:04 2014
Adjusting the interferometer position.
Azimuth: 188:23:40.3
Altitude: 38:27:39.9

Wed Mar 26 17:08:37 2014
Adjusting the interferometer position.
Azimuth: 188:33:37.5
Altitude: 38:26:48.8

Wed Mar 26 17:09:11 2014
Adjusting the interferometer position.
Azimuth: 188:43:52.6
Altitude: 38:25:55.0

Wed Mar 26 17:09:44 2014
Adjusting the interferometer position.
Azimuth: 188:53:49.2
Altitude: 38:25:01.7

Wed Mar 26 17:10:17 2014
Adjusting the interferometer position.
Azimuth: 189:03:45.6
Altitude: 38:24:07.3

Wed Mar 26 17:10:51 2014
Adjusting the interferometer position.
Azimuth: 189:13:59.8
Altitude: 38:23:10.1

Wed Mar 26 17:11:24 2014
Adjusting the interferometer position.
Azimuth: 189:23:55.6
Altitude: 38:22:13.5

Wed Mar 26 17:11:57 2014
Adjusting the interferometer position.
Azimuth: 189:33:51.1
Altitude: 38:21:15.8

Wed Mar 26 17:12:32 2014
Adjusting the interferometer position.
Azimuth: 189:44:22.4
Altitude: 38:20:13.4

Wed Mar 26 17:13:05 2014
Adjusting the interferometer position.
Azimuth: 189:54:17.3
Altitude: 38:19:13.5

Wed Mar 26 17:13:38 2014
Adjusting the interferometer position.
Azimuth: 190:04:11.8
Altitude: 38:18:12.5

Wed Mar 26 17:14:12 2014
Adjusting the interferometer position.
Azimuth: 190:14:24.1
Altitude: 38:17:08.5

Wed Mar 26 17:14:45 2014
Adjusting the interferometer position.
Azimuth: 190:24:18.0
Altitude: 38:16:05.3

Wed Mar 26 17:15:18 2014
Adjusting the interferometer position.
Azimuth: 190:34:11.6
Altitude: 38:15:01.1

Wed Mar 26 17:15:51 2014
Adjusting the interferometer position.
Azimuth: 190:44:04.8
Altitude: 38:13:55.7

Wed Mar 26 17:16:25 2014
Adjusting the interferometer position.
Azimuth: 190:54:15.7
Altitude: 38:12:47.3

Wed Mar 26 17:16:58 2014
Adjusting the interferometer position.
Azimuth: 191:04:08.2
Altitude: 38:11:39.7

Wed Mar 26 17:17:31 2014
Adjusting the interferometer position.
Azimuth: 191:14:00.4
Altitude: 38:10:31.1

Wed Mar 26 17:18:05 2014
Adjusting the interferometer position.
Azimuth: 191:24:10.1
Altitude: 38:09:19.3

Wed Mar 26 17:18:38 2014
Adjusting the interferometer position.
Azimuth: 191:34:01.6
Altitude: 38:08:08.5

Wed Mar 26 17:19:11 2014
Adjusting the interferometer position.
Azimuth: 191:43:52.7
Altitude: 38:06:56.7

Wed Mar 26 17:19:44 2014
Adjusting the interferometer position.
Azimuth: 191:53:43.4
Altitude: 38:05:43.8

Wed Mar 26 17:20:18 2014
Adjusting the interferometer position.
Azimuth: 192:03:51.6
Altitude: 38:04:27.5

Wed Mar 26 17:20:51 2014
Adjusting the interferometer position.
Azimuth: 192:13:41.6
Altitude: 38:03:12.5

Wed Mar 26 17:21:24 2014
Adjusting the interferometer position.
Azimuth: 192:23:31.1
Altitude: 38:01:56.3

Wed Mar 26 17:21:58 2014
Adjusting the interferometer position.
Azimuth: 192:33:38.1
Altitude: 38:00:36.8

Wed Mar 26 17:22:31 2014
Adjusting the interferometer position.
Azimuth: 192:43:26.8
Altitude: 37:59:18.5

Wed Mar 26 17:23:04 2014
Adjusting the interferometer position.
Azimuth: 192:53:15.2
Altitude: 37:57:59.1

Wed Mar 26 17:23:38 2014
Adjusting the interferometer position.
Azimuth: 193:03:20.9
Altitude: 37:56:36.2

Wed Mar 26 17:24:11 2014
Adjusting the interferometer position.
Azimuth: 193:13:08.4
Altitude: 37:55:14.7

Wed Mar 26 17:24:44 2014
Adjusting the interferometer position.
Azimuth: 193:22:55.5
Altitude: 37:53:52.2

Wed Mar 26 17:25:17 2014
Adjusting the interferometer position.
Azimuth: 193:32:42.2
Altitude: 37:52:28.5

Wed Mar 26 17:25:51 2014
Adjusting the interferometer position.
Azimuth: 193:42:46.2
Altitude: 37:51:01.3

Wed Mar 26 17:26:24 2014
Adjusting the interferometer position.
Azimuth: 193:52:32.0
Altitude: 37:49:35.5

Wed Mar 26 17:26:57 2014
Adjusting the interferometer position.
Azimuth: 194:02:17.3
Altitude: 37:48:08.7

Wed Mar 26 17:27:31 2014
Adjusting the interferometer position.
Azimuth: 194:12:19.9
Altitude: 37:46:38.2

Wed Mar 26 17:28:04 2014
Adjusting the interferometer position.
Azimuth: 194:22:04.4
Altitude: 37:45:09.3

Wed Mar 26 17:28:37 2014
Adjusting the interferometer position.
Azimuth: 194:31:48.4
Altitude: 37:43:39.3

Wed Mar 26 17:29:11 2014
Adjusting the interferometer position.
Azimuth: 194:41:49.6
Altitude: 37:42:05.5

Wed Mar 26 17:29:44 2014
Adjusting the interferometer position.
Azimuth: 194:51:32.6
Altitude: 37:40:33.4

Wed Mar 26 17:30:17 2014
Adjusting the interferometer position.
Azimuth: 195:01:15.2
Altitude: 37:39:00.3

Wed Mar 26 17:30:50 2014
Adjusting the interferometer position.
Azimuth: 195:10:57.4
Altitude: 37:37:26.1

Wed Mar 26 17:31:24 2014
Adjusting the interferometer position.
Azimuth: 195:20:56.6
Altitude: 37:35:48.0

Wed Mar 26 17:31:57 2014
Adjusting the interferometer position.
Azimuth: 195:30:37.8
Altitude: 37:34:11.8

Wed Mar 26 17:32:30 2014
Adjusting the interferometer position.
Azimuth: 195:40:18.4
Altitude: 37:32:34.5

Wed Mar 26 17:33:04 2014
Adjusting the interferometer position.
Azimuth: 195:50:16.2
Altitude: 37:30:53.1

Wed Mar 26 17:33:37 2014
Adjusting the interferometer position.
Azimuth: 195:59:55.9
Altitude: 37:29:13.7

Wed Mar 26 17:34:10 2014
Adjusting the interferometer position.
Azimuth: 196:09:35.0
Altitude: 37:27:33.3

Wed Mar 26 17:34:43 2014
Adjusting the interferometer position.
Azimuth: 196:19:13.7
Altitude: 37:25:51.9

Wed Mar 26 17:35:17 2014
Adjusting the interferometer position.
Azimuth: 196:29:09.4
Altitude: 37:24:06.3

Wed Mar 26 17:35:50 2014
Adjusting the interferometer position.
Azimuth: 196:38:47.0
Altitude: 37:22:22.7

Wed Mar 26 17:36:23 2014
Adjusting the interferometer position.
Azimuth: 196:48:24.2
Altitude: 37:20:38.2

Wed Mar 26 17:36:57 2014
Adjusting the interferometer position.
Azimuth: 196:58:18.2
Altitude: 37:18:49.4

Wed Mar 26 17:37:30 2014
Adjusting the interferometer position.
Azimuth: 197:07:54.3
Altitude: 37:17:02.8

Wed Mar 26 17:38:03 2014
Adjusting the interferometer position.
Azimuth: 197:17:29.8
Altitude: 37:15:15.1

Wed Mar 26 17:38:36 2014
Adjusting the interferometer position.
Azimuth: 197:27:04.9
Altitude: 37:13:26.5

Wed Mar 26 17:39:10 2014
Adjusting the interferometer position.
Azimuth: 197:36:56.7
Altitude: 37:11:33.5

Wed Mar 26 17:39:43 2014
Adjusting the interferometer position.
Azimuth: 197:46:30.7
Altitude: 37:09:42.8

Wed Mar 26 17:40:16 2014
Adjusting the interferometer position.
Azimuth: 197:56:04.0
Altitude: 37:07:51.1

Wed Mar 26 17:40:50 2014
Adjusting the interferometer position.
Azimuth: 198:05:54.2
Altitude: 37:05:54.9

Wed Mar 26 17:41:23 2014
Adjusting the interferometer position.
Azimuth: 198:15:26.5
Altitude: 37:04:01.2

Wed Mar 26 17:41:56 2014
Adjusting the interferometer position.
Azimuth: 198:24:58.2
Altitude: 37:02:06.4

Wed Mar 26 17:42:30 2014
Adjusting the interferometer position.
Azimuth: 198:34:46.6
Altitude: 37:00:07.1

Wed Mar 26 17:43:03 2014
Adjusting the interferometer position.
Azimuth: 198:44:17.2
Altitude: 36:58:10.3

Wed Mar 26 17:43:36 2014
Adjusting the interferometer position.
Azimuth: 198:53:47.2
Altitude: 36:56:12.6

Wed Mar 26 17:44:09 2014
Adjusting the interferometer position.
Azimuth: 199:03:16.6
Altitude: 36:54:13.8

Wed Mar 26 17:44:43 2014
Adjusting the interferometer position.
Azimuth: 199:13:02.7
Altitude: 36:52:10.4

Wed Mar 26 17:45:16 2014
Adjusting the interferometer position.
Azimuth: 199:22:31.0
Altitude: 36:50:09.6

Wed Mar 26 17:45:49 2014
Adjusting the interferometer position.
Azimuth: 199:31:58.6
Altitude: 36:48:07.8

Wed Mar 26 17:46:23 2014
Adjusting the interferometer position.
Azimuth: 199:41:42.9
Altitude: 36:46:01.3

Wed Mar 26 17:46:56 2014
Adjusting the interferometer position.
Azimuth: 199:51:09.4
Altitude: 36:43:57.5

Wed Mar 26 17:47:29 2014
Adjusting the interferometer position.
Azimuth: 200:00:35.3
Altitude: 36:41:52.7

Wed Mar 26 17:48:03 2014
Adjusting the interferometer position.
Azimuth: 200:10:17.7
Altitude: 36:39:43.2

Wed Mar 26 17:48:36 2014
Adjusting the interferometer position.
Azimuth: 200:19:42.4
Altitude: 36:37:36.4

Wed Mar 26 17:49:09 2014
Adjusting the interferometer position.
Azimuth: 200:29:06.5
Altitude: 36:35:28.7

Wed Mar 26 17:49:42 2014
Adjusting the interferometer position.
Azimuth: 200:38:29.9
Altitude: 36:33:20.0

Wed Mar 26 17:50:16 2014
Adjusting the interferometer position.
Azimuth: 200:48:09.8
Altitude: 36:31:06.3

Wed Mar 26 17:50:49 2014
Adjusting the interferometer position.
Azimuth: 200:57:32.1
Altitude: 36:28:55.7

Wed Mar 26 17:51:22 2014
Adjusting the interferometer position.
Azimuth: 201:06:53.7
Altitude: 36:26:44.0

Wed Mar 26 17:51:56 2014
Adjusting the interferometer position.
Azimuth: 201:16:31.7
Altitude: 36:24:27.3

Wed Mar 26 17:52:29 2014
Adjusting the interferometer position.
Azimuth: 201:25:52.0
Altitude: 36:22:13.7

Wed Mar 26 17:53:02 2014
Adjusting the interferometer position.
Azimuth: 201:35:11.7
Altitude: 36:19:59.2

Wed Mar 26 17:53:36 2014
Adjusting the interferometer position.
Azimuth: 201:44:47.8
Altitude: 36:17:39.5

Wed Mar 26 17:54:09 2014
Adjusting the interferometer position.
Azimuth: 201:54:06.2
Altitude: 36:15:23.0

Wed Mar 26 17:54:42 2014
Adjusting the interferometer position.
Azimuth: 202:03:24.0
Altitude: 36:13:05.5

Wed Mar 26 17:55:15 2014
Resetting the interferometer to its home position.

Wed Mar 26 17:55:52 2014
Done. Data collection may now resume.

Wed Mar 26 17:55:52 2014
Adjusting the interferometer position.
Azimuth: 202:23:05.2
Altitude: 36:08:10.7

Wed Mar 26 17:56:32 2014
Adjusting the interferometer position.
Azimuth: 202:34:18.8
Altitude: 36:05:20.4

Wed Mar 26 17:57:05 2014
Adjusting the interferometer position.
Azimuth: 202:43:33.8
Altitude: 36:02:58.8

Wed Mar 26 17:57:38 2014
Adjusting the interferometer position.
Azimuth: 202:52:48.2
Altitude: 36:00:36.2

Wed Mar 26 17:58:12 2014
Adjusting the interferometer position.
Azimuth: 203:02:18.7
Altitude: 35:58:08.4

Wed Mar 26 17:58:45 2014
Adjusting the interferometer position.
Azimuth: 203:11:31.7
Altitude: 35:55:43.9

Wed Mar 26 17:59:18 2014
Adjusting the interferometer position.
Azimuth: 203:20:44.1
Altitude: 35:53:18.5

Wed Mar 26 17:59:52 2014
Adjusting the interferometer position.
Azimuth: 203:30:12.5
Altitude: 35:50:47.8

Wed Mar 26 18:00:25 2014
Adjusting the interferometer position.
Azimuth: 203:39:23.6
Altitude: 35:48:20.5

Wed Mar 26 18:00:58 2014
Adjusting the interferometer position.
Azimuth: 203:48:34.0
Altitude: 35:45:52.3

Wed Mar 26 18:01:31 2014
Adjusting the interferometer position.
Azimuth: 203:57:43.7
Altitude: 35:43:23.1

Wed Mar 26 18:02:05 2014
Adjusting the interferometer position.
Azimuth: 204:07:09.3
Altitude: 35:40:48.5

Wed Mar 26 18:02:38 2014
Adjusting the interferometer position.
Azimuth: 204:16:17.7
Altitude: 35:38:17.5

Wed Mar 26 18:03:11 2014
Adjusting the interferometer position.
Azimuth: 204:25:25.3
Altitude: 35:35:45.5

Wed Mar 26 18:03:45 2014
Adjusting the interferometer position.
Azimuth: 204:34:48.9
Altitude: 35:33:08.0

Wed Mar 26 18:04:18 2014
Adjusting the interferometer position.
Azimuth: 204:43:55.1
Altitude: 35:30:34.2

Wed Mar 26 18:04:51 2014
Adjusting the interferometer position.
Azimuth: 204:53:00.7
Altitude: 35:27:59.5

Wed Mar 26 18:05:25 2014
Adjusting the interferometer position.
Azimuth: 205:02:22.1
Altitude: 35:25:19.1

Wed Mar 26 18:05:58 2014
Adjusting the interferometer position.
Azimuth: 205:11:26.3
Altitude: 35:22:42.5

Wed Mar 26 18:06:31 2014
Adjusting the interferometer position.
Azimuth: 205:20:29.8
Altitude: 35:20:05.0

Wed Mar 26 18:07:04 2014
Adjusting the interferometer position.
Azimuth: 205:29:32.6
Altitude: 35:17:26.6

Wed Mar 26 18:07:38 2014
Adjusting the interferometer position.
Azimuth: 205:38:51.2
Altitude: 35:14:42.5

Wed Mar 26 18:08:11 2014
Adjusting the interferometer position.
Azimuth: 205:47:52.6
Altitude: 35:12:02.3

Wed Mar 26 18:08:44 2014
Adjusting the interferometer position.
Azimuth: 205:56:53.2
Altitude: 35:09:21.1

Wed Mar 26 18:09:18 2014
Adjusting the interferometer position.
Azimuth: 206:06:09.6
Altitude: 35:06:34.2

Wed Mar 26 18:09:51 2014
Adjusting the interferometer position.
Azimuth: 206:15:08.8
Altitude: 35:03:51.3

Wed Mar 26 18:10:24 2014
Adjusting the interferometer position.
Azimuth: 206:24:07.4
Altitude: 35:01:07.4

Wed Mar 26 18:10:57 2014
Adjusting the interferometer position.
Azimuth: 206:33:05.3
Altitude: 34:58:22.7

Wed Mar 26 18:11:31 2014
Adjusting the interferometer position.
Azimuth: 206:42:18.7
Altitude: 34:55:32.0

Wed Mar 26 18:12:04 2014
Adjusting the interferometer position.
Azimuth: 206:51:15.1
Altitude: 34:52:45.5

Wed Mar 26 18:12:37 2014
Adjusting the interferometer position.
Azimuth: 207:00:10.7
Altitude: 34:49:58.1

Wed Mar 26 18:13:11 2014
Adjusting the interferometer position.
Azimuth: 207:09:21.9
Altitude: 34:47:04.7

Wed Mar 26 18:13:44 2014
Adjusting the interferometer position.
Azimuth: 207:18:16.1
Altitude: 34:44:15.5

Wed Mar 26 18:14:17 2014
Adjusting the interferometer position.
Azimuth: 207:27:09.7
Altitude: 34:41:25.5

Wed Mar 26 18:14:50 2014
Adjusting the interferometer position.
Azimuth: 207:36:02.4
Altitude: 34:38:34.5

Wed Mar 26 18:15:24 2014
Adjusting the interferometer position.
Azimuth: 207:45:10.6
Altitude: 34:35:37.5

Wed Mar 26 18:15:57 2014
Adjusting the interferometer position.
Azimuth: 207:54:01.9
Altitude: 34:32:44.8

Wed Mar 26 18:16:30 2014
Adjusting the interferometer position.
Azimuth: 208:02:52.5
Altitude: 34:29:51.2

Wed Mar 26 18:17:04 2014
Adjusting the interferometer position.
Azimuth: 208:11:58.4
Altitude: 34:26:51.5

Wed Mar 26 18:17:37 2014
Adjusting the interferometer position.
Azimuth: 208:20:47.5
Altitude: 34:23:56.2

Wed Mar 26 18:18:10 2014
Adjusting the interferometer position.
Azimuth: 208:29:35.9
Altitude: 34:21:00.0

Wed Mar 26 18:18:43 2014
Adjusting the interferometer position.
Azimuth: 208:38:23.6
Altitude: 34:18:02.9

Wed Mar 26 18:19:17 2014
Adjusting the interferometer position.
Azimuth: 208:47:26.4
Altitude: 34:14:59.7

Wed Mar 26 18:19:50 2014
Adjusting the interferometer position.
Azimuth: 208:56:12.6
Altitude: 34:12:00.9

Wed Mar 26 18:20:23 2014
Adjusting the interferometer position.
Azimuth: 209:04:58.0
Altitude: 34:09:01.3

Wed Mar 26 18:20:57 2014
Adjusting the interferometer position.
Azimuth: 209:13:58.6
Altitude: 34:05:55.3

Wed Mar 26 18:21:30 2014
Adjusting the interferometer position.
Azimuth: 209:22:42.5
Altitude: 34:02:54.0

Wed Mar 26 18:22:03 2014
Adjusting the interferometer position.
Azimuth: 209:31:25.6
Altitude: 33:59:51.8

Wed Mar 26 18:22:37 2014
Adjusting the interferometer position.
Azimuth: 209:40:23.9
Altitude: 33:56:43.3

Wed Mar 26 18:23:10 2014
Adjusting the interferometer position.
Azimuth: 209:49:05.5
Altitude: 33:53:39.4

Wed Mar 26 18:23:43 2014
Adjusting the interferometer position.
Azimuth: 209:57:46.4
Altitude: 33:50:34.7

Wed Mar 26 18:24:16 2014
Adjusting the interferometer position.
Azimuth: 210:06:26.6
Altitude: 33:47:29.1

Wed Mar 26 18:24:50 2014
Adjusting the interferometer position.
Azimuth: 210:15:21.8
Altitude: 33:44:17.1

Wed Mar 26 18:25:23 2014
Adjusting the interferometer position.
Azimuth: 210:24:00.4
Altitude: 33:41:09.9

Wed Mar 26 18:25:56 2014
Adjusting the interferometer position.
Azimuth: 210:32:38.3
Altitude: 33:38:01.8

Wed Mar 26 18:26:30 2014
Adjusting the interferometer position.
Azimuth: 210:41:31.1
Altitude: 33:34:47.2

Wed Mar 26 18:27:03 2014
Adjusting the interferometer position.
Azimuth: 210:50:07.5
Altitude: 33:31:37.5

Wed Mar 26 18:27:36 2014
Adjusting the interferometer position.
Azimuth: 210:58:43.1
Altitude: 33:28:27.0

Wed Mar 26 18:28:10 2014
Adjusting the interferometer position.
Azimuth: 211:07:33.6
Altitude: 33:25:09.8

Wed Mar 26 18:28:43 2014
Adjusting the interferometer position.
Azimuth: 211:16:07.6
Altitude: 33:21:57.6

Wed Mar 26 18:29:16 2014
Adjusting the interferometer position.
Azimuth: 211:24:41.0
Altitude: 33:18:44.7

Wed Mar 26 18:29:50 2014
Adjusting the interferometer position.
Azimuth: 211:33:29.1
Altitude: 33:15:25.0

Wed Mar 26 18:30:23 2014
Adjusting the interferometer position.
Azimuth: 211:42:00.9
Altitude: 33:12:10.3

Wed Mar 26 18:30:56 2014
Adjusting the interferometer position.
Azimuth: 211:50:31.9
Altitude: 33:08:54.9

Wed Mar 26 18:31:29 2014
Adjusting the interferometer position.
Azimuth: 211:59:02.2
Altitude: 33:05:38.7

Wed Mar 26 18:32:03 2014
Adjusting the interferometer position.
Azimuth: 212:07:47.1
Altitude: 33:02:15.7

Wed Mar 26 18:32:36 2014
Adjusting the interferometer position.
Azimuth: 212:16:15.8
Altitude: 32:58:57.8

Wed Mar 26 18:33:09 2014
Adjusting the interferometer position.
Azimuth: 212:24:43.8
Altitude: 32:55:39.2

Wed Mar 26 18:33:43 2014
Adjusting the interferometer position.
Azimuth: 212:33:26.4
Altitude: 32:52:13.7

Wed Mar 26 18:34:16 2014
Adjusting the interferometer position.
Azimuth: 212:41:52.8
Altitude: 32:48:53.5

Wed Mar 26 18:34:49 2014
Adjusting the interferometer position.
Azimuth: 212:50:18.4
Altitude: 32:45:32.4

Wed Mar 26 18:35:22 2014
Adjusting the interferometer position.
Azimuth: 212:58:43.3
Altitude: 32:42:10.6

Wed Mar 26 18:35:56 2014
Adjusting the interferometer position.
Azimuth: 213:07:22.7
Altitude: 32:38:41.9

Wed Mar 26 18:36:29 2014
Adjusting the interferometer position.
Azimuth: 213:15:46.1
Altitude: 32:35:18.5

Wed Mar 26 18:37:02 2014
Adjusting the interferometer position.
Azimuth: 213:24:08.6
Altitude: 32:31:54.3

Wed Mar 26 18:37:36 2014
Adjusting the interferometer position.
Azimuth: 213:32:45.6
Altitude: 32:28:23.2

Wed Mar 26 18:38:09 2014
Adjusting the interferometer position.
Azimuth: 213:41:06.7
Altitude: 32:24:57.4

Wed Mar 26 18:38:42 2014
Adjusting the interferometer position.
Azimuth: 213:49:26.9
Altitude: 32:21:30.9

Wed Mar 26 18:39:15 2014
Adjusting the interferometer position.
Azimuth: 213:57:46.4
Altitude: 32:18:03.7

Wed Mar 26 18:39:49 2014
Adjusting the interferometer position.
Azimuth: 214:06:20.2
Altitude: 32:14:29.3

Wed Mar 26 18:40:22 2014
Adjusting the interferometer position.
Azimuth: 214:14:38.1
Altitude: 32:11:00.5

Wed Mar 26 18:40:55 2014
Adjusting the interferometer position.
Azimuth: 214:22:55.3
Altitude: 32:07:30.9

Wed Mar 26 18:41:29 2014
Adjusting the interferometer position.
Azimuth: 214:31:26.7
Altitude: 32:03:54.2

Wed Mar 26 18:42:02 2014
Adjusting the interferometer position.
Azimuth: 214:39:42.3
Altitude: 32:00:23.1

Wed Mar 26 18:42:35 2014
Adjusting the interferometer position.
Azimuth: 214:47:57.1
Altitude: 31:56:51.3

Wed Mar 26 18:43:08 2014
Adjusting the interferometer position.
Azimuth: 214:56:11.2
Altitude: 31:53:18.7

Wed Mar 26 18:43:42 2014
Adjusting the interferometer position.
Azimuth: 215:04:39.4
Altitude: 31:49:38.9

Wed Mar 26 18:44:15 2014
Adjusting the interferometer position.
Azimuth: 215:12:51.9
Altitude: 31:46:04.8

Wed Mar 26 18:44:48 2014
Adjusting the interferometer position.
Azimuth: 215:21:03.6
Altitude: 31:42:29.9

Wed Mar 26 18:45:22 2014
Adjusting the interferometer position.
Azimuth: 215:29:29.4
Altitude: 31:38:47.8

Wed Mar 26 18:45:55 2014
Adjusting the interferometer position.
Azimuth: 215:37:39.6
Altitude: 31:35:11.4

Wed Mar 26 18:46:28 2014
Adjusting the interferometer position.
Azimuth: 215:45:49.0
Altitude: 31:31:34.3

Wed Mar 26 18:47:02 2014
Adjusting the interferometer position.
Azimuth: 215:54:12.4
Altitude: 31:27:49.9

Wed Mar 26 18:47:35 2014
Adjusting the interferometer position.
Azimuth: 216:02:20.2
Altitude: 31:24:11.4

Wed Mar 26 18:48:08 2014
Adjusting the interferometer position.
Azimuth: 216:10:27.3
Altitude: 31:20:32.1

Wed Mar 26 18:48:41 2014
Adjusting the interferometer position.
Azimuth: 216:18:33.6
Altitude: 31:16:52.1

Wed Mar 26 18:49:16 2014
Adjusting the interferometer position.
Azimuth: 216:27:08.5
Altitude: 31:12:57.9

Wed Mar 26 18:49:49 2014
Adjusting the interferometer position.
Azimuth: 216:35:13.2
Altitude: 31:09:16.4

Wed Mar 26 18:50:23 2014
Adjusting the interferometer position.
Azimuth: 216:43:31.8
Altitude: 31:05:27.5

Wed Mar 26 18:50:56 2014
Adjusting the interferometer position.
Azimuth: 216:51:34.9
Altitude: 31:01:44.5

Wed Mar 26 18:51:29 2014
Adjusting the interferometer position.
Azimuth: 216:59:37.3
Altitude: 30:58:00.9

Wed Mar 26 18:52:02 2014
Adjusting the interferometer position.
Azimuth: 217:07:38.9
Altitude: 30:54:16.5

Wed Mar 26 18:52:36 2014
Adjusting the interferometer position.
Azimuth: 217:15:54.3
Altitude: 30:50:24.6

Wed Mar 26 18:53:09 2014
Adjusting the interferometer position.
Azimuth: 217:23:54.3
Altitude: 30:46:38.8

Wed Mar 26 18:53:42 2014
Adjusting the interferometer position.
Azimuth: 217:31:53.6
Altitude: 30:42:52.3

Wed Mar 26 18:54:16 2014
Adjusting the interferometer position.
Azimuth: 217:40:06.6
Altitude: 30:38:58.2

Wed Mar 26 18:54:49 2014
Adjusting the interferometer position.
Azimuth: 217:48:04.3
Altitude: 30:35:10.3

Wed Mar 26 18:55:22 2014
Adjusting the interferometer position.
Azimuth: 217:56:01.3
Altitude: 30:31:21.7

Wed Mar 26 18:55:55 2014
Adjusting the interferometer position.
Azimuth: 218:03:57.5
Altitude: 30:27:32.4

Wed Mar 26 18:56:29 2014
Resetting the interferometer to its home position.

Wed Mar 26 18:57:06 2014
Done. Data collection may now resume.

Wed Mar 26 18:57:06 2014
Adjusting the interferometer position.
Azimuth: 218:20:59.4
Altitude: 30:19:16.7

Wed Mar 26 18:57:47 2014
Adjusting the interferometer position.
Azimuth: 218:30:47.9
Altitude: 30:14:29.0

Wed Mar 26 18:58:21 2014
Adjusting the interferometer position.
Azimuth: 218:38:55.0
Altitude: 30:10:29.6

Wed Mar 26 18:58:54 2014
Adjusting the interferometer position.
Azimuth: 218:46:47.0
Altitude: 30:06:36.6

Wed Mar 26 18:59:27 2014
Adjusting the interferometer position.
Azimuth: 218:54:38.3
Altitude: 30:02:42.9

Wed Mar 26 19:00:01 2014
Adjusting the interferometer position.
Azimuth: 219:02:43.0
Altitude: 29:58:41.4

Wed Mar 26 19:00:34 2014
Adjusting the interferometer position.
Azimuth: 219:10:32.8
Altitude: 29:54:46.4

Wed Mar 26 19:01:07 2014
Adjusting the interferometer position.
Azimuth: 219:18:21.7
Altitude: 29:50:50.6

Wed Mar 26 19:01:40 2014
Adjusting the interferometer position.
Azimuth: 219:26:09.9
Altitude: 29:46:54.3

Wed Mar 26 19:02:14 2014
Adjusting the interferometer position.
Azimuth: 219:34:11.5
Altitude: 29:42:50.0

Wed Mar 26 19:02:47 2014
Adjusting the interferometer position.
Azimuth: 219:41:58.1
Altitude: 29:38:52.3

Wed Mar 26 19:03:20 2014
Adjusting the interferometer position.
Azimuth: 219:49:44.0
Altitude: 29:34:53.9

Wed Mar 26 19:03:54 2014
Adjusting the interferometer position.
Azimuth: 219:57:43.2
Altitude: 29:30:47.5

Wed Mar 26 19:04:27 2014
Adjusting the interferometer position.
Azimuth: 220:05:27.6
Altitude: 29:26:47.8

Wed Mar 26 19:05:00 2014
Adjusting the interferometer position.
Azimuth: 220:13:11.2
Altitude: 29:22:47.4

Wed Mar 26 19:05:33 2014
Adjusting the interferometer position.
Azimuth: 220:20:54.0
Altitude: 29:18:46.4

Wed Mar 26 19:06:07 2014
Adjusting the interferometer position.
Azimuth: 220:28:50.0
Altitude: 29:14:37.4

Wed Mar 26 19:06:40 2014
Adjusting the interferometer position.
Azimuth: 220:36:31.3
Altitude: 29:10:35.0

Wed Mar 26 19:07:13 2014
Adjusting the interferometer position.
Azimuth: 220:44:11.9
Altitude: 29:06:32.0

Wed Mar 26 19:07:47 2014
Adjusting the interferometer position.
Azimuth: 220:52:05.6
Altitude: 29:02:21.0

Wed Mar 26 19:08:20 2014
Adjusting the interferometer position.
Azimuth: 220:59:44.6
Altitude: 28:58:16.7

Wed Mar 26 19:08:53 2014
Adjusting the interferometer position.
Azimuth: 221:07:22.9
Altitude: 28:54:11.8

Wed Mar 26 19:09:26 2014
Adjusting the interferometer position.
Azimuth: 221:15:00.4
Altitude: 28:50:06.2

Wed Mar 26 19:10:00 2014
Adjusting the interferometer position.
Azimuth: 221:22:50.9
Altitude: 28:45:52.5

Wed Mar 26 19:10:33 2014
Adjusting the interferometer position.
Azimuth: 221:30:26.9
Altitude: 28:41:45.7

Wed Mar 26 19:11:06 2014
Adjusting the interferometer position.
Azimuth: 221:38:02.2
Altitude: 28:37:38.2

Wed Mar 26 19:11:40 2014
Adjusting the interferometer position.
Azimuth: 221:45:50.4
Altitude: 28:33:22.6

Wed Mar 26 19:12:13 2014
Adjusting the interferometer position.
Azimuth: 221:53:24.1
Altitude: 28:29:13.9

Wed Mar 26 19:12:46 2014
Adjusting the interferometer position.
Azimuth: 222:00:57.1
Altitude: 28:25:04.5

Wed Mar 26 19:13:20 2014
Adjusting the interferometer position.
Azimuth: 222:08:43.0
Altitude: 28:20:46.9

Wed Mar 26 19:13:53 2014
Adjusting the interferometer position.
Azimuth: 222:16:14.4
Altitude: 28:16:36.3

Wed Mar 26 19:14:26 2014
Adjusting the interferometer position.
Azimuth: 222:23:45.2
Altitude: 28:12:25.1

Wed Mar 26 19:14:59 2014
Adjusting the interferometer position.
Azimuth: 222:31:15.1
Altitude: 28:08:13.3

Wed Mar 26 19:15:33 2014
Adjusting the interferometer position.
Azimuth: 222:38:58.0
Altitude: 28:03:53.2

Wed Mar 26 19:16:06 2014
Adjusting the interferometer position.
Azimuth: 222:46:26.4
Altitude: 27:59:40.1

Wed Mar 26 19:16:39 2014
Adjusting the interferometer position.
Azimuth: 222:53:54.2
Altitude: 27:55:26.4

Wed Mar 26 19:17:13 2014
Adjusting the interferometer position.
Azimuth: 223:01:34.7
Altitude: 27:51:04.4

Wed Mar 26 19:17:46 2014
Adjusting the interferometer position.
Azimuth: 223:09:00.9
Altitude: 27:46:49.6

Wed Mar 26 19:18:19 2014
Adjusting the interferometer position.
Azimuth: 223:16:26.4
Altitude: 27:42:34.1

Wed Mar 26 19:18:53 2014
Adjusting the interferometer position.
Azimuth: 223:24:04.6
Altitude: 27:38:10.2

Wed Mar 26 19:19:26 2014
Adjusting the interferometer position.
Azimuth: 223:31:28.6
Altitude: 27:33:53.5

Wed Mar 26 19:19:59 2014
Adjusting the interferometer position.
Azimuth: 223:38:51.9
Altitude: 27:29:36.2

Wed Mar 26 19:20:32 2014
Adjusting the interferometer position.
Azimuth: 223:46:14.4
Altitude: 27:25:18.4

Wed Mar 26 19:21:06 2014
Adjusting the interferometer position.
Azimuth: 223:53:49.6
Altitude: 27:20:52.1

Wed Mar 26 19:21:39 2014
Adjusting the interferometer position.
Azimuth: 224:01:10.7
Altitude: 27:16:33.0

Wed Mar 26 19:22:12 2014
Adjusting the interferometer position.
Azimuth: 224:08:31.0
Altitude: 27:12:13.4

Wed Mar 26 19:22:46 2014
Adjusting the interferometer position.
Azimuth: 224:16:03.9
Altitude: 27:07:45.2

Wed Mar 26 19:23:19 2014
Adjusting the interferometer position.
Azimuth: 224:23:22.8
Altitude: 27:03:24.4

Wed Mar 26 19:23:52 2014
Adjusting the interferometer position.
Azimuth: 224:30:40.9
Altitude: 26:59:03.0

Wed Mar 26 19:24:25 2014
Adjusting the interferometer position.
Azimuth: 224:37:58.3
Altitude: 26:54:41.1

Wed Mar 26 19:24:59 2014
Adjusting the interferometer position.
Azimuth: 224:45:28.2
Altitude: 26:50:10.6

Wed Mar 26 19:25:32 2014
Adjusting the interferometer position.
Azimuth: 224:52:44.1
Altitude: 26:45:47.4

Wed Mar 26 19:26:05 2014
Adjusting the interferometer position.
Azimuth: 224:59:59.4
Altitude: 26:41:23.8

Wed Mar 26 19:26:39 2014
Adjusting the interferometer position.
Azimuth: 225:07:27.0
Altitude: 26:36:51.5

Wed Mar 26 19:27:12 2014
Adjusting the interferometer position.
Azimuth: 225:14:40.8
Altitude: 26:32:26.7

Wed Mar 26 19:27:45 2014
Adjusting the interferometer position.
Azimuth: 225:21:53.8
Altitude: 26:28:01.3

Wed Mar 26 19:28:18 2014
Adjusting the interferometer position.
Azimuth: 225:29:06.2
Altitude: 26:23:35.3

Wed Mar 26 19:28:52 2014
Adjusting the interferometer position.
Azimuth: 225:36:30.9
Altitude: 26:19:00.7

Wed Mar 26 19:29:25 2014
Adjusting the interferometer position.
Azimuth: 225:43:41.8
Altitude: 26:14:33.7

Wed Mar 26 19:29:58 2014
Adjusting the interferometer position.
Azimuth: 225:50:51.9
Altitude: 26:10:06.0

Wed Mar 26 19:30:32 2014
Adjusting the interferometer position.
Azimuth: 225:58:14.4
Altitude: 26:05:29.7

Wed Mar 26 19:31:05 2014
Adjusting the interferometer position.
Azimuth: 226:05:23.2
Altitude: 26:01:01.0

Wed Mar 26 19:31:38 2014
Adjusting the interferometer position.
Azimuth: 226:12:31.2
Altitude: 25:56:31.7

Wed Mar 26 19:32:11 2014
Adjusting the interferometer position.
Azimuth: 226:19:38.5
Altitude: 25:52:01.9

Wed Mar 26 19:32:45 2014
Adjusting the interferometer position.
Azimuth: 226:26:58.1
Altitude: 25:47:23.3

Wed Mar 26 19:33:18 2014
Adjusting the interferometer position.
Azimuth: 226:34:04.0
Altitude: 25:42:52.4

Wed Mar 26 19:33:51 2014
Adjusting the interferometer position.
Azimuth: 226:41:09.2
Altitude: 25:38:20.9

Wed Mar 26 19:34:25 2014
Adjusting the interferometer position.
Azimuth: 226:48:26.6
Altitude: 25:33:40.7

Wed Mar 26 19:34:58 2014
Adjusting the interferometer position.
Azimuth: 226:55:30.4
Altitude: 25:29:08.2

Wed Mar 26 19:35:31 2014
Adjusting the interferometer position.
Azimuth: 227:02:33.5
Altitude: 25:24:35.1

Wed Mar 26 19:36:05 2014
Adjusting the interferometer position.
Azimuth: 227:09:48.7
Altitude: 25:19:53.2

Wed Mar 26 19:36:38 2014
Adjusting the interferometer position.
Azimuth: 227:16:50.3
Altitude: 25:15:19.1

Wed Mar 26 19:37:11 2014
Adjusting the interferometer position.
Azimuth: 227:23:51.3
Altitude: 25:10:44.4

Wed Mar 26 19:37:44 2014
Adjusting the interferometer position.
Azimuth: 227:30:51.7
Altitude: 25:06:09.2

Wed Mar 26 19:38:18 2014
Adjusting the interferometer position.
Azimuth: 227:38:04.0
Altitude: 25:01:25.2

Wed Mar 26 19:38:51 2014
Adjusting the interferometer position.
Azimuth: 227:45:02.9
Altitude: 24:56:48.9

Wed Mar 26 19:39:24 2014
Adjusting the interferometer position.
Azimuth: 227:52:01.1
Altitude: 24:52:12.2

Wed Mar 26 19:39:58 2014
Adjusting the interferometer position.
Azimuth: 227:59:11.3
Altitude: 24:47:26.5

Wed Mar 26 19:40:31 2014
Adjusting the interferometer position.
Azimuth: 228:06:08.1
Altitude: 24:42:48.7

Wed Mar 26 19:41:04 2014
Adjusting the interferometer position.
Azimuth: 228:13:04.3
Altitude: 24:38:10.4

Wed Mar 26 19:41:37 2014
Adjusting the interferometer position.
Azimuth: 228:19:59.8
Altitude: 24:33:31.6

Wed Mar 26 19:42:11 2014
Adjusting the interferometer position.
Azimuth: 228:27:07.2
Altitude: 24:28:43.9

Wed Mar 26 19:42:44 2014
Adjusting the interferometer position.
Azimuth: 228:34:01.3
Altitude: 24:24:04.0

Wed Mar 26 19:43:17 2014
Adjusting the interferometer position.
Azimuth: 228:40:54.7
Altitude: 24:19:23.7

Wed Mar 26 19:43:51 2014
Adjusting the interferometer position.
Azimuth: 228:48:00.0
Altitude: 24:14:34.4

Wed Mar 26 19:44:24 2014
Adjusting the interferometer position.
Azimuth: 228:54:52.0
Altitude: 24:09:53.0

Wed Mar 26 19:44:57 2014
Adjusting the interferometer position.
Azimuth: 229:01:43.4
Altitude: 24:05:11.2

Wed Mar 26 19:45:31 2014
Adjusting the interferometer position.
Azimuth: 229:08:46.6
Altitude: 24:00:20.3

Wed Mar 26 19:46:04 2014
Adjusting the interferometer position.
Azimuth: 229:15:36.6
Altitude: 23:55:37.5

Wed Mar 26 19:46:37 2014
Adjusting the interferometer position.
Azimuth: 229:22:26.0
Altitude: 23:50:54.2

Wed Mar 26 19:47:10 2014
Adjusting the interferometer position.
Azimuth: 229:29:14.7
Altitude: 23:46:10.3

Wed Mar 26 19:47:44 2014
Adjusting the interferometer position.
Azimuth: 229:36:15.2
Altitude: 23:41:17.4

Wed Mar 26 19:48:17 2014
Adjusting the interferometer position.
Azimuth: 229:43:02.5
Altitude: 23:36:32.6

Wed Mar 26 19:48:50 2014
Adjusting the interferometer position.
Azimuth: 229:49:49.3
Altitude: 23:31:47.4

Wed Mar 26 19:49:24 2014
Adjusting the interferometer position.
Azimuth: 229:56:47.6
Altitude: 23:26:53.0

Wed Mar 26 19:49:57 2014
Adjusting the interferometer position.
Azimuth: 230:03:33.0
Altitude: 23:22:06.7

Wed Mar 26 19:50:30 2014
Adjusting the interferometer position.
Azimuth: 230:10:17.8
Altitude: 23:17:20.0

Wed Mar 26 19:51:04 2014
Adjusting the interferometer position.
Azimuth: 230:17:14.1
Altitude: 23:12:24.1

Wed Mar 26 19:51:37 2014
Adjusting the interferometer position.
Azimuth: 230:23:57.5
Altitude: 23:07:36.4

Wed Mar 26 19:52:10 2014
Adjusting the interferometer position.
Azimuth: 230:30:40.3
Altitude: 23:02:48.3

Wed Mar 26 19:52:43 2014
Adjusting the interferometer position.
Azimuth: 230:37:22.4
Altitude: 22:57:59.7

Wed Mar 26 19:53:17 2014
Adjusting the interferometer position.
Azimuth: 230:44:16.0
Altitude: 22:53:01.8

Wed Mar 26 19:53:50 2014
Adjusting the interferometer position.
Azimuth: 230:50:56.8
Altitude: 22:48:12.3

Wed Mar 26 19:54:23 2014
Adjusting the interferometer position.
Azimuth: 230:57:37.0
Altitude: 22:43:22.2

Wed Mar 26 19:54:57 2014
Adjusting the interferometer position.
Azimuth: 231:04:28.7
Altitude: 22:38:23.0

Wed Mar 26 19:55:30 2014
Adjusting the interferometer position.
Azimuth: 231:11:07.5
Altitude: 22:33:32.0

Wed Mar 26 19:56:03 2014
Adjusting the interferometer position.
Azimuth: 231:17:45.8
Altitude: 22:28:40.6

Wed Mar 26 19:56:36 2014
Adjusting the interferometer position.
Azimuth: 231:24:23.4
Altitude: 22:23:48.7

Wed Mar 26 19:57:10 2014
Adjusting the interferometer position.
Azimuth: 231:31:12.4
Altitude: 22:18:47.6

Wed Mar 26 19:57:43 2014
Resetting the interferometer to its home position.

Wed Mar 26 19:58:21 2014
Done. Data collection may now resume.

Wed Mar 26 19:58:21 2014
Adjusting the interferometer position.
Azimuth: 231:45:24.3
Altitude: 22:08:17.1

Wed Mar 26 19:59:02 2014
Adjusting the interferometer position.
Azimuth: 231:53:35.0
Altitude: 22:02:12.1

Wed Mar 26 19:59:35 2014
Adjusting the interferometer position.
Azimuth: 232:00:09.2
Altitude: 21:57:17.8

Wed Mar 26 20:00:08 2014
Adjusting the interferometer position.
Azimuth: 232:06:42.8
Altitude: 21:52:23.1

Wed Mar 26 20:00:42 2014
Adjusting the interferometer position.
Azimuth: 232:13:27.6
Altitude: 21:47:18.9

Wed Mar 26 20:01:15 2014
Adjusting the interferometer position.
Azimuth: 232:20:00.0
Altitude: 21:42:23.3

Wed Mar 26 20:01:48 2014
Adjusting the interferometer position.
Azimuth: 232:26:31.7
Altitude: 21:37:27.3

Wed Mar 26 20:02:21 2014
Adjusting the interferometer position.
Azimuth: 232:33:02.8
Altitude: 21:32:30.8

Wed Mar 26 20:02:55 2014
Adjusting the interferometer position.
Azimuth: 232:39:45.1
Altitude: 21:27:24.8

Wed Mar 26 20:03:28 2014
Adjusting the interferometer position.
Azimuth: 232:46:14.9
Altitude: 21:22:27.5

Wed Mar 26 20:04:01 2014
Adjusting the interferometer position.
Azimuth: 232:52:44.1
Altitude: 21:17:29.7

Wed Mar 26 20:04:35 2014
Adjusting the interferometer position.
Azimuth: 232:59:24.5
Altitude: 21:12:22.4

Wed Mar 26 20:05:08 2014
Adjusting the interferometer position.
Azimuth: 233:05:52.5
Altitude: 21:07:23.7

Wed Mar 26 20:05:41 2014
Adjusting the interferometer position.
Azimuth: 233:12:19.9
Altitude: 21:02:24.6

Wed Mar 26 20:06:15 2014
Adjusting the interferometer position.
Azimuth: 233:18:58.5
Altitude: 20:57:16.0

Wed Mar 26 20:06:48 2014
Adjusting the interferometer position.
Azimuth: 233:25:24.6
Altitude: 20:52:16.1

Wed Mar 26 20:07:21 2014
Adjusting the interferometer position.
Azimuth: 233:31:50.2
Altitude: 20:47:15.7

Wed Mar 26 20:07:54 2014
Adjusting the interferometer position.
Azimuth: 233:38:15.2
Altitude: 20:42:14.9

Wed Mar 26 20:08:28 2014
Adjusting the interferometer position.
Azimuth: 233:44:51.2
Altitude: 20:37:04.6

Wed Mar 26 20:09:01 2014
Adjusting the interferometer position.
Azimuth: 233:51:15.0
Altitude: 20:32:03.0

Wed Mar 26 20:09:34 2014
Adjusting the interferometer position.
Azimuth: 233:57:38.2
Altitude: 20:27:00.9

Wed Mar 26 20:10:08 2014
Adjusting the interferometer position.
Azimuth: 234:04:12.4
Altitude: 20:21:49.3

Wed Mar 26 20:10:41 2014
Adjusting the interferometer position.
Azimuth: 234:10:34.4
Altitude: 20:16:46.5

Wed Mar 26 20:11:14 2014
Adjusting the interferometer position.
Azimuth: 234:16:55.8
Altitude: 20:11:43.2

Wed Mar 26 20:11:48 2014
Adjusting the interferometer position.
Azimuth: 234:23:28.1
Altitude: 20:06:30.3

Wed Mar 26 20:12:21 2014
Adjusting the interferometer position.
Azimuth: 234:29:48.3
Altitude: 20:01:26.2

Wed Mar 26 20:12:54 2014
Adjusting the interferometer position.
Azimuth: 234:36:08.0
Altitude: 19:56:21.7

Wed Mar 26 20:13:28 2014
Adjusting the interferometer position.
Azimuth: 234:42:38.5
Altitude: 19:51:07.6

Wed Mar 26 20:14:01 2014
Adjusting the interferometer position.
Azimuth: 234:48:57.0
Altitude: 19:46:02.3

Wed Mar 26 20:14:34 2014
Adjusting the interferometer position.
Azimuth: 234:55:14.8
Altitude: 19:40:56.6

Wed Mar 26 20:15:07 2014
Adjusting the interferometer position.
Azimuth: 235:01:32.2
Altitude: 19:35:50.5

Wed Mar 26 20:15:41 2014
Adjusting the interferometer position.
Azimuth: 235:08:00.3
Altitude: 19:30:34.7

Wed Mar 26 20:16:14 2014
Adjusting the interferometer position.
Azimuth: 235:14:16.5
Altitude: 19:25:27.8

Wed Mar 26 20:16:47 2014
Adjusting the interferometer position.
Azimuth: 235:20:32.1
Altitude: 19:20:20.5

Wed Mar 26 20:17:21 2014
Adjusting the interferometer position.
Azimuth: 235:26:58.4
Altitude: 19:15:03.6

Wed Mar 26 20:17:54 2014
Adjusting the interferometer position.
Azimuth: 235:33:12.9
Altitude: 19:09:55.5

Wed Mar 26 20:18:27 2014
Adjusting the interferometer position.
Azimuth: 235:39:26.8
Altitude: 19:04:47.0

Wed Mar 26 20:19:00 2014
Adjusting the interferometer position.
Azimuth: 235:45:40.1
Altitude: 18:59:38.2

Wed Mar 26 20:19:34 2014
Adjusting the interferometer position.
Azimuth: 235:52:04.2
Altitude: 18:54:19.6

Wed Mar 26 20:20:07 2014
Adjusting the interferometer position.
Azimuth: 235:58:16.3
Altitude: 18:49:10.0

Wed Mar 26 20:20:40 2014
Adjusting the interferometer position.
Azimuth: 236:04:28.0
Altitude: 18:44:00.1

Wed Mar 26 20:21:14 2014
Adjusting the interferometer position.
Azimuth: 236:10:50.3
Altitude: 18:38:40.3

Wed Mar 26 20:21:47 2014
Adjusting the interferometer position.
Azimuth: 236:17:00.8
Altitude: 18:33:29.5

Wed Mar 26 20:22:20 2014
Adjusting the interferometer position.
Azimuth: 236:23:10.8
Altitude: 18:28:18.4

Wed Mar 26 20:22:54 2014
Adjusting the interferometer position.
Azimuth: 236:29:31.4
Altitude: 18:22:57.5

Wed Mar 26 20:23:27 2014
Adjusting the interferometer position.
Azimuth: 236:35:40.3
Altitude: 18:17:45.6

Wed Mar 26 20:24:00 2014
Adjusting the interferometer position.
Azimuth: 236:41:48.6
Altitude: 18:12:33.4

Wed Mar 26 20:24:34 2014
Adjusting the interferometer position.
Azimuth: 236:48:07.5
Altitude: 18:07:11.3

Wed Mar 26 20:25:07 2014
Adjusting the interferometer position.
Azimuth: 236:54:14.7
Altitude: 18:01:58.4

Wed Mar 26 20:25:40 2014
Adjusting the interferometer position.
Azimuth: 237:00:21.4
Altitude: 17:56:45.0

Wed Mar 26 20:26:13 2014
Adjusting the interferometer position.
Azimuth: 237:06:27.6
Altitude: 17:51:31.3

Wed Mar 26 20:26:47 2014
Adjusting the interferometer position.
Azimuth: 237:12:44.2
Altitude: 17:46:07.7

Wed Mar 26 20:27:20 2014
Adjusting the interferometer position.
Azimuth: 237:18:49.3
Altitude: 17:40:53.3

Wed Mar 26 20:27:53 2014
Adjusting the interferometer position.
Azimuth: 237:24:53.8
Altitude: 17:35:38.5

Wed Mar 26 20:28:27 2014
Adjusting the interferometer position.
Azimuth: 237:31:08.9
Altitude: 17:30:13.8

Wed Mar 26 20:29:00 2014
Adjusting the interferometer position.
Azimuth: 237:37:12.4
Altitude: 17:24:58.3

Wed Mar 26 20:29:33 2014
Adjusting the interferometer position.
Azimuth: 237:43:15.3
Altitude: 17:19:42.5

Wed Mar 26 20:30:07 2014
Adjusting the interferometer position.
Azimuth: 237:49:28.7
Altitude: 17:14:16.7

Wed Mar 26 20:30:40 2014
Adjusting the interferometer position.
Azimuth: 237:55:30.6
Altitude: 17:09:00.1

Wed Mar 26 20:31:13 2014
Adjusting the interferometer position.
Azimuth: 238:01:32.0
Altitude: 17:03:43.2

Wed Mar 26 20:31:46 2014
Adjusting the interferometer position.
Azimuth: 238:07:32.8
Altitude: 16:58:25.9

Wed Mar 26 20:32:20 2014
Adjusting the interferometer position.
Azimuth: 238:13:44.1
Altitude: 16:52:58.7

Wed Mar 26 20:32:53 2014
Adjusting the interferometer position.
Azimuth: 238:19:43.9
Altitude: 16:47:40.7

Wed Mar 26 20:33:26 2014
Adjusting the interferometer position.
Azimuth: 238:25:43.2
Altitude: 16:42:22.4

Wed Mar 26 20:34:00 2014
Adjusting the interferometer position.
Azimuth: 238:31:52.8
Altitude: 16:36:54.1

Wed Mar 26 20:34:33 2014
Adjusting the interferometer position.
Azimuth: 238:37:51.1
Altitude: 16:31:35.2

Wed Mar 26 20:35:06 2014
Adjusting the interferometer position.
Azimuth: 238:43:48.9
Altitude: 16:26:15.8

Wed Mar 26 20:35:40 2014
Adjusting the interferometer position.
Azimuth: 238:49:57.0
Altitude: 16:20:46.5

Wed Mar 26 20:36:13 2014
Adjusting the interferometer position.
Azimuth: 238:55:53.7
Altitude: 16:15:26.5

Wed Mar 26 20:36:46 2014
Adjusting the interferometer position.
Azimuth: 239:01:50.0
Altitude: 16:10:06.2

Wed Mar 26 20:36:46 2014
ERROR: Alt is too low!
Object out of range of the interferometer.
Ending data collection.

Wed Mar 26 20:36:47 2014
Data collection succesful!

