Thu Mar 20 07:21:26 2014
The interferometer is now tracking the moon.

Thu Mar 20 07:21:26 2014
Initializing tracking daemon.

Thu Mar 20 07:21:26 2014
Adjusting the interferometer position.
Azimuth: 124:39:27.9
Altitude: 16:19:43.9

Thu Mar 20 07:22:02 2014
Adjusting the interferometer position.
Azimuth: 124:46:04.1
Altitude: 16:25:20.6

Thu Mar 20 07:22:35 2014
Adjusting the interferometer position.
Azimuth: 124:52:07.8
Altitude: 16:30:28.9

Thu Mar 20 07:23:08 2014
Adjusting the interferometer position.
Azimuth: 124:58:12.0
Altitude: 16:35:36.8

Thu Mar 20 07:23:41 2014
Adjusting the interferometer position.
Azimuth: 125:04:16.8
Altitude: 16:40:44.3

Thu Mar 20 07:24:15 2014
Adjusting the interferometer position.
Azimuth: 125:10:33.1
Altitude: 16:46:00.7

Thu Mar 20 07:24:48 2014
Adjusting the interferometer position.
Azimuth: 125:16:38.9
Altitude: 16:51:07.5

Thu Mar 20 07:25:21 2014
Adjusting the interferometer position.
Azimuth: 125:22:45.3
Altitude: 16:56:13.8

Thu Mar 20 07:25:55 2014
Adjusting the interferometer position.
Azimuth: 125:29:03.3
Altitude: 17:01:29.0

Thu Mar 20 07:26:28 2014
Adjusting the interferometer position.
Azimuth: 125:35:10.7
Altitude: 17:06:34.6

Thu Mar 20 07:27:01 2014
Adjusting the interferometer position.
Azimuth: 125:41:18.7
Altitude: 17:11:39.8

Thu Mar 20 07:27:35 2014
Adjusting the interferometer position.
Azimuth: 125:47:38.3
Altitude: 17:16:53.8

Thu Mar 20 07:28:08 2014
Adjusting the interferometer position.
Azimuth: 125:53:47.4
Altitude: 17:21:58.2

Thu Mar 20 07:28:41 2014
Adjusting the interferometer position.
Azimuth: 125:59:57.0
Altitude: 17:27:02.2

Thu Mar 20 07:29:14 2014
Adjusting the interferometer position.
Azimuth: 126:06:07.1
Altitude: 17:32:05.8

Thu Mar 20 07:29:48 2014
Adjusting the interferometer position.
Azimuth: 126:12:29.0
Altitude: 17:37:18.2

Thu Mar 20 07:30:21 2014
Adjusting the interferometer position.
Azimuth: 126:18:40.2
Altitude: 17:42:21.0

Thu Mar 20 07:30:54 2014
Adjusting the interferometer position.
Azimuth: 126:24:52.0
Altitude: 17:47:23.4

Thu Mar 20 07:31:28 2014
Adjusting the interferometer position.
Azimuth: 126:31:15.6
Altitude: 17:52:34.5

Thu Mar 20 07:32:01 2014
Adjusting the interferometer position.
Azimuth: 126:37:28.5
Altitude: 17:57:36.1

Thu Mar 20 07:32:34 2014
Adjusting the interferometer position.
Azimuth: 126:43:41.9
Altitude: 18:02:37.2

Thu Mar 20 07:33:07 2014
Adjusting the interferometer position.
Azimuth: 126:49:55.9
Altitude: 18:07:38.0

Thu Mar 20 07:33:41 2014
Adjusting the interferometer position.
Azimuth: 126:56:21.8
Altitude: 18:12:47.4

Thu Mar 20 07:34:14 2014
Adjusting the interferometer position.
Azimuth: 127:02:36.9
Altitude: 18:17:47.4

Thu Mar 20 07:34:47 2014
Adjusting the interferometer position.
Azimuth: 127:08:52.5
Altitude: 18:22:46.9

Thu Mar 20 07:35:20 2014
Adjusting the interferometer position.
Azimuth: 127:15:08.7
Altitude: 18:27:46.0

Thu Mar 20 07:35:53 2014
Adjusting the interferometer position.
Azimuth: 127:21:25.5
Altitude: 18:32:44.7

Thu Mar 20 07:36:26 2014
Adjusting the interferometer position.
Azimuth: 127:27:42.9
Altitude: 18:37:43.0

Thu Mar 20 07:37:00 2014
Adjusting the interferometer position.
Azimuth: 127:34:12.2
Altitude: 18:42:49.8

Thu Mar 20 07:37:33 2014
Adjusting the interferometer position.
Azimuth: 127:40:30.7
Altitude: 18:47:47.3

Thu Mar 20 07:38:06 2014
Adjusting the interferometer position.
Azimuth: 127:46:49.8
Altitude: 18:52:44.2

Thu Mar 20 07:38:40 2014
Adjusting the interferometer position.
Azimuth: 127:53:20.9
Altitude: 18:57:49.8

Thu Mar 20 07:39:13 2014
Adjusting the interferometer position.
Azimuth: 127:59:41.1
Altitude: 19:02:45.9

Thu Mar 20 07:39:46 2014
Adjusting the interferometer position.
Azimuth: 128:06:01.9
Altitude: 19:07:41.6

Thu Mar 20 07:40:19 2014
Adjusting the interferometer position.
Azimuth: 128:12:23.2
Altitude: 19:12:36.9

Thu Mar 20 07:40:53 2014
Adjusting the interferometer position.
Azimuth: 128:18:56.7
Altitude: 19:17:40.7

Thu Mar 20 07:41:26 2014
Adjusting the interferometer position.
Azimuth: 128:25:19.3
Altitude: 19:22:35.1

Thu Mar 20 07:41:59 2014
Adjusting the interferometer position.
Azimuth: 128:31:42.4
Altitude: 19:27:29.1

Thu Mar 20 07:42:33 2014
Adjusting the interferometer position.
Azimuth: 128:38:17.7
Altitude: 19:32:31.5

Thu Mar 20 07:43:06 2014
Adjusting the interferometer position.
Azimuth: 128:44:41.9
Altitude: 19:37:24.6

Thu Mar 20 07:43:39 2014
Adjusting the interferometer position.
Azimuth: 128:51:06.8
Altitude: 19:42:17.2

Thu Mar 20 07:44:13 2014
Adjusting the interferometer position.
Azimuth: 128:57:43.9
Altitude: 19:47:18.3

Thu Mar 20 07:44:46 2014
Adjusting the interferometer position.
Azimuth: 129:04:10.0
Altitude: 19:52:10.0

Thu Mar 20 07:45:19 2014
Adjusting the interferometer position.
Azimuth: 129:10:36.6
Altitude: 19:57:01.3

Thu Mar 20 07:45:52 2014
Adjusting the interferometer position.
Azimuth: 129:17:03.8
Altitude: 20:01:52.2

Thu Mar 20 07:46:26 2014
Adjusting the interferometer position.
Azimuth: 129:23:43.4
Altitude: 20:06:51.4

Thu Mar 20 07:46:59 2014
Adjusting the interferometer position.
Azimuth: 129:30:11.8
Altitude: 20:11:41.3

Thu Mar 20 07:47:32 2014
Adjusting the interferometer position.
Azimuth: 129:36:40.8
Altitude: 20:16:30.8

Thu Mar 20 07:48:06 2014
Adjusting the interferometer position.
Azimuth: 129:43:22.3
Altitude: 20:21:28.6

Thu Mar 20 07:48:39 2014
Adjusting the interferometer position.
Azimuth: 129:49:52.5
Altitude: 20:26:17.2

Thu Mar 20 07:49:12 2014
Adjusting the interferometer position.
Azimuth: 129:56:23.3
Altitude: 20:31:05.3

Thu Mar 20 07:49:46 2014
Adjusting the interferometer position.
Azimuth: 130:03:06.6
Altitude: 20:36:01.7

Thu Mar 20 07:50:19 2014
Adjusting the interferometer position.
Azimuth: 130:09:38.6
Altitude: 20:40:48.9

Thu Mar 20 07:50:52 2014
Adjusting the interferometer position.
Azimuth: 130:16:11.3
Altitude: 20:45:35.6

Thu Mar 20 07:51:25 2014
Adjusting the interferometer position.
Azimuth: 130:22:44.5
Altitude: 20:50:21.8

Thu Mar 20 07:51:59 2014
Adjusting the interferometer position.
Azimuth: 130:29:30.3
Altitude: 20:55:16.3

Thu Mar 20 07:52:32 2014
Adjusting the interferometer position.
Azimuth: 130:36:04.8
Altitude: 21:00:01.6

Thu Mar 20 07:53:05 2014
Adjusting the interferometer position.
Azimuth: 130:42:39.9
Altitude: 21:04:46.4

Thu Mar 20 07:53:39 2014
Adjusting the interferometer position.
Azimuth: 130:49:27.6
Altitude: 21:09:39.4

Thu Mar 20 07:54:12 2014
Adjusting the interferometer position.
Azimuth: 130:56:03.9
Altitude: 21:14:23.3

Thu Mar 20 07:54:45 2014
Adjusting the interferometer position.
Azimuth: 131:02:40.9
Altitude: 21:19:06.7

Thu Mar 20 07:55:18 2014
Adjusting the interferometer position.
Azimuth: 131:09:18.4
Altitude: 21:23:49.6

Thu Mar 20 07:55:52 2014
Adjusting the interferometer position.
Azimuth: 131:16:08.7
Altitude: 21:28:40.6

Thu Mar 20 07:56:25 2014
Adjusting the interferometer position.
Azimuth: 131:22:47.5
Altitude: 21:33:22.6

Thu Mar 20 07:56:58 2014
Adjusting the interferometer position.
Azimuth: 131:29:26.9
Altitude: 21:38:04.0

Thu Mar 20 07:57:32 2014
Adjusting the interferometer position.
Azimuth: 131:36:19.1
Altitude: 21:42:53.5

Thu Mar 20 07:58:05 2014
Adjusting the interferometer position.
Azimuth: 131:42:59.8
Altitude: 21:47:34.0

Thu Mar 20 07:58:38 2014
Adjusting the interferometer position.
Azimuth: 131:49:41.1
Altitude: 21:52:14.0

Thu Mar 20 07:59:11 2014
Adjusting the interferometer position.
Azimuth: 131:56:23.1
Altitude: 21:56:53.5

Thu Mar 20 07:59:45 2014
Adjusting the interferometer position.
Azimuth: 132:03:17.8
Altitude: 22:01:41.0

Thu Mar 20 08:00:18 2014
Adjusting the interferometer position.
Azimuth: 132:10:01.0
Altitude: 22:06:19.5

Thu Mar 20 08:00:51 2014
Adjusting the interferometer position.
Azimuth: 132:16:44.9
Altitude: 22:10:57.5

Thu Mar 20 08:01:25 2014
Adjusting the interferometer position.
Azimuth: 132:23:41.6
Altitude: 22:15:43.4

Thu Mar 20 08:01:58 2014
Adjusting the interferometer position.
Azimuth: 132:30:26.8
Altitude: 22:20:20.4

Thu Mar 20 08:02:31 2014
Adjusting the interferometer position.
Azimuth: 132:37:12.5
Altitude: 22:24:56.9

Thu Mar 20 08:03:05 2014
Adjusting the interferometer position.
Azimuth: 132:44:11.2
Altitude: 22:29:41.2

Thu Mar 20 08:03:38 2014
Adjusting the interferometer position.
Azimuth: 132:50:58.3
Altitude: 22:34:16.7

Thu Mar 20 08:04:11 2014
Adjusting the interferometer position.
Azimuth: 132:57:46.0
Altitude: 22:38:51.6

Thu Mar 20 08:04:44 2014
Adjusting the interferometer position.
Azimuth: 133:04:34.3
Altitude: 22:43:26.1

Thu Mar 20 08:05:18 2014
Adjusting the interferometer position.
Azimuth: 133:11:35.7
Altitude: 22:48:08.3

Thu Mar 20 08:05:51 2014
Adjusting the interferometer position.
Azimuth: 133:18:25.3
Altitude: 22:52:41.7

Thu Mar 20 08:06:24 2014
Adjusting the interferometer position.
Azimuth: 133:25:15.5
Altitude: 22:57:14.6

Thu Mar 20 08:06:58 2014
Adjusting the interferometer position.
Azimuth: 133:32:18.9
Altitude: 23:01:55.2

Thu Mar 20 08:07:31 2014
Adjusting the interferometer position.
Azimuth: 133:39:10.5
Altitude: 23:06:27.1

Thu Mar 20 08:08:04 2014
Adjusting the interferometer position.
Azimuth: 133:46:02.7
Altitude: 23:10:58.4

Thu Mar 20 08:08:37 2014
Adjusting the interferometer position.
Azimuth: 133:52:55.6
Altitude: 23:15:29.2

Thu Mar 20 08:09:11 2014
Adjusting the interferometer position.
Azimuth: 134:00:01.7
Altitude: 23:20:07.7

Thu Mar 20 08:09:44 2014
Adjusting the interferometer position.
Azimuth: 134:06:55.9
Altitude: 23:24:37.4

Thu Mar 20 08:10:17 2014
Adjusting the interferometer position.
Azimuth: 134:13:50.7
Altitude: 23:29:06.6

Thu Mar 20 08:10:51 2014
Adjusting the interferometer position.
Azimuth: 134:20:58.8
Altitude: 23:33:43.4

Thu Mar 20 08:11:24 2014
Adjusting the interferometer position.
Azimuth: 134:27:55.0
Altitude: 23:38:11.5

Thu Mar 20 08:11:57 2014
Adjusting the interferometer position.
Azimuth: 134:34:51.8
Altitude: 23:42:39.1

Thu Mar 20 08:12:31 2014
Adjusting the interferometer position.
Azimuth: 134:42:01.9
Altitude: 23:47:14.2

Thu Mar 20 08:13:04 2014
Adjusting the interferometer position.
Azimuth: 134:49:00.1
Altitude: 23:51:40.7

Thu Mar 20 08:13:37 2014
Adjusting the interferometer position.
Azimuth: 134:55:58.9
Altitude: 23:56:06.7

Thu Mar 20 08:14:10 2014
Adjusting the interferometer position.
Azimuth: 135:02:58.4
Altitude: 24:00:32.1

Thu Mar 20 08:14:44 2014
Adjusting the interferometer position.
Azimuth: 135:10:11.3
Altitude: 24:05:05.0

Thu Mar 20 08:15:17 2014
Adjusting the interferometer position.
Azimuth: 135:17:12.1
Altitude: 24:09:29.3

Thu Mar 20 08:15:50 2014
Adjusting the interferometer position.
Azimuth: 135:24:13.6
Altitude: 24:13:53.0

Thu Mar 20 08:16:24 2014
Adjusting the interferometer position.
Azimuth: 135:31:28.6
Altitude: 24:18:24.2

Thu Mar 20 08:16:57 2014
Adjusting the interferometer position.
Azimuth: 135:38:31.4
Altitude: 24:22:46.8

Thu Mar 20 08:17:30 2014
Adjusting the interferometer position.
Azimuth: 135:45:34.9
Altitude: 24:27:08.9

Thu Mar 20 08:18:04 2014
Adjusting the interferometer position.
Azimuth: 135:52:52.0
Altitude: 24:31:38.3

Thu Mar 20 08:18:37 2014
Adjusting the interferometer position.
Azimuth: 135:59:56.9
Altitude: 24:35:59.3

Thu Mar 20 08:19:10 2014
Adjusting the interferometer position.
Azimuth: 136:07:02.4
Altitude: 24:40:19.7

Thu Mar 20 08:19:43 2014
Adjusting the interferometer position.
Azimuth: 136:14:08.6
Altitude: 24:44:39.5

Thu Mar 20 08:20:17 2014
Adjusting the interferometer position.
Azimuth: 136:21:28.5
Altitude: 24:49:06.6

Thu Mar 20 08:20:50 2014
Adjusting the interferometer position.
Azimuth: 136:28:36.0
Altitude: 24:53:25.3

Thu Mar 20 08:21:23 2014
Adjusting the interferometer position.
Azimuth: 136:35:44.3
Altitude: 24:57:43.3

Thu Mar 20 08:21:57 2014
Resetting the interferometer to its home position.

Thu Mar 20 08:22:32 2014
Done. Data collection may now resume.

Thu Mar 20 08:22:32 2014
Adjusting the interferometer position.
Azimuth: 136:50:41.9
Altitude: 25:06:41.2

Thu Mar 20 08:23:12 2014
Adjusting the interferometer position.
Azimuth: 136:59:23.6
Altitude: 25:11:51.8

Thu Mar 20 08:23:45 2014
Adjusting the interferometer position.
Azimuth: 137:06:34.8
Altitude: 25:16:07.4

Thu Mar 20 08:24:18 2014
Adjusting the interferometer position.
Azimuth: 137:13:46.7
Altitude: 25:20:22.4

Thu Mar 20 08:24:52 2014
Adjusting the interferometer position.
Azimuth: 137:21:12.3
Altitude: 25:24:44.6

Thu Mar 20 08:25:25 2014
Adjusting the interferometer position.
Azimuth: 137:28:25.6
Altitude: 25:28:58.4

Thu Mar 20 08:25:58 2014
Adjusting the interferometer position.
Azimuth: 137:35:39.5
Altitude: 25:33:11.7

Thu Mar 20 08:26:32 2014
Adjusting the interferometer position.
Azimuth: 137:43:07.3
Altitude: 25:37:32.0

Thu Mar 20 08:27:05 2014
Adjusting the interferometer position.
Azimuth: 137:50:22.6
Altitude: 25:41:44.1

Thu Mar 20 08:27:38 2014
Adjusting the interferometer position.
Azimuth: 137:57:38.6
Altitude: 25:45:55.6

Thu Mar 20 08:28:12 2014
Adjusting the interferometer position.
Azimuth: 138:05:08.5
Altitude: 25:50:14.0

Thu Mar 20 08:28:45 2014
Adjusting the interferometer position.
Azimuth: 138:12:25.9
Altitude: 25:54:24.3

Thu Mar 20 08:29:18 2014
Adjusting the interferometer position.
Azimuth: 138:19:44.0
Altitude: 25:58:34.0

Thu Mar 20 08:29:52 2014
Adjusting the interferometer position.
Azimuth: 138:27:16.1
Altitude: 26:02:50.6

Thu Mar 20 08:30:25 2014
Adjusting the interferometer position.
Azimuth: 138:34:35.6
Altitude: 26:06:59.0

Thu Mar 20 08:30:58 2014
Adjusting the interferometer position.
Azimuth: 138:41:55.8
Altitude: 26:11:06.8

Thu Mar 20 08:31:31 2014
Adjusting the interferometer position.
Azimuth: 138:49:16.6
Altitude: 26:15:14.1

Thu Mar 20 08:32:05 2014
Adjusting the interferometer position.
Azimuth: 138:56:51.6
Altitude: 26:19:28.1

Thu Mar 20 08:32:38 2014
Adjusting the interferometer position.
Azimuth: 139:04:13.9
Altitude: 26:23:34.1

Thu Mar 20 08:33:11 2014
Adjusting the interferometer position.
Azimuth: 139:11:36.8
Altitude: 26:27:39.5

Thu Mar 20 08:33:45 2014
Adjusting the interferometer position.
Azimuth: 139:19:14.0
Altitude: 26:31:51.6

Thu Mar 20 08:34:18 2014
Adjusting the interferometer position.
Azimuth: 139:26:38.4
Altitude: 26:35:55.8

Thu Mar 20 08:34:51 2014
Adjusting the interferometer position.
Azimuth: 139:34:03.4
Altitude: 26:39:59.2

Thu Mar 20 08:35:24 2014
Adjusting the interferometer position.
Azimuth: 139:41:29.2
Altitude: 26:44:02.1

Thu Mar 20 08:35:58 2014
Adjusting the interferometer position.
Azimuth: 139:49:09.2
Altitude: 26:48:11.7

Thu Mar 20 08:36:31 2014
Adjusting the interferometer position.
Azimuth: 139:56:36.4
Altitude: 26:52:13.3

Thu Mar 20 08:37:04 2014
Adjusting the interferometer position.
Azimuth: 140:04:04.3
Altitude: 26:56:14.2

Thu Mar 20 08:37:38 2014
Adjusting the interferometer position.
Azimuth: 140:11:46.6
Altitude: 27:00:21.8

Thu Mar 20 08:38:11 2014
Adjusting the interferometer position.
Azimuth: 140:19:15.9
Altitude: 27:04:21.5

Thu Mar 20 08:38:44 2014
Adjusting the interferometer position.
Azimuth: 140:26:45.9
Altitude: 27:08:20.6

Thu Mar 20 08:39:17 2014
Adjusting the interferometer position.
Azimuth: 140:34:16.6
Altitude: 27:12:19.0

Thu Mar 20 08:39:51 2014
Adjusting the interferometer position.
Azimuth: 140:42:01.7
Altitude: 27:16:23.9

Thu Mar 20 08:40:24 2014
Adjusting the interferometer position.
Azimuth: 140:49:33.9
Altitude: 27:20:21.0

Thu Mar 20 08:40:57 2014
Adjusting the interferometer position.
Azimuth: 140:57:06.8
Altitude: 27:24:17.5

Thu Mar 20 08:41:31 2014
Adjusting the interferometer position.
Azimuth: 141:04:54.1
Altitude: 27:28:20.4

Thu Mar 20 08:42:04 2014
Adjusting the interferometer position.
Azimuth: 141:12:28.4
Altitude: 27:32:15.5

Thu Mar 20 08:42:37 2014
Adjusting the interferometer position.
Azimuth: 141:20:03.4
Altitude: 27:36:10.0

Thu Mar 20 08:43:11 2014
Adjusting the interferometer position.
Azimuth: 141:27:52.9
Altitude: 27:40:10.9

Thu Mar 20 08:43:44 2014
Adjusting the interferometer position.
Azimuth: 141:35:29.3
Altitude: 27:44:04.1

Thu Mar 20 08:44:17 2014
Adjusting the interferometer position.
Azimuth: 141:43:06.4
Altitude: 27:47:56.5

Thu Mar 20 08:44:50 2014
Adjusting the interferometer position.
Azimuth: 141:50:44.3
Altitude: 27:51:48.4

Thu Mar 20 08:45:24 2014
Adjusting the interferometer position.
Azimuth: 141:58:36.7
Altitude: 27:55:46.5

Thu Mar 20 08:45:57 2014
Adjusting the interferometer position.
Azimuth: 142:06:16.0
Altitude: 27:59:37.0

Thu Mar 20 08:46:30 2014
Adjusting the interferometer position.
Azimuth: 142:13:56.0
Altitude: 28:03:26.8

Thu Mar 20 08:47:04 2014
Adjusting the interferometer position.
Azimuth: 142:21:50.7
Altitude: 28:07:22.9

Thu Mar 20 08:47:37 2014
Adjusting the interferometer position.
Azimuth: 142:29:32.1
Altitude: 28:11:11.3

Thu Mar 20 08:48:10 2014
Adjusting the interferometer position.
Azimuth: 142:37:14.2
Altitude: 28:14:59.1

Thu Mar 20 08:48:43 2014
Adjusting the interferometer position.
Azimuth: 142:44:57.1
Altitude: 28:18:46.2

Thu Mar 20 08:49:17 2014
Adjusting the interferometer position.
Azimuth: 142:52:54.7
Altitude: 28:22:39.5

Thu Mar 20 08:49:50 2014
Adjusting the interferometer position.
Azimuth: 143:00:39.0
Altitude: 28:26:25.2

Thu Mar 20 08:50:23 2014
Adjusting the interferometer position.
Azimuth: 143:08:24.0
Altitude: 28:30:10.2

Thu Mar 20 08:50:57 2014
Adjusting the interferometer position.
Azimuth: 143:16:23.8
Altitude: 28:34:01.4

Thu Mar 20 08:51:30 2014
Adjusting the interferometer position.
Azimuth: 143:24:10.2
Altitude: 28:37:45.0

Thu Mar 20 08:52:03 2014
Adjusting the interferometer position.
Azimuth: 143:31:57.4
Altitude: 28:41:27.9

Thu Mar 20 08:52:37 2014
Adjusting the interferometer position.
Azimuth: 143:39:59.4
Altitude: 28:45:16.9

Thu Mar 20 08:53:10 2014
Adjusting the interferometer position.
Azimuth: 143:47:48.0
Altitude: 28:48:58.4

Thu Mar 20 08:53:43 2014
Adjusting the interferometer position.
Azimuth: 143:55:37.3
Altitude: 28:52:39.3

Thu Mar 20 08:54:16 2014
Adjusting the interferometer position.
Azimuth: 144:03:27.4
Altitude: 28:56:19.4

Thu Mar 20 08:54:50 2014
Adjusting the interferometer position.
Azimuth: 144:11:32.4
Altitude: 29:00:05.5

Thu Mar 20 08:55:23 2014
Adjusting the interferometer position.
Azimuth: 144:19:23.8
Altitude: 29:03:44.2

Thu Mar 20 08:55:56 2014
Adjusting the interferometer position.
Azimuth: 144:27:16.0
Altitude: 29:07:22.2

Thu Mar 20 08:56:30 2014
Adjusting the interferometer position.
Azimuth: 144:35:23.2
Altitude: 29:11:06.1

Thu Mar 20 08:57:03 2014
Adjusting the interferometer position.
Azimuth: 144:43:16.8
Altitude: 29:14:42.7

Thu Mar 20 08:57:36 2014
Adjusting the interferometer position.
Azimuth: 144:51:11.2
Altitude: 29:18:18.5

Thu Mar 20 08:58:10 2014
Adjusting the interferometer position.
Azimuth: 144:59:20.6
Altitude: 29:22:00.1

Thu Mar 20 08:58:43 2014
Adjusting the interferometer position.
Azimuth: 145:07:16.4
Altitude: 29:25:34.5

Thu Mar 20 08:59:16 2014
Adjusting the interferometer position.
Azimuth: 145:15:12.9
Altitude: 29:29:08.2

Thu Mar 20 08:59:50 2014
Adjusting the interferometer position.
Azimuth: 145:23:24.5
Altitude: 29:32:47.6

Thu Mar 20 09:00:23 2014
Adjusting the interferometer position.
Azimuth: 145:31:22.5
Altitude: 29:36:19.8

Thu Mar 20 09:00:56 2014
Adjusting the interferometer position.
Azimuth: 145:39:21.1
Altitude: 29:39:51.3

Thu Mar 20 09:01:29 2014
Adjusting the interferometer position.
Azimuth: 145:47:20.5
Altitude: 29:43:22.1

Thu Mar 20 09:02:03 2014
Adjusting the interferometer position.
Azimuth: 145:55:35.1
Altitude: 29:46:58.4

Thu Mar 20 09:02:36 2014
Adjusting the interferometer position.
Azimuth: 146:03:35.9
Altitude: 29:50:27.7

Thu Mar 20 09:03:09 2014
Adjusting the interferometer position.
Azimuth: 146:11:37.4
Altitude: 29:53:56.2

Thu Mar 20 09:03:43 2014
Adjusting the interferometer position.
Azimuth: 146:19:54.2
Altitude: 29:57:30.3

Thu Mar 20 09:04:16 2014
Adjusting the interferometer position.
Azimuth: 146:27:57.2
Altitude: 30:00:57.3

Thu Mar 20 09:04:49 2014
Adjusting the interferometer position.
Azimuth: 146:36:00.8
Altitude: 30:04:23.6

Thu Mar 20 09:05:22 2014
Adjusting the interferometer position.
Azimuth: 146:44:05.2
Altitude: 30:07:49.1

Thu Mar 20 09:05:56 2014
Adjusting the interferometer position.
Azimuth: 146:52:25.0
Altitude: 30:11:20.1

Thu Mar 20 09:06:29 2014
Adjusting the interferometer position.
Azimuth: 147:00:30.8
Altitude: 30:14:44.1

Thu Mar 20 09:07:02 2014
Adjusting the interferometer position.
Azimuth: 147:08:37.3
Altitude: 30:18:07.4

Thu Mar 20 09:07:36 2014
Adjusting the interferometer position.
Azimuth: 147:16:59.3
Altitude: 30:21:36.0

Thu Mar 20 09:08:09 2014
Adjusting the interferometer position.
Azimuth: 147:25:07.2
Altitude: 30:24:57.8

Thu Mar 20 09:08:42 2014
Adjusting the interferometer position.
Azimuth: 147:33:15.8
Altitude: 30:28:18.7

Thu Mar 20 09:09:15 2014
Adjusting the interferometer position.
Azimuth: 147:41:25.2
Altitude: 30:31:38.9

Thu Mar 20 09:09:49 2014
Adjusting the interferometer position.
Azimuth: 147:49:50.1
Altitude: 30:35:04.4

Thu Mar 20 09:10:22 2014
Adjusting the interferometer position.
Azimuth: 147:58:00.9
Altitude: 30:38:23.1

Thu Mar 20 09:10:55 2014
Adjusting the interferometer position.
Azimuth: 148:06:12.4
Altitude: 30:41:41.0

Thu Mar 20 09:11:29 2014
Adjusting the interferometer position.
Azimuth: 148:14:39.5
Altitude: 30:45:04.0

Thu Mar 20 09:12:02 2014
Adjusting the interferometer position.
Azimuth: 148:22:52.4
Altitude: 30:48:20.4

Thu Mar 20 09:12:35 2014
Adjusting the interferometer position.
Azimuth: 148:31:06.0
Altitude: 30:51:35.9

Thu Mar 20 09:13:09 2014
Adjusting the interferometer position.
Azimuth: 148:39:35.3
Altitude: 30:54:56.6

Thu Mar 20 09:13:42 2014
Adjusting the interferometer position.
Azimuth: 148:47:50.4
Altitude: 30:58:10.5

Thu Mar 20 09:14:15 2014
Adjusting the interferometer position.
Azimuth: 148:56:06.1
Altitude: 31:01:23.7

Thu Mar 20 09:14:48 2014
Adjusting the interferometer position.
Azimuth: 149:04:22.6
Altitude: 31:04:36.1

Thu Mar 20 09:15:22 2014
Adjusting the interferometer position.
Azimuth: 149:12:54.8
Altitude: 31:07:53.5

Thu Mar 20 09:15:55 2014
Adjusting the interferometer position.
Azimuth: 149:21:12.6
Altitude: 31:11:04.3

Thu Mar 20 09:16:28 2014
Adjusting the interferometer position.
Azimuth: 149:29:31.2
Altitude: 31:14:14.3

Thu Mar 20 09:17:02 2014
Adjusting the interferometer position.
Azimuth: 149:38:05.6
Altitude: 31:17:29.3

Thu Mar 20 09:17:35 2014
Adjusting the interferometer position.
Azimuth: 149:46:25.5
Altitude: 31:20:37.7

Thu Mar 20 09:18:08 2014
Adjusting the interferometer position.
Azimuth: 149:54:46.2
Altitude: 31:23:45.3

Thu Mar 20 09:18:41 2014
Adjusting the interferometer position.
Azimuth: 150:03:07.5
Altitude: 31:26:52.1

Thu Mar 20 09:19:15 2014
Adjusting the interferometer position.
Azimuth: 150:11:44.8
Altitude: 31:30:03.7

Thu Mar 20 09:19:48 2014
Adjusting the interferometer position.
Azimuth: 150:20:07.5
Altitude: 31:33:08.8

Thu Mar 20 09:20:21 2014
Adjusting the interferometer position.
Azimuth: 150:28:31.0
Altitude: 31:36:13.2

Thu Mar 20 09:20:55 2014
Adjusting the interferometer position.
Azimuth: 150:37:10.4
Altitude: 31:39:22.3

Thu Mar 20 09:21:28 2014
Adjusting the interferometer position.
Azimuth: 150:45:35.2
Altitude: 31:42:25.0

Thu Mar 20 09:22:01 2014
Adjusting the interferometer position.
Azimuth: 150:54:00.7
Altitude: 31:45:26.9

Thu Mar 20 09:22:35 2014
Adjusting the interferometer position.
Azimuth: 151:02:42.3
Altitude: 31:48:33.5

Thu Mar 20 09:23:08 2014
Resetting the interferometer to its home position.

Thu Mar 20 09:23:42 2014
Done. Data collection may now resume.

Thu Mar 20 09:23:42 2014
Adjusting the interferometer position.
Azimuth: 151:19:52.2
Altitude: 31:54:38.5

Thu Mar 20 09:24:22 2014
Adjusting the interferometer position.
Azimuth: 151:30:08.4
Altitude: 31:58:14.9

Thu Mar 20 09:24:55 2014
Adjusting the interferometer position.
Azimuth: 151:38:37.5
Altitude: 32:01:12.5

Thu Mar 20 09:25:29 2014
Adjusting the interferometer position.
Azimuth: 151:47:22.7
Altitude: 32:04:14.5

Thu Mar 20 09:26:02 2014
Adjusting the interferometer position.
Azimuth: 151:55:53.2
Altitude: 32:07:10.4

Thu Mar 20 09:26:35 2014
Adjusting the interferometer position.
Azimuth: 152:04:24.4
Altitude: 32:10:05.5

Thu Mar 20 09:27:09 2014
Adjusting the interferometer position.
Azimuth: 152:13:11.8
Altitude: 32:13:05.0

Thu Mar 20 09:27:42 2014
Adjusting the interferometer position.
Azimuth: 152:21:44.3
Altitude: 32:15:58.3

Thu Mar 20 09:28:15 2014
Adjusting the interferometer position.
Azimuth: 152:30:17.5
Altitude: 32:18:50.9

Thu Mar 20 09:28:49 2014
Adjusting the interferometer position.
Azimuth: 152:39:07.0
Altitude: 32:21:47.7

Thu Mar 20 09:29:22 2014
Adjusting the interferometer position.
Azimuth: 152:47:41.5
Altitude: 32:24:38.5

Thu Mar 20 09:29:55 2014
Adjusting the interferometer position.
Azimuth: 152:56:16.8
Altitude: 32:27:28.5

Thu Mar 20 09:30:28 2014
Adjusting the interferometer position.
Azimuth: 153:04:52.6
Altitude: 32:30:17.6

Thu Mar 20 09:31:02 2014
Adjusting the interferometer position.
Azimuth: 153:13:44.9
Altitude: 32:33:11.0

Thu Mar 20 09:31:35 2014
Adjusting the interferometer position.
Azimuth: 153:22:22.1
Altitude: 32:35:58.3

Thu Mar 20 09:32:08 2014
Adjusting the interferometer position.
Azimuth: 153:31:00.0
Altitude: 32:38:44.9

Thu Mar 20 09:32:42 2014
Adjusting the interferometer position.
Azimuth: 153:39:54.3
Altitude: 32:41:35.6

Thu Mar 20 09:33:15 2014
Adjusting the interferometer position.
Azimuth: 153:48:33.5
Altitude: 32:44:20.3

Thu Mar 20 09:33:49 2014
Adjusting the interferometer position.
Azimuth: 153:57:29.2
Altitude: 32:47:09.2

Thu Mar 20 09:34:22 2014
Adjusting the interferometer position.
Azimuth: 154:06:09.7
Altitude: 32:49:52.3

Thu Mar 20 09:34:55 2014
Adjusting the interferometer position.
Azimuth: 154:14:51.0
Altitude: 32:52:34.4

Thu Mar 20 09:35:29 2014
Adjusting the interferometer position.
Azimuth: 154:23:48.6
Altitude: 32:55:20.6

Thu Mar 20 09:36:02 2014
Adjusting the interferometer position.
Azimuth: 154:32:31.2
Altitude: 32:58:01.0

Thu Mar 20 09:36:35 2014
Adjusting the interferometer position.
Azimuth: 154:41:14.3
Altitude: 33:00:40.6

Thu Mar 20 09:37:09 2014
Adjusting the interferometer position.
Azimuth: 154:50:14.0
Altitude: 33:03:24.0

Thu Mar 20 09:37:43 2014
Adjusting the interferometer position.
Azimuth: 154:59:14.4
Altitude: 33:06:06.6

Thu Mar 20 09:38:16 2014
Adjusting the interferometer position.
Azimuth: 155:07:59.6
Altitude: 33:08:43.4

Thu Mar 20 09:38:51 2014
Adjusting the interferometer position.
Azimuth: 155:17:17.2
Altitude: 33:11:28.8

Thu Mar 20 09:39:24 2014
Adjusting the interferometer position.
Azimuth: 155:26:03.7
Altitude: 33:14:03.8

Thu Mar 20 09:39:57 2014
Adjusting the interferometer position.
Azimuth: 155:34:50.8
Altitude: 33:16:38.0

Thu Mar 20 09:40:32 2014
Adjusting the interferometer position.
Azimuth: 155:44:10.5
Altitude: 33:19:20.5

Thu Mar 20 09:41:05 2014
Adjusting the interferometer position.
Azimuth: 155:52:58.9
Altitude: 33:21:52.8

Thu Mar 20 09:41:38 2014
Adjusting the interferometer position.
Azimuth: 156:01:47.9
Altitude: 33:24:24.3

Thu Mar 20 09:42:12 2014
Adjusting the interferometer position.
Azimuth: 156:10:53.5
Altitude: 33:26:59.4

Thu Mar 20 09:42:45 2014
Adjusting the interferometer position.
Azimuth: 156:19:43.8
Altitude: 33:29:29.0

Thu Mar 20 09:43:18 2014
Adjusting the interferometer position.
Azimuth: 156:28:34.7
Altitude: 33:31:57.7

Thu Mar 20 09:43:51 2014
Adjusting the interferometer position.
Azimuth: 156:37:26.2
Altitude: 33:34:25.5

Thu Mar 20 09:44:25 2014
Adjusting the interferometer position.
Azimuth: 156:46:34.5
Altitude: 33:36:56.8

Thu Mar 20 09:44:58 2014
Adjusting the interferometer position.
Azimuth: 156:55:27.2
Altitude: 33:39:22.8

Thu Mar 20 09:45:32 2014
Adjusting the interferometer position.
Azimuth: 157:04:36.8
Altitude: 33:41:52.3

Thu Mar 20 09:46:05 2014
Adjusting the interferometer position.
Azimuth: 157:13:30.8
Altitude: 33:44:16.4

Thu Mar 20 09:46:38 2014
Adjusting the interferometer position.
Azimuth: 157:22:25.4
Altitude: 33:46:39.7

Thu Mar 20 09:47:12 2014
Adjusting the interferometer position.
Azimuth: 157:31:36.8
Altitude: 33:49:06.3

Thu Mar 20 09:47:45 2014
Adjusting the interferometer position.
Azimuth: 157:40:32.6
Altitude: 33:51:27.6

Thu Mar 20 09:48:18 2014
Adjusting the interferometer position.
Azimuth: 157:49:29.0
Altitude: 33:53:48.1

Thu Mar 20 09:48:52 2014
Adjusting the interferometer position.
Azimuth: 157:58:42.3
Altitude: 33:56:11.9

Thu Mar 20 09:49:25 2014
Adjusting the interferometer position.
Azimuth: 158:07:39.9
Altitude: 33:58:30.4

Thu Mar 20 09:49:58 2014
Adjusting the interferometer position.
Azimuth: 158:16:38.1
Altitude: 34:00:48.1

Thu Mar 20 09:50:32 2014
Adjusting the interferometer position.
Azimuth: 158:25:53.3
Altitude: 34:03:09.0

Thu Mar 20 09:51:05 2014
Adjusting the interferometer position.
Azimuth: 158:34:52.7
Altitude: 34:05:24.8

Thu Mar 20 09:51:38 2014
Adjusting the interferometer position.
Azimuth: 158:43:52.6
Altitude: 34:07:39.6

Thu Mar 20 09:52:12 2014
Adjusting the interferometer position.
Azimuth: 158:53:09.6
Altitude: 34:09:57.6

Thu Mar 20 09:52:45 2014
Adjusting the interferometer position.
Azimuth: 159:02:10.7
Altitude: 34:12:10.6

Thu Mar 20 09:53:18 2014
Adjusting the interferometer position.
Azimuth: 159:11:12.5
Altitude: 34:14:22.6

Thu Mar 20 09:53:52 2014
Adjusting the interferometer position.
Azimuth: 159:20:31.2
Altitude: 34:16:37.7

Thu Mar 20 09:54:25 2014
Adjusting the interferometer position.
Azimuth: 159:29:34.1
Altitude: 34:18:47.8

Thu Mar 20 09:54:58 2014
Adjusting the interferometer position.
Azimuth: 159:38:37.5
Altitude: 34:20:57.0

Thu Mar 20 09:55:31 2014
Adjusting the interferometer position.
Azimuth: 159:47:41.5
Altitude: 34:23:05.2

Thu Mar 20 09:56:05 2014
Adjusting the interferometer position.
Azimuth: 159:57:02.6
Altitude: 34:25:16.4

Thu Mar 20 09:56:38 2014
Adjusting the interferometer position.
Azimuth: 160:06:07.7
Altitude: 34:27:22.7

Thu Mar 20 09:57:11 2014
Adjusting the interferometer position.
Azimuth: 160:15:13.4
Altitude: 34:29:28.1

Thu Mar 20 09:57:45 2014
Adjusting the interferometer position.
Azimuth: 160:24:36.2
Altitude: 34:31:36.3

Thu Mar 20 09:58:18 2014
Adjusting the interferometer position.
Azimuth: 160:33:43.0
Altitude: 34:33:39.7

Thu Mar 20 09:58:51 2014
Adjusting the interferometer position.
Azimuth: 160:42:50.3
Altitude: 34:35:42.2

Thu Mar 20 09:59:26 2014
Adjusting the interferometer position.
Azimuth: 160:52:31.4
Altitude: 34:37:51.1

Thu Mar 20 09:59:59 2014
Adjusting the interferometer position.
Azimuth: 161:01:39.9
Altitude: 34:39:51.6

Thu Mar 20 10:00:32 2014
Adjusting the interferometer position.
Azimuth: 161:10:48.8
Altitude: 34:41:51.2

Thu Mar 20 10:01:06 2014
Adjusting the interferometer position.
Azimuth: 161:20:15.0
Altitude: 34:43:53.4

Thu Mar 20 10:01:40 2014
Adjusting the interferometer position.
Azimuth: 161:29:41.7
Altitude: 34:45:54.6

Thu Mar 20 10:02:13 2014
Adjusting the interferometer position.
Azimuth: 161:38:52.3
Altitude: 34:47:51.2

Thu Mar 20 10:02:46 2014
Adjusting the interferometer position.
Azimuth: 161:48:03.4
Altitude: 34:49:46.8

Thu Mar 20 10:03:20 2014
Adjusting the interferometer position.
Azimuth: 161:57:31.8
Altitude: 34:51:45.0

Thu Mar 20 10:03:53 2014
Adjusting the interferometer position.
Azimuth: 162:06:43.9
Altitude: 34:53:38.7

Thu Mar 20 10:04:27 2014
Adjusting the interferometer position.
Azimuth: 162:16:13.3
Altitude: 34:55:34.8

Thu Mar 20 10:05:00 2014
Adjusting the interferometer position.
Azimuth: 162:25:26.5
Altitude: 34:57:26.5

Thu Mar 20 10:05:34 2014
Adjusting the interferometer position.
Azimuth: 162:34:57.0
Altitude: 34:59:20.6

Thu Mar 20 10:06:07 2014
Adjusting the interferometer position.
Azimuth: 162:44:11.2
Altitude: 35:01:10.3

Thu Mar 20 10:06:41 2014
Adjusting the interferometer position.
Azimuth: 162:53:42.7
Altitude: 35:03:02.3

Thu Mar 20 10:07:15 2014
Adjusting the interferometer position.
Azimuth: 163:03:14.7
Altitude: 35:04:53.3

Thu Mar 20 10:07:48 2014
Adjusting the interferometer position.
Azimuth: 163:12:30.4
Altitude: 35:06:40.1

Thu Mar 20 10:08:21 2014
Adjusting the interferometer position.
Azimuth: 163:21:46.6
Altitude: 35:08:25.8

Thu Mar 20 10:08:54 2014
Adjusting the interferometer position.
Azimuth: 163:31:03.2
Altitude: 35:10:10.6

Thu Mar 20 10:09:28 2014
Adjusting the interferometer position.
Azimuth: 163:40:37.3
Altitude: 35:11:57.5

Thu Mar 20 10:10:01 2014
Adjusting the interferometer position.
Azimuth: 163:49:54.9
Altitude: 35:13:40.2

Thu Mar 20 10:10:35 2014
Adjusting the interferometer position.
Azimuth: 163:59:29.9
Altitude: 35:15:25.1

Thu Mar 20 10:11:08 2014
Adjusting the interferometer position.
Azimuth: 164:08:48.5
Altitude: 35:17:05.8

Thu Mar 20 10:11:42 2014
Adjusting the interferometer position.
Azimuth: 164:18:24.4
Altitude: 35:18:48.6

Thu Mar 20 10:12:15 2014
Adjusting the interferometer position.
Azimuth: 164:27:43.9
Altitude: 35:20:27.3

Thu Mar 20 10:12:48 2014
Adjusting the interferometer position.
Azimuth: 164:37:03.9
Altitude: 35:22:05.0

Thu Mar 20 10:13:21 2014
Adjusting the interferometer position.
Azimuth: 164:46:24.3
Altitude: 35:23:41.7

Thu Mar 20 10:13:55 2014
Adjusting the interferometer position.
Azimuth: 164:56:02.1
Altitude: 35:25:20.4

Thu Mar 20 10:14:28 2014
Adjusting the interferometer position.
Azimuth: 165:05:23.4
Altitude: 35:26:55.1

Thu Mar 20 10:15:01 2014
Adjusting the interferometer position.
Azimuth: 165:14:45.2
Altitude: 35:28:28.7

Thu Mar 20 10:15:35 2014
Adjusting the interferometer position.
Azimuth: 165:24:24.4
Altitude: 35:30:04.2

Thu Mar 20 10:16:08 2014
Adjusting the interferometer position.
Azimuth: 165:33:47.0
Altitude: 35:31:35.9

Thu Mar 20 10:16:41 2014
Adjusting the interferometer position.
Azimuth: 165:43:10.0
Altitude: 35:33:06.5

Thu Mar 20 10:17:14 2014
Adjusting the interferometer position.
Azimuth: 165:52:33.5
Altitude: 35:34:36.2

Thu Mar 20 10:17:48 2014
Adjusting the interferometer position.
Azimuth: 166:02:14.4
Altitude: 35:36:07.4

Thu Mar 20 10:18:21 2014
Adjusting the interferometer position.
Azimuth: 166:11:38.7
Altitude: 35:37:35.0

Thu Mar 20 10:18:54 2014
Adjusting the interferometer position.
Azimuth: 166:21:03.4
Altitude: 35:39:01.6

Thu Mar 20 10:19:28 2014
Adjusting the interferometer position.
Azimuth: 166:30:45.7
Altitude: 35:40:29.7

Thu Mar 20 10:20:01 2014
Adjusting the interferometer position.
Azimuth: 166:40:11.2
Altitude: 35:41:54.2

Thu Mar 20 10:20:34 2014
Adjusting the interferometer position.
Azimuth: 166:49:37.1
Altitude: 35:43:17.7

Thu Mar 20 10:21:08 2014
Adjusting the interferometer position.
Azimuth: 166:59:20.6
Altitude: 35:44:42.7

Thu Mar 20 10:21:41 2014
Adjusting the interferometer position.
Azimuth: 167:08:47.3
Altitude: 35:46:04.1

Thu Mar 20 10:22:14 2014
Adjusting the interferometer position.
Azimuth: 167:18:14.3
Altitude: 35:47:24.5

Thu Mar 20 10:22:47 2014
Adjusting the interferometer position.
Azimuth: 167:27:41.8
Altitude: 35:48:43.9

Thu Mar 20 10:23:21 2014
Adjusting the interferometer position.
Azimuth: 167:37:26.8
Altitude: 35:50:04.6

Thu Mar 20 10:23:54 2014
Resetting the interferometer to its home position.

Thu Mar 20 10:24:29 2014
Done. Data collection may now resume.

Thu Mar 20 10:24:29 2014
Adjusting the interferometer position.
Azimuth: 167:56:58.1
Altitude: 35:52:42.7

Thu Mar 20 10:25:09 2014
Adjusting the interferometer position.
Azimuth: 168:08:27.8
Altitude: 35:54:13.7

Thu Mar 20 10:25:42 2014
Adjusting the interferometer position.
Azimuth: 168:17:57.2
Altitude: 35:55:27.6

Thu Mar 20 10:26:15 2014
Adjusting the interferometer position.
Azimuth: 168:27:26.9
Altitude: 35:56:40.5

Thu Mar 20 10:26:49 2014
Adjusting the interferometer position.
Azimuth: 168:37:14.3
Altitude: 35:57:54.6

Thu Mar 20 10:27:22 2014
Adjusting the interferometer position.
Azimuth: 168:46:44.7
Altitude: 35:59:05.4

Thu Mar 20 10:27:55 2014
Adjusting the interferometer position.
Azimuth: 168:56:15.4
Altitude: 36:00:15.1

Thu Mar 20 10:28:29 2014
Adjusting the interferometer position.
Azimuth: 169:06:03.8
Altitude: 36:01:25.9

Thu Mar 20 10:29:02 2014
Adjusting the interferometer position.
Azimuth: 169:15:35.3
Altitude: 36:02:33.6

Thu Mar 20 10:29:35 2014
Adjusting the interferometer position.
Azimuth: 169:25:07.0
Altitude: 36:03:40.2

Thu Mar 20 10:30:09 2014
Adjusting the interferometer position.
Azimuth: 169:34:56.4
Altitude: 36:04:47.8

Thu Mar 20 10:30:42 2014
Adjusting the interferometer position.
Azimuth: 169:44:28.8
Altitude: 36:05:52.3

Thu Mar 20 10:31:15 2014
Adjusting the interferometer position.
Azimuth: 169:54:01.5
Altitude: 36:06:55.8

Thu Mar 20 10:31:49 2014
Adjusting the interferometer position.
Azimuth: 170:03:51.9
Altitude: 36:08:00.1

Thu Mar 20 10:32:22 2014
Adjusting the interferometer position.
Azimuth: 170:13:25.2
Altitude: 36:09:01.4

Thu Mar 20 10:32:55 2014
Adjusting the interferometer position.
Azimuth: 170:22:58.8
Altitude: 36:10:01.7

Thu Mar 20 10:33:29 2014
Adjusting the interferometer position.
Azimuth: 170:32:50.1
Altitude: 36:11:02.8

Thu Mar 20 10:34:02 2014
Adjusting the interferometer position.
Azimuth: 170:42:24.3
Altitude: 36:12:01.0

Thu Mar 20 10:34:35 2014
Adjusting the interferometer position.
Azimuth: 170:51:58.7
Altitude: 36:12:58.1

Thu Mar 20 10:35:09 2014
Adjusting the interferometer position.
Azimuth: 171:01:50.9
Altitude: 36:13:55.9

Thu Mar 20 10:35:42 2014
Adjusting the interferometer position.
Azimuth: 171:11:25.9
Altitude: 36:14:50.9

Thu Mar 20 10:36:16 2014
Adjusting the interferometer position.
Azimuth: 171:21:18.6
Altitude: 36:15:46.4

Thu Mar 20 10:36:49 2014
Adjusting the interferometer position.
Azimuth: 171:30:54.1
Altitude: 36:16:39.3

Thu Mar 20 10:37:23 2014
Adjusting the interferometer position.
Azimuth: 171:40:47.3
Altitude: 36:17:32.7

Thu Mar 20 10:37:56 2014
Adjusting the interferometer position.
Azimuth: 171:50:23.4
Altitude: 36:18:23.4

Thu Mar 20 10:38:29 2014
Adjusting the interferometer position.
Azimuth: 171:59:59.7
Altitude: 36:19:13.1

Thu Mar 20 10:39:02 2014
Adjusting the interferometer position.
Azimuth: 172:09:36.2
Altitude: 36:20:01.7

Thu Mar 20 10:39:36 2014
Adjusting the interferometer position.
Azimuth: 172:19:30.4
Altitude: 36:20:50.7

Thu Mar 20 10:40:10 2014
Adjusting the interferometer position.
Azimuth: 172:29:24.9
Altitude: 36:21:38.6

Thu Mar 20 10:40:43 2014
Adjusting the interferometer position.
Azimuth: 172:39:02.1
Altitude: 36:22:24.0

Thu Mar 20 10:41:17 2014
Adjusting the interferometer position.
Azimuth: 172:48:57.1
Altitude: 36:23:09.7

Thu Mar 20 10:41:50 2014
Adjusting the interferometer position.
Azimuth: 172:58:34.8
Altitude: 36:23:52.9

Thu Mar 20 10:42:23 2014
Adjusting the interferometer position.
Azimuth: 173:08:12.6
Altitude: 36:24:35.1

Thu Mar 20 10:42:56 2014
Adjusting the interferometer position.
Azimuth: 173:17:50.7
Altitude: 36:25:16.2

Thu Mar 20 10:43:30 2014
Adjusting the interferometer position.
Azimuth: 173:27:46.5
Altitude: 36:25:57.5

Thu Mar 20 10:44:03 2014
Adjusting the interferometer position.
Azimuth: 173:37:25.0
Altitude: 36:26:36.5

Thu Mar 20 10:44:36 2014
Adjusting the interferometer position.
Azimuth: 173:47:03.6
Altitude: 36:27:14.4

Thu Mar 20 10:45:10 2014
Adjusting the interferometer position.
Azimuth: 173:57:00.0
Altitude: 36:27:52.3

Thu Mar 20 10:45:43 2014
Adjusting the interferometer position.
Azimuth: 174:06:39.0
Altitude: 36:28:28.1

Thu Mar 20 10:46:16 2014
Adjusting the interferometer position.
Azimuth: 174:16:18.2
Altitude: 36:29:02.7

Thu Mar 20 10:46:50 2014
Adjusting the interferometer position.
Azimuth: 174:26:15.1
Altitude: 36:29:37.4

Thu Mar 20 10:47:23 2014
Adjusting the interferometer position.
Azimuth: 174:35:54.6
Altitude: 36:30:09.9

Thu Mar 20 10:47:56 2014
Adjusting the interferometer position.
Azimuth: 174:45:34.3
Altitude: 36:30:41.3

Thu Mar 20 10:48:29 2014
Adjusting the interferometer position.
Azimuth: 174:55:14.1
Altitude: 36:31:11.7

Thu Mar 20 10:49:03 2014
Adjusting the interferometer position.
Azimuth: 175:05:11.7
Altitude: 36:31:41.9

Thu Mar 20 10:49:36 2014
Adjusting the interferometer position.
Azimuth: 175:14:51.8
Altitude: 36:32:10.1

Thu Mar 20 10:50:10 2014
Adjusting the interferometer position.
Azimuth: 175:24:49.6
Altitude: 36:32:38.1

Thu Mar 20 10:50:43 2014
Adjusting the interferometer position.
Azimuth: 175:34:30.0
Altitude: 36:33:04.1

Thu Mar 20 10:51:16 2014
Adjusting the interferometer position.
Azimuth: 175:44:10.5
Altitude: 36:33:29.1

Thu Mar 20 10:51:50 2014
Adjusting the interferometer position.
Azimuth: 175:54:08.7
Altitude: 36:33:53.7

Thu Mar 20 10:52:23 2014
Adjusting the interferometer position.
Azimuth: 176:03:49.5
Altitude: 36:34:16.6

Thu Mar 20 10:52:56 2014
Adjusting the interferometer position.
Azimuth: 176:13:30.3
Altitude: 36:34:38.3

Thu Mar 20 10:53:30 2014
Adjusting the interferometer position.
Azimuth: 176:23:28.9
Altitude: 36:34:59.6

Thu Mar 20 10:54:03 2014
Adjusting the interferometer position.
Azimuth: 176:33:10.0
Altitude: 36:35:19.1

Thu Mar 20 10:54:36 2014
Adjusting the interferometer position.
Azimuth: 176:42:51.1
Altitude: 36:35:37.6

Thu Mar 20 10:55:09 2014
Adjusting the interferometer position.
Azimuth: 176:52:32.3
Altitude: 36:35:55.0

Thu Mar 20 10:55:43 2014
Adjusting the interferometer position.
Azimuth: 177:02:31.3
Altitude: 36:36:11.9

Thu Mar 20 10:56:16 2014
Adjusting the interferometer position.
Azimuth: 177:12:12.7
Altitude: 36:36:27.1

Thu Mar 20 10:56:49 2014
Adjusting the interferometer position.
Azimuth: 177:21:54.1
Altitude: 36:36:41.3

Thu Mar 20 10:57:23 2014
Adjusting the interferometer position.
Azimuth: 177:31:53.3
Altitude: 36:36:54.8

Thu Mar 20 10:57:56 2014
Adjusting the interferometer position.
Azimuth: 177:41:34.9
Altitude: 36:37:06.8

Thu Mar 20 10:58:29 2014
Adjusting the interferometer position.
Azimuth: 177:51:16.5
Altitude: 36:37:17.7

Thu Mar 20 10:59:02 2014
Adjusting the interferometer position.
Azimuth: 178:00:58.2
Altitude: 36:37:27.5

Thu Mar 20 10:59:36 2014
Adjusting the interferometer position.
Azimuth: 178:10:57.5
Altitude: 36:37:36.5

Thu Mar 20 11:00:09 2014
Adjusting the interferometer position.
Azimuth: 178:20:39.3
Altitude: 36:37:44.2

Thu Mar 20 11:00:42 2014
Adjusting the interferometer position.
Azimuth: 178:30:21.1
Altitude: 36:37:50.8

Thu Mar 20 11:01:16 2014
Adjusting the interferometer position.
Azimuth: 178:40:20.6
Altitude: 36:37:56.4

Thu Mar 20 11:01:49 2014
Adjusting the interferometer position.
Azimuth: 178:50:02.4
Altitude: 36:38:00.9

Thu Mar 20 11:02:22 2014
Adjusting the interferometer position.
Azimuth: 178:59:44.3
Altitude: 36:38:04.2

Thu Mar 20 11:02:56 2014
Adjusting the interferometer position.
Azimuth: 179:09:43.8
Altitude: 36:38:06.5

Thu Mar 20 11:03:29 2014
Adjusting the interferometer position.
Azimuth: 179:19:25.7
Altitude: 36:38:07.7

Thu Mar 20 11:04:02 2014
Adjusting the interferometer position.
Azimuth: 179:29:07.6
Altitude: 36:38:07.7

Thu Mar 20 11:04:35 2014
Adjusting the interferometer position.
Azimuth: 179:38:49.5
Altitude: 36:38:06.7

Thu Mar 20 11:05:09 2014
Adjusting the interferometer position.
Azimuth: 179:48:49.0
Altitude: 36:38:04.6

Thu Mar 20 11:05:42 2014
Adjusting the interferometer position.
Azimuth: 179:58:30.8
Altitude: 36:38:01.4

Thu Mar 20 11:06:15 2014
Adjusting the interferometer position.
Azimuth: 180:08:12.7
Altitude: 36:37:57.2

Thu Mar 20 11:06:49 2014
Adjusting the interferometer position.
Azimuth: 180:18:12.1
Altitude: 36:37:51.6

Thu Mar 20 11:07:22 2014
Adjusting the interferometer position.
Azimuth: 180:27:53.9
Altitude: 36:37:45.2

Thu Mar 20 11:07:55 2014
Adjusting the interferometer position.
Azimuth: 180:37:35.6
Altitude: 36:37:37.7

Thu Mar 20 11:08:28 2014
Adjusting the interferometer position.
Azimuth: 180:47:17.3
Altitude: 36:37:29.1

Thu Mar 20 11:09:02 2014
Adjusting the interferometer position.
Azimuth: 180:57:16.6
Altitude: 36:37:19.2

Thu Mar 20 11:09:35 2014
Adjusting the interferometer position.
Azimuth: 181:06:58.2
Altitude: 36:37:08.4

Thu Mar 20 11:10:08 2014
Adjusting the interferometer position.
Azimuth: 181:16:39.7
Altitude: 36:36:56.6

Thu Mar 20 11:10:42 2014
Adjusting the interferometer position.
Azimuth: 181:26:38.8
Altitude: 36:36:43.2

Thu Mar 20 11:11:15 2014
Adjusting the interferometer position.
Azimuth: 181:36:20.2
Altitude: 36:36:29.2

Thu Mar 20 11:11:48 2014
Adjusting the interferometer position.
Azimuth: 181:46:01.5
Altitude: 36:36:14.1

Thu Mar 20 11:12:22 2014
Adjusting the interferometer position.
Azimuth: 181:56:00.3
Altitude: 36:35:57.5

Thu Mar 20 11:12:55 2014
Adjusting the interferometer position.
Azimuth: 182:05:41.5
Altitude: 36:35:40.2

Thu Mar 20 11:13:28 2014
Adjusting the interferometer position.
Azimuth: 182:15:22.5
Altitude: 36:35:21.9

Thu Mar 20 11:14:02 2014
Adjusting the interferometer position.
Azimuth: 182:25:21.1
Altitude: 36:35:01.8

Thu Mar 20 11:14:35 2014
Adjusting the interferometer position.
Azimuth: 182:35:01.9
Altitude: 36:34:41.3

Thu Mar 20 11:15:08 2014
Adjusting the interferometer position.
Azimuth: 182:44:42.7
Altitude: 36:34:19.7

Thu Mar 20 11:15:41 2014
Adjusting the interferometer position.
Azimuth: 182:54:23.3
Altitude: 36:33:57.1

Thu Mar 20 11:16:15 2014
Adjusting the interferometer position.
Azimuth: 183:04:21.4
Altitude: 36:33:32.6

Thu Mar 20 11:16:48 2014
Adjusting the interferometer position.
Azimuth: 183:14:01.8
Altitude: 36:33:07.8

Thu Mar 20 11:17:21 2014
Adjusting the interferometer position.
Azimuth: 183:23:42.0
Altitude: 36:32:41.9

Thu Mar 20 11:17:55 2014
Adjusting the interferometer position.
Azimuth: 183:33:39.7
Altitude: 36:32:14.1

Thu Mar 20 11:18:28 2014
Adjusting the interferometer position.
Azimuth: 183:43:19.7
Altitude: 36:31:46.0

Thu Mar 20 11:19:01 2014
Adjusting the interferometer position.
Azimuth: 183:52:59.5
Altitude: 36:31:16.9

Thu Mar 20 11:19:35 2014
Adjusting the interferometer position.
Azimuth: 184:02:56.7
Altitude: 36:30:45.8

Thu Mar 20 11:20:08 2014
Adjusting the interferometer position.
Azimuth: 184:12:36.2
Altitude: 36:30:14.5

Thu Mar 20 11:20:41 2014
Adjusting the interferometer position.
Azimuth: 184:22:15.6
Altitude: 36:29:42.1

Thu Mar 20 11:21:15 2014
Adjusting the interferometer position.
Azimuth: 184:32:12.3
Altitude: 36:29:07.6

Thu Mar 20 11:21:48 2014
Adjusting the interferometer position.
Azimuth: 184:41:51.3
Altitude: 36:28:33.1

Thu Mar 20 11:22:21 2014
Adjusting the interferometer position.
Azimuth: 184:51:30.2
Altitude: 36:27:57.5

Thu Mar 20 11:22:55 2014
Adjusting the interferometer position.
Azimuth: 185:01:26.4
Altitude: 36:27:19.7

Thu Mar 20 11:23:28 2014
Adjusting the interferometer position.
Azimuth: 185:11:04.8
Altitude: 36:26:41.9

Thu Mar 20 11:24:01 2014
Adjusting the interferometer position.
Azimuth: 185:20:43.1
Altitude: 36:26:03.1

Thu Mar 20 11:24:35 2014
Adjusting the interferometer position.
Azimuth: 185:30:38.7
Altitude: 36:25:22.0

Thu Mar 20 11:25:09 2014
Resetting the interferometer to its home position.

Thu Mar 20 11:25:44 2014
Done. Data collection may now resume.

Thu Mar 20 11:25:44 2014
Adjusting the interferometer position.
Azimuth: 185:50:46.7
Altitude: 36:23:55.1

Thu Mar 20 11:26:24 2014
Adjusting the interferometer position.
Azimuth: 186:02:26.5
Altitude: 36:23:02.6

Thu Mar 20 11:26:57 2014
Adjusting the interferometer position.
Azimuth: 186:12:03.7
Altitude: 36:22:18.1

Thu Mar 20 11:27:30 2014
Adjusting the interferometer position.
Azimuth: 186:21:40.6
Altitude: 36:21:32.6

Thu Mar 20 11:28:04 2014
Adjusting the interferometer position.
Azimuth: 186:31:34.8
Altitude: 36:20:44.6

Thu Mar 20 11:28:37 2014
Adjusting the interferometer position.
Azimuth: 186:41:11.2
Altitude: 36:19:56.9

Thu Mar 20 11:29:10 2014
Adjusting the interferometer position.
Azimuth: 186:50:47.5
Altitude: 36:19:08.2

Thu Mar 20 11:29:44 2014
Adjusting the interferometer position.
Azimuth: 187:00:40.9
Altitude: 36:18:16.9

Thu Mar 20 11:30:17 2014
Adjusting the interferometer position.
Azimuth: 187:10:16.6
Altitude: 36:17:26.0

Thu Mar 20 11:30:50 2014
Adjusting the interferometer position.
Azimuth: 187:19:52.0
Altitude: 36:16:34.0

Thu Mar 20 11:31:24 2014
Adjusting the interferometer position.
Azimuth: 187:29:44.7
Altitude: 36:15:39.4

Thu Mar 20 11:31:57 2014
Adjusting the interferometer position.
Azimuth: 187:39:19.6
Altitude: 36:14:45.4

Thu Mar 20 11:32:30 2014
Adjusting the interferometer position.
Azimuth: 187:48:54.2
Altitude: 36:13:50.2

Thu Mar 20 11:33:04 2014
Adjusting the interferometer position.
Azimuth: 187:58:46.0
Altitude: 36:12:52.4

Thu Mar 20 11:33:37 2014
Adjusting the interferometer position.
Azimuth: 188:08:20.1
Altitude: 36:11:55.1

Thu Mar 20 11:34:10 2014
Adjusting the interferometer position.
Azimuth: 188:17:53.9
Altitude: 36:10:56.8

Thu Mar 20 11:34:44 2014
Adjusting the interferometer position.
Azimuth: 188:27:44.8
Altitude: 36:09:55.6

Thu Mar 20 11:35:17 2014
Adjusting the interferometer position.
Azimuth: 188:37:18.0
Altitude: 36:08:55.2

Thu Mar 20 11:35:50 2014
Adjusting the interferometer position.
Azimuth: 188:46:50.9
Altitude: 36:07:53.8

Thu Mar 20 11:36:24 2014
Adjusting the interferometer position.
Azimuth: 188:56:40.9
Altitude: 36:06:49.3

Thu Mar 20 11:36:57 2014
Adjusting the interferometer position.
Azimuth: 189:06:13.1
Altitude: 36:05:45.7

Thu Mar 20 11:37:31 2014
Adjusting the interferometer position.
Azimuth: 189:16:02.4
Altitude: 36:04:39.1

Thu Mar 20 11:38:04 2014
Adjusting the interferometer position.
Azimuth: 189:25:34.1
Altitude: 36:03:33.4

Thu Mar 20 11:38:38 2014
Adjusting the interferometer position.
Azimuth: 189:35:22.7
Altitude: 36:02:24.7

Thu Mar 20 11:39:12 2014
Adjusting the interferometer position.
Azimuth: 189:45:11.0
Altitude: 36:01:14.8

Thu Mar 20 11:39:45 2014
Adjusting the interferometer position.
Azimuth: 189:54:41.6
Altitude: 36:00:05.9

Thu Mar 20 11:40:18 2014
Adjusting the interferometer position.
Azimuth: 190:04:11.9
Altitude: 35:58:56.0

Thu Mar 20 11:40:52 2014
Adjusting the interferometer position.
Azimuth: 190:13:59.2
Altitude: 35:57:42.9

Thu Mar 20 11:41:25 2014
Adjusting the interferometer position.
Azimuth: 190:23:28.8
Altitude: 35:56:30.9

Thu Mar 20 11:41:58 2014
Adjusting the interferometer position.
Azimuth: 190:32:58.0
Altitude: 35:55:17.8

Thu Mar 20 11:42:32 2014
Adjusting the interferometer position.
Azimuth: 190:42:44.1
Altitude: 35:54:01.5

Thu Mar 20 11:43:05 2014
Adjusting the interferometer position.
Azimuth: 190:52:12.7
Altitude: 35:52:46.4

Thu Mar 20 11:43:38 2014
Adjusting the interferometer position.
Azimuth: 191:01:40.8
Altitude: 35:51:30.2

Thu Mar 20 11:44:12 2014
Adjusting the interferometer position.
Azimuth: 191:11:25.8
Altitude: 35:50:10.6

Thu Mar 20 11:44:45 2014
Adjusting the interferometer position.
Azimuth: 191:20:53.2
Altitude: 35:48:52.4

Thu Mar 20 11:45:18 2014
Adjusting the interferometer position.
Azimuth: 191:30:20.2
Altitude: 35:47:33.1

Thu Mar 20 11:45:52 2014
Adjusting the interferometer position.
Azimuth: 191:40:04.0
Altitude: 35:46:10.4

Thu Mar 20 11:46:25 2014
Adjusting the interferometer position.
Azimuth: 191:49:30.3
Altitude: 35:44:49.0

Thu Mar 20 11:46:58 2014
Adjusting the interferometer position.
Azimuth: 191:58:56.1
Altitude: 35:43:26.6

Thu Mar 20 11:47:32 2014
Adjusting the interferometer position.
Azimuth: 192:08:38.7
Altitude: 35:42:00.7

Thu Mar 20 11:48:05 2014
Adjusting the interferometer position.
Azimuth: 192:18:03.7
Altitude: 35:40:36.3

Thu Mar 20 11:48:38 2014
Adjusting the interferometer position.
Azimuth: 192:27:28.3
Altitude: 35:39:10.8

Thu Mar 20 11:49:12 2014
Adjusting the interferometer position.
Azimuth: 192:37:09.7
Altitude: 35:37:41.7

Thu Mar 20 11:49:45 2014
Adjusting the interferometer position.
Azimuth: 192:46:33.5
Altitude: 35:36:14.2

Thu Mar 20 11:50:18 2014
Adjusting the interferometer position.
Azimuth: 192:55:56.8
Altitude: 35:34:45.6

Thu Mar 20 11:50:51 2014
Adjusting the interferometer position.
Azimuth: 193:05:19.8
Altitude: 35:33:16.1

Thu Mar 20 11:51:25 2014
Adjusting the interferometer position.
Azimuth: 193:14:59.4
Altitude: 35:31:42.8

Thu Mar 20 11:51:58 2014
Adjusting the interferometer position.
Azimuth: 193:24:21.4
Altitude: 35:30:11.2

Thu Mar 20 11:52:31 2014
Adjusting the interferometer position.
Azimuth: 193:33:43.1
Altitude: 35:28:38.6

Thu Mar 20 11:53:05 2014
Adjusting the interferometer position.
Azimuth: 193:43:21.3
Altitude: 35:27:02.1

Thu Mar 20 11:53:38 2014
Adjusting the interferometer position.
Azimuth: 193:52:42.1
Altitude: 35:25:27.5

Thu Mar 20 11:54:12 2014
Adjusting the interferometer position.
Azimuth: 194:02:19.3
Altitude: 35:23:48.9

Thu Mar 20 11:54:45 2014
Adjusting the interferometer position.
Azimuth: 194:11:39.2
Altitude: 35:22:12.3

Thu Mar 20 11:55:18 2014
Adjusting the interferometer position.
Azimuth: 194:20:58.6
Altitude: 35:20:34.6

Thu Mar 20 11:55:51 2014
Adjusting the interferometer position.
Azimuth: 194:30:17.5
Altitude: 35:18:55.9

Thu Mar 20 11:56:25 2014
Adjusting the interferometer position.
Azimuth: 194:39:52.9
Altitude: 35:17:13.2

Thu Mar 20 11:56:58 2014
Adjusting the interferometer position.
Azimuth: 194:49:10.9
Altitude: 35:15:32.5

Thu Mar 20 11:57:31 2014
Adjusting the interferometer position.
Azimuth: 194:58:28.4
Altitude: 35:13:50.8

Thu Mar 20 11:58:05 2014
Adjusting the interferometer position.
Azimuth: 195:08:02.3
Altitude: 35:12:05.0

Thu Mar 20 11:58:38 2014
Adjusting the interferometer position.
Azimuth: 195:17:18.8
Altitude: 35:10:21.4

Thu Mar 20 11:59:11 2014
Adjusting the interferometer position.
Azimuth: 195:26:34.9
Altitude: 35:08:36.7

Thu Mar 20 11:59:44 2014
Adjusting the interferometer position.
Azimuth: 195:35:50.5
Altitude: 35:06:51.0

Thu Mar 20 12:00:18 2014
Adjusting the interferometer position.
Azimuth: 195:45:22.4
Altitude: 35:05:01.1

Thu Mar 20 12:00:51 2014
Adjusting the interferometer position.
Azimuth: 195:54:37.0
Altitude: 35:03:13.4

Thu Mar 20 12:01:24 2014
Adjusting the interferometer position.
Azimuth: 196:03:51.0
Altitude: 35:01:24.8

Thu Mar 20 12:01:58 2014
Adjusting the interferometer position.
Azimuth: 196:13:21.4
Altitude: 34:59:31.8

Thu Mar 20 12:02:31 2014
Adjusting the interferometer position.
Azimuth: 196:22:34.5
Altitude: 34:57:41.2

Thu Mar 20 12:03:04 2014
Adjusting the interferometer position.
Azimuth: 196:31:47.0
Altitude: 34:55:49.6

Thu Mar 20 12:03:38 2014
Adjusting the interferometer position.
Azimuth: 196:41:15.8
Altitude: 34:53:53.6

Thu Mar 20 12:04:11 2014
Adjusting the interferometer position.
Azimuth: 196:50:27.3
Altitude: 34:52:00.0

Thu Mar 20 12:04:44 2014
Adjusting the interferometer position.
Azimuth: 196:59:38.3
Altitude: 34:50:05.4

Thu Mar 20 12:05:18 2014
Adjusting the interferometer position.
Azimuth: 197:09:05.4
Altitude: 34:48:06.4

Thu Mar 20 12:05:51 2014
Adjusting the interferometer position.
Azimuth: 197:18:15.4
Altitude: 34:46:09.9

Thu Mar 20 12:06:24 2014
Adjusting the interferometer position.
Azimuth: 197:27:24.8
Altitude: 34:44:12.4

Thu Mar 20 12:06:58 2014
Adjusting the interferometer position.
Azimuth: 197:36:50.3
Altitude: 34:42:10.3

Thu Mar 20 12:07:32 2014
Adjusting the interferometer position.
Azimuth: 197:46:15.2
Altitude: 34:40:07.2

Thu Mar 20 12:08:05 2014
Adjusting the interferometer position.
Azimuth: 197:55:23.0
Altitude: 34:38:06.8

Thu Mar 20 12:08:38 2014
Adjusting the interferometer position.
Azimuth: 198:04:30.2
Altitude: 34:36:05.4

Thu Mar 20 12:09:12 2014
Adjusting the interferometer position.
Azimuth: 198:13:53.4
Altitude: 34:33:59.4

Thu Mar 20 12:09:45 2014
Adjusting the interferometer position.
Azimuth: 198:22:59.5
Altitude: 34:31:56.0

Thu Mar 20 12:10:19 2014
Adjusting the interferometer position.
Azimuth: 198:32:21.6
Altitude: 34:29:48.0

Thu Mar 20 12:10:52 2014
Adjusting the interferometer position.
Azimuth: 198:41:26.6
Altitude: 34:27:42.7

Thu Mar 20 12:11:25 2014
Adjusting the interferometer position.
Azimuth: 198:50:31.0
Altitude: 34:25:36.5

Thu Mar 20 12:11:58 2014
Adjusting the interferometer position.
Azimuth: 198:59:34.9
Altitude: 34:23:29.3

Thu Mar 20 12:12:32 2014
Adjusting the interferometer position.
Azimuth: 199:08:54.7
Altitude: 34:21:17.3

Thu Mar 20 12:13:05 2014
Adjusting the interferometer position.
Azimuth: 199:17:57.4
Altitude: 34:19:08.2

Thu Mar 20 12:13:38 2014
Adjusting the interferometer position.
Azimuth: 199:26:59.5
Altitude: 34:16:58.2

Thu Mar 20 12:14:12 2014
Adjusting the interferometer position.
Azimuth: 199:36:17.5
Altitude: 34:14:43.3

Thu Mar 20 12:14:45 2014
Adjusting the interferometer position.
Azimuth: 199:45:18.5
Altitude: 34:12:31.4

Thu Mar 20 12:15:18 2014
Adjusting the interferometer position.
Azimuth: 199:54:18.9
Altitude: 34:10:18.5

Thu Mar 20 12:15:51 2014
Adjusting the interferometer position.
Azimuth: 200:03:18.7
Altitude: 34:08:04.7

Thu Mar 20 12:16:25 2014
Adjusting the interferometer position.
Azimuth: 200:12:34.3
Altitude: 34:05:45.9

Thu Mar 20 12:16:58 2014
Adjusting the interferometer position.
Azimuth: 200:21:32.9
Altitude: 34:03:30.2

Thu Mar 20 12:17:31 2014
Adjusting the interferometer position.
Azimuth: 200:30:30.9
Altitude: 34:01:13.6

Thu Mar 20 12:18:05 2014
Adjusting the interferometer position.
Azimuth: 200:39:44.6
Altitude: 33:58:51.9

Thu Mar 20 12:18:38 2014
Adjusting the interferometer position.
Azimuth: 200:48:41.5
Altitude: 33:56:33.4

Thu Mar 20 12:19:11 2014
Adjusting the interferometer position.
Azimuth: 200:57:37.7
Altitude: 33:54:14.0

Thu Mar 20 12:19:44 2014
Adjusting the interferometer position.
Azimuth: 201:06:33.3
Altitude: 33:51:53.6

Thu Mar 20 12:20:18 2014
Adjusting the interferometer position.
Azimuth: 201:15:44.6
Altitude: 33:49:28.1

Thu Mar 20 12:20:51 2014
Adjusting the interferometer position.
Azimuth: 201:24:39.0
Altitude: 33:47:05.9

Thu Mar 20 12:21:24 2014
Adjusting the interferometer position.
Azimuth: 201:33:32.8
Altitude: 33:44:42.8

Thu Mar 20 12:21:58 2014
Adjusting the interferometer position.
Azimuth: 201:42:42.1
Altitude: 33:42:14.4

Thu Mar 20 12:22:31 2014
Adjusting the interferometer position.
Azimuth: 201:51:34.6
Altitude: 33:39:49.4

Thu Mar 20 12:23:04 2014
Adjusting the interferometer position.
Azimuth: 202:00:26.6
Altitude: 33:37:23.6

Thu Mar 20 12:23:38 2014
Adjusting the interferometer position.
Azimuth: 202:09:34.0
Altitude: 33:34:52.4

Thu Mar 20 12:24:11 2014
Adjusting the interferometer position.
Azimuth: 202:18:24.6
Altitude: 33:32:24.7

Thu Mar 20 12:24:44 2014
Adjusting the interferometer position.
Azimuth: 202:27:14.7
Altitude: 33:29:56.1

Thu Mar 20 12:25:17 2014
Adjusting the interferometer position.
Azimuth: 202:36:04.1
Altitude: 33:27:26.6

Thu Mar 20 12:25:51 2014
Adjusting the interferometer position.
Azimuth: 202:45:08.9
Altitude: 33:24:51.6

Thu Mar 20 12:26:24 2014
Resetting the interferometer to its home position.

Thu Mar 20 12:27:00 2014
Done. Data collection may now resume.

Thu Mar 20 12:27:00 2014
Adjusting the interferometer position.
Azimuth: 203:03:32.5
Altitude: 33:19:34.2

Thu Mar 20 12:27:41 2014
Adjusting the interferometer position.
Azimuth: 203:14:26.9
Altitude: 33:16:23.7

Thu Mar 20 12:28:15 2014
Adjusting the interferometer position.
Azimuth: 203:23:28.8
Altitude: 33:13:44.7

Thu Mar 20 12:28:48 2014
Adjusting the interferometer position.
Azimuth: 203:32:14.2
Altitude: 33:11:09.6

Thu Mar 20 12:29:21 2014
Adjusting the interferometer position.
Azimuth: 203:40:58.9
Altitude: 33:08:33.5

Thu Mar 20 12:29:54 2014
Adjusting the interferometer position.
Azimuth: 203:49:43.0
Altitude: 33:05:56.5

Thu Mar 20 12:30:28 2014
Adjusting the interferometer position.
Azimuth: 203:58:42.3
Altitude: 33:03:13.9

Thu Mar 20 12:31:01 2014
Adjusting the interferometer position.
Azimuth: 204:07:25.0
Altitude: 33:00:35.1

Thu Mar 20 12:31:35 2014
Adjusting the interferometer position.
Azimuth: 204:16:22.9
Altitude: 32:57:50.6

Thu Mar 20 12:32:08 2014
Adjusting the interferometer position.
Azimuth: 204:25:04.4
Altitude: 32:55:10.1

Thu Mar 20 12:32:41 2014
Adjusting the interferometer position.
Azimuth: 204:33:45.2
Altitude: 32:52:28.7

Thu Mar 20 12:33:15 2014
Adjusting the interferometer position.
Azimuth: 204:42:41.0
Altitude: 32:49:41.5

Thu Mar 20 12:33:48 2014
Adjusting the interferometer position.
Azimuth: 204:51:20.5
Altitude: 32:46:58.4

Thu Mar 20 12:34:21 2014
Adjusting the interferometer position.
Azimuth: 204:59:59.3
Altitude: 32:44:14.4

Thu Mar 20 12:34:54 2014
Adjusting the interferometer position.
Azimuth: 205:08:37.4
Altitude: 32:41:29.5

Thu Mar 20 12:35:28 2014
Adjusting the interferometer position.
Azimuth: 205:17:30.5
Altitude: 32:38:38.7

Thu Mar 20 12:36:01 2014
Adjusting the interferometer position.
Azimuth: 205:26:07.3
Altitude: 32:35:52.1

Thu Mar 20 12:36:34 2014
Adjusting the interferometer position.
Azimuth: 205:34:43.4
Altitude: 32:33:04.6

Thu Mar 20 12:37:08 2014
Adjusting the interferometer position.
Azimuth: 205:43:34.4
Altitude: 32:30:11.1

Thu Mar 20 12:37:41 2014
Adjusting the interferometer position.
Azimuth: 205:52:09.2
Altitude: 32:27:21.9

Thu Mar 20 12:38:14 2014
Adjusting the interferometer position.
Azimuth: 206:00:43.3
Altitude: 32:24:31.9

Thu Mar 20 12:38:48 2014
Adjusting the interferometer position.
Azimuth: 206:09:32.2
Altitude: 32:21:35.8

Thu Mar 20 12:39:21 2014
Adjusting the interferometer position.
Azimuth: 206:18:04.9
Altitude: 32:18:44.0

Thu Mar 20 12:39:54 2014
Adjusting the interferometer position.
Azimuth: 206:26:36.9
Altitude: 32:15:51.4

Thu Mar 20 12:40:28 2014
Adjusting the interferometer position.
Azimuth: 206:35:23.8
Altitude: 32:12:52.6

Thu Mar 20 12:41:01 2014
Adjusting the interferometer position.
Azimuth: 206:43:54.4
Altitude: 32:09:58.3

Thu Mar 20 12:41:34 2014
Adjusting the interferometer position.
Azimuth: 206:52:24.4
Altitude: 32:07:03.1

Thu Mar 20 12:42:07 2014
Adjusting the interferometer position.
Azimuth: 207:00:53.6
Altitude: 32:04:07.1

Thu Mar 20 12:42:41 2014
Adjusting the interferometer position.
Azimuth: 207:09:37.6
Altitude: 32:01:05.0

Thu Mar 20 12:43:14 2014
Adjusting the interferometer position.
Azimuth: 207:18:05.5
Altitude: 31:58:07.3

Thu Mar 20 12:43:48 2014
Adjusting the interferometer position.
Azimuth: 207:26:48.1
Altitude: 31:55:03.3

Thu Mar 20 12:44:21 2014
Adjusting the interferometer position.
Azimuth: 207:35:14.6
Altitude: 31:52:04.0

Thu Mar 20 12:44:54 2014
Adjusting the interferometer position.
Azimuth: 207:43:40.4
Altitude: 31:49:03.8

Thu Mar 20 12:45:28 2014
Adjusting the interferometer position.
Azimuth: 207:52:20.8
Altitude: 31:45:57.3

Thu Mar 20 12:46:01 2014
Adjusting the interferometer position.
Azimuth: 208:00:45.2
Altitude: 31:42:55.5

Thu Mar 20 12:46:34 2014
Adjusting the interferometer position.
Azimuth: 208:09:08.9
Altitude: 31:39:52.8

Thu Mar 20 12:47:08 2014
Adjusting the interferometer position.
Azimuth: 208:17:47.1
Altitude: 31:36:43.8

Thu Mar 20 12:47:41 2014
Adjusting the interferometer position.
Azimuth: 208:26:09.4
Altitude: 31:33:39.5

Thu Mar 20 12:48:15 2014
Adjusting the interferometer position.
Azimuth: 208:34:46.2
Altitude: 31:30:28.7

Thu Mar 20 12:48:48 2014
Adjusting the interferometer position.
Azimuth: 208:43:07.1
Altitude: 31:27:22.8

Thu Mar 20 12:49:21 2014
Adjusting the interferometer position.
Azimuth: 208:51:27.3
Altitude: 31:24:16.0

Thu Mar 20 12:49:54 2014
Adjusting the interferometer position.
Azimuth: 208:59:46.8
Altitude: 31:21:08.5

Thu Mar 20 12:50:28 2014
Adjusting the interferometer position.
Azimuth: 209:08:20.6
Altitude: 31:17:54.4

Thu Mar 20 12:51:01 2014
Adjusting the interferometer position.
Azimuth: 209:16:38.7
Altitude: 31:14:45.3

Thu Mar 20 12:51:34 2014
Adjusting the interferometer position.
Azimuth: 209:24:56.0
Altitude: 31:11:35.3

Thu Mar 20 12:52:08 2014
Adjusting the interferometer position.
Azimuth: 209:33:27.7
Altitude: 31:08:18.7

Thu Mar 20 12:52:41 2014
Adjusting the interferometer position.
Azimuth: 209:41:43.7
Altitude: 31:05:07.2

Thu Mar 20 12:53:14 2014
Adjusting the interferometer position.
Azimuth: 209:49:58.9
Altitude: 31:01:54.8

Thu Mar 20 12:53:48 2014
Adjusting the interferometer position.
Azimuth: 209:58:28.4
Altitude: 30:58:35.8

Thu Mar 20 12:54:21 2014
Adjusting the interferometer position.
Azimuth: 210:06:42.1
Altitude: 30:55:21.8

Thu Mar 20 12:54:54 2014
Adjusting the interferometer position.
Azimuth: 210:14:55.2
Altitude: 30:52:07.1

Thu Mar 20 12:55:28 2014
Adjusting the interferometer position.
Azimuth: 210:23:22.5
Altitude: 30:48:45.7

Thu Mar 20 12:56:01 2014
Adjusting the interferometer position.
Azimuth: 210:31:34.1
Altitude: 30:45:29.3

Thu Mar 20 12:56:34 2014
Adjusting the interferometer position.
Azimuth: 210:39:45.0
Altitude: 30:42:12.2

Thu Mar 20 12:57:07 2014
Adjusting the interferometer position.
Azimuth: 210:47:55.2
Altitude: 30:38:54.4

Thu Mar 20 12:57:41 2014
Adjusting the interferometer position.
Azimuth: 210:56:19.6
Altitude: 30:35:29.7

Thu Mar 20 12:58:14 2014
Adjusting the interferometer position.
Azimuth: 211:04:28.3
Altitude: 30:32:10.3

Thu Mar 20 12:58:47 2014
Adjusting the interferometer position.
Azimuth: 211:12:36.4
Altitude: 30:28:50.1

Thu Mar 20 12:59:21 2014
Adjusting the interferometer position.
Azimuth: 211:20:58.5
Altitude: 30:25:23.1

Thu Mar 20 12:59:54 2014
Adjusting the interferometer position.
Azimuth: 211:29:05.1
Altitude: 30:22:01.3

Thu Mar 20 13:00:27 2014
Adjusting the interferometer position.
Azimuth: 211:37:11.0
Altitude: 30:18:38.8

Thu Mar 20 13:01:01 2014
Adjusting the interferometer position.
Azimuth: 211:45:30.8
Altitude: 30:15:09.4

Thu Mar 20 13:01:34 2014
Adjusting the interferometer position.
Azimuth: 211:53:35.3
Altitude: 30:11:45.4

Thu Mar 20 13:02:07 2014
Adjusting the interferometer position.
Azimuth: 212:01:39.0
Altitude: 30:08:20.6

Thu Mar 20 13:02:40 2014
Adjusting the interferometer position.
Azimuth: 212:09:42.0
Altitude: 30:04:55.1

Thu Mar 20 13:03:14 2014
Adjusting the interferometer position.
Azimuth: 212:17:58.9
Altitude: 30:01:22.5

Thu Mar 20 13:03:47 2014
Adjusting the interferometer position.
Azimuth: 212:26:00.5
Altitude: 29:57:55.5

Thu Mar 20 13:04:21 2014
Adjusting the interferometer position.
Azimuth: 212:34:15.8
Altitude: 29:54:21.4

Thu Mar 20 13:04:54 2014
Adjusting the interferometer position.
Azimuth: 212:42:15.9
Altitude: 29:50:52.9

Thu Mar 20 13:05:27 2014
Adjusting the interferometer position.
Azimuth: 212:50:15.3
Altitude: 29:47:23.6

Thu Mar 20 13:06:01 2014
Adjusting the interferometer position.
Azimuth: 212:58:28.5
Altitude: 29:43:47.2

Thu Mar 20 13:06:34 2014
Adjusting the interferometer position.
Azimuth: 213:06:26.4
Altitude: 29:40:16.4

Thu Mar 20 13:07:07 2014
Adjusting the interferometer position.
Azimuth: 213:14:23.6
Altitude: 29:36:44.9

Thu Mar 20 13:07:40 2014
Adjusting the interferometer position.
Azimuth: 213:22:20.1
Altitude: 29:33:12.6

Thu Mar 20 13:08:14 2014
Adjusting the interferometer position.
Azimuth: 213:30:30.2
Altitude: 29:29:33.2

Thu Mar 20 13:08:47 2014
Adjusting the interferometer position.
Azimuth: 213:38:25.2
Altitude: 29:25:59.5

Thu Mar 20 13:09:20 2014
Adjusting the interferometer position.
Azimuth: 213:46:19.5
Altitude: 29:22:25.1

Thu Mar 20 13:09:54 2014
Adjusting the interferometer position.
Azimuth: 213:54:27.5
Altitude: 29:18:43.4

Thu Mar 20 13:10:27 2014
Adjusting the interferometer position.
Azimuth: 214:02:20.3
Altitude: 29:15:07.5

Thu Mar 20 13:11:00 2014
Adjusting the interferometer position.
Azimuth: 214:10:12.4
Altitude: 29:11:30.9

Thu Mar 20 13:11:34 2014
Adjusting the interferometer position.
Azimuth: 214:18:18.1
Altitude: 29:07:47.0

Thu Mar 20 13:12:07 2014
Adjusting the interferometer position.
Azimuth: 214:26:08.7
Altitude: 29:04:08.9

Thu Mar 20 13:12:40 2014
Adjusting the interferometer position.
Azimuth: 214:33:58.7
Altitude: 29:00:30.2

Thu Mar 20 13:13:14 2014
Adjusting the interferometer position.
Azimuth: 214:42:02.1
Altitude: 28:56:44.1

Thu Mar 20 13:13:47 2014
Adjusting the interferometer position.
Azimuth: 214:49:50.6
Altitude: 28:53:03.9

Thu Mar 20 13:14:20 2014
Adjusting the interferometer position.
Azimuth: 214:57:38.3
Altitude: 28:49:23.0

Thu Mar 20 13:14:54 2014
Adjusting the interferometer position.
Azimuth: 215:05:39.5
Altitude: 28:45:34.7

Thu Mar 20 13:15:27 2014
Adjusting the interferometer position.
Azimuth: 215:13:25.8
Altitude: 28:41:52.4

Thu Mar 20 13:16:00 2014
Adjusting the interferometer position.
Azimuth: 215:21:11.4
Altitude: 28:38:09.4

Thu Mar 20 13:16:34 2014
Adjusting the interferometer position.
Azimuth: 215:29:10.3
Altitude: 28:34:18.9

Thu Mar 20 13:17:07 2014
Adjusting the interferometer position.
Azimuth: 215:36:54.4
Altitude: 28:30:34.5

Thu Mar 20 13:17:40 2014
Adjusting the interferometer position.
Azimuth: 215:44:37.8
Altitude: 28:26:49.4

Thu Mar 20 13:18:14 2014
Adjusting the interferometer position.
Azimuth: 215:52:34.5
Altitude: 28:22:56.7

Thu Mar 20 13:18:47 2014
Adjusting the interferometer position.
Azimuth: 216:00:16.4
Altitude: 28:19:10.3

Thu Mar 20 13:19:20 2014
Adjusting the interferometer position.
Azimuth: 216:07:57.6
Altitude: 28:15:23.1

Thu Mar 20 13:19:54 2014
Adjusting the interferometer position.
Azimuth: 216:15:52.1
Altitude: 28:11:28.3

Thu Mar 20 13:20:27 2014
Adjusting the interferometer position.
Azimuth: 216:23:31.8
Altitude: 28:07:39.8

Thu Mar 20 13:21:01 2014
Adjusting the interferometer position.
Azimuth: 216:31:24.8
Altitude: 28:03:43.6

Thu Mar 20 13:21:34 2014
Adjusting the interferometer position.
Azimuth: 216:39:03.1
Altitude: 27:59:53.7

Thu Mar 20 13:22:07 2014
Adjusting the interferometer position.
Azimuth: 216:46:40.6
Altitude: 27:56:03.1

Thu Mar 20 13:22:40 2014
Adjusting the interferometer position.
Azimuth: 216:54:17.5
Altitude: 27:52:11.9

Thu Mar 20 13:23:14 2014
Adjusting the interferometer position.
Azimuth: 217:02:07.5
Altitude: 27:48:12.9

Thu Mar 20 13:23:47 2014
Adjusting the interferometer position.
Azimuth: 217:09:42.9
Altitude: 27:44:20.4

Thu Mar 20 13:24:20 2014
Adjusting the interferometer position.
Azimuth: 217:17:17.6
Altitude: 27:40:27.1

Thu Mar 20 13:24:54 2014
Adjusting the interferometer position.
Azimuth: 217:25:05.3
Altitude: 27:36:26.1

Thu Mar 20 13:25:27 2014
Adjusting the interferometer position.
Azimuth: 217:32:38.5
Altitude: 27:32:31.5

Thu Mar 20 13:26:00 2014
Adjusting the interferometer position.
Azimuth: 217:40:11.1
Altitude: 27:28:36.3

Thu Mar 20 13:26:33 2014
Adjusting the interferometer position.
Azimuth: 217:47:42.9
Altitude: 27:24:40.4

Thu Mar 20 13:27:07 2014
Adjusting the interferometer position.
Azimuth: 217:55:27.6
Altitude: 27:20:36.6

Thu Mar 20 13:27:40 2014
Resetting the interferometer to its home position.

Thu Mar 20 13:28:18 2014
Done. Data collection may now resume.

Thu Mar 20 13:28:18 2014
Adjusting the interferometer position.
Azimuth: 218:11:35.7
Altitude: 27:12:05.5

Thu Mar 20 13:28:59 2014
Adjusting the interferometer position.
Azimuth: 218:20:53.3
Altitude: 27:07:08.9

Thu Mar 20 13:29:32 2014
Adjusting the interferometer position.
Azimuth: 218:28:21.2
Altitude: 27:03:09.5

Thu Mar 20 13:30:05 2014
Adjusting the interferometer position.
Azimuth: 218:35:48.5
Altitude: 26:59:09.5

Thu Mar 20 13:30:39 2014
Adjusting the interferometer position.
Azimuth: 218:43:28.5
Altitude: 26:55:01.5

Thu Mar 20 13:31:13 2014
Adjusting the interferometer position.
Azimuth: 218:51:07.8
Altitude: 26:50:52.9

Thu Mar 20 13:31:46 2014
Adjusting the interferometer position.
Azimuth: 218:58:32.9
Altitude: 26:46:50.9

Thu Mar 20 13:32:19 2014
Adjusting the interferometer position.
Azimuth: 219:05:57.3
Altitude: 26:42:48.3

Thu Mar 20 13:32:53 2014
Adjusting the interferometer position.
Azimuth: 219:13:34.3
Altitude: 26:38:37.7

Thu Mar 20 13:33:26 2014
Adjusting the interferometer position.
Azimuth: 219:20:57.3
Altitude: 26:34:33.9

Thu Mar 20 13:33:59 2014
Adjusting the interferometer position.
Azimuth: 219:28:19.5
Altitude: 26:30:29.4

Thu Mar 20 13:34:33 2014
Adjusting the interferometer position.
Azimuth: 219:35:54.4
Altitude: 26:26:16.8

Thu Mar 20 13:35:06 2014
Adjusting the interferometer position.
Azimuth: 219:43:15.2
Altitude: 26:22:11.1

Thu Mar 20 13:35:39 2014
Adjusting the interferometer position.
Azimuth: 219:50:35.3
Altitude: 26:18:04.7

Thu Mar 20 13:36:12 2014
Adjusting the interferometer position.
Azimuth: 219:57:54.7
Altitude: 26:13:57.7

Thu Mar 20 13:36:46 2014
Adjusting the interferometer position.
Azimuth: 220:05:26.6
Altitude: 26:09:42.6

Thu Mar 20 13:37:19 2014
Adjusting the interferometer position.
Azimuth: 220:12:44.6
Altitude: 26:05:34.4

Thu Mar 20 13:37:52 2014
Adjusting the interferometer position.
Azimuth: 220:20:01.8
Altitude: 26:01:25.6

Thu Mar 20 13:38:26 2014
Adjusting the interferometer position.
Azimuth: 220:27:31.6
Altitude: 25:57:08.6

Thu Mar 20 13:38:59 2014
Adjusting the interferometer position.
Azimuth: 220:34:47.5
Altitude: 25:52:58.5

Thu Mar 20 13:39:32 2014
Adjusting the interferometer position.
Azimuth: 220:42:02.6
Altitude: 25:48:47.8

Thu Mar 20 13:40:06 2014
Adjusting the interferometer position.
Azimuth: 220:49:30.2
Altitude: 25:44:29.0

Thu Mar 20 13:40:39 2014
Adjusting the interferometer position.
Azimuth: 220:56:43.9
Altitude: 25:40:17.1

Thu Mar 20 13:41:12 2014
Adjusting the interferometer position.
Azimuth: 221:03:57.0
Altitude: 25:36:04.6

Thu Mar 20 13:41:45 2014
Adjusting the interferometer position.
Azimuth: 221:11:09.3
Altitude: 25:31:51.6

Thu Mar 20 13:42:19 2014
Adjusting the interferometer position.
Azimuth: 221:18:34.0
Altitude: 25:27:30.2

Thu Mar 20 13:42:52 2014
Adjusting the interferometer position.
Azimuth: 221:25:44.9
Altitude: 25:23:16.0

Thu Mar 20 13:43:25 2014
Adjusting the interferometer position.
Azimuth: 221:32:55.2
Altitude: 25:19:01.1

Thu Mar 20 13:43:59 2014
Adjusting the interferometer position.
Azimuth: 221:40:17.7
Altitude: 25:14:37.9

Thu Mar 20 13:44:32 2014
Adjusting the interferometer position.
Azimuth: 221:47:26.6
Altitude: 25:10:21.9

Thu Mar 20 13:45:05 2014
Adjusting the interferometer position.
Azimuth: 221:54:34.7
Altitude: 25:06:05.3

Thu Mar 20 13:45:38 2014
Adjusting the interferometer position.
Azimuth: 222:01:42.2
Altitude: 25:01:48.1

Thu Mar 20 13:46:12 2014
Adjusting the interferometer position.
Azimuth: 222:09:01.9
Altitude: 24:57:22.6

Thu Mar 20 13:46:45 2014
Adjusting the interferometer position.
Azimuth: 222:16:08.0
Altitude: 24:53:04.2

Thu Mar 20 13:47:18 2014
Adjusting the interferometer position.
Azimuth: 222:23:13.3
Altitude: 24:48:45.3

Thu Mar 20 13:47:52 2014
Adjusting the interferometer position.
Azimuth: 222:30:30.9
Altitude: 24:44:17.9

Thu Mar 20 13:48:25 2014
Adjusting the interferometer position.
Azimuth: 222:37:34.9
Altitude: 24:39:57.8

Thu Mar 20 13:48:58 2014
Adjusting the interferometer position.
Azimuth: 222:44:38.2
Altitude: 24:35:37.2

Thu Mar 20 13:49:32 2014
Adjusting the interferometer position.
Azimuth: 222:51:53.6
Altitude: 24:31:08.1

Thu Mar 20 13:50:05 2014
Adjusting the interferometer position.
Azimuth: 222:58:55.6
Altitude: 24:26:46.3

Thu Mar 20 13:50:38 2014
Adjusting the interferometer position.
Azimuth: 223:05:56.8
Altitude: 24:22:23.9

Thu Mar 20 13:51:12 2014
Adjusting the interferometer position.
Azimuth: 223:13:10.1
Altitude: 24:17:53.1

Thu Mar 20 13:51:45 2014
Adjusting the interferometer position.
Azimuth: 223:20:10.0
Altitude: 24:13:29.6

Thu Mar 20 13:52:18 2014
Adjusting the interferometer position.
Azimuth: 223:27:09.2
Altitude: 24:09:05.6

Thu Mar 20 13:52:52 2014
Adjusting the interferometer position.
Azimuth: 223:34:20.4
Altitude: 24:04:33.0

Thu Mar 20 13:53:25 2014
Adjusting the interferometer position.
Azimuth: 223:41:18.3
Altitude: 24:00:07.8

Thu Mar 20 13:53:58 2014
Adjusting the interferometer position.
Azimuth: 223:48:15.4
Altitude: 23:55:42.1

Thu Mar 20 13:54:31 2014
Adjusting the interferometer position.
Azimuth: 223:55:11.9
Altitude: 23:51:15.9

Thu Mar 20 13:55:05 2014
Adjusting the interferometer position.
Azimuth: 224:02:20.4
Altitude: 23:46:41.0

Thu Mar 20 13:55:38 2014
Adjusting the interferometer position.
Azimuth: 224:09:15.5
Altitude: 23:42:13.7

Thu Mar 20 13:56:11 2014
Adjusting the interferometer position.
Azimuth: 224:16:10.0
Altitude: 23:37:45.8

Thu Mar 20 13:56:45 2014
Adjusting the interferometer position.
Azimuth: 224:23:16.3
Altitude: 23:33:09.3

Thu Mar 20 13:57:18 2014
Adjusting the interferometer position.
Azimuth: 224:30:09.4
Altitude: 23:28:40.3

Thu Mar 20 13:57:51 2014
Adjusting the interferometer position.
Azimuth: 224:37:01.9
Altitude: 23:24:10.8

Thu Mar 20 13:58:25 2014
Adjusting the interferometer position.
Azimuth: 224:44:06.2
Altitude: 23:19:32.6

Thu Mar 20 13:58:58 2014
Adjusting the interferometer position.
Azimuth: 224:50:57.3
Altitude: 23:15:02.0

Thu Mar 20 13:59:31 2014
Adjusting the interferometer position.
Azimuth: 224:57:47.7
Altitude: 23:10:30.9

Thu Mar 20 14:00:05 2014
Adjusting the interferometer position.
Azimuth: 225:04:49.9
Altitude: 23:05:51.1

Thu Mar 20 14:00:38 2014
Adjusting the interferometer position.
Azimuth: 225:11:39.1
Altitude: 23:01:18.9

Thu Mar 20 14:01:11 2014
Adjusting the interferometer position.
Azimuth: 225:18:27.5
Altitude: 22:56:46.2

Thu Mar 20 14:01:45 2014
Adjusting the interferometer position.
Azimuth: 225:25:27.7
Altitude: 22:52:04.7

Thu Mar 20 14:02:18 2014
Adjusting the interferometer position.
Azimuth: 225:32:14.8
Altitude: 22:47:31.0

Thu Mar 20 14:02:51 2014
Adjusting the interferometer position.
Azimuth: 225:39:01.3
Altitude: 22:42:56.7

Thu Mar 20 14:03:24 2014
Adjusting the interferometer position.
Azimuth: 225:45:47.2
Altitude: 22:38:22.0

Thu Mar 20 14:03:58 2014
Adjusting the interferometer position.
Azimuth: 225:52:44.6
Altitude: 22:33:38.4

Thu Mar 20 14:04:31 2014
Adjusting the interferometer position.
Azimuth: 225:59:29.1
Altitude: 22:29:02.6

Thu Mar 20 14:05:04 2014
Adjusting the interferometer position.
Azimuth: 226:06:13.0
Altitude: 22:24:26.2

Thu Mar 20 14:05:38 2014
Adjusting the interferometer position.
Azimuth: 226:13:08.4
Altitude: 22:19:41.0

Thu Mar 20 14:06:12 2014
Adjusting the interferometer position.
Azimuth: 226:20:03.2
Altitude: 22:14:55.3

Thu Mar 20 14:06:45 2014
Adjusting the interferometer position.
Azimuth: 226:26:45.1
Altitude: 22:10:17.4

Thu Mar 20 14:07:18 2014
Adjusting the interferometer position.
Azimuth: 226:33:26.4
Altitude: 22:05:39.1

Thu Mar 20 14:07:52 2014
Adjusting the interferometer position.
Azimuth: 226:40:19.1
Altitude: 22:00:51.8

Thu Mar 20 14:08:25 2014
Adjusting the interferometer position.
Azimuth: 226:46:59.1
Altitude: 21:56:12.4

Thu Mar 20 14:08:58 2014
Adjusting the interferometer position.
Azimuth: 226:53:38.4
Altitude: 21:51:32.6

Thu Mar 20 14:09:32 2014
Adjusting the interferometer position.
Azimuth: 227:00:29.2
Altitude: 21:46:43.7

Thu Mar 20 14:10:05 2014
Adjusting the interferometer position.
Azimuth: 227:07:07.2
Altitude: 21:42:02.9

Thu Mar 20 14:10:38 2014
Adjusting the interferometer position.
Azimuth: 227:13:44.7
Altitude: 21:37:21.5

Thu Mar 20 14:11:12 2014
Adjusting the interferometer position.
Azimuth: 227:20:33.4
Altitude: 21:32:31.2

Thu Mar 20 14:11:45 2014
Adjusting the interferometer position.
Azimuth: 227:27:09.6
Altitude: 21:27:48.8

Thu Mar 20 14:12:18 2014
Adjusting the interferometer position.
Azimuth: 227:33:45.1
Altitude: 21:23:06.0

Thu Mar 20 14:12:51 2014
Adjusting the interferometer position.
Azimuth: 227:40:20.0
Altitude: 21:18:22.7

Thu Mar 20 14:13:25 2014
Adjusting the interferometer position.
Azimuth: 227:47:06.1
Altitude: 21:13:30.4

Thu Mar 20 14:13:58 2014
Adjusting the interferometer position.
Azimuth: 227:53:39.7
Altitude: 21:08:46.1

Thu Mar 20 14:14:31 2014
Adjusting the interferometer position.
Azimuth: 228:00:12.7
Altitude: 21:04:01.4

Thu Mar 20 14:15:05 2014
Adjusting the interferometer position.
Azimuth: 228:06:57.0
Altitude: 20:59:07.5

Thu Mar 20 14:15:38 2014
Adjusting the interferometer position.
Azimuth: 228:13:28.7
Altitude: 20:54:21.8

Thu Mar 20 14:16:11 2014
Adjusting the interferometer position.
Azimuth: 228:19:59.8
Altitude: 20:49:35.6

Thu Mar 20 14:16:45 2014
Adjusting the interferometer position.
Azimuth: 228:26:42.1
Altitude: 20:44:40.3

Thu Mar 20 14:17:18 2014
Adjusting the interferometer position.
Azimuth: 228:33:12.0
Altitude: 20:39:53.2

Thu Mar 20 14:17:51 2014
Adjusting the interferometer position.
Azimuth: 228:39:41.2
Altitude: 20:35:05.6

Thu Mar 20 14:18:25 2014
Adjusting the interferometer position.
Azimuth: 228:46:21.6
Altitude: 20:30:08.8

Thu Mar 20 14:18:58 2014
Adjusting the interferometer position.
Azimuth: 228:52:49.6
Altitude: 20:25:20.3

Thu Mar 20 14:19:32 2014
Adjusting the interferometer position.
Azimuth: 228:59:28.8
Altitude: 20:20:22.6

Thu Mar 20 14:20:05 2014
Adjusting the interferometer position.
Azimuth: 229:05:55.5
Altitude: 20:15:33.1

Thu Mar 20 14:20:39 2014
Adjusting the interferometer position.
Azimuth: 229:12:33.4
Altitude: 20:10:34.4

Thu Mar 20 14:21:12 2014
Adjusting the interferometer position.
Azimuth: 229:18:58.9
Altitude: 20:05:44.1

Thu Mar 20 14:21:46 2014
Adjusting the interferometer position.
Azimuth: 229:25:35.5
Altitude: 20:00:44.4

Thu Mar 20 14:22:20 2014
Adjusting the interferometer position.
Azimuth: 229:32:11.5
Altitude: 19:55:44.3

Thu Mar 20 14:22:53 2014
Adjusting the interferometer position.
Azimuth: 229:38:35.2
Altitude: 19:50:52.5

Thu Mar 20 14:23:27 2014
Adjusting the interferometer position.
Azimuth: 229:45:09.9
Altitude: 19:45:51.5

Thu Mar 20 14:24:00 2014
Adjusting the interferometer position.
Azimuth: 229:51:32.4
Altitude: 19:40:58.8

Thu Mar 20 14:24:33 2014
Adjusting the interferometer position.
Azimuth: 229:57:54.3
Altitude: 19:36:05.7

Thu Mar 20 14:25:07 2014
Adjusting the interferometer position.
Azimuth: 230:04:27.1
Altitude: 19:31:03.3

Thu Mar 20 14:25:40 2014
Adjusting the interferometer position.
Azimuth: 230:10:47.8
Altitude: 19:26:09.3

Thu Mar 20 14:26:13 2014
Adjusting the interferometer position.
Azimuth: 230:17:07.9
Altitude: 19:21:14.9

Thu Mar 20 14:26:47 2014
Adjusting the interferometer position.
Azimuth: 230:23:38.9
Altitude: 19:16:11.1

Thu Mar 20 14:27:20 2014
Adjusting the interferometer position.
Azimuth: 230:29:57.8
Altitude: 19:11:15.8

Thu Mar 20 14:27:53 2014
Adjusting the interferometer position.
Azimuth: 230:36:16.1
Altitude: 19:06:20.0

Thu Mar 20 14:28:26 2014
Adjusting the interferometer position.
Azimuth: 230:42:33.9
Altitude: 19:01:23.8

Thu Mar 20 14:29:00 2014
Resetting the interferometer to its home position.

Thu Mar 20 14:29:37 2014
Done. Data collection may now resume.

Thu Mar 20 14:29:37 2014
Adjusting the interferometer position.
Azimuth: 230:56:04.6
Altitude: 18:50:45.1

Thu Mar 20 14:30:18 2014
Adjusting the interferometer position.
Azimuth: 231:03:51.6
Altitude: 18:44:35.4

Thu Mar 20 14:30:52 2014
Adjusting the interferometer position.
Azimuth: 231:10:18.1
Altitude: 18:39:28.3

Thu Mar 20 14:31:25 2014
Adjusting the interferometer position.
Azimuth: 231:16:32.7
Altitude: 18:34:29.9

Thu Mar 20 14:31:58 2014
Adjusting the interferometer position.
Azimuth: 231:22:46.7
Altitude: 18:29:31.0

Thu Mar 20 14:32:32 2014
Adjusting the interferometer position.
Azimuth: 231:29:11.5
Altitude: 18:24:22.6

Thu Mar 20 14:33:05 2014
Adjusting the interferometer position.
Azimuth: 231:35:24.4
Altitude: 18:19:22.8

Thu Mar 20 14:33:39 2014
Adjusting the interferometer position.
Azimuth: 231:41:47.9
Altitude: 18:14:13.5

Thu Mar 20 14:34:12 2014
Adjusting the interferometer position.
Azimuth: 231:47:59.6
Altitude: 18:09:12.9

Thu Mar 20 14:34:45 2014
Adjusting the interferometer position.
Azimuth: 231:54:10.8
Altitude: 18:04:11.9

Thu Mar 20 14:35:19 2014
Adjusting the interferometer position.
Azimuth: 232:00:32.6
Altitude: 17:59:01.4

Thu Mar 20 14:35:52 2014
Adjusting the interferometer position.
Azimuth: 232:06:42.6
Altitude: 17:53:59.5

Thu Mar 20 14:36:25 2014
Adjusting the interferometer position.
Azimuth: 232:12:52.0
Altitude: 17:48:57.3

Thu Mar 20 14:36:59 2014
Adjusting the interferometer position.
Azimuth: 232:19:12.1
Altitude: 17:43:45.5

Thu Mar 20 14:37:32 2014
Adjusting the interferometer position.
Azimuth: 232:25:20.4
Altitude: 17:38:42.4

Thu Mar 20 14:38:05 2014
Adjusting the interferometer position.
Azimuth: 232:31:28.2
Altitude: 17:33:38.9

Thu Mar 20 14:38:39 2014
Adjusting the interferometer position.
Azimuth: 232:37:46.5
Altitude: 17:28:25.8

Thu Mar 20 14:39:12 2014
Adjusting the interferometer position.
Azimuth: 232:43:53.1
Altitude: 17:23:21.6

Thu Mar 20 14:39:45 2014
Adjusting the interferometer position.
Azimuth: 232:49:59.2
Altitude: 17:18:16.9

Thu Mar 20 14:40:18 2014
Adjusting the interferometer position.
Azimuth: 232:56:04.7
Altitude: 17:13:11.8

Thu Mar 20 14:40:52 2014
Adjusting the interferometer position.
Azimuth: 233:02:20.8
Altitude: 17:07:57.1

Thu Mar 20 14:41:25 2014
Adjusting the interferometer position.
Azimuth: 233:08:25.2
Altitude: 17:02:51.2

Thu Mar 20 14:41:59 2014
Adjusting the interferometer position.
Azimuth: 233:14:40.1
Altitude: 16:57:35.6

Thu Mar 20 14:42:32 2014
Adjusting the interferometer position.
Azimuth: 233:20:43.4
Altitude: 16:52:29.0

Thu Mar 20 14:43:06 2014
Adjusting the interferometer position.
Azimuth: 233:26:57.2
Altitude: 16:47:12.6

Thu Mar 20 14:43:39 2014
Adjusting the interferometer position.
Azimuth: 233:32:59.4
Altitude: 16:42:05.2

Thu Mar 20 14:44:12 2014
Adjusting the interferometer position.
Azimuth: 233:39:01.1
Altitude: 16:36:57.3

Thu Mar 20 14:44:46 2014
Adjusting the interferometer position.
Azimuth: 233:45:13.2
Altitude: 16:31:39.8

Thu Mar 20 14:45:19 2014
Adjusting the interferometer position.
Azimuth: 233:51:13.8
Altitude: 16:26:31.2

Thu Mar 20 14:45:53 2014
Adjusting the interferometer position.
Azimuth: 233:57:24.7
Altitude: 16:21:12.8

Thu Mar 20 14:46:26 2014
Adjusting the interferometer position.
Azimuth: 234:03:24.3
Altitude: 16:16:03.4

Thu Mar 20 14:47:00 2014
Adjusting the interferometer position.
Azimuth: 234:09:34.1
Altitude: 16:10:44.3

Thu Mar 20 14:47:00 2014
ERROR: Alt is too low!
Object out of range of the interferometer.
Ending data collection.

Thu Mar 20 14:47:00 2014
Data collection succesful!

