Tue Mar 25 09:00:50 2014
The interferometer is now tracking the object with (RA, DEC) of (299:59:27.8, 40:32:46.5).

Tue Mar 25 09:00:50 2014
Initializing tracking daemon.

Tue Mar 25 09:00:50 2014
Adjusting the interferometer position.
Azimuth: 49:31:41.7
Altitude: 14:32:17.0

Tue Mar 25 09:00:50 2014
Data collection is now starting.

Tue Mar 25 09:01:23 2014
Adjusting the interferometer position.
Azimuth: 49:35:40.4
Altitude: 14:37:15.2

Tue Mar 25 09:01:57 2014
Adjusting the interferometer position.
Azimuth: 49:39:45.9
Altitude: 14:42:22.8

Tue Mar 25 09:02:31 2014
Adjusting the interferometer position.
Azimuth: 49:43:51.1
Altitude: 14:47:30.7

Tue Mar 25 09:03:04 2014
Adjusting the interferometer position.
Azimuth: 49:47:48.8
Altitude: 14:52:29.8

Tue Mar 25 09:03:40 2014
Adjusting the interferometer position.
Azimuth: 49:52:07.8
Altitude: 14:57:56.4

Tue Mar 25 09:04:14 2014
Adjusting the interferometer position.
Azimuth: 49:56:12.0
Altitude: 15:03:05.2

Tue Mar 25 09:04:48 2014
Adjusting the interferometer position.
Azimuth: 50:00:15.9
Altitude: 15:08:14.3

Tue Mar 25 09:05:22 2014
Adjusting the interferometer position.
Azimuth: 50:04:19.5
Altitude: 15:13:23.7

Tue Mar 25 09:05:56 2014
Adjusting the interferometer position.
Azimuth: 50:08:22.8
Altitude: 15:18:33.4

Tue Mar 25 09:06:30 2014
Adjusting the interferometer position.
Azimuth: 50:12:25.8
Altitude: 15:23:43.4

Tue Mar 25 09:07:03 2014
Adjusting the interferometer position.
Azimuth: 50:16:21.3
Altitude: 15:28:44.6

Tue Mar 25 09:07:42 2014
Adjusting the interferometer position.
Azimuth: 50:20:59.3
Altitude: 15:34:41.0

Tue Mar 25 09:08:21 2014
Adjusting the interferometer position.
Azimuth: 50:25:36.8
Altitude: 15:40:37.7

Tue Mar 25 09:08:54 2014
Adjusting the interferometer position.
Azimuth: 50:29:31.3
Altitude: 15:45:39.8

Tue Mar 25 09:09:28 2014
Adjusting the interferometer position.
Azimuth: 50:33:32.6
Altitude: 15:50:51.4

Tue Mar 25 09:10:01 2014
Adjusting the interferometer position.
Azimuth: 50:37:26.6
Altitude: 15:55:54.2

Tue Mar 25 09:10:34 2014
Adjusting the interferometer position.
Azimuth: 50:41:20.2
Altitude: 16:00:57.2

Tue Mar 25 09:11:08 2014
Adjusting the interferometer position.
Azimuth: 50:45:20.6
Altitude: 16:06:09.7

Tue Mar 25 09:11:41 2014
Adjusting the interferometer position.
Azimuth: 50:49:13.6
Altitude: 16:11:13.2

Tue Mar 25 09:12:16 2014
Adjusting the interferometer position.
Azimuth: 50:53:20.4
Altitude: 16:16:35.5

Tue Mar 25 09:12:49 2014
Adjusting the interferometer position.
Azimuth: 50:57:12.8
Altitude: 16:21:39.7

Tue Mar 25 09:13:22 2014
Adjusting the interferometer position.
Azimuth: 51:01:04.9
Altitude: 16:26:44.1

Tue Mar 25 09:13:57 2014
Adjusting the interferometer position.
Azimuth: 51:05:10.8
Altitude: 16:32:07.3

Tue Mar 25 09:14:30 2014
Adjusting the interferometer position.
Azimuth: 51:09:02.3
Altitude: 16:37:12.3

Tue Mar 25 09:15:03 2014
Adjusting the interferometer position.
Azimuth: 51:12:53.5
Altitude: 16:42:17.6

Tue Mar 25 09:15:36 2014
Adjusting the interferometer position.
Azimuth: 51:16:44.4
Altitude: 16:47:23.1

Tue Mar 25 09:16:11 2014
Adjusting the interferometer position.
Azimuth: 51:20:49.0
Altitude: 16:52:47.5

Tue Mar 25 09:16:44 2014
Adjusting the interferometer position.
Azimuth: 51:24:39.3
Altitude: 16:57:53.6

Tue Mar 25 09:17:18 2014
Adjusting the interferometer position.
Azimuth: 51:28:36.3
Altitude: 17:03:09.3

Tue Mar 25 09:17:52 2014
Adjusting the interferometer position.
Azimuth: 51:32:33.0
Altitude: 17:08:25.2

Tue Mar 25 09:18:25 2014
Adjusting the interferometer position.
Azimuth: 51:36:22.4
Altitude: 17:13:32.2

Tue Mar 25 09:19:00 2014
Adjusting the interferometer position.
Azimuth: 51:40:25.4
Altitude: 17:18:58.0

Tue Mar 25 09:19:33 2014
Adjusting the interferometer position.
Azimuth: 51:44:14.2
Altitude: 17:24:05.6

Tue Mar 25 09:20:08 2014
Adjusting the interferometer position.
Azimuth: 51:48:16.6
Altitude: 17:29:32.0

Tue Mar 25 09:20:42 2014
Adjusting the interferometer position.
Azimuth: 51:52:11.7
Altitude: 17:34:49.4

Tue Mar 25 09:21:15 2014
Adjusting the interferometer position.
Azimuth: 51:55:59.7
Altitude: 17:39:57.7

Tue Mar 25 09:21:50 2014
Adjusting the interferometer position.
Azimuth: 52:00:01.1
Altitude: 17:45:25.0

Tue Mar 25 09:22:23 2014
Adjusting the interferometer position.
Azimuth: 52:03:48.4
Altitude: 17:50:33.9

Tue Mar 25 09:22:56 2014
Adjusting the interferometer position.
Azimuth: 52:07:35.5
Altitude: 17:55:43.1

Tue Mar 25 09:23:31 2014
Adjusting the interferometer position.
Azimuth: 52:11:35.9
Altitude: 18:01:11.2

Tue Mar 25 09:24:04 2014
Adjusting the interferometer position.
Azimuth: 52:15:22.4
Altitude: 18:06:20.9

Tue Mar 25 09:24:39 2014
Adjusting the interferometer position.
Azimuth: 52:19:22.2
Altitude: 18:11:49.7

Tue Mar 25 09:25:12 2014
Adjusting the interferometer position.
Azimuth: 52:23:08.1
Altitude: 18:16:59.9

Tue Mar 25 09:25:45 2014
Adjusting the interferometer position.
Azimuth: 52:26:53.7
Altitude: 18:22:10.4

Tue Mar 25 09:26:20 2014
Adjusting the interferometer position.
Azimuth: 52:30:52.6
Altitude: 18:27:40.0

Tue Mar 25 09:26:53 2014
Adjusting the interferometer position.
Azimuth: 52:34:37.6
Altitude: 18:32:51.0

Tue Mar 25 09:27:28 2014
Adjusting the interferometer position.
Azimuth: 52:38:35.9
Altitude: 18:38:21.2

Tue Mar 25 09:28:02 2014
Adjusting the interferometer position.
Azimuth: 52:42:27.1
Altitude: 18:43:42.2

Tue Mar 25 09:28:35 2014
Adjusting the interferometer position.
Azimuth: 52:46:11.1
Altitude: 18:48:54.1

Tue Mar 25 09:29:10 2014
Adjusting the interferometer position.
Azimuth: 52:50:08.5
Altitude: 18:54:25.1

Tue Mar 25 09:29:43 2014
Adjusting the interferometer position.
Azimuth: 52:53:52.0
Altitude: 18:59:37.4

Tue Mar 25 09:30:16 2014
Adjusting the interferometer position.
Azimuth: 52:57:35.2
Altitude: 19:04:50.1

Tue Mar 25 09:30:51 2014
Adjusting the interferometer position.
Azimuth: 53:01:31.7
Altitude: 19:10:21.9

Tue Mar 25 09:31:24 2014
Adjusting the interferometer position.
Azimuth: 53:05:14.3
Altitude: 19:15:35.0

Tue Mar 25 09:31:59 2014
Adjusting the interferometer position.
Azimuth: 53:09:10.2
Altitude: 19:21:07.4

Tue Mar 25 09:32:33 2014
Adjusting the interferometer position.
Azimuth: 53:12:58.9
Altitude: 19:26:30.6

Tue Mar 25 09:33:07 2014
Adjusting the interferometer position.
Azimuth: 53:16:47.4
Altitude: 19:31:54.1

Tue Mar 25 09:33:41 2014
Adjusting the interferometer position.
Azimuth: 53:20:35.6
Altitude: 19:37:17.8

Tue Mar 25 09:34:14 2014
Adjusting the interferometer position.
Azimuth: 53:24:16.8
Altitude: 19:42:32.2

Tue Mar 25 09:34:48 2014
Adjusting the interferometer position.
Azimuth: 53:28:04.4
Altitude: 19:47:56.5

Tue Mar 25 09:35:22 2014
Adjusting the interferometer position.
Azimuth: 53:31:51.7
Altitude: 19:53:21.0

Tue Mar 25 09:35:55 2014
Adjusting the interferometer position.
Azimuth: 53:35:32.0
Altitude: 19:58:36.2

Tue Mar 25 09:36:30 2014
Adjusting the interferometer position.
Azimuth: 53:39:25.4
Altitude: 20:04:10.7

Tue Mar 25 09:37:04 2014
Adjusting the interferometer position.
Azimuth: 53:43:11.8
Altitude: 20:09:36.0

Tue Mar 25 09:37:38 2014
Adjusting the interferometer position.
Azimuth: 53:46:57.9
Altitude: 20:15:01.6

Tue Mar 25 09:38:13 2014
Adjusting the interferometer position.
Azimuth: 53:50:50.3
Altitude: 20:20:37.0

Tue Mar 25 09:38:49 2014
Adjusting the interferometer position.
Azimuth: 53:54:49.1
Altitude: 20:26:22.3

Tue Mar 25 09:39:22 2014
Adjusting the interferometer position.
Azimuth: 53:58:27.7
Altitude: 20:31:39.0

Tue Mar 25 09:39:57 2014
Adjusting the interferometer position.
Azimuth: 54:02:19.2
Altitude: 20:37:15.2

Tue Mar 25 09:40:29 2014
Adjusting the interferometer position.
Azimuth: 54:05:50.6
Altitude: 20:42:22.9

Tue Mar 25 09:41:02 2014
Adjusting the interferometer position.
Azimuth: 54:09:28.3
Altitude: 20:47:40.4

Tue Mar 25 09:41:37 2014
Adjusting the interferometer position.
Azimuth: 54:13:19.0
Altitude: 20:53:17.4

Tue Mar 25 09:42:11 2014
Adjusting the interferometer position.
Azimuth: 54:17:02.7
Altitude: 20:58:45.0

Tue Mar 25 09:42:45 2014
Adjusting the interferometer position.
Azimuth: 54:20:46.1
Altitude: 21:04:12.9

Tue Mar 25 09:43:19 2014
Adjusting the interferometer position.
Azimuth: 54:24:29.3
Altitude: 21:09:41.0

Tue Mar 25 09:43:54 2014
Adjusting the interferometer position.
Azimuth: 54:28:18.7
Altitude: 21:15:19.1

Tue Mar 25 09:44:27 2014
Adjusting the interferometer position.
Azimuth: 54:31:54.7
Altitude: 21:20:38.1

Tue Mar 25 09:45:01 2014
Adjusting the interferometer position.
Azimuth: 54:35:37.0
Altitude: 21:26:07.0

Tue Mar 25 09:45:36 2014
Adjusting the interferometer position.
Azimuth: 54:39:25.5
Altitude: 21:31:45.8

Tue Mar 25 09:46:09 2014
Adjusting the interferometer position.
Azimuth: 54:43:00.7
Altitude: 21:37:05.5

Tue Mar 25 09:46:44 2014
Adjusting the interferometer position.
Azimuth: 54:46:48.6
Altitude: 21:42:44.9

Tue Mar 25 09:47:18 2014
Adjusting the interferometer position.
Azimuth: 54:50:29.7
Altitude: 21:48:14.8

Tue Mar 25 09:47:52 2014
Adjusting the interferometer position.
Azimuth: 54:54:10.5
Altitude: 21:53:44.9

Tue Mar 25 09:48:26 2014
Adjusting the interferometer position.
Azimuth: 54:57:51.0
Altitude: 21:59:15.3

Tue Mar 25 09:49:00 2014
Adjusting the interferometer position.
Azimuth: 55:01:31.3
Altitude: 22:04:46.0

Tue Mar 25 09:49:34 2014
Adjusting the interferometer position.
Azimuth: 55:05:11.2
Altitude: 22:10:16.9

Tue Mar 25 09:50:08 2014
Adjusting the interferometer position.
Azimuth: 55:08:50.9
Altitude: 22:15:48.1

Tue Mar 25 09:50:43 2014
Adjusting the interferometer position.
Azimuth: 55:12:36.7
Altitude: 22:21:29.2

Tue Mar 25 09:51:16 2014
Adjusting the interferometer position.
Azimuth: 55:16:09.3
Altitude: 22:26:51.1

Tue Mar 25 09:51:51 2014
Adjusting the interferometer position.
Azimuth: 55:19:54.5
Altitude: 22:32:32.7

Tue Mar 25 09:52:25 2014
Adjusting the interferometer position.
Azimuth: 55:23:33.0
Altitude: 22:38:04.9

Tue Mar 25 09:52:58 2014
Adjusting the interferometer position.
Azimuth: 55:27:04.8
Altitude: 22:43:27.5

Tue Mar 25 09:53:32 2014
Adjusting the interferometer position.
Azimuth: 55:30:42.8
Altitude: 22:49:00.1

Tue Mar 25 09:54:06 2014
Adjusting the interferometer position.
Azimuth: 55:34:20.4
Altitude: 22:54:32.9

Tue Mar 25 09:54:39 2014
Adjusting the interferometer position.
Azimuth: 55:37:51.4
Altitude: 22:59:56.2

Tue Mar 25 09:55:13 2014
Adjusting the interferometer position.
Azimuth: 55:41:28.5
Altitude: 23:05:29.5

Tue Mar 25 09:55:47 2014
Adjusting the interferometer position.
Azimuth: 55:45:05.3
Altitude: 23:11:03.1

Tue Mar 25 09:56:20 2014
Adjusting the interferometer position.
Azimuth: 55:48:35.4
Altitude: 23:16:27.1

Tue Mar 25 09:56:54 2014
Adjusting the interferometer position.
Azimuth: 55:52:11.7
Altitude: 23:22:01.1

Tue Mar 25 09:57:28 2014
Adjusting the interferometer position.
Azimuth: 55:55:47.6
Altitude: 23:27:35.4

Tue Mar 25 09:58:02 2014
Adjusting the interferometer position.
Azimuth: 55:59:23.3
Altitude: 23:33:09.9

Tue Mar 25 09:58:35 2014
Adjusting the interferometer position.
Azimuth: 56:02:52.4
Altitude: 23:38:34.8

Tue Mar 25 09:59:09 2014
Adjusting the interferometer position.
Azimuth: 56:06:27.5
Altitude: 23:44:09.8

Tue Mar 25 09:59:43 2014
Adjusting the interferometer position.
Azimuth: 56:10:02.3
Altitude: 23:49:45.0

Tue Mar 25 10:00:16 2014
Adjusting the interferometer position.
Azimuth: 56:13:30.5
Altitude: 23:55:10.6

Tue Mar 25 10:00:50 2014
Resetting the interferometer to its home position.

Tue Mar 25 10:01:29 2014
Done. Data collection may now resume.

Tue Mar 25 10:01:29 2014
Adjusting the interferometer position.
Azimuth: 56:21:10.2
Altitude: 24:07:11.5

Tue Mar 25 10:02:12 2014
Adjusting the interferometer position.
Azimuth: 56:25:40.4
Altitude: 24:14:16.7

Tue Mar 25 10:02:46 2014
Adjusting the interferometer position.
Azimuth: 56:29:13.7
Altitude: 24:19:53.2

Tue Mar 25 10:03:19 2014
Adjusting the interferometer position.
Azimuth: 56:32:40.5
Altitude: 24:25:20.0

Tue Mar 25 10:03:53 2014
Adjusting the interferometer position.
Azimuth: 56:36:13.3
Altitude: 24:30:56.9

Tue Mar 25 10:04:28 2014
Adjusting the interferometer position.
Azimuth: 56:39:52.0
Altitude: 24:36:44.0

Tue Mar 25 10:05:01 2014
Adjusting the interferometer position.
Azimuth: 56:43:17.9
Altitude: 24:42:11.4

Tue Mar 25 10:05:34 2014
Adjusting the interferometer position.
Azimuth: 56:46:43.6
Altitude: 24:47:39.1

Tue Mar 25 10:06:09 2014
Adjusting the interferometer position.
Azimuth: 56:50:21.5
Altitude: 24:53:26.8

Tue Mar 25 10:06:42 2014
Adjusting the interferometer position.
Azimuth: 56:53:46.7
Altitude: 24:58:54.9

Tue Mar 25 10:07:16 2014
Adjusting the interferometer position.
Azimuth: 56:57:17.7
Altitude: 25:04:33.2

Tue Mar 25 10:07:50 2014
Adjusting the interferometer position.
Azimuth: 57:00:48.6
Altitude: 25:10:11.7

Tue Mar 25 10:08:25 2014
Adjusting the interferometer position.
Azimuth: 57:04:25.3
Altitude: 25:16:00.4

Tue Mar 25 10:08:58 2014
Adjusting the interferometer position.
Azimuth: 57:07:49.3
Altitude: 25:21:29.4

Tue Mar 25 10:09:31 2014
Adjusting the interferometer position.
Azimuth: 57:11:13.2
Altitude: 25:26:58.5

Tue Mar 25 10:10:06 2014
Adjusting the interferometer position.
Azimuth: 57:14:49.0
Altitude: 25:32:47.9

Tue Mar 25 10:10:39 2014
Adjusting the interferometer position.
Azimuth: 57:18:12.3
Altitude: 25:38:17.5

Tue Mar 25 10:11:12 2014
Adjusting the interferometer position.
Azimuth: 57:21:35.3
Altitude: 25:43:47.4

Tue Mar 25 10:11:47 2014
Adjusting the interferometer position.
Azimuth: 57:25:10.3
Altitude: 25:49:37.4

Tue Mar 25 10:12:21 2014
Adjusting the interferometer position.
Azimuth: 57:28:39.0
Altitude: 25:55:17.7

Tue Mar 25 10:12:55 2014
Adjusting the interferometer position.
Azimuth: 57:32:07.3
Altitude: 26:00:58.2

Tue Mar 25 10:13:28 2014
Adjusting the interferometer position.
Azimuth: 57:35:29.2
Altitude: 26:06:28.8

Tue Mar 25 10:14:02 2014
Adjusting the interferometer position.
Azimuth: 57:38:57.0
Altitude: 26:12:09.8

Tue Mar 25 10:14:36 2014
Adjusting the interferometer position.
Azimuth: 57:42:24.5
Altitude: 26:17:50.9

Tue Mar 25 10:15:09 2014
Adjusting the interferometer position.
Azimuth: 57:45:45.7
Altitude: 26:23:22.2

Tue Mar 25 10:15:45 2014
Adjusting the interferometer position.
Azimuth: 57:49:24.8
Altitude: 26:29:23.9

Tue Mar 25 10:16:19 2014
Adjusting the interferometer position.
Azimuth: 57:52:51.5
Altitude: 26:35:05.6

Tue Mar 25 10:16:52 2014
Adjusting the interferometer position.
Azimuth: 57:56:11.8
Altitude: 26:40:37.6

Tue Mar 25 10:17:26 2014
Adjusting the interferometer position.
Azimuth: 57:59:38.0
Altitude: 26:46:19.8

Tue Mar 25 10:18:00 2014
Adjusting the interferometer position.
Azimuth: 58:03:03.9
Altitude: 26:52:02.2

Tue Mar 25 10:18:35 2014
Adjusting the interferometer position.
Azimuth: 58:06:35.5
Altitude: 26:57:54.9

Tue Mar 25 10:19:08 2014
Adjusting the interferometer position.
Azimuth: 58:09:54.8
Altitude: 27:03:27.7

Tue Mar 25 10:19:41 2014
Adjusting the interferometer position.
Azimuth: 58:13:13.8
Altitude: 27:09:00.7

Tue Mar 25 10:20:16 2014
Adjusting the interferometer position.
Azimuth: 58:16:44.6
Altitude: 27:14:54.1

Tue Mar 25 10:20:49 2014
Adjusting the interferometer position.
Azimuth: 58:20:03.1
Altitude: 27:20:27.4

Tue Mar 25 10:21:22 2014
Adjusting the interferometer position.
Azimuth: 58:23:21.4
Altitude: 27:26:01.0

Tue Mar 25 10:21:57 2014
Adjusting the interferometer position.
Azimuth: 58:26:51.3
Altitude: 27:31:55.0

Tue Mar 25 10:22:31 2014
Adjusting the interferometer position.
Azimuth: 58:30:15.0
Altitude: 27:37:39.1

Tue Mar 25 10:23:05 2014
Adjusting the interferometer position.
Azimuth: 58:33:38.5
Altitude: 27:43:23.4

Tue Mar 25 10:23:38 2014
Adjusting the interferometer position.
Azimuth: 58:36:55.7
Altitude: 27:48:57.8

Tue Mar 25 10:24:08 2014
Adjusting the interferometer position.
Azimuth: 58:39:54.7
Altitude: 27:54:02.0

Tue Mar 25 10:24:43 2014
Adjusting the interferometer position.
Azimuth: 58:43:23.3
Altitude: 27:59:57.0

Tue Mar 25 10:25:16 2014
Adjusting the interferometer position.
Azimuth: 58:46:39.8
Altitude: 28:05:32.0

Tue Mar 25 10:25:50 2014
Adjusting the interferometer position.
Azimuth: 58:50:01.9
Altitude: 28:11:17.3

Tue Mar 25 10:26:25 2014
Adjusting the interferometer position.
Azimuth: 58:53:29.7
Altitude: 28:17:13.0

Tue Mar 25 10:26:58 2014
Adjusting the interferometer position.
Azimuth: 58:56:45.4
Altitude: 28:22:48.6

Tue Mar 25 10:27:32 2014
Adjusting the interferometer position.
Azimuth: 59:00:06.7
Altitude: 28:28:34.5

Tue Mar 25 10:28:06 2014
Adjusting the interferometer position.
Azimuth: 59:03:27.7
Altitude: 28:34:20.6

Tue Mar 25 10:28:41 2014
Adjusting the interferometer position.
Azimuth: 59:06:54.4
Altitude: 28:40:17.1

Tue Mar 25 10:29:14 2014
Adjusting the interferometer position.
Azimuth: 59:10:09.0
Altitude: 28:45:53.5

Tue Mar 25 10:29:47 2014
Adjusting the interferometer position.
Azimuth: 59:13:23.4
Altitude: 28:51:30.0

Tue Mar 25 10:30:24 2014
Adjusting the interferometer position.
Azimuth: 59:17:01.0
Altitude: 28:57:47.6

Tue Mar 25 10:31:01 2014
Adjusting the interferometer position.
Azimuth: 59:20:38.3
Altitude: 29:04:05.4

Tue Mar 25 10:31:34 2014
Adjusting the interferometer position.
Azimuth: 59:23:51.9
Altitude: 29:09:42.5

Tue Mar 25 10:32:07 2014
Adjusting the interferometer position.
Azimuth: 59:27:05.2
Altitude: 29:15:19.8

Tue Mar 25 10:32:40 2014
Adjusting the interferometer position.
Azimuth: 59:30:18.2
Altitude: 29:20:57.4

Tue Mar 25 10:33:15 2014
Adjusting the interferometer position.
Azimuth: 59:33:42.7
Altitude: 29:26:55.5

Tue Mar 25 10:33:49 2014
Adjusting the interferometer position.
Azimuth: 59:37:01.0
Altitude: 29:32:43.7

Tue Mar 25 10:34:23 2014
Adjusting the interferometer position.
Azimuth: 59:40:19.1
Altitude: 29:38:32.0

Tue Mar 25 10:34:56 2014
Adjusting the interferometer position.
Azimuth: 59:43:31.1
Altitude: 29:44:10.3

Tue Mar 25 10:35:32 2014
Adjusting the interferometer position.
Azimuth: 59:47:00.3
Altitude: 29:50:19.5

Tue Mar 25 10:36:07 2014
Adjusting the interferometer position.
Azimuth: 59:50:23.4
Altitude: 29:56:18.7

Tue Mar 25 10:36:41 2014
Adjusting the interferometer position.
Azimuth: 59:53:40.4
Altitude: 30:02:07.9

Tue Mar 25 10:37:14 2014
Adjusting the interferometer position.
Azimuth: 59:56:51.4
Altitude: 30:07:46.9

Tue Mar 25 10:37:47 2014
Adjusting the interferometer position.
Azimuth: 60:00:02.1
Altitude: 30:13:26.1

Tue Mar 25 10:38:22 2014
Adjusting the interferometer position.
Azimuth: 60:03:24.1
Altitude: 30:19:26.1

Tue Mar 25 10:38:55 2014
Adjusting the interferometer position.
Azimuth: 60:06:34.3
Altitude: 30:25:05.7

Tue Mar 25 10:39:28 2014
Adjusting the interferometer position.
Azimuth: 60:09:44.3
Altitude: 30:30:45.5

Tue Mar 25 10:40:01 2014
Adjusting the interferometer position.
Azimuth: 60:12:54.0
Altitude: 30:36:25.5

Tue Mar 25 10:40:36 2014
Adjusting the interferometer position.
Azimuth: 60:16:14.9
Altitude: 30:42:26.2

Tue Mar 25 10:41:09 2014
Adjusting the interferometer position.
Azimuth: 60:19:24.1
Altitude: 30:48:06.5

Tue Mar 25 10:41:43 2014
Adjusting the interferometer position.
Azimuth: 60:22:38.8
Altitude: 30:53:57.4

Tue Mar 25 10:42:16 2014
Adjusting the interferometer position.
Azimuth: 60:25:47.5
Altitude: 30:59:38.1

Tue Mar 25 10:42:49 2014
Adjusting the interferometer position.
Azimuth: 60:28:55.9
Altitude: 31:05:18.9

Tue Mar 25 10:43:24 2014
Adjusting the interferometer position.
Azimuth: 60:32:15.5
Altitude: 31:11:20.6

Tue Mar 25 10:43:57 2014
Adjusting the interferometer position.
Azimuth: 60:35:23.5
Altitude: 31:17:01.9

Tue Mar 25 10:44:30 2014
Adjusting the interferometer position.
Azimuth: 60:38:31.1
Altitude: 31:22:43.3

Tue Mar 25 10:45:05 2014
Adjusting the interferometer position.
Azimuth: 60:41:49.9
Altitude: 31:28:45.6

Tue Mar 25 10:45:39 2014
Adjusting the interferometer position.
Azimuth: 60:45:02.8
Altitude: 31:34:37.7

Tue Mar 25 10:46:13 2014
Adjusting the interferometer position.
Azimuth: 60:48:15.4
Altitude: 31:40:30.0

Tue Mar 25 10:46:46 2014
Adjusting the interferometer position.
Azimuth: 60:51:22.0
Altitude: 31:46:12.1

Tue Mar 25 10:47:19 2014
Adjusting the interferometer position.
Azimuth: 60:54:28.5
Altitude: 31:51:54.4

Tue Mar 25 10:47:54 2014
Adjusting the interferometer position.
Azimuth: 60:57:45.9
Altitude: 31:57:57.6

Tue Mar 25 10:48:27 2014
Adjusting the interferometer position.
Azimuth: 61:00:51.8
Altitude: 32:03:40.3

Tue Mar 25 10:49:00 2014
Adjusting the interferometer position.
Azimuth: 61:03:57.5
Altitude: 32:09:23.1

Tue Mar 25 10:49:34 2014
Adjusting the interferometer position.
Azimuth: 61:07:08.6
Altitude: 32:15:16.5

Tue Mar 25 10:50:08 2014
Adjusting the interferometer position.
Azimuth: 61:10:19.3
Altitude: 32:21:10.0

Tue Mar 25 10:50:43 2014
Adjusting the interferometer position.
Azimuth: 61:13:35.5
Altitude: 32:27:14.2

Tue Mar 25 10:51:16 2014
Adjusting the interferometer position.
Azimuth: 61:16:40.1
Altitude: 32:32:57.7

Tue Mar 25 10:51:49 2014
Adjusting the interferometer position.
Azimuth: 61:19:44.5
Altitude: 32:38:41.4

Tue Mar 25 10:52:24 2014
Adjusting the interferometer position.
Azimuth: 61:22:59.9
Altitude: 32:44:46.1

Tue Mar 25 10:52:58 2014
Adjusting the interferometer position.
Azimuth: 61:26:09.4
Altitude: 32:50:40.5

Tue Mar 25 10:53:32 2014
Adjusting the interferometer position.
Azimuth: 61:29:18.6
Altitude: 32:56:35.2

Tue Mar 25 10:54:05 2014
Adjusting the interferometer position.
Azimuth: 61:32:22.0
Altitude: 33:02:19.5

Tue Mar 25 10:54:38 2014
Adjusting the interferometer position.
Azimuth: 61:35:25.1
Altitude: 33:08:04.1

Tue Mar 25 10:55:15 2014
Adjusting the interferometer position.
Azimuth: 61:38:50.2
Altitude: 33:14:30.6

Tue Mar 25 10:55:52 2014
Adjusting the interferometer position.
Azimuth: 61:42:15.0
Altitude: 33:20:57.3

Tue Mar 25 10:56:26 2014
Adjusting the interferometer position.
Azimuth: 61:45:22.9
Altitude: 33:26:52.8

Tue Mar 25 10:57:01 2014
Adjusting the interferometer position.
Azimuth: 61:48:36.0
Altitude: 33:32:59.0

Tue Mar 25 10:57:34 2014
Adjusting the interferometer position.
Azimuth: 61:51:37.9
Altitude: 33:38:44.4

Tue Mar 25 10:58:07 2014
Adjusting the interferometer position.
Azimuth: 61:54:39.5
Altitude: 33:44:30.0

Tue Mar 25 10:58:42 2014
Adjusting the interferometer position.
Azimuth: 61:57:51.9
Altitude: 33:50:36.7

Tue Mar 25 10:59:16 2014
Adjusting the interferometer position.
Azimuth: 62:00:58.5
Altitude: 33:56:33.1

Tue Mar 25 10:59:50 2014
Adjusting the interferometer position.
Azimuth: 62:04:04.8
Altitude: 34:02:29.7

Tue Mar 25 11:00:23 2014
Adjusting the interferometer position.
Azimuth: 62:07:05.4
Altitude: 34:08:15.9

Tue Mar 25 11:00:56 2014
Adjusting the interferometer position.
Azimuth: 62:10:05.8
Altitude: 34:14:02.3

Tue Mar 25 11:01:31 2014
Adjusting the interferometer position.
Azimuth: 62:13:16.8
Altitude: 34:20:09.9

Tue Mar 25 11:02:05 2014
Resetting the interferometer to its home position.

Tue Mar 25 11:02:44 2014
Done. Data collection may now resume.

Tue Mar 25 11:02:44 2014
Adjusting the interferometer position.
Azimuth: 62:19:54.4
Altitude: 34:32:57.1

Tue Mar 25 11:03:26 2014
Adjusting the interferometer position.
Azimuth: 62:23:42.6
Altitude: 34:40:18.9

Tue Mar 25 11:04:00 2014
Adjusting the interferometer position.
Azimuth: 62:26:47.0
Altitude: 34:46:16.7

Tue Mar 25 11:04:35 2014
Adjusting the interferometer position.
Azimuth: 62:29:56.6
Altitude: 34:52:25.2

Tue Mar 25 11:05:08 2014
Adjusting the interferometer position.
Azimuth: 62:32:55.1
Altitude: 34:58:12.8

Tue Mar 25 11:05:42 2014
Adjusting the interferometer position.
Azimuth: 62:35:58.8
Altitude: 35:04:11.1

Tue Mar 25 11:06:15 2014
Adjusting the interferometer position.
Azimuth: 62:38:56.8
Altitude: 35:09:59.1

Tue Mar 25 11:06:49 2014
Adjusting the interferometer position.
Azimuth: 62:41:59.9
Altitude: 35:15:57.7

Tue Mar 25 11:07:24 2014
Adjusting the interferometer position.
Azimuth: 62:45:08.2
Altitude: 35:22:07.0

Tue Mar 25 11:07:57 2014
Adjusting the interferometer position.
Azimuth: 62:48:05.5
Altitude: 35:27:55.5

Tue Mar 25 11:08:30 2014
Adjusting the interferometer position.
Azimuth: 62:51:02.5
Altitude: 35:33:44.0

Tue Mar 25 11:09:04 2014
Adjusting the interferometer position.
Azimuth: 62:54:04.6
Altitude: 35:39:43.3

Tue Mar 25 11:09:37 2014
Adjusting the interferometer position.
Azimuth: 62:57:01.1
Altitude: 35:45:32.2

Tue Mar 25 11:10:12 2014
Adjusting the interferometer position.
Azimuth: 63:00:08.1
Altitude: 35:51:42.4

Tue Mar 25 11:10:45 2014
Adjusting the interferometer position.
Azimuth: 63:03:04.1
Altitude: 35:57:31.6

Tue Mar 25 11:11:18 2014
Adjusting the interferometer position.
Azimuth: 63:05:59.9
Altitude: 36:03:20.9

Tue Mar 25 11:11:52 2014
Adjusting the interferometer position.
Azimuth: 63:09:00.8
Altitude: 36:09:21.0

Tue Mar 25 11:12:25 2014
Adjusting the interferometer position.
Azimuth: 63:11:56.1
Altitude: 36:15:10.6

Tue Mar 25 11:12:59 2014
Adjusting the interferometer position.
Azimuth: 63:14:56.4
Altitude: 36:21:11.0

Tue Mar 25 11:13:33 2014
Adjusting the interferometer position.
Azimuth: 63:17:56.5
Altitude: 36:27:11.6

Tue Mar 25 11:14:06 2014
Adjusting the interferometer position.
Azimuth: 63:20:51.1
Altitude: 36:33:01.7

Tue Mar 25 11:14:39 2014
Adjusting the interferometer position.
Azimuth: 63:23:45.4
Altitude: 36:38:51.9

Tue Mar 25 11:15:14 2014
Adjusting the interferometer position.
Azimuth: 63:26:50.0
Altitude: 36:45:03.6

Tue Mar 25 11:15:48 2014
Adjusting the interferometer position.
Azimuth: 63:29:49.0
Altitude: 36:51:04.7

Tue Mar 25 11:16:23 2014
Adjusting the interferometer position.
Azimuth: 63:32:53.1
Altitude: 36:57:16.7

Tue Mar 25 11:16:56 2014
Adjusting the interferometer position.
Azimuth: 63:35:46.4
Altitude: 37:03:07.6

Tue Mar 25 11:17:29 2014
Adjusting the interferometer position.
Azimuth: 63:38:39.5
Altitude: 37:08:58.6

Tue Mar 25 11:18:03 2014
Adjusting the interferometer position.
Azimuth: 63:41:37.5
Altitude: 37:15:00.4

Tue Mar 25 11:18:37 2014
Adjusting the interferometer position.
Azimuth: 63:44:35.3
Altitude: 37:21:02.3

Tue Mar 25 11:19:12 2014
Adjusting the interferometer position.
Azimuth: 63:47:38.0
Altitude: 37:27:15.1

Tue Mar 25 11:19:45 2014
Adjusting the interferometer position.
Azimuth: 63:50:30.1
Altitude: 37:33:06.7

Tue Mar 25 11:20:18 2014
Adjusting the interferometer position.
Azimuth: 63:53:21.9
Altitude: 37:38:58.4

Tue Mar 25 11:20:52 2014
Adjusting the interferometer position.
Azimuth: 63:56:18.7
Altitude: 37:45:01.0

Tue Mar 25 11:21:25 2014
Adjusting the interferometer position.
Azimuth: 63:59:10.0
Altitude: 37:50:53.1

Tue Mar 25 11:21:59 2014
Adjusting the interferometer position.
Azimuth: 64:02:06.2
Altitude: 37:56:55.9

Tue Mar 25 11:22:34 2014
Adjusting the interferometer position.
Azimuth: 64:05:07.4
Altitude: 38:03:09.6

Tue Mar 25 11:23:07 2014
Adjusting the interferometer position.
Azimuth: 64:07:58.0
Altitude: 38:09:02.1

Tue Mar 25 11:23:41 2014
Adjusting the interferometer position.
Azimuth: 64:10:53.4
Altitude: 38:15:05.4

Tue Mar 25 11:24:14 2014
Adjusting the interferometer position.
Azimuth: 64:13:43.5
Altitude: 38:20:58.2

Tue Mar 25 11:24:47 2014
Adjusting the interferometer position.
Azimuth: 64:16:33.3
Altitude: 38:26:51.1

Tue Mar 25 11:25:22 2014
Adjusting the interferometer position.
Azimuth: 64:19:33.2
Altitude: 38:33:05.5

Tue Mar 25 11:25:55 2014
Adjusting the interferometer position.
Azimuth: 64:22:22.5
Altitude: 38:38:58.7

Tue Mar 25 11:26:28 2014
Adjusting the interferometer position.
Azimuth: 64:25:11.6
Altitude: 38:44:52.0

Tue Mar 25 11:27:02 2014
Adjusting the interferometer position.
Azimuth: 64:28:05.5
Altitude: 38:50:56.2

Tue Mar 25 11:27:35 2014
Adjusting the interferometer position.
Azimuth: 64:30:54.1
Altitude: 38:56:49.9

Tue Mar 25 11:28:12 2014
Adjusting the interferometer position.
Azimuth: 64:34:02.8
Altitude: 39:03:26.5

Tue Mar 25 11:28:48 2014
Adjusting the interferometer position.
Azimuth: 64:37:06.2
Altitude: 39:09:52.6

Tue Mar 25 11:29:24 2014
Adjusting the interferometer position.
Azimuth: 64:40:09.2
Altitude: 39:16:18.8

Tue Mar 25 11:29:58 2014
Adjusting the interferometer position.
Azimuth: 64:43:01.8
Altitude: 39:22:23.8

Tue Mar 25 11:30:33 2014
Adjusting the interferometer position.
Azimuth: 64:45:59.2
Altitude: 39:28:39.6

Tue Mar 25 11:31:06 2014
Adjusting the interferometer position.
Azimuth: 64:48:46.2
Altitude: 39:34:34.1

Tue Mar 25 11:31:40 2014
Adjusting the interferometer position.
Azimuth: 64:51:38.1
Altitude: 39:40:39.5

Tue Mar 25 11:32:13 2014
Adjusting the interferometer position.
Azimuth: 64:54:24.6
Altitude: 39:46:34.2

Tue Mar 25 11:32:46 2014
Adjusting the interferometer position.
Azimuth: 64:57:10.8
Altitude: 39:52:29.1

Tue Mar 25 11:33:21 2014
Adjusting the interferometer position.
Azimuth: 65:00:06.9
Altitude: 39:58:45.7

Tue Mar 25 11:33:54 2014
Adjusting the interferometer position.
Azimuth: 65:02:52.7
Altitude: 40:04:40.8

Tue Mar 25 11:34:27 2014
Adjusting the interferometer position.
Azimuth: 65:05:38.2
Altitude: 40:10:36.1

Tue Mar 25 11:35:01 2014
Adjusting the interferometer position.
Azimuth: 65:08:28.5
Altitude: 40:16:42.4

Tue Mar 25 11:35:34 2014
Adjusting the interferometer position.
Azimuth: 65:11:13.5
Altitude: 40:22:37.9

Tue Mar 25 11:36:07 2014
Adjusting the interferometer position.
Azimuth: 65:13:58.3
Altitude: 40:28:33.6

Tue Mar 25 11:36:42 2014
Adjusting the interferometer position.
Azimuth: 65:16:52.8
Altitude: 40:34:51.0

Tue Mar 25 11:37:15 2014
Adjusting the interferometer position.
Azimuth: 65:19:37.0
Altitude: 40:40:47.0

Tue Mar 25 11:37:48 2014
Adjusting the interferometer position.
Azimuth: 65:22:21.1
Altitude: 40:46:43.1

Tue Mar 25 11:38:22 2014
Adjusting the interferometer position.
Azimuth: 65:25:09.8
Altitude: 40:52:50.1

Tue Mar 25 11:38:55 2014
Adjusting the interferometer position.
Azimuth: 65:27:53.3
Altitude: 40:58:46.5

Tue Mar 25 11:39:29 2014
Adjusting the interferometer position.
Azimuth: 65:30:41.5
Altitude: 41:04:53.8

Tue Mar 25 11:40:04 2014
Adjusting the interferometer position.
Azimuth: 65:33:34.4
Altitude: 41:11:12.1

Tue Mar 25 11:40:37 2014
Adjusting the interferometer position.
Azimuth: 65:36:17.1
Altitude: 41:17:08.8

Tue Mar 25 11:41:10 2014
Adjusting the interferometer position.
Azimuth: 65:38:59.6
Altitude: 41:23:05.7

Tue Mar 25 11:41:44 2014
Adjusting the interferometer position.
Azimuth: 65:41:46.8
Altitude: 41:29:13.5

Tue Mar 25 11:42:17 2014
Adjusting the interferometer position.
Azimuth: 65:44:28.8
Altitude: 41:35:10.7

Tue Mar 25 11:42:50 2014
Adjusting the interferometer position.
Azimuth: 65:47:10.5
Altitude: 41:41:08.0

Tue Mar 25 11:43:25 2014
Adjusting the interferometer position.
Azimuth: 65:50:01.8
Altitude: 41:47:27.0

Tue Mar 25 11:43:58 2014
Adjusting the interferometer position.
Azimuth: 65:52:43.0
Altitude: 41:53:24.6

Tue Mar 25 11:44:32 2014
Adjusting the interferometer position.
Azimuth: 65:55:28.9
Altitude: 41:59:33.1

Tue Mar 25 11:45:05 2014
Adjusting the interferometer position.
Azimuth: 65:58:09.6
Altitude: 42:05:30.9

Tue Mar 25 11:45:38 2014
Adjusting the interferometer position.
Azimuth: 66:00:50.1
Altitude: 42:11:28.8

Tue Mar 25 11:46:11 2014
Adjusting the interferometer position.
Azimuth: 66:03:30.3
Altitude: 42:17:26.8

Tue Mar 25 11:46:47 2014
Adjusting the interferometer position.
Azimuth: 66:06:24.8
Altitude: 42:23:57.5

Tue Mar 25 11:47:22 2014
Adjusting the interferometer position.
Azimuth: 66:09:14.1
Altitude: 42:30:17.5

Tue Mar 25 11:47:56 2014
Adjusting the interferometer position.
Azimuth: 66:11:58.4
Altitude: 42:36:26.8

Tue Mar 25 11:48:30 2014
Adjusting the interferometer position.
Azimuth: 66:14:42.4
Altitude: 42:42:36.2

Tue Mar 25 11:49:03 2014
Adjusting the interferometer position.
Azimuth: 66:17:21.3
Altitude: 42:48:34.9

Tue Mar 25 11:49:36 2014
Adjusting the interferometer position.
Azimuth: 66:19:59.9
Altitude: 42:54:33.7

Tue Mar 25 11:50:09 2014
Adjusting the interferometer position.
Azimuth: 66:22:38.3
Altitude: 43:00:32.6

Tue Mar 25 11:50:43 2014
Adjusting the interferometer position.
Azimuth: 66:25:21.2
Altitude: 43:06:42.5

Tue Mar 25 11:51:17 2014
Adjusting the interferometer position.
Azimuth: 66:28:03.9
Altitude: 43:12:52.6

Tue Mar 25 11:51:52 2014
Adjusting the interferometer position.
Azimuth: 66:30:51.1
Altitude: 43:19:13.7

Tue Mar 25 11:52:25 2014
Adjusting the interferometer position.
Azimuth: 66:33:28.4
Altitude: 43:25:13.1

Tue Mar 25 11:52:58 2014
Adjusting the interferometer position.
Azimuth: 66:36:05.5
Altitude: 43:31:12.6

Tue Mar 25 11:53:32 2014
Adjusting the interferometer position.
Azimuth: 66:38:47.1
Altitude: 43:37:23.1

Tue Mar 25 11:54:05 2014
Adjusting the interferometer position.
Azimuth: 66:41:23.6
Altitude: 43:43:22.9

Tue Mar 25 11:54:38 2014
Adjusting the interferometer position.
Azimuth: 66:43:59.9
Altitude: 43:49:22.8

Tue Mar 25 11:55:13 2014
Adjusting the interferometer position.
Azimuth: 66:46:45.5
Altitude: 43:55:44.6

Tue Mar 25 11:55:46 2014
Adjusting the interferometer position.
Azimuth: 66:49:21.2
Altitude: 44:01:44.8

Tue Mar 25 11:56:19 2014
Adjusting the interferometer position.
Azimuth: 66:51:56.8
Altitude: 44:07:45.0

Tue Mar 25 11:56:53 2014
Adjusting the interferometer position.
Azimuth: 66:54:36.7
Altitude: 44:13:56.3

Tue Mar 25 11:57:26 2014
Adjusting the interferometer position.
Azimuth: 66:57:11.7
Altitude: 44:19:56.8

Tue Mar 25 11:57:59 2014
Adjusting the interferometer position.
Azimuth: 66:59:46.5
Altitude: 44:25:57.3

Tue Mar 25 11:58:34 2014
Adjusting the interferometer position.
Azimuth: 67:02:30.3
Altitude: 44:32:19.9

Tue Mar 25 11:59:09 2014
Adjusting the interferometer position.
Azimuth: 67:05:13.8
Altitude: 44:38:42.6

Tue Mar 25 11:59:45 2014
Adjusting the interferometer position.
Azimuth: 67:08:01.7
Altitude: 44:45:16.4

Tue Mar 25 12:00:18 2014
Adjusting the interferometer position.
Azimuth: 67:10:35.4
Altitude: 44:51:17.5

Tue Mar 25 12:00:53 2014
Adjusting the interferometer position.
Azimuth: 67:13:18.0
Altitude: 44:57:40.6

Tue Mar 25 12:01:26 2014
Adjusting the interferometer position.
Azimuth: 67:15:51.1
Altitude: 45:03:41.9

Tue Mar 25 12:01:59 2014
Adjusting the interferometer position.
Azimuth: 67:18:24.0
Altitude: 45:09:43.3

Tue Mar 25 12:02:33 2014
Adjusting the interferometer position.
Azimuth: 67:21:01.2
Altitude: 45:15:55.8

Tue Mar 25 12:03:06 2014
Resetting the interferometer to its home position.

Tue Mar 25 12:03:45 2014
Done. Data collection may now resume.

Tue Mar 25 12:03:45 2014
Adjusting the interferometer position.
Azimuth: 67:26:33.1
Altitude: 45:29:05.0

Tue Mar 25 12:04:27 2014
Adjusting the interferometer position.
Azimuth: 67:29:46.2
Altitude: 45:36:45.6

Tue Mar 25 12:05:00 2014
Adjusting the interferometer position.
Azimuth: 67:32:17.5
Altitude: 45:42:47.6

Tue Mar 25 12:05:33 2014
Adjusting the interferometer position.
Azimuth: 67:34:48.7
Altitude: 45:48:49.7

Tue Mar 25 12:06:07 2014
Adjusting the interferometer position.
Azimuth: 67:37:24.1
Altitude: 45:55:03.0

Tue Mar 25 12:06:40 2014
Adjusting the interferometer position.
Azimuth: 67:39:54.6
Altitude: 46:01:05.3

Tue Mar 25 12:07:15 2014
Adjusting the interferometer position.
Azimuth: 67:42:34.1
Altitude: 46:07:29.8

Tue Mar 25 12:07:49 2014
Adjusting the interferometer position.
Azimuth: 67:45:08.6
Altitude: 46:13:43.3

Tue Mar 25 12:08:22 2014
Adjusting the interferometer position.
Azimuth: 67:47:38.4
Altitude: 46:19:46.0

Tue Mar 25 12:08:56 2014
Adjusting the interferometer position.
Azimuth: 67:50:12.3
Altitude: 46:25:59.8

Tue Mar 25 12:09:29 2014
Adjusting the interferometer position.
Azimuth: 67:52:41.5
Altitude: 46:32:02.7

Tue Mar 25 12:10:02 2014
Adjusting the interferometer position.
Azimuth: 67:55:10.5
Altitude: 46:38:05.8

Tue Mar 25 12:10:36 2014
Adjusting the interferometer position.
Azimuth: 67:57:43.6
Altitude: 46:44:19.9

Tue Mar 25 12:11:09 2014
Adjusting the interferometer position.
Azimuth: 68:00:12.0
Altitude: 46:50:23.1

Tue Mar 25 12:11:43 2014
Adjusting the interferometer position.
Azimuth: 68:02:44.5
Altitude: 46:56:37.5

Tue Mar 25 12:12:17 2014
Adjusting the interferometer position.
Azimuth: 68:05:16.8
Altitude: 47:02:51.9

Tue Mar 25 12:12:50 2014
Adjusting the interferometer position.
Azimuth: 68:07:44.3
Altitude: 47:08:55.5

Tue Mar 25 12:13:23 2014
Adjusting the interferometer position.
Azimuth: 68:10:11.6
Altitude: 47:14:59.2

Tue Mar 25 12:13:57 2014
Adjusting the interferometer position.
Azimuth: 68:12:43.0
Altitude: 47:21:13.9

Tue Mar 25 12:14:30 2014
Adjusting the interferometer position.
Azimuth: 68:15:09.7
Altitude: 47:27:17.8

Tue Mar 25 12:15:03 2014
Adjusting the interferometer position.
Azimuth: 68:17:36.1
Altitude: 47:33:21.8

Tue Mar 25 12:15:39 2014
Adjusting the interferometer position.
Azimuth: 68:20:15.5
Altitude: 47:39:59.0

Tue Mar 25 12:16:13 2014
Adjusting the interferometer position.
Azimuth: 68:22:45.7
Altitude: 47:46:14.2

Tue Mar 25 12:16:49 2014
Adjusting the interferometer position.
Azimuth: 68:25:24.5
Altitude: 47:52:51.6

Tue Mar 25 12:17:22 2014
Adjusting the interferometer position.
Azimuth: 68:27:49.7
Altitude: 47:58:56.0

Tue Mar 25 12:17:56 2014
Adjusting the interferometer position.
Azimuth: 68:30:19.0
Altitude: 48:05:11.6

Tue Mar 25 12:18:42 2014
Adjusting the interferometer position.
Azimuth: 68:33:40.6
Altitude: 48:13:39.8

Tue Mar 25 12:19:17 2014
Adjusting the interferometer position.
Azimuth: 68:36:13.6
Altitude: 48:20:06.7

Tue Mar 25 12:19:50 2014
Adjusting the interferometer position.
Azimuth: 68:38:37.5
Altitude: 48:26:11.5

Tue Mar 25 12:20:25 2014
Adjusting the interferometer position.
Azimuth: 68:41:09.9
Altitude: 48:32:38.6

Tue Mar 25 12:20:59 2014
Adjusting the interferometer position.
Azimuth: 68:43:37.6
Altitude: 48:38:54.7

Tue Mar 25 12:21:34 2014
Adjusting the interferometer position.
Azimuth: 68:46:09.3
Altitude: 48:45:22.0

Tue Mar 25 12:22:07 2014
Adjusting the interferometer position.
Azimuth: 68:48:32.0
Altitude: 48:51:27.3

Tue Mar 25 12:22:41 2014
Adjusting the interferometer position.
Azimuth: 68:50:58.8
Altitude: 48:57:43.7

Tue Mar 25 12:23:14 2014
Adjusting the interferometer position.
Azimuth: 68:53:21.0
Altitude: 49:03:49.2

Tue Mar 25 12:23:47 2014
Adjusting the interferometer position.
Azimuth: 68:55:42.9
Altitude: 49:09:54.8

Tue Mar 25 12:24:20 2014
Adjusting the interferometer position.
Azimuth: 68:58:04.4
Altitude: 49:16:00.4

Tue Mar 25 12:24:54 2014
Adjusting the interferometer position.
Azimuth: 69:00:30.0
Altitude: 49:22:17.3

Tue Mar 25 12:25:27 2014
Adjusting the interferometer position.
Azimuth: 69:02:51.0
Altitude: 49:28:23.1

Tue Mar 25 12:26:02 2014
Adjusting the interferometer position.
Azimuth: 69:05:20.2
Altitude: 49:34:51.3

Tue Mar 25 12:26:36 2014
Adjusting the interferometer position.
Azimuth: 69:07:44.8
Altitude: 49:41:08.4

Tue Mar 25 12:27:11 2014
Adjusting the interferometer position.
Azimuth: 69:10:13.3
Altitude: 49:47:36.7

Tue Mar 25 12:27:44 2014
Adjusting the interferometer position.
Azimuth: 69:12:33.1
Altitude: 49:53:43.0

Tue Mar 25 12:28:17 2014
Adjusting the interferometer position.
Azimuth: 69:14:52.5
Altitude: 49:59:49.3

Tue Mar 25 12:28:50 2014
Adjusting the interferometer position.
Azimuth: 69:17:11.6
Altitude: 50:05:55.8

Tue Mar 25 12:29:24 2014
Adjusting the interferometer position.
Azimuth: 69:19:34.7
Altitude: 50:12:13.4

Tue Mar 25 12:29:57 2014
Adjusting the interferometer position.
Azimuth: 69:21:53.2
Altitude: 50:18:20.0

Tue Mar 25 12:30:30 2014
Adjusting the interferometer position.
Azimuth: 69:24:11.4
Altitude: 50:24:26.7

Tue Mar 25 12:31:06 2014
Adjusting the interferometer position.
Azimuth: 69:26:41.8
Altitude: 50:31:06.9

Tue Mar 25 12:31:40 2014
Adjusting the interferometer position.
Azimuth: 69:29:03.6
Altitude: 50:37:24.9

Tue Mar 25 12:32:16 2014
Adjusting the interferometer position.
Azimuth: 69:31:33.3
Altitude: 50:44:05.3

Tue Mar 25 12:32:51 2014
Adjusting the interferometer position.
Azimuth: 69:33:58.5
Altitude: 50:50:34.7

Tue Mar 25 12:33:25 2014
Adjusting the interferometer position.
Azimuth: 69:36:19.2
Altitude: 50:56:53.0

Tue Mar 25 12:34:00 2014
Adjusting the interferometer position.
Azimuth: 69:38:43.7
Altitude: 51:03:22.5

Tue Mar 25 12:34:33 2014
Adjusting the interferometer position.
Azimuth: 69:40:59.7
Altitude: 51:09:29.9

Tue Mar 25 12:35:06 2014
Adjusting the interferometer position.
Azimuth: 69:43:15.3
Altitude: 51:15:37.4

Tue Mar 25 12:35:40 2014
Adjusting the interferometer position.
Azimuth: 69:45:34.7
Altitude: 51:21:56.1

Tue Mar 25 12:36:13 2014
Adjusting the interferometer position.
Azimuth: 69:47:49.7
Altitude: 51:28:03.8

Tue Mar 25 12:36:46 2014
Adjusting the interferometer position.
Azimuth: 69:50:04.3
Altitude: 51:34:11.5

Tue Mar 25 12:37:19 2014
Adjusting the interferometer position.
Azimuth: 69:52:18.6
Altitude: 51:40:19.4

Tue Mar 25 12:37:53 2014
Adjusting the interferometer position.
Azimuth: 69:54:36.7
Altitude: 51:46:38.4

Tue Mar 25 12:38:23 2014
Adjusting the interferometer position.
Azimuth: 69:56:38.2
Altitude: 51:52:13.0

Tue Mar 25 12:38:58 2014
Adjusting the interferometer position.
Azimuth: 69:58:59.7
Altitude: 51:58:43.4

Tue Mar 25 12:39:31 2014
Adjusting the interferometer position.
Azimuth: 70:01:12.7
Altitude: 52:04:51.6

Tue Mar 25 12:40:04 2014
Adjusting the interferometer position.
Azimuth: 70:03:25.4
Altitude: 52:10:59.8

Tue Mar 25 12:40:37 2014
Adjusting the interferometer position.
Azimuth: 70:05:37.8
Altitude: 52:17:08.2

Tue Mar 25 12:41:11 2014
Adjusting the interferometer position.
Azimuth: 70:07:53.8
Altitude: 52:23:27.8

Tue Mar 25 12:41:44 2014
Adjusting the interferometer position.
Azimuth: 70:10:05.5
Altitude: 52:29:36.3

Tue Mar 25 12:42:19 2014
Adjusting the interferometer position.
Azimuth: 70:12:24.8
Altitude: 52:36:07.3

Tue Mar 25 12:42:53 2014
Adjusting the interferometer position.
Azimuth: 70:14:39.8
Altitude: 52:42:27.2

Tue Mar 25 12:43:29 2014
Adjusting the interferometer position.
Azimuth: 70:17:02.3
Altitude: 52:49:09.5

Tue Mar 25 12:44:08 2014
Adjusting the interferometer position.
Azimuth: 70:19:36.3
Altitude: 52:56:25.5

Tue Mar 25 12:44:46 2014
Adjusting the interferometer position.
Azimuth: 70:22:05.8
Altitude: 53:03:30.3

Tue Mar 25 12:45:20 2014
Adjusting the interferometer position.
Azimuth: 70:24:19.2
Altitude: 53:09:50.6

Tue Mar 25 12:45:53 2014
Adjusting the interferometer position.
Azimuth: 70:26:28.3
Altitude: 53:15:59.8

Tue Mar 25 12:46:26 2014
Adjusting the interferometer position.
Azimuth: 70:28:37.1
Altitude: 53:22:09.0

Tue Mar 25 12:47:01 2014
Adjusting the interferometer position.
Azimuth: 70:30:53.3
Altitude: 53:28:40.7

Tue Mar 25 12:47:35 2014
Adjusting the interferometer position.
Azimuth: 70:33:05.3
Altitude: 53:35:01.3

Tue Mar 25 12:48:11 2014
Adjusting the interferometer position.
Azimuth: 70:35:24.6
Altitude: 53:41:44.4

Tue Mar 25 12:48:47 2014
Adjusting the interferometer position.
Azimuth: 70:37:43.4
Altitude: 53:48:27.6

Tue Mar 25 12:49:22 2014
Adjusting the interferometer position.
Azimuth: 70:39:58.0
Altitude: 53:54:59.7

Tue Mar 25 12:49:57 2014
Adjusting the interferometer position.
Azimuth: 70:42:12.2
Altitude: 54:01:31.8

Tue Mar 25 12:50:27 2014
Adjusting the interferometer position.
Azimuth: 70:44:07.0
Altitude: 54:07:08.0

Tue Mar 25 12:51:03 2014
Adjusting the interferometer position.
Azimuth: 70:46:24.2
Altitude: 54:13:51.6

Tue Mar 25 12:51:36 2014
Adjusting the interferometer position.
Azimuth: 70:48:29.6
Altitude: 54:20:01.6

Tue Mar 25 12:52:09 2014
Adjusting the interferometer position.
Azimuth: 70:50:34.7
Altitude: 54:26:11.6

Tue Mar 25 12:52:43 2014
Adjusting the interferometer position.
Azimuth: 70:52:43.2
Altitude: 54:32:33.0

Tue Mar 25 12:53:16 2014
Adjusting the interferometer position.
Azimuth: 70:54:47.5
Altitude: 54:38:43.2

Tue Mar 25 12:53:49 2014
Adjusting the interferometer position.
Azimuth: 70:56:51.5
Altitude: 54:44:53.6

Tue Mar 25 12:54:23 2014
Adjusting the interferometer position.
Azimuth: 70:58:58.8
Altitude: 54:51:15.2

Tue Mar 25 12:54:56 2014
Adjusting the interferometer position.
Azimuth: 71:01:01.9
Altitude: 54:57:25.6

Tue Mar 25 12:55:33 2014
Adjusting the interferometer position.
Azimuth: 71:03:19.6
Altitude: 55:04:21.1

Tue Mar 25 12:56:09 2014
Adjusting the interferometer position.
Azimuth: 71:05:33.1
Altitude: 55:11:05.4

Tue Mar 25 12:56:43 2014
Adjusting the interferometer position.
Azimuth: 71:07:38.7
Altitude: 55:17:27.3

Tue Mar 25 12:57:16 2014
Adjusting the interferometer position.
Azimuth: 71:09:40.3
Altitude: 55:23:38.1

Tue Mar 25 12:57:50 2014
Adjusting the interferometer position.
Azimuth: 71:11:45.1
Altitude: 55:30:00.2

Tue Mar 25 12:58:25 2014
Adjusting the interferometer position.
Azimuth: 71:13:53.2
Altitude: 55:36:33.6

Tue Mar 25 12:58:58 2014
Adjusting the interferometer position.
Azimuth: 71:15:53.6
Altitude: 55:42:44.6

Tue Mar 25 12:59:32 2014
Adjusting the interferometer position.
Azimuth: 71:17:57.1
Altitude: 55:49:07.0

Tue Mar 25 13:00:05 2014
Adjusting the interferometer position.
Azimuth: 71:19:56.7
Altitude: 55:55:18.1

Tue Mar 25 13:00:38 2014
Adjusting the interferometer position.
Azimuth: 71:21:55.8
Altitude: 56:01:29.4

Tue Mar 25 13:01:11 2014
Adjusting the interferometer position.
Azimuth: 71:23:54.6
Altitude: 56:07:40.7

Tue Mar 25 13:01:45 2014
Adjusting the interferometer position.
Azimuth: 71:25:56.5
Altitude: 56:14:03.3

Tue Mar 25 13:02:18 2014
Adjusting the interferometer position.
Azimuth: 71:27:54.4
Altitude: 56:20:14.8

Tue Mar 25 13:02:51 2014
Adjusting the interferometer position.
Azimuth: 71:29:51.9
Altitude: 56:26:26.3

Tue Mar 25 13:03:26 2014
Adjusting the interferometer position.
Azimuth: 71:31:56.0
Altitude: 56:33:00.4

Tue Mar 25 13:03:59 2014
Resetting the interferometer to its home position.

Tue Mar 25 13:04:35 2014
Done. Data collection may now resume.

Tue Mar 25 13:04:35 2014
Adjusting the interferometer position.
Azimuth: 71:35:59.4
Altitude: 56:45:57.6

Tue Mar 25 13:05:16 2014
Adjusting the interferometer position.
Azimuth: 71:38:23.2
Altitude: 56:53:39.6

Tue Mar 25 13:05:51 2014
Adjusting the interferometer position.
Azimuth: 71:40:25.4
Altitude: 57:00:14.0

Tue Mar 25 13:06:25 2014
Adjusting the interferometer position.
Azimuth: 71:42:23.6
Altitude: 57:06:37.2

Tue Mar 25 13:06:58 2014
Adjusting the interferometer position.
Azimuth: 71:44:18.0
Altitude: 57:12:49.3

Tue Mar 25 13:07:31 2014
Adjusting the interferometer position.
Azimuth: 71:46:11.8
Altitude: 57:19:01.4

Tue Mar 25 13:08:06 2014
Adjusting the interferometer position.
Azimuth: 71:48:12.2
Altitude: 57:25:36.1

Tue Mar 25 13:08:39 2014
Adjusting the interferometer position.
Azimuth: 71:50:05.1
Altitude: 57:31:48.4

Tue Mar 25 13:09:13 2014
Adjusting the interferometer position.
Azimuth: 71:52:01.1
Altitude: 57:38:12.0

Tue Mar 25 13:09:47 2014
Adjusting the interferometer position.
Azimuth: 71:53:56.6
Altitude: 57:44:35.6

Tue Mar 25 13:10:20 2014
Adjusting the interferometer position.
Azimuth: 71:55:48.2
Altitude: 57:50:48.1

Tue Mar 25 13:10:53 2014
Adjusting the interferometer position.
Azimuth: 71:57:39.3
Altitude: 57:57:00.6

Tue Mar 25 13:11:27 2014
Adjusting the interferometer position.
Azimuth: 71:59:33.4
Altitude: 58:03:24.5

Tue Mar 25 13:12:00 2014
Adjusting the interferometer position.
Azimuth: 72:01:23.6
Altitude: 58:09:37.1

Tue Mar 25 13:12:33 2014
Adjusting the interferometer position.
Azimuth: 72:03:13.3
Altitude: 58:15:49.8

Tue Mar 25 13:13:07 2014
Adjusting the interferometer position.
Azimuth: 72:05:05.9
Altitude: 58:22:13.9

Tue Mar 25 13:13:40 2014
Adjusting the interferometer position.
Azimuth: 72:06:54.7
Altitude: 58:28:26.8

Tue Mar 25 13:14:13 2014
Adjusting the interferometer position.
Azimuth: 72:08:43.1
Altitude: 58:34:39.7

Tue Mar 25 13:14:48 2014
Adjusting the interferometer position.
Azimuth: 72:10:37.4
Altitude: 58:41:15.2

Tue Mar 25 13:15:21 2014
Adjusting the interferometer position.
Azimuth: 72:12:24.8
Altitude: 58:47:28.3

Tue Mar 25 13:15:57 2014
Adjusting the interferometer position.
Azimuth: 72:14:21.3
Altitude: 58:54:15.3

Tue Mar 25 13:16:31 2014
Adjusting the interferometer position.
Azimuth: 72:16:10.8
Altitude: 59:00:39.8

Tue Mar 25 13:17:06 2014
Adjusting the interferometer position.
Azimuth: 72:18:03.0
Altitude: 59:07:15.6

Tue Mar 25 13:17:39 2014
Adjusting the interferometer position.
Azimuth: 72:19:48.3
Altitude: 59:13:28.9

Tue Mar 25 13:18:13 2014
Adjusting the interferometer position.
Azimuth: 72:21:36.3
Altitude: 59:19:53.6

Tue Mar 25 13:18:47 2014
Adjusting the interferometer position.
Azimuth: 72:23:23.6
Altitude: 59:26:18.3

Tue Mar 25 13:19:20 2014
Adjusting the interferometer position.
Azimuth: 72:25:07.4
Altitude: 59:32:31.8

Tue Mar 25 13:19:53 2014
Adjusting the interferometer position.
Azimuth: 72:26:50.6
Altitude: 59:38:45.3

Tue Mar 25 13:20:27 2014
Adjusting the interferometer position.
Azimuth: 72:28:36.4
Altitude: 59:45:10.2

Tue Mar 25 13:21:00 2014
Adjusting the interferometer position.
Azimuth: 72:30:18.5
Altitude: 59:51:23.9

Tue Mar 25 13:21:33 2014
Adjusting the interferometer position.
Azimuth: 72:32:00.1
Altitude: 59:57:37.6

Tue Mar 25 13:22:06 2014
Adjusting the interferometer position.
Azimuth: 72:33:41.2
Altitude: 60:03:51.4

Tue Mar 25 13:22:40 2014
Adjusting the interferometer position.
Azimuth: 72:35:24.8
Altitude: 60:10:16.5

Tue Mar 25 13:23:13 2014
Adjusting the interferometer position.
Azimuth: 72:37:04.8
Altitude: 60:16:30.4

Tue Mar 25 13:23:49 2014
Adjusting the interferometer position.
Azimuth: 72:38:53.3
Altitude: 60:23:18.4

Tue Mar 25 13:24:24 2014
Adjusting the interferometer position.
Azimuth: 72:40:38.1
Altitude: 60:29:55.0

Tue Mar 25 13:24:58 2014
Adjusting the interferometer position.
Azimuth: 72:42:19.3
Altitude: 60:36:20.4

Tue Mar 25 13:25:33 2014
Adjusting the interferometer position.
Azimuth: 72:44:02.9
Altitude: 60:42:57.2

Tue Mar 25 13:26:09 2014
Adjusting the interferometer position.
Azimuth: 72:45:48.7
Altitude: 60:49:45.4

Tue Mar 25 13:26:43 2014
Adjusting the interferometer position.
Azimuth: 72:47:28.1
Altitude: 60:56:11.0

Tue Mar 25 13:27:18 2014
Adjusting the interferometer position.
Azimuth: 72:49:09.7
Altitude: 61:02:48.0

Tue Mar 25 13:27:51 2014
Adjusting the interferometer position.
Azimuth: 72:50:45.0
Altitude: 61:09:02.4

Tue Mar 25 13:28:26 2014
Adjusting the interferometer position.
Azimuth: 72:52:25.3
Altitude: 61:15:39.5

Tue Mar 25 13:28:59 2014
Adjusting the interferometer position.
Azimuth: 72:53:59.4
Altitude: 61:21:53.9

Tue Mar 25 13:29:33 2014
Adjusting the interferometer position.
Azimuth: 72:55:35.6
Altitude: 61:28:19.8

Tue Mar 25 13:30:07 2014
Adjusting the interferometer position.
Azimuth: 72:57:11.2
Altitude: 61:34:45.7

Tue Mar 25 13:30:40 2014
Adjusting the interferometer position.
Azimuth: 72:58:43.4
Altitude: 61:41:00.3

Tue Mar 25 13:31:13 2014
Adjusting the interferometer position.
Azimuth: 73:00:14.9
Altitude: 61:47:15.0

Tue Mar 25 13:31:47 2014
Adjusting the interferometer position.
Azimuth: 73:01:48.6
Altitude: 61:53:41.1

Tue Mar 25 13:32:20 2014
Adjusting the interferometer position.
Azimuth: 73:03:18.9
Altitude: 61:59:55.8

Tue Mar 25 13:32:53 2014
Adjusting the interferometer position.
Azimuth: 73:04:48.5
Altitude: 62:06:10.7

Tue Mar 25 13:33:27 2014
Adjusting the interferometer position.
Azimuth: 73:06:20.2
Altitude: 62:12:36.9

Tue Mar 25 13:34:00 2014
Adjusting the interferometer position.
Azimuth: 73:07:48.6
Altitude: 62:18:51.8

Tue Mar 25 13:34:33 2014
Adjusting the interferometer position.
Azimuth: 73:09:16.3
Altitude: 62:25:06.8

Tue Mar 25 13:35:06 2014
Adjusting the interferometer position.
Azimuth: 73:10:43.3
Altitude: 62:31:21.8

Tue Mar 25 13:35:41 2014
Adjusting the interferometer position.
Azimuth: 73:12:14.9
Altitude: 62:37:59.6

Tue Mar 25 13:36:15 2014
Adjusting the interferometer position.
Azimuth: 73:13:43.1
Altitude: 62:44:26.1

Tue Mar 25 13:36:51 2014
Adjusting the interferometer position.
Azimuth: 73:15:15.7
Altitude: 62:51:15.4

Tue Mar 25 13:37:27 2014
Adjusting the interferometer position.
Azimuth: 73:16:47.6
Altitude: 62:58:04.7

Tue Mar 25 13:38:01 2014
Adjusting the interferometer position.
Azimuth: 73:18:13.5
Altitude: 63:04:31.3

Tue Mar 25 13:38:34 2014
Adjusting the interferometer position.
Azimuth: 73:19:36.3
Altitude: 63:10:46.7

Tue Mar 25 13:39:09 2014
Adjusting the interferometer position.
Azimuth: 73:21:03.2
Altitude: 63:17:24.8

Tue Mar 25 13:39:43 2014
Adjusting the interferometer position.
Azimuth: 73:22:26.9
Altitude: 63:23:51.5

Tue Mar 25 13:40:18 2014
Adjusting the interferometer position.
Azimuth: 73:23:52.3
Altitude: 63:30:29.8

Tue Mar 25 13:40:51 2014
Adjusting the interferometer position.
Azimuth: 73:25:12.0
Altitude: 63:36:45.3

Tue Mar 25 13:41:25 2014
Adjusting the interferometer position.
Azimuth: 73:26:33.4
Altitude: 63:43:12.2

Tue Mar 25 13:41:58 2014
Adjusting the interferometer position.
Azimuth: 73:27:51.7
Altitude: 63:49:27.8

Tue Mar 25 13:42:31 2014
Adjusting the interferometer position.
Azimuth: 73:29:09.1
Altitude: 63:55:43.4

Tue Mar 25 13:43:05 2014
Adjusting the interferometer position.
Azimuth: 73:30:28.1
Altitude: 64:02:10.4

Tue Mar 25 13:43:38 2014
Adjusting the interferometer position.
Azimuth: 73:31:44.1
Altitude: 64:08:26.1

Tue Mar 25 13:44:11 2014
Adjusting the interferometer position.
Azimuth: 73:32:59.2
Altitude: 64:14:41.9

Tue Mar 25 13:44:44 2014
Adjusting the interferometer position.
Azimuth: 73:34:13.5
Altitude: 64:20:57.7

Tue Mar 25 13:45:18 2014
Adjusting the interferometer position.
Azimuth: 73:35:29.3
Altitude: 64:27:24.9

Tue Mar 25 13:45:51 2014
Adjusting the interferometer position.
Azimuth: 73:36:42.0
Altitude: 64:33:40.8

Tue Mar 25 13:46:24 2014
Adjusting the interferometer position.
Azimuth: 73:37:53.9
Altitude: 64:39:56.7

Tue Mar 25 13:46:59 2014
Adjusting the interferometer position.
Azimuth: 73:39:09.3
Altitude: 64:46:35.4

Tue Mar 25 13:47:32 2014
Adjusting the interferometer position.
Azimuth: 73:40:19.5
Altitude: 64:52:51.4

Tue Mar 25 13:48:08 2014
Adjusting the interferometer position.
Azimuth: 73:41:35.1
Altitude: 64:59:41.6

Tue Mar 25 13:48:43 2014
Adjusting the interferometer position.
Azimuth: 73:42:47.6
Altitude: 65:06:20.5

Tue Mar 25 13:49:17 2014
Adjusting the interferometer position.
Azimuth: 73:43:57.2
Altitude: 65:12:48.0

Tue Mar 25 13:49:51 2014
Adjusting the interferometer position.
Azimuth: 73:45:05.8
Altitude: 65:19:15.5

Tue Mar 25 13:50:28 2014
Adjusting the interferometer position.
Azimuth: 73:46:19.4
Altitude: 65:26:17.3

Tue Mar 25 13:51:05 2014
Adjusting the interferometer position.
Azimuth: 73:47:31.9
Altitude: 65:33:19.1

Tue Mar 25 13:51:38 2014
Adjusting the interferometer position.
Azimuth: 73:48:35.5
Altitude: 65:39:35.4

Tue Mar 25 13:52:11 2014
Adjusting the interferometer position.
Azimuth: 73:49:38.3
Altitude: 65:45:51.6

Tue Mar 25 13:52:44 2014
Adjusting the interferometer position.
Azimuth: 73:50:40.1
Altitude: 65:52:08.0

Tue Mar 25 13:53:23 2014
Adjusting the interferometer position.
Azimuth: 73:51:52.0
Altitude: 65:59:32.8

Tue Mar 25 13:54:02 2014
Adjusting the interferometer position.
Azimuth: 73:53:02.5
Altitude: 66:06:57.6

Tue Mar 25 13:54:36 2014
Adjusting the interferometer position.
Azimuth: 73:54:02.9
Altitude: 66:13:25.4

Tue Mar 25 13:55:09 2014
Adjusting the interferometer position.
Azimuth: 73:55:00.5
Altitude: 66:19:41.9

Tue Mar 25 13:55:42 2014
Adjusting the interferometer position.
Azimuth: 73:55:57.1
Altitude: 66:25:58.4

Tue Mar 25 13:56:15 2014
Adjusting the interferometer position.
Azimuth: 73:56:52.7
Altitude: 66:32:14.9

Tue Mar 25 13:56:49 2014
Adjusting the interferometer position.
Azimuth: 73:57:49.0
Altitude: 66:38:42.8

Tue Mar 25 13:57:22 2014
Adjusting the interferometer position.
Azimuth: 73:58:42.5
Altitude: 66:44:59.4

Tue Mar 25 13:57:55 2014
Adjusting the interferometer position.
Azimuth: 73:59:35.0
Altitude: 66:51:16.0

Tue Mar 25 13:58:29 2014
Adjusting the interferometer position.
Azimuth: 74:00:28.0
Altitude: 66:57:44.1

Tue Mar 25 13:59:04 2014
Adjusting the interferometer position.
Azimuth: 74:01:21.4
Altitude: 67:04:23.5

Tue Mar 25 13:59:37 2014
Adjusting the interferometer position.
Azimuth: 74:02:10.6
Altitude: 67:10:40.2

Tue Mar 25 14:00:11 2014
Adjusting the interferometer position.
Azimuth: 74:03:00.1
Altitude: 67:17:08.4

Tue Mar 25 14:00:45 2014
Adjusting the interferometer position.
Azimuth: 74:03:48.5
Altitude: 67:23:36.5

Tue Mar 25 14:01:18 2014
Adjusting the interferometer position.
Azimuth: 74:04:34.3
Altitude: 67:29:53.3

Tue Mar 25 14:01:51 2014
Adjusting the interferometer position.
Azimuth: 74:05:18.9
Altitude: 67:36:10.1

Tue Mar 25 14:02:25 2014
Adjusting the interferometer position.
Azimuth: 74:06:03.7
Altitude: 67:42:38.3

Tue Mar 25 14:02:58 2014
Adjusting the interferometer position.
Azimuth: 74:06:46.0
Altitude: 67:48:55.1

Tue Mar 25 14:03:31 2014
Adjusting the interferometer position.
Azimuth: 74:07:27.1
Altitude: 67:55:12.0

Tue Mar 25 14:04:05 2014
Adjusting the interferometer position.
Azimuth: 74:08:08.2
Altitude: 68:01:40.3

Tue Mar 25 14:04:38 2014
Adjusting the interferometer position.
Azimuth: 74:08:46.8
Altitude: 68:07:57.2

Tue Mar 25 14:05:11 2014
Resetting the interferometer to its home position.

Tue Mar 25 14:05:46 2014
Done. Data collection may now resume.

Tue Mar 25 14:05:46 2014
Adjusting the interferometer position.
Azimuth: 74:10:02.5
Altitude: 68:20:53.9

Tue Mar 25 14:06:28 2014
Adjusting the interferometer position.
Azimuth: 74:10:46.6
Altitude: 68:28:53.6

Tue Mar 25 14:07:01 2014
Adjusting the interferometer position.
Azimuth: 74:11:19.8
Altitude: 68:35:10.6

Tue Mar 25 14:07:34 2014
Adjusting the interferometer position.
Azimuth: 74:11:51.6
Altitude: 68:41:27.6

Tue Mar 25 14:08:07 2014
Adjusting the interferometer position.
Azimuth: 74:12:22.1
Altitude: 68:47:44.6

Tue Mar 25 14:08:41 2014
Adjusting the interferometer position.
Azimuth: 74:12:52.2
Altitude: 68:54:13.0

Tue Mar 25 14:09:14 2014
Adjusting the interferometer position.
Azimuth: 74:13:19.9
Altitude: 69:00:30.1

Tue Mar 25 14:09:47 2014
Adjusting the interferometer position.
Azimuth: 74:13:46.3
Altitude: 69:06:47.1

Tue Mar 25 14:10:21 2014
Adjusting the interferometer position.
Azimuth: 74:14:12.0
Altitude: 69:13:15.6

Tue Mar 25 14:10:54 2014
Adjusting the interferometer position.
Azimuth: 74:14:35.5
Altitude: 69:19:32.7

Tue Mar 25 14:11:28 2014
Adjusting the interferometer position.
Azimuth: 74:14:58.1
Altitude: 69:26:01.2

Tue Mar 25 14:12:04 2014
Adjusting the interferometer position.
Azimuth: 74:15:20.5
Altitude: 69:32:52.6

Tue Mar 25 14:12:40 2014
Adjusting the interferometer position.
Azimuth: 74:15:41.0
Altitude: 69:39:44.0

Tue Mar 25 14:13:13 2014
Adjusting the interferometer position.
Azimuth: 74:15:58.2
Altitude: 69:46:01.1

Tue Mar 25 14:13:46 2014
Adjusting the interferometer position.
Azimuth: 74:16:13.9
Altitude: 69:52:18.3

Tue Mar 25 14:14:26 2014
Adjusting the interferometer position.
Azimuth: 74:16:30.8
Altitude: 69:59:55.4

Tue Mar 25 14:15:06 2014
Adjusting the interferometer position.
Azimuth: 74:16:45.4
Altitude: 70:07:32.6

Tue Mar 25 14:15:40 2014
Adjusting the interferometer position.
Azimuth: 74:16:55.9
Altitude: 70:14:01.1

Tue Mar 25 14:16:13 2014
Adjusting the interferometer position.
Azimuth: 74:17:04.4
Altitude: 70:20:18.3

Tue Mar 25 14:16:46 2014
Adjusting the interferometer position.
Azimuth: 74:17:11.3
Altitude: 70:26:35.5

Tue Mar 25 14:17:20 2014
Adjusting the interferometer position.
Azimuth: 74:17:16.6
Altitude: 70:33:04.1

Tue Mar 25 14:17:53 2014
Adjusting the interferometer position.
Azimuth: 74:17:20.0
Altitude: 70:39:21.2

Tue Mar 25 14:18:26 2014
Adjusting the interferometer position.
Azimuth: 74:17:21.6
Altitude: 70:45:38.4

Tue Mar 25 14:19:00 2014
Adjusting the interferometer position.
Azimuth: 74:17:21.4
Altitude: 70:52:07.0

Tue Mar 25 14:19:33 2014
Adjusting the interferometer position.
Azimuth: 74:17:19.3
Altitude: 70:58:24.2

Tue Mar 25 14:20:06 2014
Adjusting the interferometer position.
Azimuth: 74:17:15.5
Altitude: 71:04:41.3

Tue Mar 25 14:20:44 2014
Adjusting the interferometer position.
Azimuth: 74:17:08.7
Altitude: 71:11:55.7

Tue Mar 25 14:21:22 2014
Adjusting the interferometer position.
Azimuth: 74:16:59.4
Altitude: 71:19:10.0

Tue Mar 25 14:21:55 2014
Adjusting the interferometer position.
Azimuth: 74:16:49.2
Altitude: 71:25:27.1

Tue Mar 25 14:22:28 2014
Adjusting the interferometer position.
Azimuth: 74:16:37.1
Altitude: 71:31:44.3

Tue Mar 25 14:23:02 2014
Adjusting the interferometer position.
Azimuth: 74:16:22.5
Altitude: 71:38:12.8

Tue Mar 25 14:23:35 2014
Adjusting the interferometer position.
Azimuth: 74:16:06.2
Altitude: 71:44:30.0

Tue Mar 25 14:24:08 2014
Adjusting the interferometer position.
Azimuth: 74:15:47.9
Altitude: 71:50:47.1

Tue Mar 25 14:24:44 2014
Adjusting the interferometer position.
Azimuth: 74:15:25.5
Altitude: 71:57:38.5

Tue Mar 25 14:25:20 2014
Adjusting the interferometer position.
Azimuth: 74:15:00.6
Altitude: 72:04:29.9

Tue Mar 25 14:25:53 2014
Adjusting the interferometer position.
Azimuth: 74:14:35.4
Altitude: 72:10:47.0

Tue Mar 25 14:26:26 2014
Adjusting the interferometer position.
Azimuth: 74:14:08.0
Altitude: 72:17:04.1

Tue Mar 25 14:27:04 2014
Adjusting the interferometer position.
Azimuth: 74:13:33.7
Altitude: 72:24:18.3

Tue Mar 25 14:27:42 2014
Adjusting the interferometer position.
Azimuth: 74:12:56.3
Altitude: 72:31:32.4

Tue Mar 25 14:28:15 2014
Adjusting the interferometer position.
Azimuth: 74:12:21.2
Altitude: 72:37:49.5

Tue Mar 25 14:28:49 2014
Adjusting the interferometer position.
Azimuth: 74:11:42.7
Altitude: 72:44:17.9

Tue Mar 25 14:29:22 2014
Adjusting the interferometer position.
Azimuth: 74:11:02.7
Altitude: 72:50:34.9

Tue Mar 25 14:29:55 2014
Adjusting the interferometer position.
Azimuth: 74:10:20.3
Altitude: 72:56:51.8

Tue Mar 25 14:30:28 2014
Adjusting the interferometer position.
Azimuth: 74:09:35.3
Altitude: 73:03:08.8

Tue Mar 25 14:31:04 2014
Adjusting the interferometer position.
Azimuth: 74:08:43.4
Altitude: 73:10:00.0

Tue Mar 25 14:31:40 2014
Adjusting the interferometer position.
Azimuth: 74:07:48.3
Altitude: 73:16:51.1

Tue Mar 25 14:32:13 2014
Adjusting the interferometer position.
Azimuth: 74:06:54.9
Altitude: 73:23:08.0

Tue Mar 25 14:32:46 2014
Adjusting the interferometer position.
Azimuth: 74:05:58.9
Altitude: 73:29:24.8

Tue Mar 25 14:33:23 2014
Adjusting the interferometer position.
Azimuth: 74:04:52.7
Altitude: 73:36:27.3

Tue Mar 25 14:34:00 2014
Adjusting the interferometer position.
Azimuth: 74:03:43.0
Altitude: 73:43:29.7

Tue Mar 25 14:34:33 2014
Adjusting the interferometer position.
Azimuth: 74:02:37.7
Altitude: 73:49:46.5

Tue Mar 25 14:35:06 2014
Adjusting the interferometer position.
Azimuth: 74:01:29.5
Altitude: 73:56:03.1

Tue Mar 25 14:35:40 2014
Adjusting the interferometer position.
Azimuth: 74:00:16.1
Altitude: 74:02:31.2

Tue Mar 25 14:36:14 2014
Adjusting the interferometer position.
Azimuth: 73:58:59.4
Altitude: 74:08:59.3

Tue Mar 25 14:36:49 2014
Adjusting the interferometer position.
Azimuth: 73:57:37.0
Altitude: 74:15:38.7

Tue Mar 25 14:37:23 2014
Adjusting the interferometer position.
Azimuth: 73:56:13.4
Altitude: 74:22:06.6

Tue Mar 25 14:37:59 2014
Adjusting the interferometer position.
Azimuth: 73:54:41.2
Altitude: 74:28:57.3

Tue Mar 25 14:38:35 2014
Adjusting the interferometer position.
Azimuth: 73:53:07.7
Altitude: 74:35:36.6

Tue Mar 25 14:39:08 2014
Adjusting the interferometer position.
Azimuth: 73:51:33.3
Altitude: 74:42:04.4

Tue Mar 25 14:39:41 2014
Adjusting the interferometer position.
Azimuth: 73:49:58.1
Altitude: 74:48:20.7

Tue Mar 25 14:40:17 2014
Adjusting the interferometer position.
Azimuth: 73:48:10.1
Altitude: 74:55:11.2

Tue Mar 25 14:40:52 2014
Adjusting the interferometer position.
Azimuth: 73:46:21.1
Altitude: 75:01:50.2

Tue Mar 25 14:41:26 2014
Adjusting the interferometer position.
Azimuth: 73:44:31.1
Altitude: 75:08:17.8

Tue Mar 25 14:41:59 2014
Adjusting the interferometer position.
Azimuth: 73:42:40.6
Altitude: 75:14:33.9

Tue Mar 25 14:42:33 2014
Adjusting the interferometer position.
Azimuth: 73:40:42.6
Altitude: 75:21:01.3

Tue Mar 25 14:43:07 2014
Adjusting the interferometer position.
Azimuth: 73:38:40.5
Altitude: 75:27:28.7

Tue Mar 25 14:43:40 2014
Adjusting the interferometer position.
Azimuth: 73:36:37.9
Altitude: 75:33:44.6

Tue Mar 25 14:44:13 2014
Adjusting the interferometer position.
Azimuth: 73:34:31.1
Altitude: 75:40:00.5

Tue Mar 25 14:44:47 2014
Adjusting the interferometer position.
Azimuth: 73:32:16.1
Altitude: 75:46:27.7

Tue Mar 25 14:45:20 2014
Adjusting the interferometer position.
Azimuth: 73:30:00.7
Altitude: 75:52:43.4

Tue Mar 25 14:45:53 2014
Adjusting the interferometer position.
Azimuth: 73:27:40.8
Altitude: 75:58:59.0

Tue Mar 25 14:46:27 2014
Adjusting the interferometer position.
Azimuth: 73:25:12.1
Altitude: 76:05:26.0

Tue Mar 25 14:47:00 2014
Adjusting the interferometer position.
Azimuth: 73:22:43.0
Altitude: 76:11:41.4

Tue Mar 25 14:47:33 2014
Adjusting the interferometer position.
Azimuth: 73:20:09.3
Altitude: 76:17:56.8

Tue Mar 25 14:48:07 2014
Adjusting the interferometer position.
Azimuth: 73:17:25.8
Altitude: 76:24:23.5

Tue Mar 25 14:48:40 2014
Adjusting the interferometer position.
Azimuth: 73:14:42.2
Altitude: 76:30:38.7

Tue Mar 25 14:49:13 2014
Adjusting the interferometer position.
Azimuth: 73:11:53.5
Altitude: 76:36:53.9

Tue Mar 25 14:49:49 2014
Adjusting the interferometer position.
Azimuth: 73:08:43.6
Altitude: 76:43:43.0

Tue Mar 25 14:50:24 2014
Adjusting the interferometer position.
Azimuth: 73:05:32.9
Altitude: 76:50:20.6

Tue Mar 25 14:50:58 2014
Adjusting the interferometer position.
Azimuth: 73:02:21.9
Altitude: 76:56:46.8

Tue Mar 25 14:51:32 2014
Adjusting the interferometer position.
Azimuth: 72:59:05.0
Altitude: 77:03:12.9

Tue Mar 25 14:52:08 2014
Adjusting the interferometer position.
Azimuth: 72:55:29.9
Altitude: 77:10:01.5

Tue Mar 25 14:52:43 2014
Adjusting the interferometer position.
Azimuth: 72:51:54.2
Altitude: 77:16:38.7

Tue Mar 25 14:53:17 2014
Adjusting the interferometer position.
Azimuth: 72:48:18.1
Altitude: 77:23:04.4

Tue Mar 25 14:53:51 2014
Adjusting the interferometer position.
Azimuth: 72:44:35.6
Altitude: 77:29:30.0

Tue Mar 25 14:54:27 2014
Adjusting the interferometer position.
Azimuth: 72:40:32.7
Altitude: 77:36:18.1

Tue Mar 25 14:55:02 2014
Adjusting the interferometer position.
Azimuth: 72:36:29.2
Altitude: 77:42:54.7

Tue Mar 25 14:55:36 2014
Adjusting the interferometer position.
Azimuth: 72:32:25.5
Altitude: 77:49:19.9

Tue Mar 25 14:56:06 2014
Adjusting the interferometer position.
Azimuth: 72:28:44.4
Altitude: 77:54:59.6

Tue Mar 25 14:56:41 2014
Adjusting the interferometer position.
Azimuth: 72:24:19.3
Altitude: 78:01:35.8

Tue Mar 25 14:57:14 2014
Adjusting the interferometer position.
Azimuth: 72:20:01.9
Altitude: 78:07:49.2

Tue Mar 25 14:57:47 2014
Adjusting the interferometer position.
Azimuth: 72:15:37.2
Altitude: 78:14:02.5

Tue Mar 25 14:58:20 2014
Adjusting the interferometer position.
Azimuth: 72:11:05.0
Altitude: 78:20:15.6

Tue Mar 25 14:58:54 2014
Adjusting the interferometer position.
Azimuth: 72:06:16.5
Altitude: 78:26:39.8

Tue Mar 25 14:59:27 2014
Adjusting the interferometer position.
Azimuth: 72:01:28.3
Altitude: 78:32:52.6

Tue Mar 25 15:00:00 2014
Adjusting the interferometer position.
Azimuth: 71:56:32.1
Altitude: 78:39:05.2

Tue Mar 25 15:00:34 2014
Adjusting the interferometer position.
Azimuth: 71:51:18.1
Altitude: 78:45:28.9

Tue Mar 25 15:01:08 2014
Adjusting the interferometer position.
Azimuth: 71:45:54.9
Altitude: 78:51:52.4

Tue Mar 25 15:01:44 2014
Adjusting the interferometer position.
Azimuth: 71:40:02.6
Altitude: 78:58:38.2

Tue Mar 25 15:02:19 2014
Adjusting the interferometer position.
Azimuth: 71:34:09.6
Altitude: 79:05:12.6

Tue Mar 25 15:02:53 2014
Adjusting the interferometer position.
Azimuth: 71:28:16.6
Altitude: 79:11:35.4

Tue Mar 25 15:03:31 2014
Adjusting the interferometer position.
Azimuth: 71:21:29.9
Altitude: 79:18:43.1

Tue Mar 25 15:04:08 2014
Adjusting the interferometer position.
Azimuth: 71:14:41.2
Altitude: 79:25:39.2

Tue Mar 25 15:04:42 2014
Adjusting the interferometer position.
Azimuth: 71:08:14.2
Altitude: 79:32:01.3

Tue Mar 25 15:05:15 2014
Adjusting the interferometer position.
Azimuth: 71:01:47.9
Altitude: 79:38:12.0

Tue Mar 25 15:05:48 2014
Adjusting the interferometer position.
Azimuth: 70:55:10.6
Altitude: 79:44:22.4

Tue Mar 25 15:06:23 2014
Resetting the interferometer to its home position.

Tue Mar 25 15:06:59 2014
Done. Data collection may now resume.

Tue Mar 25 15:06:59 2014
Adjusting the interferometer position.
Azimuth: 70:40:17.3
Altitude: 79:57:38.5

Tue Mar 25 15:07:40 2014
Adjusting the interferometer position.
Azimuth: 70:31:16.4
Altitude: 80:05:17.6

Tue Mar 25 15:08:20 2014
Adjusting the interferometer position.
Azimuth: 70:22:10.3
Altitude: 80:12:45.1

Tue Mar 25 15:08:54 2014
Adjusting the interferometer position.
Azimuth: 70:14:11.1
Altitude: 80:19:05.2

Tue Mar 25 15:09:27 2014
Adjusting the interferometer position.
Azimuth: 70:06:12.6
Altitude: 80:25:13.8

Tue Mar 25 15:10:00 2014
Adjusting the interferometer position.
Azimuth: 69:58:00.3
Altitude: 80:31:22.0

Tue Mar 25 15:10:34 2014
Adjusting the interferometer position.
Azimuth: 69:49:18.2
Altitude: 80:37:41.1

Tue Mar 25 15:11:07 2014
Adjusting the interferometer position.
Azimuth: 69:40:36.7
Altitude: 80:43:48.7

Tue Mar 25 15:11:41 2014
Adjusting the interferometer position.
Azimuth: 69:31:23.5
Altitude: 80:50:07.1

Tue Mar 25 15:12:16 2014
Adjusting the interferometer position.
Azimuth: 69:21:36.7
Altitude: 80:56:36.2

Tue Mar 25 15:12:49 2014
Adjusting the interferometer position.
Azimuth: 69:12:06.8
Altitude: 81:02:42.6

Tue Mar 25 15:13:24 2014
Adjusting the interferometer position.
Azimuth: 69:01:44.1
Altitude: 81:09:10.9

Tue Mar 25 15:13:57 2014
Adjusting the interferometer position.
Azimuth: 68:51:39.1
Altitude: 81:15:16.5

Tue Mar 25 15:14:30 2014
Adjusting the interferometer position.
Azimuth: 68:41:16.3
Altitude: 81:21:21.8

Tue Mar 25 15:15:04 2014
Adjusting the interferometer position.
Azimuth: 68:30:15.2
Altitude: 81:27:37.6

Tue Mar 25 15:15:37 2014
Adjusting the interferometer position.
Azimuth: 68:19:14.0
Altitude: 81:33:41.9

Tue Mar 25 15:16:22 2014
Adjusting the interferometer position.
Azimuth: 68:03:40.4
Altitude: 81:41:58.0

Tue Mar 25 15:16:56 2014
Adjusting the interferometer position.
Azimuth: 67:51:29.4
Altitude: 81:48:12.2

Tue Mar 25 15:17:29 2014
Adjusting the interferometer position.
Azimuth: 67:39:18.0
Altitude: 81:54:14.8

Tue Mar 25 15:18:02 2014
Adjusting the interferometer position.
Azimuth: 67:26:44.2
Altitude: 82:00:16.9

Tue Mar 25 15:18:36 2014
Adjusting the interferometer position.
Azimuth: 67:13:23.3
Altitude: 82:06:29.4

Tue Mar 25 15:19:09 2014
Adjusting the interferometer position.
Azimuth: 67:00:01.6
Altitude: 82:12:30.4

Tue Mar 25 15:19:39 2014
Adjusting the interferometer position.
Azimuth: 66:47:31.1
Altitude: 82:17:58.0

Tue Mar 25 15:20:14 2014
Adjusting the interferometer position.
Azimuth: 66:32:28.4
Altitude: 82:24:19.6

Tue Mar 25 15:20:47 2014
Adjusting the interferometer position.
Azimuth: 66:17:49.7
Altitude: 82:30:18.7

Tue Mar 25 15:21:20 2014
Adjusting the interferometer position.
Azimuth: 66:02:43.1
Altitude: 82:36:17.1

Tue Mar 25 15:21:54 2014
Adjusting the interferometer position.
Azimuth: 65:46:38.7
Altitude: 82:42:25.6

Tue Mar 25 15:22:28 2014
Adjusting the interferometer position.
Azimuth: 65:30:02.3
Altitude: 82:48:33.4

Tue Mar 25 15:23:03 2014
Adjusting the interferometer position.
Azimuth: 65:12:21.7
Altitude: 82:54:51.1

Tue Mar 25 15:23:37 2014
Adjusting the interferometer position.
Azimuth: 64:54:36.2
Altitude: 83:00:57.1

Tue Mar 25 15:24:11 2014
Adjusting the interferometer position.
Azimuth: 64:36:14.5
Altitude: 83:07:02.2

Tue Mar 25 15:24:44 2014
Adjusting the interferometer position.
Azimuth: 64:17:49.1
Altitude: 83:12:55.7

Tue Mar 25 15:25:17 2014
Adjusting the interferometer position.
Azimuth: 63:58:46.7
Altitude: 83:18:48.3

Tue Mar 25 15:25:52 2014
Adjusting the interferometer position.
Azimuth: 63:37:52.9
Altitude: 83:25:01.2

Tue Mar 25 15:26:26 2014
Adjusting the interferometer position.
Azimuth: 63:16:51.5
Altitude: 83:31:02.3

Tue Mar 25 15:27:01 2014
Adjusting the interferometer position.
Azimuth: 62:54:26.4
Altitude: 83:37:12.9

Tue Mar 25 15:27:34 2014
Adjusting the interferometer position.
Azimuth: 62:32:32.9
Altitude: 83:43:01.1

Tue Mar 25 15:28:07 2014
Adjusting the interferometer position.
Azimuth: 62:09:53.5
Altitude: 83:48:48.2

Tue Mar 25 15:28:41 2014
Adjusting the interferometer position.
Azimuth: 61:45:42.8
Altitude: 83:54:44.5

Tue Mar 25 15:29:15 2014
Adjusting the interferometer position.
Azimuth: 61:20:38.9
Altitude: 84:00:39.5

Tue Mar 25 15:29:50 2014
Adjusting the interferometer position.
Azimuth: 60:53:52.7
Altitude: 84:06:43.4

Tue Mar 25 15:29:50 2014
ERROR: Alt is too close to zenith!
Object out of range of the interferometer.
Ending data collection.

Tue Mar 25 15:29:50 2014
Data collection succesful!

