Mon Mar 31 20:20:00 2014
WELCOME TO THE ROOFTOP INTERFEROMETER!
--------------------------------------

Mon Mar 31 20:20:00 2014
Observing the sun.

Mon Mar 31 20:20:00 2014
Initializing the interferometer to its home position.

Mon Mar 31 20:20:36 2014
Done.

Mon Mar 31 20:20:36 2014
Pointing the telescope to an initial position.
Azimuth: 183:23:06.8
Altitude: 56:26:53.6

Mon Mar 31 20:20:45 2014
The interferometer is now tracking the sun.

Mon Mar 31 20:20:45 2014
Initializing tracking daemon.

Mon Mar 31 20:20:45 2014
Adjusting the interferometer position.
Azimuth: 183:27:10.1
Altitude: 56:26:47.3

Mon Mar 31 20:20:45 2014
Data collection is now starting.

Mon Mar 31 20:21:18 2014
Adjusting the interferometer position.
Azimuth: 183:42:02.2
Altitude: 56:26:23.5

Mon Mar 31 20:21:51 2014
Adjusting the interferometer position.
Azimuth: 183:56:54.0
Altitude: 56:25:58.0

Mon Mar 31 20:22:25 2014
Adjusting the interferometer position.
Azimuth: 184:12:12.4
Altitude: 56:25:29.9

Mon Mar 31 20:22:58 2014
Adjusting the interferometer position.
Azimuth: 184:27:03.5
Altitude: 56:25:00.9

Mon Mar 31 20:23:31 2014
Adjusting the interferometer position.
Azimuth: 184:41:54.1
Altitude: 56:24:30.3

Mon Mar 31 20:24:04 2014
Adjusting the interferometer position.
Azimuth: 184:56:44.4
Altitude: 56:23:58.0

Mon Mar 31 20:24:38 2014
Adjusting the interferometer position.
Azimuth: 185:12:01.2
Altitude: 56:23:22.9

Mon Mar 31 20:25:11 2014
Adjusting the interferometer position.
Azimuth: 185:26:50.6
Altitude: 56:22:47.2

Mon Mar 31 20:25:44 2014
Adjusting the interferometer position.
Azimuth: 185:41:39.6
Altitude: 56:22:09.8

Mon Mar 31 20:26:18 2014
Adjusting the interferometer position.
Azimuth: 185:56:55.0
Altitude: 56:21:29.5

Mon Mar 31 20:26:51 2014
Adjusting the interferometer position.
Azimuth: 186:11:42.9
Altitude: 56:20:48.6

Mon Mar 31 20:27:24 2014
Adjusting the interferometer position.
Azimuth: 186:26:30.3
Altitude: 56:20:06.2

Mon Mar 31 20:27:57 2014
Adjusting the interferometer position.
Azimuth: 186:41:17.2
Altitude: 56:19:22.0

Mon Mar 31 20:28:31 2014
Adjusting the interferometer position.
Azimuth: 186:56:30.3
Altitude: 56:18:34.8

Mon Mar 31 20:29:04 2014
Adjusting the interferometer position.
Azimuth: 187:11:16.0
Altitude: 56:17:47.2

Mon Mar 31 20:29:37 2014
Adjusting the interferometer position.
Azimuth: 187:26:01.1
Altitude: 56:16:58.0

Mon Mar 31 20:30:11 2014
Adjusting the interferometer position.
Azimuth: 187:41:12.4
Altitude: 56:16:05.6

Mon Mar 31 20:30:44 2014
Adjusting the interferometer position.
Azimuth: 187:55:56.2
Altitude: 56:15:13.0

Mon Mar 31 20:31:17 2014
Adjusting the interferometer position.
Azimuth: 188:10:39.3
Altitude: 56:14:18.8

Mon Mar 31 20:31:51 2014
Adjusting the interferometer position.
Azimuth: 188:25:48.5
Altitude: 56:13:21.2

Mon Mar 31 20:32:24 2014
Adjusting the interferometer position.
Azimuth: 188:40:30.2
Altitude: 56:12:23.6

Mon Mar 31 20:32:57 2014
Adjusting the interferometer position.
Azimuth: 188:55:11.2
Altitude: 56:11:24.3

Mon Mar 31 20:33:30 2014
Adjusting the interferometer position.
Azimuth: 189:09:51.5
Altitude: 56:10:23.4

Mon Mar 31 20:34:04 2014
Adjusting the interferometer position.
Azimuth: 189:24:57.6
Altitude: 56:09:19.0

Mon Mar 31 20:34:37 2014
Adjusting the interferometer position.
Azimuth: 189:39:36.3
Altitude: 56:08:14.7

Mon Mar 31 20:35:10 2014
Adjusting the interferometer position.
Azimuth: 189:54:14.1
Altitude: 56:07:08.9

Mon Mar 31 20:35:44 2014
Adjusting the interferometer position.
Azimuth: 190:09:17.7
Altitude: 56:05:59.3

Mon Mar 31 20:36:17 2014
Adjusting the interferometer position.
Azimuth: 190:23:53.9
Altitude: 56:04:50.1

Mon Mar 31 20:36:50 2014
Adjusting the interferometer position.
Azimuth: 190:38:29.2
Altitude: 56:03:39.2

Mon Mar 31 20:37:24 2014
Adjusting the interferometer position.
Azimuth: 190:53:30.1
Altitude: 56:02:24.6

Mon Mar 31 20:37:57 2014
Adjusting the interferometer position.
Azimuth: 191:08:03.6
Altitude: 56:01:10.4

Mon Mar 31 20:38:30 2014
Adjusting the interferometer position.
Azimuth: 191:22:36.2
Altitude: 55:59:54.7

Mon Mar 31 20:39:03 2014
Adjusting the interferometer position.
Azimuth: 191:37:07.9
Altitude: 55:58:37.3

Mon Mar 31 20:39:37 2014
Adjusting the interferometer position.
Azimuth: 191:52:05.0
Altitude: 55:57:15.9

Mon Mar 31 20:40:10 2014
Adjusting the interferometer position.
Azimuth: 192:06:34.7
Altitude: 55:55:55.2

Mon Mar 31 20:40:43 2014
Adjusting the interferometer position.
Azimuth: 192:21:03.4
Altitude: 55:54:32.9

Mon Mar 31 20:41:17 2014
Adjusting the interferometer position.
Azimuth: 192:35:57.4
Altitude: 55:53:06.5

Mon Mar 31 20:41:50 2014
Adjusting the interferometer position.
Azimuth: 192:50:24.0
Altitude: 55:51:41.0

Mon Mar 31 20:42:23 2014
Adjusting the interferometer position.
Azimuth: 193:04:49.6
Altitude: 55:50:13.8

Mon Mar 31 20:42:56 2014
Adjusting the interferometer position.
Azimuth: 193:19:14.2
Altitude: 55:48:45.1

Mon Mar 31 20:43:30 2014
Adjusting the interferometer position.
Azimuth: 193:34:03.8
Altitude: 55:47:12.0

Mon Mar 31 20:44:03 2014
Adjusting the interferometer position.
Azimuth: 193:48:26.1
Altitude: 55:45:40.1

Mon Mar 31 20:44:36 2014
Adjusting the interferometer position.
Azimuth: 194:02:47.4
Altitude: 55:44:06.5

Mon Mar 31 20:45:10 2014
Adjusting the interferometer position.
Azimuth: 194:17:33.6
Altitude: 55:42:28.5

Mon Mar 31 20:45:43 2014
Adjusting the interferometer position.
Azimuth: 194:31:52.5
Altitude: 55:40:51.7

Mon Mar 31 20:46:17 2014
Adjusting the interferometer position.
Azimuth: 194:46:36.3
Altitude: 55:39:10.4

Mon Mar 31 20:46:51 2014
Adjusting the interferometer position.
Azimuth: 195:01:18.8
Altitude: 55:37:27.4

Mon Mar 31 20:47:24 2014
Adjusting the interferometer position.
Azimuth: 195:15:34.1
Altitude: 55:35:45.8

Mon Mar 31 20:47:57 2014
Adjusting the interferometer position.
Azimuth: 195:29:48.3
Altitude: 55:34:02.7

Mon Mar 31 20:48:31 2014
Adjusting the interferometer position.
Azimuth: 195:44:27.0
Altitude: 55:32:14.8

Mon Mar 31 20:49:04 2014
Adjusting the interferometer position.
Azimuth: 195:58:38.7
Altitude: 55:30:28.5

Mon Mar 31 20:49:37 2014
Adjusting the interferometer position.
Azimuth: 196:12:49.1
Altitude: 55:28:40.7

Mon Mar 31 20:50:10 2014
Adjusting the interferometer position.
Azimuth: 196:26:58.2
Altitude: 55:26:51.3

Mon Mar 31 20:50:44 2014
Adjusting the interferometer position.
Azimuth: 196:41:31.7
Altitude: 55:24:57.0

Mon Mar 31 20:51:17 2014
Adjusting the interferometer position.
Azimuth: 196:55:38.2
Altitude: 55:23:04.5

Mon Mar 31 20:51:50 2014
Adjusting the interferometer position.
Azimuth: 197:09:43.4
Altitude: 55:21:10.5

Mon Mar 31 20:52:24 2014
Adjusting the interferometer position.
Azimuth: 197:24:12.9
Altitude: 55:19:11.4

Mon Mar 31 20:52:57 2014
Adjusting the interferometer position.
Azimuth: 197:38:15.4
Altitude: 55:17:14.2

Mon Mar 31 20:53:30 2014
Adjusting the interferometer position.
Azimuth: 197:52:16.5
Altitude: 55:15:15.6

Mon Mar 31 20:54:03 2014
Adjusting the interferometer position.
Azimuth: 198:06:16.3
Altitude: 55:13:15.4

Mon Mar 31 20:54:37 2014
Adjusting the interferometer position.
Azimuth: 198:20:40.1
Altitude: 55:11:10.0

Mon Mar 31 20:55:10 2014
Adjusting the interferometer position.
Azimuth: 198:34:37.1
Altitude: 55:09:06.7

Mon Mar 31 20:55:43 2014
Adjusting the interferometer position.
Azimuth: 198:48:32.6
Altitude: 55:07:02.0

Mon Mar 31 20:56:17 2014
Adjusting the interferometer position.
Azimuth: 199:02:52.1
Altitude: 55:04:51.9

Mon Mar 31 20:56:50 2014
Adjusting the interferometer position.
Azimuth: 199:16:44.7
Altitude: 55:02:44.1

Mon Mar 31 20:57:23 2014
Adjusting the interferometer position.
Azimuth: 199:30:36.0
Altitude: 55:00:34.8

Mon Mar 31 20:57:57 2014
Adjusting the interferometer position.
Azimuth: 199:44:50.9
Altitude: 54:58:20.1

Mon Mar 31 20:58:30 2014
Adjusting the interferometer position.
Azimuth: 199:58:39.2
Altitude: 54:56:07.8

Mon Mar 31 20:59:03 2014
Adjusting the interferometer position.
Azimuth: 200:12:25.9
Altitude: 54:53:54.1

Mon Mar 31 20:59:36 2014
Adjusting the interferometer position.
Azimuth: 200:26:11.3
Altitude: 54:51:38.8

Mon Mar 31 21:00:10 2014
Adjusting the interferometer position.
Azimuth: 200:40:20.0
Altitude: 54:49:18.0

Mon Mar 31 21:00:43 2014
Adjusting the interferometer position.
Azimuth: 200:54:02.2
Altitude: 54:46:59.8

Mon Mar 31 21:01:16 2014
Adjusting the interferometer position.
Azimuth: 201:07:43.0
Altitude: 54:44:40.1

Mon Mar 31 21:01:50 2014
Adjusting the interferometer position.
Azimuth: 201:21:46.9
Altitude: 54:42:14.8

Mon Mar 31 21:02:23 2014
Adjusting the interferometer position.
Azimuth: 201:35:24.5
Altitude: 54:39:52.2

Mon Mar 31 21:02:56 2014
Adjusting the interferometer position.
Azimuth: 201:49:00.6
Altitude: 54:37:28.1

Mon Mar 31 21:03:29 2014
Adjusting the interferometer position.
Azimuth: 202:02:35.1
Altitude: 54:35:02.7

Mon Mar 31 21:04:03 2014
Adjusting the interferometer position.
Azimuth: 202:16:32.6
Altitude: 54:32:31.3

Mon Mar 31 21:04:36 2014
Adjusting the interferometer position.
Azimuth: 202:30:03.8
Altitude: 54:30:03.0

Mon Mar 31 21:05:09 2014
Adjusting the interferometer position.
Azimuth: 202:43:33.5
Altitude: 54:27:33.2

Mon Mar 31 21:05:43 2014
Adjusting the interferometer position.
Azimuth: 202:57:26.0
Altitude: 54:24:57.4

Mon Mar 31 21:06:16 2014
Adjusting the interferometer position.
Azimuth: 203:10:52.4
Altitude: 54:22:24.8

Mon Mar 31 21:06:49 2014
Adjusting the interferometer position.
Azimuth: 203:24:17.2
Altitude: 54:19:50.7

Mon Mar 31 21:07:23 2014
Adjusting the interferometer position.
Azimuth: 203:38:04.7
Altitude: 54:17:10.5

Mon Mar 31 21:07:56 2014
Adjusting the interferometer position.
Azimuth: 203:51:26.1
Altitude: 54:14:33.7

Mon Mar 31 21:08:29 2014
Adjusting the interferometer position.
Azimuth: 204:04:45.9
Altitude: 54:11:55.4

Mon Mar 31 21:09:02 2014
Adjusting the interferometer position.
Azimuth: 204:18:04.1
Altitude: 54:09:15.8

Mon Mar 31 21:09:36 2014
Adjusting the interferometer position.
Azimuth: 204:31:44.7
Altitude: 54:06:29.8

Mon Mar 31 21:10:09 2014
Adjusting the interferometer position.
Azimuth: 204:44:59.4
Altitude: 54:03:47.4

Mon Mar 31 21:10:42 2014
Adjusting the interferometer position.
Azimuth: 204:58:12.5
Altitude: 54:01:03.6

Mon Mar 31 21:11:16 2014
Adjusting the interferometer position.
Azimuth: 205:11:47.8
Altitude: 53:58:13.4

Mon Mar 31 21:11:49 2014
Adjusting the interferometer position.
Azimuth: 205:24:57.5
Altitude: 53:55:26.8

Mon Mar 31 21:12:22 2014
Adjusting the interferometer position.
Azimuth: 205:38:05.4
Altitude: 53:52:38.9

Mon Mar 31 21:12:56 2014
Adjusting the interferometer position.
Azimuth: 205:51:35.4
Altitude: 53:49:44.5

Mon Mar 31 21:13:29 2014
Adjusting the interferometer position.
Azimuth: 206:04:39.9
Altitude: 53:46:53.9

Mon Mar 31 21:14:02 2014
Adjusting the interferometer position.
Azimuth: 206:17:42.6
Altitude: 53:44:01.9

Mon Mar 31 21:14:35 2014
Adjusting the interferometer position.
Azimuth: 206:30:43.6
Altitude: 53:41:08.6

Mon Mar 31 21:15:09 2014
Adjusting the interferometer position.
Azimuth: 206:44:06.5
Altitude: 53:38:08.6

Mon Mar 31 21:15:42 2014
Adjusting the interferometer position.
Azimuth: 206:57:03.9
Altitude: 53:35:12.7

Mon Mar 31 21:16:15 2014
Adjusting the interferometer position.
Azimuth: 207:09:59.6
Altitude: 53:32:15.4

Mon Mar 31 21:16:49 2014
Adjusting the interferometer position.
Azimuth: 207:23:17.0
Altitude: 53:29:11.3

Mon Mar 31 21:17:22 2014
Adjusting the interferometer position.
Azimuth: 207:36:09.2
Altitude: 53:26:11.4

Mon Mar 31 21:17:55 2014
Adjusting the interferometer position.
Azimuth: 207:48:59.6
Altitude: 53:23:10.1

Mon Mar 31 21:18:28 2014
Adjusting the interferometer position.
Azimuth: 208:01:48.2
Altitude: 53:20:07.6

Mon Mar 31 21:19:02 2014
Adjusting the interferometer position.
Azimuth: 208:14:58.2
Altitude: 53:16:58.2

Mon Mar 31 21:19:35 2014
Adjusting the interferometer position.
Azimuth: 208:27:43.2
Altitude: 53:13:53.1

Mon Mar 31 21:20:08 2014
Adjusting the interferometer position.
Azimuth: 208:40:26.4
Altitude: 53:10:46.7

Mon Mar 31 21:20:42 2014
Adjusting the interferometer position.
Azimuth: 208:53:30.9
Altitude: 53:07:33.3

Mon Mar 31 21:21:15 2014
Resetting the interferometer to its home position.

Mon Mar 31 21:21:51 2014
Done. Data collection may now resume.

Mon Mar 31 21:21:51 2014
Adjusting the interferometer position.
Azimuth: 209:19:57.1
Altitude: 53:00:56.7

Mon Mar 31 21:22:31 2014
Adjusting the interferometer position.
Azimuth: 209:35:13.0
Altitude: 52:57:04.3

Mon Mar 31 21:23:05 2014
Adjusting the interferometer position.
Azimuth: 209:48:09.4
Altitude: 52:53:45.4

Mon Mar 31 21:23:38 2014
Adjusting the interferometer position.
Azimuth: 210:00:41.2
Altitude: 52:50:31.0

Mon Mar 31 21:24:11 2014
Adjusting the interferometer position.
Azimuth: 210:13:11.1
Altitude: 52:47:15.4

Mon Mar 31 21:24:45 2014
Adjusting the interferometer position.
Azimuth: 210:26:01.9
Altitude: 52:43:52.6

Mon Mar 31 21:25:18 2014
Adjusting the interferometer position.
Azimuth: 210:38:28.2
Altitude: 52:40:34.5

Mon Mar 31 21:25:51 2014
Adjusting the interferometer position.
Azimuth: 210:50:52.6
Altitude: 52:37:15.1

Mon Mar 31 21:26:24 2014
Adjusting the interferometer position.
Azimuth: 211:03:15.2
Altitude: 52:33:54.6

Mon Mar 31 21:26:58 2014
Adjusting the interferometer position.
Azimuth: 211:15:58.4
Altitude: 52:30:26.8

Mon Mar 31 21:27:31 2014
Adjusting the interferometer position.
Azimuth: 211:28:17.3
Altitude: 52:27:03.8

Mon Mar 31 21:28:04 2014
Adjusting the interferometer position.
Azimuth: 211:40:34.3
Altitude: 52:23:39.7

Mon Mar 31 21:28:38 2014
Adjusting the interferometer position.
Azimuth: 211:53:11.8
Altitude: 52:20:08.1

Mon Mar 31 21:29:11 2014
Adjusting the interferometer position.
Azimuth: 212:05:25.1
Altitude: 52:16:41.5

Mon Mar 31 21:29:44 2014
Adjusting the interferometer position.
Azimuth: 212:17:36.6
Altitude: 52:13:13.8

Mon Mar 31 21:30:18 2014
Adjusting the interferometer position.
Azimuth: 212:30:08.3
Altitude: 52:09:38.5

Mon Mar 31 21:30:51 2014
Adjusting the interferometer position.
Azimuth: 212:42:16.1
Altitude: 52:06:08.4

Mon Mar 31 21:31:24 2014
Adjusting the interferometer position.
Azimuth: 212:54:22.0
Altitude: 52:02:37.1

Mon Mar 31 21:31:57 2014
Adjusting the interferometer position.
Azimuth: 213:06:26.0
Altitude: 51:59:04.7

Mon Mar 31 21:32:31 2014
Adjusting the interferometer position.
Azimuth: 213:18:50.1
Altitude: 51:55:24.7

Mon Mar 31 21:33:04 2014
Adjusting the interferometer position.
Azimuth: 213:30:50.4
Altitude: 51:51:49.9

Mon Mar 31 21:33:37 2014
Adjusting the interferometer position.
Azimuth: 213:42:48.8
Altitude: 51:48:14.0

Mon Mar 31 21:34:11 2014
Adjusting the interferometer position.
Azimuth: 213:55:07.1
Altitude: 51:44:30.4

Mon Mar 31 21:34:44 2014
Adjusting the interferometer position.
Azimuth: 214:07:01.8
Altitude: 51:40:52.2

Mon Mar 31 21:35:17 2014
Adjusting the interferometer position.
Azimuth: 214:18:54.7
Altitude: 51:37:12.9

Mon Mar 31 21:35:50 2014
Adjusting the interferometer position.
Azimuth: 214:30:45.7
Altitude: 51:33:32.5

Mon Mar 31 21:36:24 2014
Adjusting the interferometer position.
Azimuth: 214:42:56.3
Altitude: 51:29:44.3

Mon Mar 31 21:36:57 2014
Adjusting the interferometer position.
Azimuth: 214:54:43.5
Altitude: 51:26:01.6

Mon Mar 31 21:37:30 2014
Adjusting the interferometer position.
Azimuth: 215:06:28.9
Altitude: 51:22:17.9

Mon Mar 31 21:38:04 2014
Adjusting the interferometer position.
Azimuth: 215:18:33.7
Altitude: 51:18:26.2

Mon Mar 31 21:38:37 2014
Adjusting the interferometer position.
Azimuth: 215:30:15.3
Altitude: 51:14:40.2

Mon Mar 31 21:39:10 2014
Adjusting the interferometer position.
Azimuth: 215:41:55.1
Altitude: 51:10:53.2

Mon Mar 31 21:39:44 2014
Adjusting the interferometer position.
Azimuth: 215:53:54.1
Altitude: 51:06:58.1

Mon Mar 31 21:40:17 2014
Adjusting the interferometer position.
Azimuth: 216:05:30.2
Altitude: 51:03:08.9

Mon Mar 31 21:40:50 2014
Adjusting the interferometer position.
Azimuth: 216:17:04.3
Altitude: 50:59:18.6

Mon Mar 31 21:41:23 2014
Adjusting the interferometer position.
Azimuth: 216:28:36.7
Altitude: 50:55:27.3

Mon Mar 31 21:41:57 2014
Adjusting the interferometer position.
Azimuth: 216:40:28.0
Altitude: 50:51:27.8

Mon Mar 31 21:42:30 2014
Adjusting the interferometer position.
Azimuth: 216:51:56.6
Altitude: 50:47:34.3

Mon Mar 31 21:43:03 2014
Adjusting the interferometer position.
Azimuth: 217:03:23.3
Altitude: 50:43:39.8

Mon Mar 31 21:43:37 2014
Adjusting the interferometer position.
Azimuth: 217:15:08.9
Altitude: 50:39:37.1

Mon Mar 31 21:44:10 2014
Adjusting the interferometer position.
Azimuth: 217:26:31.9
Altitude: 50:35:40.4

Mon Mar 31 21:44:43 2014
Adjusting the interferometer position.
Azimuth: 217:37:53.1
Altitude: 50:31:42.8

Mon Mar 31 21:45:17 2014
Adjusting the interferometer position.
Azimuth: 217:49:32.9
Altitude: 50:27:36.8

Mon Mar 31 21:45:50 2014
Adjusting the interferometer position.
Azimuth: 218:00:50.3
Altitude: 50:23:37.1

Mon Mar 31 21:46:23 2014
Adjusting the interferometer position.
Azimuth: 218:12:05.9
Altitude: 50:19:36.4

Mon Mar 31 21:46:56 2014
Adjusting the interferometer position.
Azimuth: 218:23:19.6
Altitude: 50:15:34.6

Mon Mar 31 21:47:30 2014
Adjusting the interferometer position.
Azimuth: 218:34:51.9
Altitude: 50:11:24.5

Mon Mar 31 21:48:03 2014
Adjusting the interferometer position.
Azimuth: 218:46:01.9
Altitude: 50:07:20.8

Mon Mar 31 21:48:36 2014
Adjusting the interferometer position.
Azimuth: 218:57:10.1
Altitude: 50:03:16.0

Mon Mar 31 21:49:10 2014
Adjusting the interferometer position.
Azimuth: 219:08:36.7
Altitude: 49:59:02.8

Mon Mar 31 21:49:43 2014
Adjusting the interferometer position.
Azimuth: 219:19:41.2
Altitude: 49:54:56.1

Mon Mar 31 21:50:16 2014
Adjusting the interferometer position.
Azimuth: 219:30:43.8
Altitude: 49:50:48.3

Mon Mar 31 21:50:50 2014
Adjusting the interferometer position.
Azimuth: 219:42:04.7
Altitude: 49:46:32.1

Mon Mar 31 21:51:23 2014
Adjusting the interferometer position.
Azimuth: 219:53:03.7
Altitude: 49:42:22.4

Mon Mar 31 21:51:56 2014
Adjusting the interferometer position.
Azimuth: 220:04:00.9
Altitude: 49:38:11.8

Mon Mar 31 21:52:29 2014
Adjusting the interferometer position.
Azimuth: 220:14:56.2
Altitude: 49:34:00.2

Mon Mar 31 21:53:03 2014
Adjusting the interferometer position.
Azimuth: 220:26:09.6
Altitude: 49:29:40.0

Mon Mar 31 21:53:36 2014
Adjusting the interferometer position.
Azimuth: 220:37:01.3
Altitude: 49:25:26.5

Mon Mar 31 21:54:09 2014
Adjusting the interferometer position.
Azimuth: 220:47:51.2
Altitude: 49:21:12.0

Mon Mar 31 21:54:43 2014
Adjusting the interferometer position.
Azimuth: 220:58:58.9
Altitude: 49:16:48.9

Mon Mar 31 21:55:16 2014
Adjusting the interferometer position.
Azimuth: 221:09:45.2
Altitude: 49:12:32.6

Mon Mar 31 21:55:49 2014
Adjusting the interferometer position.
Azimuth: 221:20:29.7
Altitude: 49:08:15.3

Mon Mar 31 21:56:22 2014
Adjusting the interferometer position.
Azimuth: 221:31:12.3
Altitude: 49:03:57.2

Mon Mar 31 21:56:56 2014
Adjusting the interferometer position.
Azimuth: 221:42:12.6
Altitude: 48:59:30.2

Mon Mar 31 21:57:29 2014
Adjusting the interferometer position.
Azimuth: 221:52:51.7
Altitude: 48:55:10.2

Mon Mar 31 21:58:02 2014
Adjusting the interferometer position.
Azimuth: 222:03:29.0
Altitude: 48:50:49.3

Mon Mar 31 21:58:36 2014
Adjusting the interferometer position.
Azimuth: 222:14:23.8
Altitude: 48:46:19.5

Mon Mar 31 21:59:09 2014
Adjusting the interferometer position.
Azimuth: 222:24:57.5
Altitude: 48:41:56.8

Mon Mar 31 21:59:42 2014
Adjusting the interferometer position.
Azimuth: 222:35:29.4
Altitude: 48:37:33.2

Mon Mar 31 22:00:16 2014
Adjusting the interferometer position.
Azimuth: 222:46:18.6
Altitude: 48:33:00.7

Mon Mar 31 22:00:49 2014
Adjusting the interferometer position.
Azimuth: 222:56:47.0
Altitude: 48:28:35.3

Mon Mar 31 22:01:22 2014
Adjusting the interferometer position.
Azimuth: 223:07:13.6
Altitude: 48:24:09.0

Mon Mar 31 22:01:55 2014
Adjusting the interferometer position.
Azimuth: 223:17:38.5
Altitude: 48:19:41.9

Mon Mar 31 22:02:29 2014
Adjusting the interferometer position.
Azimuth: 223:28:20.4
Altitude: 48:15:05.8

Mon Mar 31 22:03:02 2014
Adjusting the interferometer position.
Azimuth: 223:38:41.8
Altitude: 48:10:36.9

Mon Mar 31 22:03:35 2014
Adjusting the interferometer position.
Azimuth: 223:49:01.3
Altitude: 48:06:07.2

Mon Mar 31 22:04:09 2014
Adjusting the interferometer position.
Azimuth: 223:59:37.9
Altitude: 48:01:28.4

Mon Mar 31 22:04:42 2014
Adjusting the interferometer position.
Azimuth: 224:09:54.0
Altitude: 47:56:56.9

Mon Mar 31 22:05:15 2014
Adjusting the interferometer position.
Azimuth: 224:20:08.3
Altitude: 47:52:24.7

Mon Mar 31 22:05:48 2014
Adjusting the interferometer position.
Azimuth: 224:30:20.9
Altitude: 47:47:51.5

Mon Mar 31 22:06:22 2014
Adjusting the interferometer position.
Azimuth: 224:40:50.3
Altitude: 47:43:09.3

Mon Mar 31 22:06:55 2014
Adjusting the interferometer position.
Azimuth: 224:50:59.5
Altitude: 47:38:34.5

Mon Mar 31 22:07:28 2014
Adjusting the interferometer position.
Azimuth: 225:01:06.9
Altitude: 47:33:58.9

Mon Mar 31 22:08:02 2014
Adjusting the interferometer position.
Azimuth: 225:11:31.0
Altitude: 47:29:14.1

Mon Mar 31 22:08:35 2014
Adjusting the interferometer position.
Azimuth: 225:21:35.0
Altitude: 47:24:36.9

Mon Mar 31 22:09:08 2014
Adjusting the interferometer position.
Azimuth: 225:31:37.3
Altitude: 47:19:58.8

Mon Mar 31 22:09:42 2014
Adjusting the interferometer position.
Azimuth: 225:41:56.1
Altitude: 47:15:11.5

Mon Mar 31 22:10:15 2014
Adjusting the interferometer position.
Azimuth: 225:51:55.0
Altitude: 47:10:31.8

Mon Mar 31 22:10:48 2014
Adjusting the interferometer position.
Azimuth: 226:01:52.2
Altitude: 47:05:51.4

Mon Mar 31 22:11:21 2014
Adjusting the interferometer position.
Azimuth: 226:11:47.8
Altitude: 47:01:10.1

Mon Mar 31 22:11:55 2014
Adjusting the interferometer position.
Azimuth: 226:21:59.6
Altitude: 46:56:19.5

Mon Mar 31 22:12:28 2014
Adjusting the interferometer position.
Azimuth: 226:31:51.8
Altitude: 46:51:36.7

Mon Mar 31 22:13:01 2014
Adjusting the interferometer position.
Azimuth: 226:41:42.3
Altitude: 46:46:53.1

Mon Mar 31 22:13:35 2014
Adjusting the interferometer position.
Azimuth: 226:51:49.0
Altitude: 46:42:00.1

Mon Mar 31 22:14:08 2014
Adjusting the interferometer position.
Azimuth: 227:01:36.1
Altitude: 46:37:15.0

Mon Mar 31 22:14:41 2014
Adjusting the interferometer position.
Azimuth: 227:11:21.6
Altitude: 46:32:29.1

Mon Mar 31 22:15:14 2014
Adjusting the interferometer position.
Azimuth: 227:21:05.5
Altitude: 46:27:42.4

Mon Mar 31 22:15:48 2014
Adjusting the interferometer position.
Azimuth: 227:31:05.4
Altitude: 46:22:46.3

Mon Mar 31 22:16:21 2014
Adjusting the interferometer position.
Azimuth: 227:40:46.0
Altitude: 46:17:58.1

Mon Mar 31 22:16:54 2014
Adjusting the interferometer position.
Azimuth: 227:50:24.9
Altitude: 46:13:09.2

Mon Mar 31 22:17:28 2014
Adjusting the interferometer position.
Azimuth: 228:00:19.7
Altitude: 46:08:10.8

Mon Mar 31 22:18:01 2014
Adjusting the interferometer position.
Azimuth: 228:09:55.4
Altitude: 46:03:20.4

Mon Mar 31 22:18:34 2014
Adjusting the interferometer position.
Azimuth: 228:19:29.5
Altitude: 45:58:29.2

Mon Mar 31 22:19:08 2014
Adjusting the interferometer position.
Azimuth: 228:29:19.3
Altitude: 45:53:28.5

Mon Mar 31 22:19:41 2014
Adjusting the interferometer position.
Azimuth: 228:38:50.1
Altitude: 45:48:35.9

Mon Mar 31 22:20:14 2014
Adjusting the interferometer position.
Azimuth: 228:48:19.3
Altitude: 45:43:42.6

Mon Mar 31 22:20:47 2014
Adjusting the interferometer position.
Azimuth: 228:57:47.0
Altitude: 45:38:48.6

Mon Mar 31 22:21:21 2014
Adjusting the interferometer position.
Azimuth: 229:07:30.2
Altitude: 45:33:44.9

Mon Mar 31 22:21:54 2014
Adjusting the interferometer position.
Azimuth: 229:16:54.7
Altitude: 45:28:49.5

Mon Mar 31 22:22:27 2014
Resetting the interferometer to its home position.

Mon Mar 31 22:23:05 2014
Done. Data collection may now resume.

Mon Mar 31 22:23:05 2014
Adjusting the interferometer position.
Azimuth: 229:37:03.8
Altitude: 45:18:11.5

Mon Mar 31 22:23:46 2014
Adjusting the interferometer position.
Azimuth: 229:48:38.8
Altitude: 45:12:01.6

Mon Mar 31 22:24:19 2014
Adjusting the interferometer position.
Azimuth: 229:57:56.4
Altitude: 45:07:03.1

Mon Mar 31 22:24:53 2014
Adjusting the interferometer position.
Azimuth: 230:07:29.3
Altitude: 45:01:54.9

Mon Mar 31 22:25:26 2014
Adjusting the interferometer position.
Azimuth: 230:16:43.8
Altitude: 44:56:55.0

Mon Mar 31 22:25:59 2014
Adjusting the interferometer position.
Azimuth: 230:25:56.8
Altitude: 44:51:54.5

Mon Mar 31 22:26:32 2014
Adjusting the interferometer position.
Azimuth: 230:35:08.2
Altitude: 44:46:53.3

Mon Mar 31 22:27:06 2014
Adjusting the interferometer position.
Azimuth: 230:44:34.8
Altitude: 44:41:42.3

Mon Mar 31 22:27:39 2014
Adjusting the interferometer position.
Azimuth: 230:53:43.1
Altitude: 44:36:39.7

Mon Mar 31 22:28:12 2014
Adjusting the interferometer position.
Azimuth: 231:02:50.0
Altitude: 44:31:36.5

Mon Mar 31 22:28:46 2014
Adjusting the interferometer position.
Azimuth: 231:12:11.8
Altitude: 44:26:23.5

Mon Mar 31 22:29:19 2014
Adjusting the interferometer position.
Azimuth: 231:21:15.7
Altitude: 44:21:19.0

Mon Mar 31 22:29:52 2014
Adjusting the interferometer position.
Azimuth: 231:30:18.0
Altitude: 44:16:13.8

Mon Mar 31 22:30:25 2014
Adjusting the interferometer position.
Azimuth: 231:39:18.8
Altitude: 44:11:08.0

Mon Mar 31 22:30:59 2014
Adjusting the interferometer position.
Azimuth: 231:48:34.5
Altitude: 44:05:52.3

Mon Mar 31 22:31:32 2014
Adjusting the interferometer position.
Azimuth: 231:57:32.3
Altitude: 44:00:45.2

Mon Mar 31 22:32:05 2014
Adjusting the interferometer position.
Azimuth: 232:06:28.7
Altitude: 43:55:37.5

Mon Mar 31 22:32:39 2014
Adjusting the interferometer position.
Azimuth: 232:15:39.8
Altitude: 43:50:19.9

Mon Mar 31 22:33:12 2014
Adjusting the interferometer position.
Azimuth: 232:24:33.2
Altitude: 43:45:10.9

Mon Mar 31 22:33:45 2014
Adjusting the interferometer position.
Azimuth: 232:33:25.1
Altitude: 43:40:01.3

Mon Mar 31 22:34:18 2014
Adjusting the interferometer position.
Azimuth: 232:42:15.6
Altitude: 43:34:51.1

Mon Mar 31 22:34:52 2014
Adjusting the interferometer position.
Azimuth: 232:51:20.7
Altitude: 43:29:30.9

Mon Mar 31 22:35:25 2014
Adjusting the interferometer position.
Azimuth: 233:00:08.3
Altitude: 43:24:19.4

Mon Mar 31 22:35:58 2014
Adjusting the interferometer position.
Azimuth: 233:08:54.4
Altitude: 43:19:07.4

Mon Mar 31 22:36:32 2014
Adjusting the interferometer position.
Azimuth: 233:17:55.1
Altitude: 43:13:45.3

Mon Mar 31 22:37:05 2014
Adjusting the interferometer position.
Azimuth: 233:26:38.4
Altitude: 43:08:32.1

Mon Mar 31 22:37:38 2014
Adjusting the interferometer position.
Azimuth: 233:35:20.2
Altitude: 43:03:18.2

Mon Mar 31 22:38:12 2014
Adjusting the interferometer position.
Azimuth: 233:44:16.4
Altitude: 42:57:54.3

Mon Mar 31 22:38:45 2014
Adjusting the interferometer position.
Azimuth: 233:52:55.5
Altitude: 42:52:39.3

Mon Mar 31 22:39:18 2014
Adjusting the interferometer position.
Azimuth: 234:01:33.1
Altitude: 42:47:23.7

Mon Mar 31 22:39:51 2014
Adjusting the interferometer position.
Azimuth: 234:10:09.4
Altitude: 42:42:07.5

Mon Mar 31 22:40:25 2014
Adjusting the interferometer position.
Azimuth: 234:18:59.8
Altitude: 42:36:41.2

Mon Mar 31 22:40:58 2014
Adjusting the interferometer position.
Azimuth: 234:27:33.3
Altitude: 42:31:23.8

Mon Mar 31 22:41:31 2014
Adjusting the interferometer position.
Azimuth: 234:36:05.3
Altitude: 42:26:05.9

Mon Mar 31 22:42:05 2014
Adjusting the interferometer position.
Azimuth: 234:44:51.5
Altitude: 42:20:37.8

Mon Mar 31 22:42:38 2014
Adjusting the interferometer position.
Azimuth: 234:53:20.8
Altitude: 42:15:18.8

Mon Mar 31 22:43:11 2014
Adjusting the interferometer position.
Azimuth: 235:01:48.8
Altitude: 42:09:59.2

Mon Mar 31 22:43:45 2014
Adjusting the interferometer position.
Azimuth: 235:10:30.8
Altitude: 42:04:29.3

Mon Mar 31 22:44:18 2014
Adjusting the interferometer position.
Azimuth: 235:18:56.0
Altitude: 41:59:08.6

Mon Mar 31 22:44:51 2014
Adjusting the interferometer position.
Azimuth: 235:27:19.9
Altitude: 41:53:47.4

Mon Mar 31 22:45:24 2014
Adjusting the interferometer position.
Azimuth: 235:35:42.5
Altitude: 41:48:25.6

Mon Mar 31 22:45:58 2014
Adjusting the interferometer position.
Azimuth: 235:44:18.9
Altitude: 41:42:53.5

Mon Mar 31 22:46:31 2014
Adjusting the interferometer position.
Azimuth: 235:52:38.8
Altitude: 41:37:30.6

Mon Mar 31 22:47:04 2014
Adjusting the interferometer position.
Azimuth: 236:00:57.4
Altitude: 41:32:07.2

Mon Mar 31 22:47:38 2014
Adjusting the interferometer position.
Azimuth: 236:09:29.8
Altitude: 41:26:33.5

Mon Mar 31 22:48:11 2014
Adjusting the interferometer position.
Azimuth: 236:17:45.7
Altitude: 41:21:09.0

Mon Mar 31 22:48:44 2014
Adjusting the interferometer position.
Azimuth: 236:26:00.4
Altitude: 41:15:44.0

Mon Mar 31 22:49:18 2014
Adjusting the interferometer position.
Azimuth: 236:34:28.7
Altitude: 41:10:08.6

Mon Mar 31 22:49:51 2014
Adjusting the interferometer position.
Azimuth: 236:42:40.7
Altitude: 41:04:42.5

Mon Mar 31 22:50:24 2014
Adjusting the interferometer position.
Azimuth: 236:50:51.5
Altitude: 40:59:16.0

Mon Mar 31 22:50:57 2014
Adjusting the interferometer position.
Azimuth: 236:59:01.0
Altitude: 40:53:48.9

Mon Mar 31 22:51:31 2014
Adjusting the interferometer position.
Azimuth: 237:07:24.0
Altitude: 40:48:11.4

Mon Mar 31 22:52:04 2014
Adjusting the interferometer position.
Azimuth: 237:15:31.0
Altitude: 40:42:43.3

Mon Mar 31 22:52:37 2014
Adjusting the interferometer position.
Azimuth: 237:23:36.7
Altitude: 40:37:14.7

Mon Mar 31 22:53:11 2014
Adjusting the interferometer position.
Azimuth: 237:31:55.8
Altitude: 40:31:35.7

Mon Mar 31 22:53:44 2014
Adjusting the interferometer position.
Azimuth: 237:39:58.9
Altitude: 40:26:06.1

Mon Mar 31 22:54:17 2014
Adjusting the interferometer position.
Azimuth: 237:48:00.9
Altitude: 40:20:36.0

Mon Mar 31 22:54:51 2014
Adjusting the interferometer position.
Azimuth: 237:56:16.1
Altitude: 40:14:55.4

Mon Mar 31 22:55:24 2014
Adjusting the interferometer position.
Azimuth: 238:04:15.6
Altitude: 40:09:24.3

Mon Mar 31 22:55:57 2014
Adjusting the interferometer position.
Azimuth: 238:12:13.8
Altitude: 40:03:52.8

Mon Mar 31 22:56:31 2014
Adjusting the interferometer position.
Azimuth: 238:20:25.2
Altitude: 39:58:10.7

Mon Mar 31 22:57:04 2014
Adjusting the interferometer position.
Azimuth: 238:28:21.0
Altitude: 39:52:38.2

Mon Mar 31 22:57:37 2014
Adjusting the interferometer position.
Azimuth: 238:36:15.6
Altitude: 39:47:05.2

Mon Mar 31 22:58:10 2014
Adjusting the interferometer position.
Azimuth: 238:44:08.9
Altitude: 39:41:31.8

Mon Mar 31 22:58:44 2014
Adjusting the interferometer position.
Azimuth: 238:52:15.4
Altitude: 39:35:47.7

Mon Mar 31 22:59:17 2014
Adjusting the interferometer position.
Azimuth: 239:00:06.4
Altitude: 39:30:13.3

Mon Mar 31 22:59:50 2014
Adjusting the interferometer position.
Azimuth: 239:07:56.2
Altitude: 39:24:38.5

Mon Mar 31 23:00:24 2014
Adjusting the interferometer position.
Azimuth: 239:15:58.9
Altitude: 39:18:53.0

Mon Mar 31 23:00:57 2014
Adjusting the interferometer position.
Azimuth: 239:23:46.4
Altitude: 39:13:17.2

Mon Mar 31 23:01:30 2014
Adjusting the interferometer position.
Azimuth: 239:31:32.6
Altitude: 39:07:41.0

Mon Mar 31 23:02:03 2014
Adjusting the interferometer position.
Azimuth: 239:39:17.7
Altitude: 39:02:04.3

Mon Mar 31 23:02:37 2014
Adjusting the interferometer position.
Azimuth: 239:47:15.7
Altitude: 38:56:17.0

Mon Mar 31 23:03:10 2014
Adjusting the interferometer position.
Azimuth: 239:54:58.4
Altitude: 38:50:39.4

Mon Mar 31 23:03:43 2014
Adjusting the interferometer position.
Azimuth: 240:02:40.0
Altitude: 38:45:01.4

Mon Mar 31 23:04:17 2014
Adjusting the interferometer position.
Azimuth: 240:10:34.5
Altitude: 38:39:12.7

Mon Mar 31 23:04:50 2014
Adjusting the interferometer position.
Azimuth: 240:18:13.8
Altitude: 38:33:33.8

Mon Mar 31 23:05:23 2014
Adjusting the interferometer position.
Azimuth: 240:25:52.0
Altitude: 38:27:54.5

Mon Mar 31 23:05:57 2014
Adjusting the interferometer position.
Azimuth: 240:33:42.9
Altitude: 38:22:04.4

Mon Mar 31 23:06:30 2014
Adjusting the interferometer position.
Azimuth: 240:41:18.9
Altitude: 38:16:24.2

Mon Mar 31 23:07:03 2014
Adjusting the interferometer position.
Azimuth: 240:48:53.7
Altitude: 38:10:43.6

Mon Mar 31 23:07:36 2014
Adjusting the interferometer position.
Azimuth: 240:56:27.4
Altitude: 38:05:02.5

Mon Mar 31 23:08:10 2014
Adjusting the interferometer position.
Azimuth: 241:04:13.8
Altitude: 37:59:10.7

Mon Mar 31 23:08:43 2014
Adjusting the interferometer position.
Azimuth: 241:11:45.3
Altitude: 37:53:28.8

Mon Mar 31 23:09:16 2014
Adjusting the interferometer position.
Azimuth: 241:19:15.7
Altitude: 37:47:46.6

Mon Mar 31 23:09:50 2014
Adjusting the interferometer position.
Azimuth: 241:26:58.7
Altitude: 37:41:53.5

Mon Mar 31 23:10:23 2014
Adjusting the interferometer position.
Azimuth: 241:34:26.9
Altitude: 37:36:10.3

Mon Mar 31 23:10:56 2014
Adjusting the interferometer position.
Azimuth: 241:41:54.1
Altitude: 37:30:26.8

Mon Mar 31 23:11:29 2014
Adjusting the interferometer position.
Azimuth: 241:49:20.2
Altitude: 37:24:42.9

Mon Mar 31 23:12:03 2014
Adjusting the interferometer position.
Azimuth: 241:56:58.7
Altitude: 37:18:48.1

Mon Mar 31 23:12:36 2014
Adjusting the interferometer position.
Azimuth: 242:04:22.7
Altitude: 37:13:03.4

Mon Mar 31 23:13:09 2014
Adjusting the interferometer position.
Azimuth: 242:11:45.6
Altitude: 37:07:18.2

Mon Mar 31 23:13:43 2014
Adjusting the interferometer position.
Azimuth: 242:19:20.9
Altitude: 37:01:22.2

Mon Mar 31 23:14:16 2014
Adjusting the interferometer position.
Azimuth: 242:26:41.7
Altitude: 36:55:36.3

Mon Mar 31 23:14:49 2014
Adjusting the interferometer position.
Azimuth: 242:34:01.5
Altitude: 36:49:50.0

Mon Mar 31 23:15:22 2014
Adjusting the interferometer position.
Azimuth: 242:41:20.3
Altitude: 36:44:03.3

Mon Mar 31 23:15:56 2014
Adjusting the interferometer position.
Azimuth: 242:48:51.3
Altitude: 36:38:05.7

Mon Mar 31 23:16:29 2014
Adjusting the interferometer position.
Azimuth: 242:56:08.0
Altitude: 36:32:18.2

Mon Mar 31 23:17:02 2014
Adjusting the interferometer position.
Azimuth: 243:03:23.6
Altitude: 36:26:30.4

Mon Mar 31 23:17:36 2014
Adjusting the interferometer position.
Azimuth: 243:10:51.5
Altitude: 36:20:31.6

Mon Mar 31 23:18:09 2014
Adjusting the interferometer position.
Azimuth: 243:18:05.1
Altitude: 36:14:43.0

Mon Mar 31 23:18:42 2014
Adjusting the interferometer position.
Azimuth: 243:25:17.8
Altitude: 36:08:54.1

Mon Mar 31 23:19:16 2014
Adjusting the interferometer position.
Azimuth: 243:32:42.5
Altitude: 36:02:54.1

Mon Mar 31 23:19:49 2014
Adjusting the interferometer position.
Azimuth: 243:39:53.2
Altitude: 35:57:04.4

Mon Mar 31 23:20:22 2014
Adjusting the interferometer position.
Azimuth: 243:47:02.9
Altitude: 35:51:14.3

Mon Mar 31 23:20:55 2014
Adjusting the interferometer position.
Azimuth: 243:54:11.6
Altitude: 35:45:23.9

Mon Mar 31 23:21:29 2014
Adjusting the interferometer position.
Azimuth: 244:01:32.2
Altitude: 35:39:22.5

Mon Mar 31 23:22:02 2014
Adjusting the interferometer position.
Azimuth: 244:08:39.0
Altitude: 35:33:31.3

Mon Mar 31 23:22:35 2014
Adjusting the interferometer position.
Azimuth: 244:15:44.8
Altitude: 35:27:39.8

Mon Mar 31 23:23:09 2014
Adjusting the interferometer position.
Azimuth: 244:23:02.5
Altitude: 35:21:37.3

Mon Mar 31 23:23:42 2014
Resetting the interferometer to its home position.

Mon Mar 31 23:24:20 2014
Done. Data collection may now resume.

Mon Mar 31 23:24:20 2014
Adjusting the interferometer position.
Azimuth: 244:38:13.2
Altitude: 35:08:59.1

Mon Mar 31 23:25:03 2014
Adjusting the interferometer position.
Azimuth: 244:47:22.7
Altitude: 35:01:19.1

Mon Mar 31 23:25:36 2014
Adjusting the interferometer position.
Azimuth: 244:54:23.3
Altitude: 34:55:25.7

Mon Mar 31 23:26:09 2014
Adjusting the interferometer position.
Azimuth: 245:01:23.0
Altitude: 34:49:31.9

Mon Mar 31 23:26:43 2014
Adjusting the interferometer position.
Azimuth: 245:08:34.4
Altitude: 34:43:27.1

Mon Mar 31 23:27:16 2014
Adjusting the interferometer position.
Azimuth: 245:15:32.3
Altitude: 34:37:32.7

Mon Mar 31 23:27:49 2014
Adjusting the interferometer position.
Azimuth: 245:22:29.2
Altitude: 34:31:38.0

Mon Mar 31 23:28:22 2014
Adjusting the interferometer position.
Azimuth: 245:29:25.2
Altitude: 34:25:42.9

Mon Mar 31 23:28:56 2014
Adjusting the interferometer position.
Azimuth: 245:36:32.9
Altitude: 34:19:36.7

Mon Mar 31 23:29:29 2014
Adjusting the interferometer position.
Azimuth: 245:43:27.0
Altitude: 34:13:41.0

Mon Mar 31 23:30:02 2014
Adjusting the interferometer position.
Azimuth: 245:50:20.3
Altitude: 34:07:44.9

Mon Mar 31 23:30:36 2014
Adjusting the interferometer position.
Azimuth: 245:57:25.2
Altitude: 34:01:37.7

Mon Mar 31 23:31:09 2014
Adjusting the interferometer position.
Azimuth: 246:04:16.7
Altitude: 33:55:41.0

Mon Mar 31 23:31:42 2014
Adjusting the interferometer position.
Azimuth: 246:11:07.3
Altitude: 33:49:44.0

Mon Mar 31 23:32:15 2014
Adjusting the interferometer position.
Azimuth: 246:17:57.1
Altitude: 33:43:46.6

Mon Mar 31 23:32:49 2014
Adjusting the interferometer position.
Azimuth: 246:24:58.3
Altitude: 33:37:38.1

Mon Mar 31 23:33:22 2014
Adjusting the interferometer position.
Azimuth: 246:31:46.3
Altitude: 33:31:40.2

Mon Mar 31 23:33:55 2014
Adjusting the interferometer position.
Azimuth: 246:38:33.4
Altitude: 33:25:41.9

Mon Mar 31 23:34:29 2014
Adjusting the interferometer position.
Azimuth: 246:45:32.0
Altitude: 33:19:32.4

Mon Mar 31 23:35:02 2014
Adjusting the interferometer position.
Azimuth: 246:52:17.4
Altitude: 33:13:33.5

Mon Mar 31 23:35:35 2014
Adjusting the interferometer position.
Azimuth: 246:59:02.0
Altitude: 33:07:34.3

Mon Mar 31 23:36:09 2014
Adjusting the interferometer position.
Azimuth: 247:05:57.9
Altitude: 33:01:23.9

Mon Mar 31 23:36:42 2014
Adjusting the interferometer position.
Azimuth: 247:12:40.7
Altitude: 32:55:24.1

Mon Mar 31 23:37:15 2014
Adjusting the interferometer position.
Azimuth: 247:19:22.8
Altitude: 32:49:24.0

Mon Mar 31 23:37:49 2014
Adjusting the interferometer position.
Azimuth: 247:26:16.1
Altitude: 32:43:12.7

Mon Mar 31 23:38:22 2014
Adjusting the interferometer position.
Azimuth: 247:32:56.5
Altitude: 32:37:12.0

Mon Mar 31 23:38:55 2014
Adjusting the interferometer position.
Azimuth: 247:39:36.0
Altitude: 32:31:11.0

Mon Mar 31 23:39:28 2014
Adjusting the interferometer position.
Azimuth: 247:46:14.7
Altitude: 32:25:09.7

Mon Mar 31 23:40:02 2014
Adjusting the interferometer position.
Azimuth: 247:53:04.7
Altitude: 32:18:57.2

Mon Mar 31 23:40:35 2014
Adjusting the interferometer position.
Azimuth: 247:59:41.8
Altitude: 32:12:55.3

Mon Mar 31 23:41:08 2014
Adjusting the interferometer position.
Azimuth: 248:06:18.1
Altitude: 32:06:53.2

Mon Mar 31 23:41:42 2014
Adjusting the interferometer position.
Azimuth: 248:13:05.5
Altitude: 32:00:39.8

Mon Mar 31 23:42:15 2014
Adjusting the interferometer position.
Azimuth: 248:19:40.2
Altitude: 31:54:37.1

Mon Mar 31 23:42:48 2014
Adjusting the interferometer position.
Azimuth: 248:26:14.1
Altitude: 31:48:34.1

Mon Mar 31 23:43:22 2014
Adjusting the interferometer position.
Azimuth: 248:32:59.1
Altitude: 31:42:19.9

Mon Mar 31 23:44:08 2014
Adjusting the interferometer position.
Azimuth: 248:42:05.8
Altitude: 31:33:53.0

Mon Mar 31 23:44:41 2014
Adjusting the interferometer position.
Azimuth: 248:48:37.0
Altitude: 31:27:49.1

Mon Mar 31 23:45:15 2014
Adjusting the interferometer position.
Azimuth: 248:55:19.3
Altitude: 31:21:33.9

Mon Mar 31 23:45:48 2014
Adjusting the interferometer position.
Azimuth: 249:01:49.0
Altitude: 31:15:29.5

Mon Mar 31 23:46:21 2014
Adjusting the interferometer position.
Azimuth: 249:08:18.0
Altitude: 31:09:24.7

Mon Mar 31 23:46:55 2014
Adjusting the interferometer position.
Azimuth: 249:14:57.9
Altitude: 31:03:08.7

Mon Mar 31 23:47:29 2014
Adjusting the interferometer position.
Azimuth: 249:21:37.1
Altitude: 30:56:52.4

Mon Mar 31 23:48:04 2014
Adjusting the interferometer position.
Azimuth: 249:28:27.1
Altitude: 30:50:24.7

Mon Mar 31 23:48:37 2014
Adjusting the interferometer position.
Azimuth: 249:34:53.0
Altitude: 30:44:18.9

Mon Mar 31 23:49:10 2014
Adjusting the interferometer position.
Azimuth: 249:41:18.1
Altitude: 30:38:12.9

Mon Mar 31 23:49:43 2014
Adjusting the interferometer position.
Azimuth: 249:47:42.5
Altitude: 30:32:06.6

Mon Mar 31 23:50:17 2014
Adjusting the interferometer position.
Azimuth: 249:54:17.8
Altitude: 30:25:48.9

Mon Mar 31 23:50:50 2014
Adjusting the interferometer position.
Azimuth: 250:00:40.7
Altitude: 30:19:42.1

Mon Mar 31 23:51:23 2014
Adjusting the interferometer position.
Azimuth: 250:07:03.0
Altitude: 30:13:35.1

Mon Mar 31 23:51:58 2014
Adjusting the interferometer position.
Azimuth: 250:13:47.6
Altitude: 30:07:05.5

Mon Mar 31 23:52:32 2014
Adjusting the interferometer position.
Azimuth: 250:20:19.8
Altitude: 30:00:46.8

Mon Mar 31 23:53:07 2014
Adjusting the interferometer position.
Azimuth: 250:27:02.9
Altitude: 29:54:16.7

Mon Mar 31 23:53:40 2014
Adjusting the interferometer position.
Azimuth: 250:33:22.1
Altitude: 29:48:08.6

Mon Mar 31 23:54:13 2014
Adjusting the interferometer position.
Azimuth: 250:39:40.7
Altitude: 29:42:00.3

Mon Mar 31 23:54:47 2014
Adjusting the interferometer position.
Azimuth: 250:46:10.0
Altitude: 29:35:40.6

Mon Mar 31 23:55:20 2014
Adjusting the interferometer position.
Azimuth: 250:52:27.2
Altitude: 29:29:31.8

Mon Mar 31 23:55:53 2014
Adjusting the interferometer position.
Azimuth: 250:58:43.7
Altitude: 29:23:22.8

Mon Mar 31 23:56:27 2014
Adjusting the interferometer position.
Azimuth: 251:05:10.9
Altitude: 29:17:02.3

Mon Mar 31 23:57:00 2014
Adjusting the interferometer position.
Azimuth: 251:11:26.0
Altitude: 29:10:52.9

Mon Mar 31 23:57:33 2014
Adjusting the interferometer position.
Azimuth: 251:17:40.5
Altitude: 29:04:43.1

Mon Mar 31 23:58:08 2014
Adjusting the interferometer position.
Azimuth: 251:24:16.9
Altitude: 28:58:10.8

Mon Mar 31 23:58:41 2014
Adjusting the interferometer position.
Azimuth: 251:30:30.0
Altitude: 28:52:00.6

Mon Mar 31 23:59:15 2014
Adjusting the interferometer position.
Azimuth: 251:36:53.7
Altitude: 28:45:38.9

Mon Mar 31 23:59:49 2014
Adjusting the interferometer position.
Azimuth: 251:43:16.7
Altitude: 28:39:17.1

Tue Apr  1 00:00:22 2014
Adjusting the interferometer position.
Azimuth: 251:49:27.7
Altitude: 28:33:06.2

Tue Apr  1 00:00:55 2014
Adjusting the interferometer position.
Azimuth: 251:55:38.2
Altitude: 28:26:55.1

Tue Apr  1 00:01:29 2014
Adjusting the interferometer position.
Azimuth: 252:01:59.1
Altitude: 28:20:32.6

Tue Apr  1 00:02:02 2014
Adjusting the interferometer position.
Azimuth: 252:08:08.2
Altitude: 28:14:21.0

Tue Apr  1 00:02:35 2014
Adjusting the interferometer position.
Azimuth: 252:14:16.7
Altitude: 28:08:09.3

Tue Apr  1 00:03:09 2014
Adjusting the interferometer position.
Azimuth: 252:20:35.7
Altitude: 28:01:46.1

Tue Apr  1 00:03:42 2014
Adjusting the interferometer position.
Azimuth: 252:26:42.9
Altitude: 27:55:33.9

Tue Apr  1 00:04:16 2014
Adjusting the interferometer position.
Azimuth: 252:33:00.6
Altitude: 27:49:10.2

Tue Apr  1 00:04:52 2014
Adjusting the interferometer position.
Azimuth: 252:39:39.8
Altitude: 27:42:23.7

Tue Apr  1 00:05:27 2014
Adjusting the interferometer position.
Azimuth: 252:46:07.2
Altitude: 27:35:48.3

Tue Apr  1 00:06:06 2014
Adjusting the interferometer position.
Azimuth: 252:53:18.0
Altitude: 27:28:27.4

Tue Apr  1 00:06:45 2014
Adjusting the interferometer position.
Azimuth: 253:00:28.0
Altitude: 27:21:06.3

Tue Apr  1 00:07:18 2014
Adjusting the interferometer position.
Azimuth: 253:06:31.2
Altitude: 27:14:52.7

Tue Apr  1 00:07:51 2014
Adjusting the interferometer position.
Azimuth: 253:12:33.8
Altitude: 27:08:39.0

Tue Apr  1 00:08:24 2014
Adjusting the interferometer position.
Azimuth: 253:18:35.8
Altitude: 27:02:25.1

Tue Apr  1 00:08:58 2014
Adjusting the interferometer position.
Azimuth: 253:24:48.1
Altitude: 26:55:59.6

Tue Apr  1 00:09:31 2014
Adjusting the interferometer position.
Azimuth: 253:30:48.9
Altitude: 26:49:45.3

Tue Apr  1 00:10:01 2014
Adjusting the interferometer position.
Azimuth: 253:36:16.4
Altitude: 26:44:04.9

Tue Apr  1 00:10:35 2014
Adjusting the interferometer position.
Azimuth: 253:42:27.0
Altitude: 26:37:38.8

Tue Apr  1 00:11:08 2014
Adjusting the interferometer position.
Azimuth: 253:48:26.1
Altitude: 26:31:24.0

Tue Apr  1 00:11:41 2014
Adjusting the interferometer position.
Azimuth: 253:54:24.6
Altitude: 26:25:08.9

Tue Apr  1 00:12:15 2014
Adjusting the interferometer position.
Azimuth: 254:00:33.4
Altitude: 26:18:42.2

Tue Apr  1 00:12:48 2014
Adjusting the interferometer position.
Azimuth: 254:06:30.8
Altitude: 26:12:26.8

Tue Apr  1 00:13:21 2014
Adjusting the interferometer position.
Azimuth: 254:12:27.6
Altitude: 26:06:11.2

Tue Apr  1 00:13:54 2014
Adjusting the interferometer position.
Azimuth: 254:18:23.8
Altitude: 25:59:55.3

Tue Apr  1 00:14:28 2014
Adjusting the interferometer position.
Azimuth: 254:24:30.3
Altitude: 25:53:27.9

Tue Apr  1 00:15:01 2014
Adjusting the interferometer position.
Azimuth: 254:30:25.4
Altitude: 25:47:11.7

Tue Apr  1 00:15:36 2014
Adjusting the interferometer position.
Azimuth: 254:36:41.4
Altitude: 25:40:32.6

Tue Apr  1 00:16:10 2014
Adjusting the interferometer position.
Azimuth: 254:42:46.1
Altitude: 25:34:04.6

Tue Apr  1 00:16:45 2014
Adjusting the interferometer position.
Azimuth: 254:49:01.0
Altitude: 25:27:25.0

Tue Apr  1 00:17:20 2014
Adjusting the interferometer position.
Azimuth: 254:55:15.2
Altitude: 25:20:45.2

Tue Apr  1 00:17:55 2014
Adjusting the interferometer position.
Azimuth: 255:01:28.8
Altitude: 25:14:05.2

Tue Apr  1 00:18:28 2014
Adjusting the interferometer position.
Azimuth: 255:07:20.6
Altitude: 25:07:47.9

Tue Apr  1 00:19:04 2014
Adjusting the interferometer position.
Azimuth: 255:13:43.7
Altitude: 25:00:56.2

Tue Apr  1 00:19:39 2014
Adjusting the interferometer position.
Azimuth: 255:19:55.6
Altitude: 24:54:15.6

Tue Apr  1 00:20:13 2014
Adjusting the interferometer position.
Azimuth: 255:25:56.2
Altitude: 24:47:46.3

Tue Apr  1 00:20:46 2014
Adjusting the interferometer position.
Azimuth: 255:31:45.8
Altitude: 24:41:28.3

Tue Apr  1 00:21:22 2014
Adjusting the interferometer position.
Azimuth: 255:38:06.6
Altitude: 24:34:35.8

Tue Apr  1 00:21:57 2014
Adjusting the interferometer position.
Azimuth: 255:44:16.2
Altitude: 24:27:54.5

Tue Apr  1 00:22:30 2014
Adjusting the interferometer position.
Azimuth: 255:50:04.1
Altitude: 24:21:36.0

Tue Apr  1 00:23:05 2014
Adjusting the interferometer position.
Azimuth: 255:56:12.6
Altitude: 24:14:54.3

Tue Apr  1 00:23:38 2014
Adjusting the interferometer position.
Azimuth: 256:01:59.5
Altitude: 24:08:35.5

Tue Apr  1 00:24:14 2014
Adjusting the interferometer position.
Azimuth: 256:08:17.5
Altitude: 24:01:42.0

Tue Apr  1 00:24:50 2014
Resetting the interferometer to its home position.

Tue Apr  1 00:25:26 2014
Done. Data collection may now resume.

Tue Apr  1 00:25:26 2014
Adjusting the interferometer position.
Azimuth: 256:20:51.5
Altitude: 23:47:54.5

Tue Apr  1 00:26:09 2014
Adjusting the interferometer position.
Azimuth: 256:28:20.8
Altitude: 23:39:39.9

Tue Apr  1 00:26:43 2014
Adjusting the interferometer position.
Azimuth: 256:34:15.4
Altitude: 23:33:08.7

Tue Apr  1 00:27:16 2014
Adjusting the interferometer position.
Azimuth: 256:39:59.1
Altitude: 23:26:48.8

Tue Apr  1 00:27:49 2014
Adjusting the interferometer position.
Azimuth: 256:45:42.4
Altitude: 23:20:28.8

Tue Apr  1 00:28:22 2014
Adjusting the interferometer position.
Azimuth: 256:51:25.2
Altitude: 23:14:08.6

Tue Apr  1 00:28:56 2014
Adjusting the interferometer position.
Azimuth: 256:57:17.9
Altitude: 23:07:36.8

Tue Apr  1 00:29:29 2014
Adjusting the interferometer position.
Azimuth: 257:02:59.7
Altitude: 23:01:16.3

Tue Apr  1 00:30:02 2014
Adjusting the interferometer position.
Azimuth: 257:08:41.1
Altitude: 22:54:55.7

Tue Apr  1 00:30:36 2014
Adjusting the interferometer position.
Azimuth: 257:14:32.4
Altitude: 22:48:23.4

Tue Apr  1 00:31:09 2014
Adjusting the interferometer position.
Azimuth: 257:20:12.8
Altitude: 22:42:02.5

Tue Apr  1 00:31:42 2014
Adjusting the interferometer position.
Azimuth: 257:25:52.8
Altitude: 22:35:41.4

Tue Apr  1 00:32:15 2014
Adjusting the interferometer position.
Azimuth: 257:31:32.4
Altitude: 22:29:20.2

Tue Apr  1 00:32:49 2014
Adjusting the interferometer position.
Azimuth: 257:37:21.8
Altitude: 22:22:47.3

Tue Apr  1 00:33:22 2014
Adjusting the interferometer position.
Azimuth: 257:43:00.5
Altitude: 22:16:25.9

Tue Apr  1 00:33:55 2014
Adjusting the interferometer position.
Azimuth: 257:48:38.7
Altitude: 22:10:04.2

Tue Apr  1 00:34:30 2014
Adjusting the interferometer position.
Azimuth: 257:54:37.0
Altitude: 22:03:19.4

Tue Apr  1 00:35:04 2014
Adjusting the interferometer position.
Azimuth: 258:00:24.5
Altitude: 21:56:45.9

Tue Apr  1 00:35:38 2014
Adjusting the interferometer position.
Azimuth: 258:06:11.7
Altitude: 21:50:12.3

Tue Apr  1 00:36:11 2014
Adjusting the interferometer position.
Azimuth: 258:11:48.1
Altitude: 21:43:50.1

Tue Apr  1 00:36:46 2014
Adjusting the interferometer position.
Azimuth: 258:17:44.5
Altitude: 21:37:04.7

Tue Apr  1 00:37:22 2014
Adjusting the interferometer position.
Azimuth: 258:23:50.6
Altitude: 21:30:07.5

Tue Apr  1 00:37:57 2014
Adjusting the interferometer position.
Azimuth: 258:29:46.1
Altitude: 21:23:21.7

Tue Apr  1 00:38:30 2014
Adjusting the interferometer position.
Azimuth: 258:35:20.8
Altitude: 21:16:59.0

Tue Apr  1 00:39:03 2014
Adjusting the interferometer position.
Azimuth: 258:40:55.1
Altitude: 21:10:36.2

Tue Apr  1 00:39:36 2014
Adjusting the interferometer position.
Azimuth: 258:46:29.0
Altitude: 21:04:13.2

Tue Apr  1 00:40:11 2014
Adjusting the interferometer position.
Azimuth: 258:52:22.7
Altitude: 20:57:26.9

Tue Apr  1 00:40:45 2014
Adjusting the interferometer position.
Azimuth: 258:58:05.9
Altitude: 20:50:52.1

Tue Apr  1 00:41:19 2014
Adjusting the interferometer position.
Azimuth: 259:03:48.7
Altitude: 20:44:17.2

Tue Apr  1 00:41:52 2014
Adjusting the interferometer position.
Azimuth: 259:09:20.9
Altitude: 20:37:53.7

Tue Apr  1 00:42:25 2014
Adjusting the interferometer position.
Azimuth: 259:14:52.8
Altitude: 20:31:30.1

Tue Apr  1 00:43:00 2014
Adjusting the interferometer position.
Azimuth: 259:20:44.4
Altitude: 20:24:43.2

Tue Apr  1 00:43:34 2014
Adjusting the interferometer position.
Azimuth: 259:26:25.5
Altitude: 20:18:07.8

Tue Apr  1 00:44:08 2014
Adjusting the interferometer position.
Azimuth: 259:32:06.2
Altitude: 20:11:32.2

Tue Apr  1 00:44:41 2014
Adjusting the interferometer position.
Azimuth: 259:37:36.5
Altitude: 20:05:08.1

Tue Apr  1 00:45:17 2014
Adjusting the interferometer position.
Azimuth: 259:43:36.5
Altitude: 19:58:09.0

Tue Apr  1 00:45:52 2014
Adjusting the interferometer position.
Azimuth: 259:49:26.0
Altitude: 19:51:21.5

Tue Apr  1 00:46:25 2014
Adjusting the interferometer position.
Azimuth: 259:54:55.1
Altitude: 19:44:57.1

Tue Apr  1 00:46:59 2014
Adjusting the interferometer position.
Azimuth: 260:00:33.8
Altitude: 19:38:20.9

Tue Apr  1 00:47:32 2014
Adjusting the interferometer position.
Azimuth: 260:06:02.3
Altitude: 19:31:56.3

Tue Apr  1 00:48:05 2014
Adjusting the interferometer position.
Azimuth: 260:11:30.3
Altitude: 19:25:31.6

Tue Apr  1 00:48:40 2014
Adjusting the interferometer position.
Azimuth: 260:17:17.8
Altitude: 19:18:43.4

Tue Apr  1 00:49:14 2014
Adjusting the interferometer position.
Azimuth: 260:22:55.1
Altitude: 19:12:06.8

Tue Apr  1 00:49:48 2014
Adjusting the interferometer position.
Azimuth: 260:28:31.9
Altitude: 19:05:30.1

Tue Apr  1 00:50:21 2014
Adjusting the interferometer position.
Azimuth: 260:33:58.5
Altitude: 18:59:04.9

Tue Apr  1 00:50:54 2014
Adjusting the interferometer position.
Azimuth: 260:39:24.8
Altitude: 18:52:39.7

Tue Apr  1 00:51:29 2014
Adjusting the interferometer position.
Azimuth: 260:45:10.5
Altitude: 18:45:50.9

Tue Apr  1 00:52:03 2014
Adjusting the interferometer position.
Azimuth: 260:50:45.9
Altitude: 18:39:13.8

Tue Apr  1 00:52:36 2014
Adjusting the interferometer position.
Azimuth: 260:56:11.1
Altitude: 18:32:48.2

Tue Apr  1 00:53:10 2014
Adjusting the interferometer position.
Azimuth: 261:01:45.8
Altitude: 18:26:10.9

Tue Apr  1 00:53:43 2014
Adjusting the interferometer position.
Azimuth: 261:07:10.4
Altitude: 18:19:45.1

Tue Apr  1 00:54:18 2014
Adjusting the interferometer position.
Azimuth: 261:12:54.2
Altitude: 18:12:55.9

Tue Apr  1 00:54:52 2014
Adjusting the interferometer position.
Azimuth: 261:18:27.9
Altitude: 18:06:18.2

Tue Apr  1 00:55:25 2014
Adjusting the interferometer position.
Azimuth: 261:23:51.4
Altitude: 17:59:52.2

Tue Apr  1 00:55:59 2014
Adjusting the interferometer position.
Azimuth: 261:29:24.5
Altitude: 17:53:14.3

Tue Apr  1 00:56:32 2014
Adjusting the interferometer position.
Azimuth: 261:34:47.4
Altitude: 17:46:48.1

Tue Apr  1 00:57:05 2014
Adjusting the interferometer position.
Azimuth: 261:40:09.9
Altitude: 17:40:21.8

Tue Apr  1 00:57:42 2014
Adjusting the interferometer position.
Azimuth: 261:46:11.3
Altitude: 17:33:08.5

Tue Apr  1 00:58:19 2014
Adjusting the interferometer position.
Azimuth: 261:52:12.2
Altitude: 17:25:55.1

Tue Apr  1 00:58:52 2014
Adjusting the interferometer position.
Azimuth: 261:57:33.8
Altitude: 17:19:28.5

Tue Apr  1 00:59:25 2014
Adjusting the interferometer position.
Azimuth: 262:02:55.1
Altitude: 17:13:01.8

Tue Apr  1 00:59:58 2014
Adjusting the interferometer position.
Azimuth: 262:08:16.1
Altitude: 17:06:35.1

Tue Apr  1 01:00:32 2014
Adjusting the interferometer position.
Azimuth: 262:13:46.5
Altitude: 16:59:56.5

Tue Apr  1 01:01:05 2014
Adjusting the interferometer position.
Azimuth: 262:19:06.9
Altitude: 16:53:29.5

Tue Apr  1 01:01:38 2014
Adjusting the interferometer position.
Azimuth: 262:24:27.0
Altitude: 16:47:02.5

Tue Apr  1 01:02:12 2014
Adjusting the interferometer position.
Azimuth: 262:29:56.5
Altitude: 16:40:23.7

Tue Apr  1 01:02:45 2014
Adjusting the interferometer position.
Azimuth: 262:35:16.0
Altitude: 16:33:56.5

Tue Apr  1 01:03:18 2014
Adjusting the interferometer position.
Azimuth: 262:40:35.3
Altitude: 16:27:29.2

Tue Apr  1 01:03:52 2014
Adjusting the interferometer position.
Azimuth: 262:46:03.9
Altitude: 16:20:50.1

Tue Apr  1 01:04:25 2014
Adjusting the interferometer position.
Azimuth: 262:51:22.6
Altitude: 16:14:22.7

Tue Apr  1 01:04:58 2014
Adjusting the interferometer position.
Azimuth: 262:56:41.0
Altitude: 16:07:55.2

Tue Apr  1 01:04:58 2014
ERROR: Alt is too low!
Object out of range of the interferometer.
Ending data collection.

Tue Apr  1 01:04:58 2014
Data collection succesful!

