Wed Mar 19 17:20:00 2014
Observing the sun.

Wed Mar 19 17:20:00 2014
Initializing the interferometer to its home position.
Wed Mar 19 17:20:34 2014
Done.

Wed Mar 19 17:20:34 2014
Pointing the telescope to an initial position.
Azimuth: 122:43:17.3
Altitude: 34:16:45.1

Wed Mar 19 17:20:44 2014
Done.

Wed Mar 19 17:20:44 2014
Initializing tracking daemon.

Wed Mar 19 17:20:44 2014
Adjusting the interferometer position.
Azimuth: 122:45:33.0
Altitude: 34:18:24.8

Wed Mar 19 17:21:19 2014
Adjusting the interferometer position.
Azimuth: 122:53:28.5
Altitude: 34:24:13.6

Wed Mar 19 17:21:52 2014
Adjusting the interferometer position.
Azimuth: 123:00:57.9
Altitude: 34:29:41.9

Wed Mar 19 17:22:25 2014
Adjusting the interferometer position.
Azimuth: 123:08:28.2
Altitude: 34:35:09.8

Wed Mar 19 17:22:59 2014
Adjusting the interferometer position.
Azimuth: 123:16:13.3
Altitude: 34:40:47.2

Wed Mar 19 17:23:32 2014
Adjusting the interferometer position.
Azimuth: 123:23:45.6
Altitude: 34:46:14.1

Wed Mar 19 17:24:05 2014
Adjusting the interferometer position.
Azimuth: 123:31:19.0
Altitude: 34:51:40.6

Wed Mar 19 17:24:39 2014
Adjusting the interferometer position.
Azimuth: 123:39:07.2
Altitude: 34:57:16.5

Wed Mar 19 17:25:12 2014
Adjusting the interferometer position.
Azimuth: 123:46:42.6
Altitude: 35:02:42.0

Wed Mar 19 17:25:45 2014
Adjusting the interferometer position.
Azimuth: 123:54:19.0
Altitude: 35:08:07.0

Wed Mar 19 17:26:18 2014
Adjusting the interferometer position.
Azimuth: 124:01:56.5
Altitude: 35:13:31.5

Wed Mar 19 17:26:52 2014
Adjusting the interferometer position.
Azimuth: 124:09:48.9
Altitude: 35:19:05.4

Wed Mar 19 17:27:25 2014
Adjusting the interferometer position.
Azimuth: 124:17:28.4
Altitude: 35:24:28.9

Wed Mar 19 17:27:58 2014
Adjusting the interferometer position.
Azimuth: 124:25:09.0
Altitude: 35:29:52.0

Wed Mar 19 17:28:32 2014
Adjusting the interferometer position.
Azimuth: 124:33:04.6
Altitude: 35:35:24.3

Wed Mar 19 17:29:05 2014
Adjusting the interferometer position.
Azimuth: 124:40:47.3
Altitude: 35:40:46.4

Wed Mar 19 17:29:38 2014
Adjusting the interferometer position.
Azimuth: 124:48:31.0
Altitude: 35:46:08.0

Wed Mar 19 17:30:12 2014
Adjusting the interferometer position.
Azimuth: 124:56:29.8
Altitude: 35:51:38.7

Wed Mar 19 17:30:45 2014
Adjusting the interferometer position.
Azimuth: 125:04:15.7
Altitude: 35:56:59.3

Wed Mar 19 17:31:18 2014
Adjusting the interferometer position.
Azimuth: 125:12:02.6
Altitude: 36:02:19.3

Wed Mar 19 17:31:51 2014
Adjusting the interferometer position.
Azimuth: 125:19:50.6
Altitude: 36:07:38.8

Wed Mar 19 17:32:25 2014
Adjusting the interferometer position.
Azimuth: 125:27:53.8
Altitude: 36:13:07.5

Wed Mar 19 17:32:58 2014
Adjusting the interferometer position.
Azimuth: 125:35:44.0
Altitude: 36:18:26.0

Wed Mar 19 17:33:31 2014
Adjusting the interferometer position.
Azimuth: 125:43:35.2
Altitude: 36:23:43.9

Wed Mar 19 17:34:05 2014
Adjusting the interferometer position.
Azimuth: 125:51:41.8
Altitude: 36:29:11.0

Wed Mar 19 17:34:38 2014
Adjusting the interferometer position.
Azimuth: 125:59:35.2
Altitude: 36:34:27.9

Wed Mar 19 17:35:11 2014
Adjusting the interferometer position.
Azimuth: 126:07:29.7
Altitude: 36:39:44.2

Wed Mar 19 17:35:44 2014
Adjusting the interferometer position.
Azimuth: 126:15:25.3
Altitude: 36:45:00.1

Wed Mar 19 17:36:18 2014
Adjusting the interferometer position.
Azimuth: 126:23:36.4
Altitude: 36:50:24.9

Wed Mar 19 17:36:51 2014
Adjusting the interferometer position.
Azimuth: 126:31:34.2
Altitude: 36:55:39.7

Wed Mar 19 17:37:24 2014
Adjusting the interferometer position.
Azimuth: 126:39:33.1
Altitude: 37:00:53.9

Wed Mar 19 17:37:58 2014
Adjusting the interferometer position.
Azimuth: 126:47:47.7
Altitude: 37:06:17.1

Wed Mar 19 17:38:31 2014
Adjusting the interferometer position.
Azimuth: 126:55:48.9
Altitude: 37:11:30.2

Wed Mar 19 17:39:04 2014
Adjusting the interferometer position.
Azimuth: 127:03:51.2
Altitude: 37:16:42.7

Wed Mar 19 17:39:37 2014
Adjusting the interferometer position.
Azimuth: 127:11:54.6
Altitude: 37:21:54.8

Wed Mar 19 17:40:11 2014
Adjusting the interferometer position.
Azimuth: 127:20:13.8
Altitude: 37:27:15.6

Wed Mar 19 17:40:44 2014
Adjusting the interferometer position.
Azimuth: 127:28:19.5
Altitude: 37:32:26.5

Wed Mar 19 17:41:17 2014
Adjusting the interferometer position.
Azimuth: 127:36:26.3
Altitude: 37:37:36.9

Wed Mar 19 17:41:51 2014
Adjusting the interferometer position.
Azimuth: 127:44:49.0
Altitude: 37:42:56.0

Wed Mar 19 17:42:24 2014
Adjusting the interferometer position.
Azimuth: 127:52:58.1
Altitude: 37:48:05.2

Wed Mar 19 17:42:57 2014
Adjusting the interferometer position.
Azimuth: 128:01:08.4
Altitude: 37:53:13.8

Wed Mar 19 17:43:31 2014
Adjusting the interferometer position.
Azimuth: 128:09:34.7
Altitude: 37:58:31.1

Wed Mar 19 17:44:04 2014
Adjusting the interferometer position.
Azimuth: 128:17:47.3
Altitude: 38:03:38.6

Wed Mar 19 17:44:37 2014
Adjusting the interferometer position.
Azimuth: 128:26:01.1
Altitude: 38:08:45.5

Wed Mar 19 17:45:10 2014
Adjusting the interferometer position.
Azimuth: 128:34:16.0
Altitude: 38:13:51.7

Wed Mar 19 17:45:44 2014
Adjusting the interferometer position.
Azimuth: 128:42:47.1
Altitude: 38:19:06.7

Wed Mar 19 17:46:17 2014
Adjusting the interferometer position.
Azimuth: 128:51:04.4
Altitude: 38:24:11.8

Wed Mar 19 17:46:50 2014
Adjusting the interferometer position.
Azimuth: 128:59:22.9
Altitude: 38:29:16.3

Wed Mar 19 17:47:24 2014
Adjusting the interferometer position.
Azimuth: 129:07:57.7
Altitude: 38:34:29.4

Wed Mar 19 17:47:57 2014
Adjusting the interferometer position.
Azimuth: 129:16:18.5
Altitude: 38:39:32.7

Wed Mar 19 17:48:30 2014
Adjusting the interferometer position.
Azimuth: 129:24:40.6
Altitude: 38:44:35.4

Wed Mar 19 17:49:03 2014
Adjusting the interferometer position.
Azimuth: 129:33:03.8
Altitude: 38:49:37.5

Wed Mar 19 17:49:37 2014
Adjusting the interferometer position.
Azimuth: 129:41:43.5
Altitude: 38:54:48.1

Wed Mar 19 17:50:10 2014
Adjusting the interferometer position.
Azimuth: 129:50:09.2
Altitude: 38:59:48.9

Wed Mar 19 17:50:43 2014
Adjusting the interferometer position.
Azimuth: 129:58:36.0
Altitude: 39:04:49.1

Wed Mar 19 17:51:17 2014
Adjusting the interferometer position.
Azimuth: 130:07:19.5
Altitude: 39:09:57.8

Wed Mar 19 17:51:50 2014
Adjusting the interferometer position.
Azimuth: 130:15:48.8
Altitude: 39:14:56.8

Wed Mar 19 17:52:23 2014
Adjusting the interferometer position.
Azimuth: 130:24:19.3
Altitude: 39:19:55.2

Wed Mar 19 17:52:56 2014
Adjusting the interferometer position.
Azimuth: 130:32:51.1
Altitude: 39:24:52.9

Wed Mar 19 17:53:30 2014
Adjusting the interferometer position.
Azimuth: 130:41:39.6
Altitude: 39:29:59.0

Wed Mar 19 17:54:03 2014
Adjusting the interferometer position.
Azimuth: 130:50:13.8
Altitude: 39:34:55.4

Wed Mar 19 17:54:36 2014
Adjusting the interferometer position.
Azimuth: 130:58:49.2
Altitude: 39:39:51.2

Wed Mar 19 17:55:10 2014
Adjusting the interferometer position.
Azimuth: 131:07:41.6
Altitude: 39:44:55.3

Wed Mar 19 17:55:43 2014
Adjusting the interferometer position.
Azimuth: 131:16:19.5
Altitude: 39:49:49.8

Wed Mar 19 17:56:16 2014
Adjusting the interferometer position.
Azimuth: 131:24:58.7
Altitude: 39:54:43.7

Wed Mar 19 17:56:49 2014
Adjusting the interferometer position.
Azimuth: 131:33:39.1
Altitude: 39:59:36.9

Wed Mar 19 17:57:23 2014
Adjusting the interferometer position.
Azimuth: 131:42:36.7
Altitude: 40:04:38.3

Wed Mar 19 17:57:56 2014
Adjusting the interferometer position.
Azimuth: 131:51:19.6
Altitude: 40:09:30.2

Wed Mar 19 17:58:29 2014
Adjusting the interferometer position.
Azimuth: 132:00:03.8
Altitude: 40:14:21.4

Wed Mar 19 17:59:03 2014
Adjusting the interferometer position.
Azimuth: 132:09:05.3
Altitude: 40:19:20.7

Wed Mar 19 17:59:36 2014
Adjusting the interferometer position.
Azimuth: 132:17:52.1
Altitude: 40:24:10.6

Wed Mar 19 18:00:09 2014
Adjusting the interferometer position.
Azimuth: 132:26:40.1
Altitude: 40:28:59.8

Wed Mar 19 18:00:43 2014
Adjusting the interferometer position.
Azimuth: 132:35:45.5
Altitude: 40:33:57.0

Wed Mar 19 18:01:16 2014
Adjusting the interferometer position.
Azimuth: 132:44:36.1
Altitude: 40:38:44.8

Wed Mar 19 18:01:49 2014
Adjusting the interferometer position.
Azimuth: 132:53:28.0
Altitude: 40:43:31.9

Wed Mar 19 18:02:22 2014
Adjusting the interferometer position.
Azimuth: 133:02:21.2
Altitude: 40:48:18.4

Wed Mar 19 18:02:56 2014
Adjusting the interferometer position.
Azimuth: 133:11:31.9
Altitude: 40:53:12.8

Wed Mar 19 18:03:29 2014
Adjusting the interferometer position.
Azimuth: 133:20:27.7
Altitude: 40:57:57.8

Wed Mar 19 18:04:02 2014
Adjusting the interferometer position.
Azimuth: 133:29:24.8
Altitude: 41:02:42.2

Wed Mar 19 18:04:36 2014
Adjusting the interferometer position.
Azimuth: 133:38:39.5
Altitude: 41:07:34.4

Wed Mar 19 18:05:09 2014
Adjusting the interferometer position.
Azimuth: 133:47:39.2
Altitude: 41:12:17.3

Wed Mar 19 18:05:42 2014
Adjusting the interferometer position.
Azimuth: 133:56:40.3
Altitude: 41:16:59.5

Wed Mar 19 18:06:15 2014
Adjusting the interferometer position.
Azimuth: 134:05:42.6
Altitude: 41:21:41.0

Wed Mar 19 18:06:49 2014
Adjusting the interferometer position.
Azimuth: 134:15:02.7
Altitude: 41:26:30.3

Wed Mar 19 18:07:22 2014
Adjusting the interferometer position.
Azimuth: 134:24:07.7
Altitude: 41:31:10.3

Wed Mar 19 18:07:55 2014
Adjusting the interferometer position.
Azimuth: 134:33:14.1
Altitude: 41:35:49.6

Wed Mar 19 18:08:29 2014
Adjusting the interferometer position.
Azimuth: 134:42:38.3
Altitude: 41:40:36.6

Wed Mar 19 18:09:02 2014
Adjusting the interferometer position.
Azimuth: 134:51:47.3
Altitude: 41:45:14.5

Wed Mar 19 18:09:35 2014
Adjusting the interferometer position.
Azimuth: 135:00:57.6
Altitude: 41:49:51.6

Wed Mar 19 18:10:09 2014
Adjusting the interferometer position.
Azimuth: 135:10:26.0
Altitude: 41:54:36.3

Wed Mar 19 18:10:42 2014
Adjusting the interferometer position.
Azimuth: 135:19:39.0
Altitude: 41:59:11.9

Wed Mar 19 18:11:15 2014
Adjusting the interferometer position.
Azimuth: 135:28:53.4
Altitude: 42:03:46.8

Wed Mar 19 18:11:48 2014
Adjusting the interferometer position.
Azimuth: 135:38:09.1
Altitude: 42:08:20.9

Wed Mar 19 18:12:22 2014
Adjusting the interferometer position.
Azimuth: 135:47:43.0
Altitude: 42:13:02.5

Wed Mar 19 18:12:55 2014
Adjusting the interferometer position.
Azimuth: 135:57:01.4
Altitude: 42:17:35.1

Wed Mar 19 18:13:28 2014
Adjusting the interferometer position.
Azimuth: 136:06:21.2
Altitude: 42:22:06.9

Wed Mar 19 18:14:02 2014
Adjusting the interferometer position.
Azimuth: 136:15:59.4
Altitude: 42:26:46.1

Wed Mar 19 18:14:35 2014
Adjusting the interferometer position.
Azimuth: 136:25:21.9
Altitude: 42:31:16.4

Wed Mar 19 18:15:08 2014
Adjusting the interferometer position.
Azimuth: 136:34:45.8
Altitude: 42:35:45.8

Wed Mar 19 18:15:42 2014
Adjusting the interferometer position.
Azimuth: 136:44:28.1
Altitude: 42:40:22.7

Wed Mar 19 18:16:15 2014
Adjusting the interferometer position.
Azimuth: 136:53:54.8
Altitude: 42:44:50.6

Wed Mar 19 18:16:48 2014
Adjusting the interferometer position.
Azimuth: 137:03:22.8
Altitude: 42:49:17.7

Wed Mar 19 18:17:21 2014
Adjusting the interferometer position.
Azimuth: 137:12:52.2
Altitude: 42:53:44.0

Wed Mar 19 18:17:55 2014
Adjusting the interferometer position.
Azimuth: 137:22:40.2
Altitude: 42:58:17.6

Wed Mar 19 18:18:28 2014
Adjusting the interferometer position.
Azimuth: 137:32:12.4
Altitude: 43:02:42.3

Wed Mar 19 18:19:01 2014
Adjusting the interferometer position.
Azimuth: 137:41:45.9
Altitude: 43:07:06.2

Wed Mar 19 18:19:35 2014
Adjusting the interferometer position.
Azimuth: 137:51:38.3
Altitude: 43:11:37.3

Wed Mar 19 18:20:08 2014
Adjusting the interferometer position.
Azimuth: 138:01:14.6
Altitude: 43:15:59.6

Wed Mar 19 18:20:41 2014
Adjusting the interferometer position.
Azimuth: 138:10:52.4
Altitude: 43:20:21.0

Wed Mar 19 18:21:14 2014
Resetting the interferometer to its home position.
Wed Mar 19 18:21:49 2014
Done. Data collection may now resume.

Wed Mar 19 18:21:49 2014
Adjusting the interferometer position.
Azimuth: 138:30:47.2
Altitude: 43:29:17.2

Wed Mar 19 18:22:28 2014
Adjusting the interferometer position.
Azimuth: 138:42:15.2
Altitude: 43:34:23.2

Wed Mar 19 18:23:01 2014
Adjusting the interferometer position.
Azimuth: 138:51:58.8
Altitude: 43:38:41.2

Wed Mar 19 18:23:34 2014
Adjusting the interferometer position.
Azimuth: 139:01:43.8
Altitude: 43:42:58.3

Wed Mar 19 18:24:07 2014
Adjusting the interferometer position.
Azimuth: 139:11:30.2
Altitude: 43:47:14.6

Wed Mar 19 18:24:41 2014
Adjusting the interferometer position.
Azimuth: 139:21:35.9
Altitude: 43:51:37.8

Wed Mar 19 18:25:14 2014
Adjusting the interferometer position.
Azimuth: 139:31:25.2
Altitude: 43:55:52.4

Wed Mar 19 18:25:47 2014
Adjusting the interferometer position.
Azimuth: 139:41:15.9
Altitude: 44:00:06.1

Wed Mar 19 18:26:21 2014
Adjusting the interferometer position.
Azimuth: 139:51:25.9
Altitude: 44:04:26.7

Wed Mar 19 18:26:54 2014
Adjusting the interferometer position.
Azimuth: 140:01:19.5
Altitude: 44:08:38.7

Wed Mar 19 18:27:27 2014
Adjusting the interferometer position.
Azimuth: 140:11:14.4
Altitude: 44:12:49.8

Wed Mar 19 18:28:00 2014
Adjusting the interferometer position.
Azimuth: 140:21:10.8
Altitude: 44:17:00.1

Wed Mar 19 18:28:34 2014
Adjusting the interferometer position.
Azimuth: 140:31:26.7
Altitude: 44:21:17.0

Wed Mar 19 18:29:07 2014
Adjusting the interferometer position.
Azimuth: 140:41:26.0
Altitude: 44:25:25.6

Wed Mar 19 18:29:40 2014
Adjusting the interferometer position.
Azimuth: 140:51:26.6
Altitude: 44:29:33.2

Wed Mar 19 18:30:14 2014
Adjusting the interferometer position.
Azimuth: 141:01:47.0
Altitude: 44:33:47.4

Wed Mar 19 18:30:47 2014
Adjusting the interferometer position.
Azimuth: 141:11:50.5
Altitude: 44:37:53.2

Wed Mar 19 18:31:20 2014
Adjusting the interferometer position.
Azimuth: 141:21:55.5
Altitude: 44:41:58.1

Wed Mar 19 18:31:53 2014
Adjusting the interferometer position.
Azimuth: 141:32:01.9
Altitude: 44:46:02.2

Wed Mar 19 18:32:27 2014
Adjusting the interferometer position.
Azimuth: 141:42:28.2
Altitude: 44:50:12.7

Wed Mar 19 18:33:00 2014
Adjusting the interferometer position.
Azimuth: 141:52:37.5
Altitude: 44:54:14.9

Wed Mar 19 18:33:33 2014
Adjusting the interferometer position.
Azimuth: 142:02:48.2
Altitude: 44:58:16.2

Wed Mar 19 18:34:07 2014
Adjusting the interferometer position.
Azimuth: 142:13:19.0
Altitude: 45:02:23.8

Wed Mar 19 18:34:40 2014
Adjusting the interferometer position.
Azimuth: 142:23:32.6
Altitude: 45:06:23.3

Wed Mar 19 18:35:13 2014
Adjusting the interferometer position.
Azimuth: 142:33:47.7
Altitude: 45:10:21.8

Wed Mar 19 18:35:47 2014
Adjusting the interferometer position.
Azimuth: 142:44:22.9
Altitude: 45:14:26.6

Wed Mar 19 18:36:20 2014
Adjusting the interferometer position.
Azimuth: 142:54:40.9
Altitude: 45:18:23.2

Wed Mar 19 18:36:53 2014
Adjusting the interferometer position.
Azimuth: 143:05:00.3
Altitude: 45:22:18.9

Wed Mar 19 18:37:26 2014
Adjusting the interferometer position.
Azimuth: 143:15:21.2
Altitude: 45:26:13.7

Wed Mar 19 18:38:00 2014
Adjusting the interferometer position.
Azimuth: 143:26:02.4
Altitude: 45:30:14.6

Wed Mar 19 18:38:33 2014
Adjusting the interferometer position.
Azimuth: 143:36:26.2
Altitude: 45:34:07.4

Wed Mar 19 18:39:06 2014
Adjusting the interferometer position.
Azimuth: 143:46:51.4
Altitude: 45:37:59.3

Wed Mar 19 18:39:40 2014
Adjusting the interferometer position.
Azimuth: 143:57:37.1
Altitude: 45:41:57.2

Wed Mar 19 18:40:13 2014
Adjusting the interferometer position.
Azimuth: 144:08:05.3
Altitude: 45:45:47.2

Wed Mar 19 18:40:46 2014
Adjusting the interferometer position.
Azimuth: 144:18:34.9
Altitude: 45:49:36.1

Wed Mar 19 18:41:19 2014
Adjusting the interferometer position.
Azimuth: 144:29:05.9
Altitude: 45:53:24.1

Wed Mar 19 18:41:53 2014
Adjusting the interferometer position.
Azimuth: 144:39:57.6
Altitude: 45:57:18.0

Wed Mar 19 18:42:26 2014
Adjusting the interferometer position.
Azimuth: 144:50:31.6
Altitude: 46:01:04.1

Wed Mar 19 18:42:59 2014
Adjusting the interferometer position.
Azimuth: 145:01:07.0
Altitude: 46:04:49.1

Wed Mar 19 18:43:33 2014
Adjusting the interferometer position.
Azimuth: 145:12:03.2
Altitude: 46:08:39.9

Wed Mar 19 18:44:06 2014
Adjusting the interferometer position.
Azimuth: 145:22:41.5
Altitude: 46:12:23.0

Wed Mar 19 18:44:39 2014
Adjusting the interferometer position.
Azimuth: 145:33:21.3
Altitude: 46:16:05.0

Wed Mar 19 18:45:12 2014
Adjusting the interferometer position.
Azimuth: 145:44:02.5
Altitude: 46:19:46.1

Wed Mar 19 18:45:46 2014
Adjusting the interferometer position.
Azimuth: 145:55:04.7
Altitude: 46:23:32.8

Wed Mar 19 18:46:19 2014
Adjusting the interferometer position.
Azimuth: 146:05:48.9
Altitude: 46:27:11.7

Wed Mar 19 18:46:52 2014
Adjusting the interferometer position.
Azimuth: 146:16:34.5
Altitude: 46:30:49.7

Wed Mar 19 18:47:26 2014
Adjusting the interferometer position.
Azimuth: 146:27:41.1
Altitude: 46:34:33.3

Wed Mar 19 18:47:59 2014
Adjusting the interferometer position.
Azimuth: 146:38:29.7
Altitude: 46:38:09.2

Wed Mar 19 18:48:32 2014
Adjusting the interferometer position.
Azimuth: 146:49:19.6
Altitude: 46:41:44.0

Wed Mar 19 18:49:06 2014
Adjusting the interferometer position.
Azimuth: 147:00:30.8
Altitude: 46:45:24.4

Wed Mar 19 18:49:39 2014
Adjusting the interferometer position.
Azimuth: 147:11:23.7
Altitude: 46:48:57.1

Wed Mar 19 18:50:12 2014
Adjusting the interferometer position.
Azimuth: 147:22:18.0
Altitude: 46:52:28.9

Wed Mar 19 18:50:45 2014
Adjusting the interferometer position.
Azimuth: 147:33:13.8
Altitude: 46:55:59.6

Wed Mar 19 18:51:19 2014
Adjusting the interferometer position.
Azimuth: 147:44:31.0
Altitude: 46:59:35.6

Wed Mar 19 18:51:52 2014
Adjusting the interferometer position.
Azimuth: 147:55:29.6
Altitude: 47:03:04.1

Wed Mar 19 18:52:25 2014
Adjusting the interferometer position.
Azimuth: 148:06:29.8
Altitude: 47:06:31.7

Wed Mar 19 18:52:59 2014
Adjusting the interferometer position.
Azimuth: 148:17:51.4
Altitude: 47:10:04.3

Wed Mar 19 18:53:32 2014
Adjusting the interferometer position.
Azimuth: 148:28:54.4
Altitude: 47:13:29.7

Wed Mar 19 18:54:05 2014
Adjusting the interferometer position.
Azimuth: 148:39:58.9
Altitude: 47:16:54.0

Wed Mar 19 18:54:39 2014
Adjusting the interferometer position.
Azimuth: 148:51:24.9
Altitude: 47:20:23.3

Wed Mar 19 18:55:12 2014
Adjusting the interferometer position.
Azimuth: 149:02:32.3
Altitude: 47:23:45.4

Wed Mar 19 18:55:45 2014
Adjusting the interferometer position.
Azimuth: 149:13:41.1
Altitude: 47:27:06.4

Wed Mar 19 18:56:18 2014
Adjusting the interferometer position.
Azimuth: 149:24:51.3
Altitude: 47:30:26.3

Wed Mar 19 18:56:52 2014
Adjusting the interferometer position.
Azimuth: 149:36:23.2
Altitude: 47:33:51.1

Wed Mar 19 18:57:25 2014
Adjusting the interferometer position.
Azimuth: 149:47:36.3
Altitude: 47:37:08.8

Wed Mar 19 18:57:58 2014
Adjusting the interferometer position.
Azimuth: 149:58:50.8
Altitude: 47:40:25.4

Wed Mar 19 18:58:32 2014
Adjusting the interferometer position.
Azimuth: 150:10:27.2
Altitude: 47:43:46.8

Wed Mar 19 18:59:05 2014
Adjusting the interferometer position.
Azimuth: 150:21:44.6
Altitude: 47:47:01.1

Wed Mar 19 18:59:38 2014
Adjusting the interferometer position.
Azimuth: 150:33:03.4
Altitude: 47:50:14.3

Wed Mar 19 19:00:12 2014
Adjusting the interferometer position.
Azimuth: 150:44:44.2
Altitude: 47:53:32.2

Wed Mar 19 19:00:45 2014
Adjusting the interferometer position.
Azimuth: 150:56:05.8
Altitude: 47:56:43.1

Wed Mar 19 19:01:18 2014
Adjusting the interferometer position.
Azimuth: 151:07:28.8
Altitude: 47:59:52.9

Wed Mar 19 19:01:51 2014
Adjusting the interferometer position.
Azimuth: 151:18:53.2
Altitude: 48:03:01.6

Wed Mar 19 19:02:25 2014
Adjusting the interferometer position.
Azimuth: 151:30:39.9
Altitude: 48:06:14.8

Wed Mar 19 19:02:58 2014
Adjusting the interferometer position.
Azimuth: 151:42:07.1
Altitude: 48:09:21.1

Wed Mar 19 19:03:31 2014
Adjusting the interferometer position.
Azimuth: 151:53:35.7
Altitude: 48:12:26.4

Wed Mar 19 19:04:05 2014
Adjusting the interferometer position.
Azimuth: 152:05:26.7
Altitude: 48:15:36.0

Wed Mar 19 19:04:38 2014
Adjusting the interferometer position.
Azimuth: 152:16:58.1
Altitude: 48:18:38.8

Wed Mar 19 19:05:11 2014
Adjusting the interferometer position.
Azimuth: 152:28:31.0
Altitude: 48:21:40.5

Wed Mar 19 19:05:44 2014
Adjusting the interferometer position.
Azimuth: 152:40:05.1
Altitude: 48:24:41.1

Wed Mar 19 19:06:18 2014
Adjusting the interferometer position.
Azimuth: 152:52:01.8
Altitude: 48:27:45.9

Wed Mar 19 19:06:51 2014
Adjusting the interferometer position.
Azimuth: 153:03:38.8
Altitude: 48:30:44.0

Wed Mar 19 19:07:24 2014
Adjusting the interferometer position.
Azimuth: 153:15:17.1
Altitude: 48:33:41.0

Wed Mar 19 19:07:58 2014
Adjusting the interferometer position.
Azimuth: 153:27:18.0
Altitude: 48:36:42.1

Wed Mar 19 19:08:31 2014
Adjusting the interferometer position.
Azimuth: 153:38:59.1
Altitude: 48:39:36.7

Wed Mar 19 19:09:04 2014
Adjusting the interferometer position.
Azimuth: 153:50:41.6
Altitude: 48:42:30.1

Wed Mar 19 19:09:38 2014
Adjusting the interferometer position.
Azimuth: 154:02:46.7
Altitude: 48:45:27.5

Wed Mar 19 19:10:11 2014
Adjusting the interferometer position.
Azimuth: 154:14:31.9
Altitude: 48:48:18.4

Wed Mar 19 19:10:44 2014
Adjusting the interferometer position.
Azimuth: 154:26:18.4
Altitude: 48:51:08.2

Wed Mar 19 19:11:17 2014
Adjusting the interferometer position.
Azimuth: 154:38:06.2
Altitude: 48:53:56.7

Wed Mar 19 19:11:51 2014
Adjusting the interferometer position.
Azimuth: 154:50:16.9
Altitude: 48:56:49.1

Wed Mar 19 19:12:24 2014
Adjusting the interferometer position.
Azimuth: 155:02:07.4
Altitude: 48:59:35.2

Wed Mar 19 19:12:57 2014
Adjusting the interferometer position.
Azimuth: 155:13:59.2
Altitude: 49:02:20.0

Wed Mar 19 19:13:31 2014
Adjusting the interferometer position.
Azimuth: 155:26:14.0
Altitude: 49:05:08.6

Wed Mar 19 19:14:04 2014
Adjusting the interferometer position.
Azimuth: 155:38:08.5
Altitude: 49:07:51.0

Wed Mar 19 19:14:37 2014
Adjusting the interferometer position.
Azimuth: 155:50:04.3
Altitude: 49:10:32.1

Wed Mar 19 19:15:11 2014
Adjusting the interferometer position.
Azimuth: 156:02:23.1
Altitude: 49:13:16.8

Wed Mar 19 19:15:44 2014
Adjusting the interferometer position.
Azimuth: 156:14:21.5
Altitude: 49:15:55.4

Wed Mar 19 19:16:17 2014
Adjusting the interferometer position.
Azimuth: 156:26:21.2
Altitude: 49:18:32.8

Wed Mar 19 19:16:50 2014
Adjusting the interferometer position.
Azimuth: 156:38:22.2
Altitude: 49:21:08.9

Wed Mar 19 19:17:24 2014
Adjusting the interferometer position.
Azimuth: 156:50:46.4
Altitude: 49:23:48.4

Wed Mar 19 19:17:57 2014
Adjusting the interferometer position.
Azimuth: 157:02:49.9
Altitude: 49:26:22.0

Wed Mar 19 19:18:30 2014
Adjusting the interferometer position.
Azimuth: 157:14:54.7
Altitude: 49:28:54.3

Wed Mar 19 19:19:04 2014
Adjusting the interferometer position.
Azimuth: 157:27:22.8
Altitude: 49:31:29.9

Wed Mar 19 19:19:37 2014
Adjusting the interferometer position.
Azimuth: 157:39:30.1
Altitude: 49:33:59.6

Wed Mar 19 19:20:10 2014
Adjusting the interferometer position.
Azimuth: 157:51:38.7
Altitude: 49:36:28.0

Wed Mar 19 19:20:43 2014
Adjusting the interferometer position.
Azimuth: 158:03:48.5
Altitude: 49:38:55.2

Wed Mar 19 19:21:17 2014
Adjusting the interferometer position.
Azimuth: 158:16:21.7
Altitude: 49:41:25.5

Wed Mar 19 19:21:50 2014
Adjusting the interferometer position.
Azimuth: 158:28:34.0
Altitude: 49:43:50.0

Wed Mar 19 19:22:23 2014
Resetting the interferometer to its home position.
Wed Mar 19 19:22:58 2014
Done. Data collection may now resume.

Wed Mar 19 19:22:58 2014
Adjusting the interferometer position.
Azimuth: 158:53:46.8
Altitude: 49:48:43.8

Wed Mar 19 19:23:36 2014
Adjusting the interferometer position.
Azimuth: 159:07:54.4
Altitude: 49:51:25.6

Wed Mar 19 19:24:10 2014
Adjusting the interferometer position.
Azimuth: 159:20:34.1
Altitude: 49:53:48.9

Wed Mar 19 19:24:43 2014
Adjusting the interferometer position.
Azimuth: 159:32:52.6
Altitude: 49:56:06.7

Wed Mar 19 19:25:16 2014
Adjusting the interferometer position.
Azimuth: 159:45:12.4
Altitude: 49:58:23.1

Wed Mar 19 19:25:50 2014
Adjusting the interferometer position.
Azimuth: 159:57:55.7
Altitude: 50:00:42.3

Wed Mar 19 19:26:23 2014
Adjusting the interferometer position.
Azimuth: 160:10:17.8
Altitude: 50:02:56.0

Wed Mar 19 19:26:56 2014
Adjusting the interferometer position.
Azimuth: 160:22:41.0
Altitude: 50:05:08.5

Wed Mar 19 19:27:29 2014
Adjusting the interferometer position.
Azimuth: 160:35:05.4
Altitude: 50:07:19.6

Wed Mar 19 19:28:03 2014
Adjusting the interferometer position.
Azimuth: 160:47:53.5
Altitude: 50:09:33.3

Wed Mar 19 19:28:36 2014
Adjusting the interferometer position.
Azimuth: 161:00:20.2
Altitude: 50:11:41.7

Wed Mar 19 19:29:09 2014
Adjusting the interferometer position.
Azimuth: 161:12:47.9
Altitude: 50:13:48.7

Wed Mar 19 19:29:43 2014
Adjusting the interferometer position.
Azimuth: 161:25:39.5
Altitude: 50:15:58.2

Wed Mar 19 19:30:16 2014
Adjusting the interferometer position.
Azimuth: 161:38:09.5
Altitude: 50:18:02.6

Wed Mar 19 19:30:49 2014
Adjusting the interferometer position.
Azimuth: 161:50:40.6
Altitude: 50:20:05.5

Wed Mar 19 19:31:22 2014
Adjusting the interferometer position.
Azimuth: 162:03:12.8
Altitude: 50:22:07.2

Wed Mar 19 19:31:56 2014
Adjusting the interferometer position.
Azimuth: 162:16:08.8
Altitude: 50:24:11.1

Wed Mar 19 19:32:29 2014
Adjusting the interferometer position.
Azimuth: 162:28:43.2
Altitude: 50:26:09.9

Wed Mar 19 19:33:02 2014
Adjusting the interferometer position.
Azimuth: 162:41:18.5
Altitude: 50:28:07.5

Wed Mar 19 19:33:36 2014
Adjusting the interferometer position.
Azimuth: 162:54:17.9
Altitude: 50:30:07.1

Wed Mar 19 19:34:09 2014
Adjusting the interferometer position.
Azimuth: 163:06:55.4
Altitude: 50:32:01.8

Wed Mar 19 19:34:42 2014
Adjusting the interferometer position.
Azimuth: 163:19:33.9
Altitude: 50:33:55.2

Wed Mar 19 19:35:16 2014
Adjusting the interferometer position.
Azimuth: 163:32:36.4
Altitude: 50:35:50.5

Wed Mar 19 19:35:49 2014
Adjusting the interferometer position.
Azimuth: 163:45:16.9
Altitude: 50:37:41.1

Wed Mar 19 19:36:22 2014
Adjusting the interferometer position.
Azimuth: 163:57:58.5
Altitude: 50:39:30.3

Wed Mar 19 19:36:55 2014
Adjusting the interferometer position.
Azimuth: 164:10:41.0
Altitude: 50:41:18.0

Wed Mar 19 19:37:29 2014
Adjusting the interferometer position.
Azimuth: 164:23:47.6
Altitude: 50:43:07.6

Wed Mar 19 19:38:02 2014
Adjusting the interferometer position.
Azimuth: 164:36:32.1
Altitude: 50:44:52.6

Wed Mar 19 19:38:35 2014
Adjusting the interferometer position.
Azimuth: 164:49:17.5
Altitude: 50:46:36.2

Wed Mar 19 19:39:09 2014
Adjusting the interferometer position.
Azimuth: 165:02:27.1
Altitude: 50:48:21.4

Wed Mar 19 19:39:42 2014
Adjusting the interferometer position.
Azimuth: 165:15:14.4
Altitude: 50:50:02.1

Wed Mar 19 19:40:15 2014
Adjusting the interferometer position.
Azimuth: 165:28:02.6
Altitude: 50:51:41.4

Wed Mar 19 19:40:48 2014
Adjusting the interferometer position.
Azimuth: 165:40:51.8
Altitude: 50:53:19.3

Wed Mar 19 19:41:22 2014
Adjusting the interferometer position.
Azimuth: 165:54:05.2
Altitude: 50:54:58.7

Wed Mar 19 19:41:55 2014
Adjusting the interferometer position.
Azimuth: 166:06:56.1
Altitude: 50:56:33.7

Wed Mar 19 19:42:28 2014
Adjusting the interferometer position.
Azimuth: 166:19:47.9
Altitude: 50:58:07.3

Wed Mar 19 19:43:02 2014
Adjusting the interferometer position.
Azimuth: 166:33:04.0
Altitude: 50:59:42.3

Wed Mar 19 19:43:35 2014
Adjusting the interferometer position.
Azimuth: 166:45:57.5
Altitude: 51:01:13.0

Wed Mar 19 19:44:08 2014
Adjusting the interferometer position.
Azimuth: 166:58:51.9
Altitude: 51:02:42.3

Wed Mar 19 19:44:42 2014
Adjusting the interferometer position.
Azimuth: 167:12:10.6
Altitude: 51:04:12.8

Wed Mar 19 19:45:15 2014
Adjusting the interferometer position.
Azimuth: 167:25:06.7
Altitude: 51:05:39.2

Wed Mar 19 19:45:48 2014
Adjusting the interferometer position.
Azimuth: 167:38:03.5
Altitude: 51:07:04.2

Wed Mar 19 19:46:21 2014
Adjusting the interferometer position.
Azimuth: 167:51:01.2
Altitude: 51:08:27.7

Wed Mar 19 19:46:55 2014
Adjusting the interferometer position.
Azimuth: 168:04:23.2
Altitude: 51:09:52.2

Wed Mar 19 19:47:28 2014
Adjusting the interferometer position.
Azimuth: 168:17:22.4
Altitude: 51:11:12.8

Wed Mar 19 19:48:01 2014
Adjusting the interferometer position.
Azimuth: 168:30:22.3
Altitude: 51:12:31.9

Wed Mar 19 19:48:35 2014
Adjusting the interferometer position.
Azimuth: 168:43:46.7
Altitude: 51:13:52.0

Wed Mar 19 19:49:08 2014
Adjusting the interferometer position.
Azimuth: 168:56:48.1
Altitude: 51:15:08.2

Wed Mar 19 19:49:41 2014
Adjusting the interferometer position.
Azimuth: 169:09:50.3
Altitude: 51:16:22.9

Wed Mar 19 19:50:14 2014
Adjusting the interferometer position.
Azimuth: 169:22:53.1
Altitude: 51:17:36.2

Wed Mar 19 19:50:48 2014
Adjusting the interferometer position.
Azimuth: 169:36:20.5
Altitude: 51:18:50.2

Wed Mar 19 19:51:21 2014
Adjusting the interferometer position.
Azimuth: 169:49:24.7
Altitude: 51:20:00.5

Wed Mar 19 19:51:54 2014
Adjusting the interferometer position.
Azimuth: 170:02:29.6
Altitude: 51:21:09.3

Wed Mar 19 19:52:28 2014
Adjusting the interferometer position.
Azimuth: 170:15:59.0
Altitude: 51:22:18.8

Wed Mar 19 19:53:01 2014
Adjusting the interferometer position.
Azimuth: 170:29:05.2
Altitude: 51:23:24.6

Wed Mar 19 19:53:34 2014
Adjusting the interferometer position.
Azimuth: 170:42:12.0
Altitude: 51:24:29.0

Wed Mar 19 19:54:08 2014
Adjusting the interferometer position.
Azimuth: 170:55:43.4
Altitude: 51:25:33.9

Wed Mar 19 19:54:41 2014
Adjusting the interferometer position.
Azimuth: 171:08:51.4
Altitude: 51:26:35.3

Wed Mar 19 19:55:14 2014
Adjusting the interferometer position.
Azimuth: 171:22:00.1
Altitude: 51:27:35.2

Wed Mar 19 19:55:47 2014
Adjusting the interferometer position.
Azimuth: 171:35:09.3
Altitude: 51:28:33.7

Wed Mar 19 19:56:21 2014
Adjusting the interferometer position.
Azimuth: 171:48:43.0
Altitude: 51:29:32.4

Wed Mar 19 19:56:54 2014
Adjusting the interferometer position.
Azimuth: 172:01:53.3
Altitude: 51:30:27.9

Wed Mar 19 19:57:27 2014
Adjusting the interferometer position.
Azimuth: 172:15:04.2
Altitude: 51:31:21.8

Wed Mar 19 19:58:01 2014
Adjusting the interferometer position.
Azimuth: 172:28:39.6
Altitude: 51:32:15.9

Wed Mar 19 19:58:34 2014
Adjusting the interferometer position.
Azimuth: 172:41:51.4
Altitude: 51:33:06.9

Wed Mar 19 19:59:07 2014
Adjusting the interferometer position.
Azimuth: 172:55:03.8
Altitude: 51:33:56.3

Wed Mar 19 19:59:40 2014
Adjusting the interferometer position.
Azimuth: 173:08:16.7
Altitude: 51:34:44.3

Wed Mar 19 20:00:14 2014
Adjusting the interferometer position.
Azimuth: 173:21:54.0
Altitude: 51:35:32.2

Wed Mar 19 20:00:47 2014
Adjusting the interferometer position.
Azimuth: 173:35:07.8
Altitude: 51:36:17.1

Wed Mar 19 20:01:20 2014
Adjusting the interferometer position.
Azimuth: 173:48:22.0
Altitude: 51:37:00.6

Wed Mar 19 20:01:54 2014
Adjusting the interferometer position.
Azimuth: 174:02:00.7
Altitude: 51:37:43.8

Wed Mar 19 20:02:27 2014
Adjusting the interferometer position.
Azimuth: 174:15:15.7
Altitude: 51:38:24.2

Wed Mar 19 20:03:00 2014
Adjusting the interferometer position.
Azimuth: 174:28:31.2
Altitude: 51:39:03.2

Wed Mar 19 20:03:33 2014
Adjusting the interferometer position.
Azimuth: 174:41:47.0
Altitude: 51:39:40.6

Wed Mar 19 20:04:07 2014
Adjusting the interferometer position.
Azimuth: 174:55:27.2
Altitude: 51:40:17.6

Wed Mar 19 20:04:40 2014
Adjusting the interferometer position.
Azimuth: 175:08:43.7
Altitude: 51:40:51.9

Wed Mar 19 20:05:13 2014
Adjusting the interferometer position.
Azimuth: 175:22:00.6
Altitude: 51:41:24.8

Wed Mar 19 20:05:47 2014
Adjusting the interferometer position.
Azimuth: 175:35:41.9
Altitude: 51:41:57.1

Wed Mar 19 20:06:20 2014
Adjusting the interferometer position.
Azimuth: 175:48:59.3
Altitude: 51:42:26.9

Wed Mar 19 20:06:53 2014
Adjusting the interferometer position.
Azimuth: 176:02:17.1
Altitude: 51:42:55.2

Wed Mar 19 20:07:26 2014
Adjusting the interferometer position.
Azimuth: 176:15:35.1
Altitude: 51:43:22.0

Wed Mar 19 20:08:00 2014
Adjusting the interferometer position.
Azimuth: 176:29:17.6
Altitude: 51:43:48.0

Wed Mar 19 20:08:33 2014
Adjusting the interferometer position.
Azimuth: 176:42:36.1
Altitude: 51:44:11.7

Wed Mar 19 20:09:06 2014
Adjusting the interferometer position.
Azimuth: 176:55:54.8
Altitude: 51:44:33.9

Wed Mar 19 20:09:40 2014
Adjusting the interferometer position.
Azimuth: 177:09:38.0
Altitude: 51:44:55.3

Wed Mar 19 20:10:13 2014
Adjusting the interferometer position.
Azimuth: 177:22:57.2
Altitude: 51:45:14.4

Wed Mar 19 20:10:46 2014
Adjusting the interferometer position.
Azimuth: 177:36:16.5
Altitude: 51:45:32.0

Wed Mar 19 20:11:20 2014
Adjusting the interferometer position.
Azimuth: 177:50:00.2
Altitude: 51:45:48.6

Wed Mar 19 20:11:53 2014
Adjusting the interferometer position.
Azimuth: 178:03:19.9
Altitude: 51:46:03.2

Wed Mar 19 20:12:26 2014
Adjusting the interferometer position.
Azimuth: 178:16:39.7
Altitude: 51:46:16.2

Wed Mar 19 20:12:59 2014
Adjusting the interferometer position.
Azimuth: 178:29:59.6
Altitude: 51:46:27.8

Wed Mar 19 20:13:33 2014
Adjusting the interferometer position.
Azimuth: 178:43:43.9
Altitude: 51:46:38.1

Wed Mar 19 20:14:06 2014
Adjusting the interferometer position.
Azimuth: 178:57:04.0
Altitude: 51:46:46.5

Wed Mar 19 20:14:39 2014
Adjusting the interferometer position.
Azimuth: 179:10:24.2
Altitude: 51:46:53.5

Wed Mar 19 20:15:13 2014
Adjusting the interferometer position.
Azimuth: 179:24:08.7
Altitude: 51:46:59.0

Wed Mar 19 20:15:46 2014
Adjusting the interferometer position.
Azimuth: 179:37:29.0
Altitude: 51:47:02.9

Wed Mar 19 20:16:19 2014
Adjusting the interferometer position.
Azimuth: 179:50:49.3
Altitude: 51:47:05.2

Wed Mar 19 20:16:53 2014
Adjusting the interferometer position.
Azimuth: 180:04:34.0
Altitude: 51:47:06.1

Wed Mar 19 20:17:26 2014
Adjusting the interferometer position.
Azimuth: 180:17:54.3
Altitude: 51:47:05.3

Wed Mar 19 20:17:59 2014
Adjusting the interferometer position.
Azimuth: 180:31:14.6
Altitude: 51:47:03.1

Wed Mar 19 20:18:32 2014
Adjusting the interferometer position.
Azimuth: 180:44:34.9
Altitude: 51:46:59.3

Wed Mar 19 20:19:06 2014
Adjusting the interferometer position.
Azimuth: 180:58:19.5
Altitude: 51:46:53.8

Wed Mar 19 20:19:39 2014
Adjusting the interferometer position.
Azimuth: 181:11:39.7
Altitude: 51:46:47.0

Wed Mar 19 20:20:12 2014
Adjusting the interferometer position.
Azimuth: 181:24:59.8
Altitude: 51:46:38.6

Wed Mar 19 20:20:46 2014
Adjusting the interferometer position.
Azimuth: 181:38:44.1
Altitude: 51:46:28.4

Wed Mar 19 20:21:19 2014
Adjusting the interferometer position.
Azimuth: 181:52:04.0
Altitude: 51:46:17.0

Wed Mar 19 20:21:52 2014
Adjusting the interferometer position.
Azimuth: 182:05:23.8
Altitude: 51:46:04.0

Wed Mar 19 20:22:25 2014
Adjusting the interferometer position.
Azimuth: 182:18:43.5
Altitude: 51:45:49.6

Wed Mar 19 20:22:59 2014
Adjusting the interferometer position.
Azimuth: 182:32:27.2
Altitude: 51:45:33.1

Wed Mar 19 20:23:32 2014
Resetting the interferometer to its home position.
Wed Mar 19 20:24:07 2014
Done. Data collection may now resume.

Wed Mar 19 20:24:07 2014
Adjusting the interferometer position.
Azimuth: 182:59:54.2
Altitude: 51:44:55.3

Wed Mar 19 20:24:46 2014
Adjusting the interferometer position.
Azimuth: 183:15:38.4
Altitude: 51:44:30.7

Wed Mar 19 20:25:19 2014
Adjusting the interferometer position.
Azimuth: 183:28:57.1
Altitude: 51:44:08.3

Wed Mar 19 20:25:53 2014
Adjusting the interferometer position.
Azimuth: 183:42:39.8
Altitude: 51:43:43.6

Wed Mar 19 20:26:26 2014
Adjusting the interferometer position.
Azimuth: 183:55:58.0
Altitude: 51:43:18.1

Wed Mar 19 20:26:59 2014
Adjusting the interferometer position.
Azimuth: 184:09:16.0
Altitude: 51:42:51.0

Wed Mar 19 20:27:33 2014
Adjusting the interferometer position.
Azimuth: 184:22:57.8
Altitude: 51:42:21.6

Wed Mar 19 20:28:06 2014
Adjusting the interferometer position.
Azimuth: 184:36:15.2
Altitude: 51:41:51.6

Wed Mar 19 20:28:39 2014
Adjusting the interferometer position.
Azimuth: 184:49:32.3
Altitude: 51:41:20.0

Wed Mar 19 20:29:13 2014
Adjusting the interferometer position.
Azimuth: 185:03:13.3
Altitude: 51:40:45.9

Wed Mar 19 20:29:46 2014
Adjusting the interferometer position.
Azimuth: 185:16:29.7
Altitude: 51:40:11.2

Wed Mar 19 20:30:19 2014
Adjusting the interferometer position.
Azimuth: 185:29:45.8
Altitude: 51:39:35.1

Wed Mar 19 20:30:52 2014
Adjusting the interferometer position.
Azimuth: 185:43:01.6
Altitude: 51:38:57.4

Wed Mar 19 20:31:26 2014
Adjusting the interferometer position.
Azimuth: 185:56:41.0
Altitude: 51:38:17.1

Wed Mar 19 20:31:59 2014
Adjusting the interferometer position.
Azimuth: 186:09:56.0
Altitude: 51:37:36.4

Wed Mar 19 20:32:32 2014
Adjusting the interferometer position.
Azimuth: 186:23:10.5
Altitude: 51:36:54.2

Wed Mar 19 20:33:06 2014
Adjusting the interferometer position.
Azimuth: 186:36:48.7
Altitude: 51:36:09.2

Wed Mar 19 20:33:39 2014
Adjusting the interferometer position.
Azimuth: 186:50:02.4
Altitude: 51:35:24.0

Wed Mar 19 20:34:12 2014
Adjusting the interferometer position.
Azimuth: 187:03:15.7
Altitude: 51:34:37.3

Wed Mar 19 20:34:45 2014
Adjusting the interferometer position.
Azimuth: 187:16:28.5
Altitude: 51:33:49.1

Wed Mar 19 20:35:19 2014
Adjusting the interferometer position.
Azimuth: 187:30:04.8
Altitude: 51:32:57.8

Wed Mar 19 20:35:52 2014
Adjusting the interferometer position.
Azimuth: 187:43:16.6
Altitude: 51:32:06.6

Wed Mar 19 20:36:25 2014
Adjusting the interferometer position.
Azimuth: 187:56:27.9
Altitude: 51:31:13.9

Wed Mar 19 20:36:59 2014
Adjusting the interferometer position.
Azimuth: 188:10:02.6
Altitude: 51:30:18.0

Wed Mar 19 20:37:32 2014
Adjusting the interferometer position.
Azimuth: 188:23:12.9
Altitude: 51:29:22.3

Wed Mar 19 20:38:05 2014
Adjusting the interferometer position.
Azimuth: 188:36:22.5
Altitude: 51:28:25.1

Wed Mar 19 20:38:39 2014
Adjusting the interferometer position.
Azimuth: 188:49:55.6
Altitude: 51:27:24.6

Wed Mar 19 20:39:12 2014
Adjusting the interferometer position.
Azimuth: 189:03:04.1
Altitude: 51:26:24.4

Wed Mar 19 20:39:45 2014
Adjusting the interferometer position.
Azimuth: 189:16:12.1
Altitude: 51:25:22.7

Wed Mar 19 20:40:18 2014
Adjusting the interferometer position.
Azimuth: 189:29:19.4
Altitude: 51:24:19.6

Wed Mar 19 20:40:52 2014
Adjusting the interferometer position.
Azimuth: 189:42:50.0
Altitude: 51:23:13.0

Wed Mar 19 20:41:25 2014
Adjusting the interferometer position.
Azimuth: 189:55:56.1
Altitude: 51:22:06.8

Wed Mar 19 20:41:58 2014
Adjusting the interferometer position.
Azimuth: 190:09:01.6
Altitude: 51:20:59.2

Wed Mar 19 20:42:32 2014
Adjusting the interferometer position.
Azimuth: 190:22:30.2
Altitude: 51:19:48.0

Wed Mar 19 20:43:05 2014
Adjusting the interferometer position.
Azimuth: 190:35:34.3
Altitude: 51:18:37.5

Wed Mar 19 20:43:38 2014
Adjusting the interferometer position.
Azimuth: 190:48:37.8
Altitude: 51:17:25.4

Wed Mar 19 20:44:11 2014
Adjusting the interferometer position.
Azimuth: 191:01:40.5
Altitude: 51:16:11.9

Wed Mar 19 20:44:45 2014
Adjusting the interferometer position.
Azimuth: 191:15:06.3
Altitude: 51:14:54.7

Wed Mar 19 20:45:18 2014
Adjusting the interferometer position.
Azimuth: 191:28:07.6
Altitude: 51:13:38.2

Wed Mar 19 20:45:51 2014
Adjusting the interferometer position.
Azimuth: 191:41:08.2
Altitude: 51:12:20.3

Wed Mar 19 20:46:25 2014
Adjusting the interferometer position.
Azimuth: 191:54:31.6
Altitude: 51:10:58.6

Wed Mar 19 20:46:58 2014
Adjusting the interferometer position.
Azimuth: 192:07:30.7
Altitude: 51:09:37.7

Wed Mar 19 20:47:31 2014
Adjusting the interferometer position.
Azimuth: 192:20:29.0
Altitude: 51:08:15.4

Wed Mar 19 20:48:04 2014
Adjusting the interferometer position.
Azimuth: 192:33:26.5
Altitude: 51:06:51.7

Wed Mar 19 20:48:38 2014
Adjusting the interferometer position.
Azimuth: 192:46:46.8
Altitude: 51:05:24.0

Wed Mar 19 20:49:11 2014
Adjusting the interferometer position.
Azimuth: 192:59:42.7
Altitude: 51:03:57.3

Wed Mar 19 20:49:44 2014
Adjusting the interferometer position.
Azimuth: 193:12:37.8
Altitude: 51:02:29.3

Wed Mar 19 20:50:18 2014
Adjusting the interferometer position.
Azimuth: 193:25:55.5
Altitude: 51:00:57.0

Wed Mar 19 20:50:51 2014
Adjusting the interferometer position.
Azimuth: 193:38:48.9
Altitude: 50:59:26.1

Wed Mar 19 20:51:24 2014
Adjusting the interferometer position.
Azimuth: 193:51:41.4
Altitude: 50:57:53.7

Wed Mar 19 20:51:58 2014
Adjusting the interferometer position.
Azimuth: 194:04:56.5
Altitude: 50:56:17.0

Wed Mar 19 20:52:31 2014
Adjusting the interferometer position.
Azimuth: 194:17:47.3
Altitude: 50:54:41.7

Wed Mar 19 20:53:04 2014
Adjusting the interferometer position.
Azimuth: 194:30:37.2
Altitude: 50:53:05.0

Wed Mar 19 20:53:38 2014
Adjusting the interferometer position.
Azimuth: 194:43:49.5
Altitude: 50:51:23.9

Wed Mar 19 20:54:11 2014
Adjusting the interferometer position.
Azimuth: 194:56:37.5
Altitude: 50:49:44.4

Wed Mar 19 20:54:44 2014
Adjusting the interferometer position.
Azimuth: 195:09:24.7
Altitude: 50:48:03.4

Wed Mar 19 20:55:17 2014
Adjusting the interferometer position.
Azimuth: 195:22:10.9
Altitude: 50:46:21.1

Wed Mar 19 20:55:51 2014
Adjusting the interferometer position.
Azimuth: 195:35:19.4
Altitude: 50:44:34.2

Wed Mar 19 20:56:24 2014
Adjusting the interferometer position.
Azimuth: 195:48:03.7
Altitude: 50:42:49.0

Wed Mar 19 20:56:57 2014
Adjusting the interferometer position.
Azimuth: 196:00:47.0
Altitude: 50:41:02.4

Wed Mar 19 20:57:31 2014
Adjusting the interferometer position.
Azimuth: 196:13:52.5
Altitude: 50:39:11.1

Wed Mar 19 20:58:04 2014
Adjusting the interferometer position.
Azimuth: 196:26:33.9
Altitude: 50:37:21.7

Wed Mar 19 20:58:37 2014
Adjusting the interferometer position.
Azimuth: 196:39:14.2
Altitude: 50:35:30.9

Wed Mar 19 20:59:11 2014
Adjusting the interferometer position.
Azimuth: 196:52:16.6
Altitude: 50:33:35.3

Wed Mar 19 20:59:44 2014
Adjusting the interferometer position.
Azimuth: 197:04:54.9
Altitude: 50:31:41.7

Wed Mar 19 21:00:17 2014
Adjusting the interferometer position.
Azimuth: 197:17:32.2
Altitude: 50:29:46.8

Wed Mar 19 21:00:50 2014
Adjusting the interferometer position.
Azimuth: 197:30:08.5
Altitude: 50:27:50.5

Wed Mar 19 21:01:24 2014
Adjusting the interferometer position.
Azimuth: 197:43:06.6
Altitude: 50:25:49.2

Wed Mar 19 21:01:57 2014
Adjusting the interferometer position.
Azimuth: 197:55:40.7
Altitude: 50:23:50.1

Wed Mar 19 21:02:30 2014
Adjusting the interferometer position.
Azimuth: 198:08:13.8
Altitude: 50:21:49.6

Wed Mar 19 21:03:04 2014
Adjusting the interferometer position.
Azimuth: 198:21:08.6
Altitude: 50:19:44.1

Wed Mar 19 21:03:37 2014
Adjusting the interferometer position.
Azimuth: 198:33:39.5
Altitude: 50:17:40.9

Wed Mar 19 21:04:10 2014
Adjusting the interferometer position.
Azimuth: 198:46:09.3
Altitude: 50:15:36.3

Wed Mar 19 21:04:43 2014
Adjusting the interferometer position.
Azimuth: 198:58:38.1
Altitude: 50:13:30.4

Wed Mar 19 21:05:17 2014
Adjusting the interferometer position.
Azimuth: 199:11:28.3
Altitude: 50:11:19.3

Wed Mar 19 21:05:50 2014
Adjusting the interferometer position.
Azimuth: 199:23:54.8
Altitude: 50:09:10.7

Wed Mar 19 21:06:23 2014
Adjusting the interferometer position.
Azimuth: 199:36:20.1
Altitude: 50:07:00.7

Wed Mar 19 21:06:57 2014
Adjusting the interferometer position.
Azimuth: 199:49:06.9
Altitude: 50:04:45.5

Wed Mar 19 21:07:30 2014
Adjusting the interferometer position.
Azimuth: 200:01:29.9
Altitude: 50:02:32.8

Wed Mar 19 21:08:03 2014
Adjusting the interferometer position.
Azimuth: 200:13:51.8
Altitude: 50:00:18.8

Wed Mar 19 21:08:36 2014
Adjusting the interferometer position.
Azimuth: 200:26:12.5
Altitude: 49:58:03.6

Wed Mar 19 21:09:10 2014
Adjusting the interferometer position.
Azimuth: 200:38:54.5
Altitude: 49:55:42.8

Wed Mar 19 21:09:43 2014
Adjusting the interferometer position.
Azimuth: 200:51:12.9
Altitude: 49:53:24.8

Wed Mar 19 21:10:16 2014
Adjusting the interferometer position.
Azimuth: 201:03:30.0
Altitude: 49:51:05.6

Wed Mar 19 21:10:50 2014
Adjusting the interferometer position.
Azimuth: 201:16:08.3
Altitude: 49:48:40.7

Wed Mar 19 21:11:23 2014
Adjusting the interferometer position.
Azimuth: 201:28:23.1
Altitude: 49:46:18.8

Wed Mar 19 21:11:56 2014
Adjusting the interferometer position.
Azimuth: 201:40:36.6
Altitude: 49:43:55.6

Wed Mar 19 21:12:30 2014
Adjusting the interferometer position.
Azimuth: 201:53:11.2
Altitude: 49:41:26.8

Wed Mar 19 21:13:03 2014
Adjusting the interferometer position.
Azimuth: 202:05:22.3
Altitude: 49:39:00.9

Wed Mar 19 21:13:36 2014
Adjusting the interferometer position.
Azimuth: 202:17:32.1
Altitude: 49:36:33.8

Wed Mar 19 21:14:09 2014
Adjusting the interferometer position.
Azimuth: 202:29:40.8
Altitude: 49:34:05.5

Wed Mar 19 21:14:43 2014
Adjusting the interferometer position.
Azimuth: 202:42:10.2
Altitude: 49:31:31.3

Wed Mar 19 21:15:16 2014
Adjusting the interferometer position.
Azimuth: 202:54:16.3
Altitude: 49:29:00.3

Wed Mar 19 21:15:49 2014
Adjusting the interferometer position.
Azimuth: 203:06:21.2
Altitude: 49:26:28.1

Wed Mar 19 21:16:23 2014
Adjusting the interferometer position.
Azimuth: 203:18:46.7
Altitude: 49:23:49.9

Wed Mar 19 21:16:56 2014
Adjusting the interferometer position.
Azimuth: 203:30:49.0
Altitude: 49:21:15.1

Wed Mar 19 21:17:29 2014
Adjusting the interferometer position.
Azimuth: 203:42:50.1
Altitude: 49:18:39.1

Wed Mar 19 21:18:02 2014
Adjusting the interferometer position.
Azimuth: 203:54:49.8
Altitude: 49:16:01.8

Wed Mar 19 21:18:36 2014
Adjusting the interferometer position.
Azimuth: 204:07:10.1
Altitude: 49:13:18.4

Wed Mar 19 21:19:09 2014
Adjusting the interferometer position.
Azimuth: 204:19:07.2
Altitude: 49:10:38.6

Wed Mar 19 21:19:42 2014
Adjusting the interferometer position.
Azimuth: 204:31:03.1
Altitude: 49:07:57.6

Wed Mar 19 21:20:16 2014
Adjusting the interferometer position.
Azimuth: 204:43:19.3
Altitude: 49:05:10.4

Wed Mar 19 21:20:49 2014
Adjusting the interferometer position.
Azimuth: 204:55:12.5
Altitude: 49:02:26.8

Wed Mar 19 21:21:22 2014
Adjusting the interferometer position.
Azimuth: 205:07:04.4
Altitude: 48:59:42.0

Wed Mar 19 21:21:55 2014
Adjusting the interferometer position.
Azimuth: 205:18:55.0
Altitude: 48:56:56.0

Wed Mar 19 21:22:29 2014
Adjusting the interferometer position.
Azimuth: 205:31:05.7
Altitude: 48:54:03.7

Wed Mar 19 21:23:02 2014
Adjusting the interferometer position.
Azimuth: 205:42:53.6
Altitude: 48:51:15.3

Wed Mar 19 21:23:35 2014
Adjusting the interferometer position.
Azimuth: 205:54:40.2
Altitude: 48:48:25.6

Wed Mar 19 21:24:09 2014
Adjusting the interferometer position.
Azimuth: 206:06:46.8
Altitude: 48:45:29.5

Wed Mar 19 21:24:42 2014
Resetting the interferometer to its home position.
Wed Mar 19 21:25:18 2014
Done. Data collection may now resume.

Wed Mar 19 21:25:18 2014
Adjusting the interferometer position.
Azimuth: 206:31:17.0
Altitude: 48:39:28.3

Wed Mar 19 21:25:58 2014
Adjusting the interferometer position.
Azimuth: 206:45:26.6
Altitude: 48:35:56.5

Wed Mar 19 21:26:32 2014
Adjusting the interferometer position.
Azimuth: 206:57:27.1
Altitude: 48:32:55.1

Wed Mar 19 21:27:05 2014
Adjusting the interferometer position.
Azimuth: 207:09:05.1
Altitude: 48:29:57.8

Wed Mar 19 21:27:38 2014
Adjusting the interferometer position.
Azimuth: 207:20:41.8
Altitude: 48:26:59.4

Wed Mar 19 21:28:12 2014
Adjusting the interferometer position.
Azimuth: 207:32:38.1
Altitude: 48:23:54.3

Wed Mar 19 21:28:45 2014
Adjusting the interferometer position.
Azimuth: 207:44:12.0
Altitude: 48:20:53.5

Wed Mar 19 21:29:18 2014
Adjusting the interferometer position.
Azimuth: 207:55:44.4
Altitude: 48:17:51.6

Wed Mar 19 21:29:51 2014
Adjusting the interferometer position.
Azimuth: 208:07:15.6
Altitude: 48:14:48.4

Wed Mar 19 21:30:25 2014
Adjusting the interferometer position.
Azimuth: 208:19:06.2
Altitude: 48:11:38.5

Wed Mar 19 21:30:58 2014
Adjusting the interferometer position.
Azimuth: 208:30:34.5
Altitude: 48:08:33.1

Wed Mar 19 21:31:31 2014
Adjusting the interferometer position.
Azimuth: 208:42:01.4
Altitude: 48:05:26.5

Wed Mar 19 21:32:05 2014
Adjusting the interferometer position.
Azimuth: 208:53:47.6
Altitude: 48:02:13.0

Wed Mar 19 21:32:38 2014
Adjusting the interferometer position.
Azimuth: 209:05:11.7
Altitude: 47:59:04.1

Wed Mar 19 21:33:11 2014
Adjusting the interferometer position.
Azimuth: 209:16:34.4
Altitude: 47:55:54.0

Wed Mar 19 21:33:44 2014
Adjusting the interferometer position.
Azimuth: 209:27:55.7
Altitude: 47:52:42.8

Wed Mar 19 21:34:18 2014
Adjusting the interferometer position.
Azimuth: 209:39:36.2
Altitude: 47:49:24.7

Wed Mar 19 21:34:51 2014
Adjusting the interferometer position.
Azimuth: 209:50:54.6
Altitude: 47:46:11.2

Wed Mar 19 21:35:24 2014
Adjusting the interferometer position.
Azimuth: 210:02:11.6
Altitude: 47:42:56.6

Wed Mar 19 21:35:58 2014
Adjusting the interferometer position.
Azimuth: 210:13:47.7
Altitude: 47:39:35.0

Wed Mar 19 21:36:31 2014
Adjusting the interferometer position.
Azimuth: 210:25:01.9
Altitude: 47:36:18.2

Wed Mar 19 21:37:04 2014
Adjusting the interferometer position.
Azimuth: 210:36:14.6
Altitude: 47:33:00.2

Wed Mar 19 21:37:37 2014
Adjusting the interferometer position.
Azimuth: 210:47:25.9
Altitude: 47:29:41.2

Wed Mar 19 21:38:11 2014
Adjusting the interferometer position.
Azimuth: 210:58:56.1
Altitude: 47:26:15.0

Wed Mar 19 21:38:44 2014
Adjusting the interferometer position.
Azimuth: 211:10:04.6
Altitude: 47:22:53.8

Wed Mar 19 21:39:17 2014
Adjusting the interferometer position.
Azimuth: 211:21:11.6
Altitude: 47:19:31.5

Wed Mar 19 21:39:51 2014
Adjusting the interferometer position.
Azimuth: 211:32:37.3
Altitude: 47:16:01.9

Wed Mar 19 21:40:24 2014
Adjusting the interferometer position.
Azimuth: 211:43:41.4
Altitude: 47:12:37.4

Wed Mar 19 21:40:57 2014
Adjusting the interferometer position.
Azimuth: 211:54:44.1
Altitude: 47:09:11.8

Wed Mar 19 21:41:31 2014
Adjusting the interferometer position.
Azimuth: 212:06:05.4
Altitude: 47:05:38.9

Wed Mar 19 21:42:04 2014
Adjusting the interferometer position.
Azimuth: 212:17:05.2
Altitude: 47:02:11.2

Wed Mar 19 21:42:37 2014
Adjusting the interferometer position.
Azimuth: 212:28:03.5
Altitude: 46:58:42.4

Wed Mar 19 21:43:10 2014
Adjusting the interferometer position.
Azimuth: 212:39:00.5
Altitude: 46:55:12.5

Wed Mar 19 21:43:44 2014
Adjusting the interferometer position.
Azimuth: 212:50:15.8
Altitude: 46:51:35.2

Wed Mar 19 21:44:17 2014
Adjusting the interferometer position.
Azimuth: 213:01:09.8
Altitude: 46:48:03.3

Wed Mar 19 21:44:50 2014
Adjusting the interferometer position.
Azimuth: 213:12:02.4
Altitude: 46:44:30.3

Wed Mar 19 21:45:24 2014
Adjusting the interferometer position.
Azimuth: 213:23:13.2
Altitude: 46:40:49.7

Wed Mar 19 21:45:57 2014
Adjusting the interferometer position.
Azimuth: 213:34:02.8
Altitude: 46:37:14.6

Wed Mar 19 21:46:30 2014
Adjusting the interferometer position.
Azimuth: 213:44:51.0
Altitude: 46:33:38.5

Wed Mar 19 21:47:04 2014
Adjusting the interferometer position.
Azimuth: 213:55:57.4
Altitude: 46:29:54.8

Wed Mar 19 21:47:37 2014
Adjusting the interferometer position.
Azimuth: 214:06:42.7
Altitude: 46:26:16.6

Wed Mar 19 21:48:10 2014
Adjusting the interferometer position.
Azimuth: 214:17:26.5
Altitude: 46:22:37.4

Wed Mar 19 21:48:43 2014
Adjusting the interferometer position.
Azimuth: 214:28:08.9
Altitude: 46:18:57.2

Wed Mar 19 21:49:17 2014
Adjusting the interferometer position.
Azimuth: 214:39:09.3
Altitude: 46:15:09.3

Wed Mar 19 21:49:50 2014
Adjusting the interferometer position.
Azimuth: 214:49:48.7
Altitude: 46:11:27.0

Wed Mar 19 21:50:23 2014
Adjusting the interferometer position.
Azimuth: 215:00:26.7
Altitude: 46:07:43.8

Wed Mar 19 21:50:57 2014
Adjusting the interferometer position.
Azimuth: 215:11:22.6
Altitude: 46:03:52.8

Wed Mar 19 21:51:30 2014
Adjusting the interferometer position.
Azimuth: 215:21:57.7
Altitude: 46:00:07.5

Wed Mar 19 21:52:03 2014
Adjusting the interferometer position.
Azimuth: 215:32:31.4
Altitude: 45:56:21.3

Wed Mar 19 21:52:37 2014
Adjusting the interferometer position.
Azimuth: 215:43:22.7
Altitude: 45:52:27.2

Wed Mar 19 21:53:10 2014
Adjusting the interferometer position.
Azimuth: 215:53:53.4
Altitude: 45:48:39.0

Wed Mar 19 21:53:43 2014
Adjusting the interferometer position.
Azimuth: 216:04:22.7
Altitude: 45:44:49.8

Wed Mar 19 21:54:16 2014
Adjusting the interferometer position.
Azimuth: 216:14:50.6
Altitude: 45:40:59.7

Wed Mar 19 21:54:50 2014
Adjusting the interferometer position.
Azimuth: 216:25:35.9
Altitude: 45:37:01.6

Wed Mar 19 21:55:23 2014
Adjusting the interferometer position.
Azimuth: 216:36:00.9
Altitude: 45:33:09.5

Wed Mar 19 21:55:56 2014
Adjusting the interferometer position.
Azimuth: 216:46:24.3
Altitude: 45:29:16.5

Wed Mar 19 21:56:30 2014
Adjusting the interferometer position.
Azimuth: 216:57:05.2
Altitude: 45:25:15.5

Wed Mar 19 21:57:03 2014
Adjusting the interferometer position.
Azimuth: 217:07:25.8
Altitude: 45:21:20.5

Wed Mar 19 21:57:36 2014
Adjusting the interferometer position.
Azimuth: 217:17:44.9
Altitude: 45:17:24.6

Wed Mar 19 21:58:09 2014
Adjusting the interferometer position.
Azimuth: 217:28:02.6
Altitude: 45:13:27.8

Wed Mar 19 21:58:43 2014
Adjusting the interferometer position.
Azimuth: 217:38:37.5
Altitude: 45:09:22.9

Wed Mar 19 21:59:16 2014
Adjusting the interferometer position.
Azimuth: 217:48:52.3
Altitude: 45:05:24.2

Wed Mar 19 21:59:49 2014
Adjusting the interferometer position.
Azimuth: 217:59:05.6
Altitude: 45:01:24.6

Wed Mar 19 22:00:23 2014
Adjusting the interferometer position.
Azimuth: 218:09:36.1
Altitude: 44:57:16.8

Wed Mar 19 22:00:56 2014
Adjusting the interferometer position.
Azimuth: 218:19:46.5
Altitude: 44:53:15.3

Wed Mar 19 22:01:29 2014
Adjusting the interferometer position.
Azimuth: 218:29:55.5
Altitude: 44:49:13.0

Wed Mar 19 22:02:03 2014
Adjusting the interferometer position.
Azimuth: 218:40:21.5
Altitude: 44:45:02.3

Wed Mar 19 22:02:36 2014
Adjusting the interferometer position.
Azimuth: 218:50:27.6
Altitude: 44:40:58.1

Wed Mar 19 22:03:09 2014
Adjusting the interferometer position.
Azimuth: 219:00:32.3
Altitude: 44:36:53.0

Wed Mar 19 22:03:42 2014
Adjusting the interferometer position.
Azimuth: 219:10:35.5
Altitude: 44:32:47.0

Wed Mar 19 22:04:16 2014
Adjusting the interferometer position.
Azimuth: 219:20:55.6
Altitude: 44:28:32.7

Wed Mar 19 22:04:49 2014
Adjusting the interferometer position.
Azimuth: 219:30:56.0
Altitude: 44:24:24.9

Wed Mar 19 22:05:22 2014
Adjusting the interferometer position.
Azimuth: 219:40:54.9
Altitude: 44:20:16.3

Wed Mar 19 22:05:56 2014
Adjusting the interferometer position.
Azimuth: 219:51:10.6
Altitude: 44:15:59.2

Wed Mar 19 22:06:29 2014
Adjusting the interferometer position.
Azimuth: 220:01:06.7
Altitude: 44:11:48.7

Wed Mar 19 22:07:02 2014
Adjusting the interferometer position.
Azimuth: 220:11:01.3
Altitude: 44:07:37.5

Wed Mar 19 22:07:35 2014
Adjusting the interferometer position.
Azimuth: 220:20:54.6
Altitude: 44:03:25.3

Wed Mar 19 22:08:09 2014
Adjusting the interferometer position.
Azimuth: 220:31:04.4
Altitude: 43:59:04.6

Wed Mar 19 22:08:42 2014
Adjusting the interferometer position.
Azimuth: 220:40:54.8
Altitude: 43:54:50.8

Wed Mar 19 22:09:15 2014
Adjusting the interferometer position.
Azimuth: 220:50:43.8
Altitude: 43:50:36.0

Wed Mar 19 22:09:49 2014
Adjusting the interferometer position.
Azimuth: 221:00:49.2
Altitude: 43:46:12.7

Wed Mar 19 22:10:22 2014
Adjusting the interferometer position.
Azimuth: 221:10:35.3
Altitude: 43:41:56.3

Wed Mar 19 22:10:55 2014
Adjusting the interferometer position.
Azimuth: 221:20:20.1
Altitude: 43:37:39.0

Wed Mar 19 22:11:29 2014
Adjusting the interferometer position.
Azimuth: 221:30:21.1
Altitude: 43:33:13.1

Wed Mar 19 22:12:02 2014
Adjusting the interferometer position.
Azimuth: 221:40:03.0
Altitude: 43:28:54.1

Wed Mar 19 22:12:35 2014
Adjusting the interferometer position.
Azimuth: 221:49:43.6
Altitude: 43:24:34.4

Wed Mar 19 22:13:08 2014
Adjusting the interferometer position.
Azimuth: 221:59:22.7
Altitude: 43:20:13.8

Wed Mar 19 22:13:42 2014
Adjusting the interferometer position.
Azimuth: 222:09:18.0
Altitude: 43:15:44.4

Wed Mar 19 22:14:15 2014
Adjusting the interferometer position.
Azimuth: 222:18:54.3
Altitude: 43:11:22.2

Wed Mar 19 22:14:48 2014
Adjusting the interferometer position.
Azimuth: 222:28:29.3
Altitude: 43:06:59.1

Wed Mar 19 22:15:22 2014
Adjusting the interferometer position.
Azimuth: 222:38:20.2
Altitude: 43:02:27.3

Wed Mar 19 22:15:55 2014
Adjusting the interferometer position.
Azimuth: 222:47:52.4
Altitude: 42:58:02.6

Wed Mar 19 22:16:28 2014
Adjusting the interferometer position.
Azimuth: 222:57:23.1
Altitude: 42:53:37.1

Wed Mar 19 22:17:01 2014
Adjusting the interferometer position.
Azimuth: 223:06:52.6
Altitude: 42:49:10.8

Wed Mar 19 22:17:35 2014
Adjusting the interferometer position.
Azimuth: 223:16:37.8
Altitude: 42:44:35.7

Wed Mar 19 22:18:08 2014
Adjusting the interferometer position.
Azimuth: 223:26:04.4
Altitude: 42:40:07.8

Wed Mar 19 22:18:41 2014
Adjusting the interferometer position.
Azimuth: 223:35:29.7
Altitude: 42:35:39.2

Wed Mar 19 22:19:15 2014
Adjusting the interferometer position.
Azimuth: 223:45:10.7
Altitude: 42:31:01.6

Wed Mar 19 22:19:48 2014
Adjusting the interferometer position.
Azimuth: 223:54:33.2
Altitude: 42:26:31.4

Wed Mar 19 22:20:21 2014
Adjusting the interferometer position.
Azimuth: 224:03:54.4
Altitude: 42:22:00.4

Wed Mar 19 22:20:54 2014
Adjusting the interferometer position.
Azimuth: 224:13:14.2
Altitude: 42:17:28.7

Wed Mar 19 22:21:28 2014
Adjusting the interferometer position.
Azimuth: 224:22:49.6
Altitude: 42:12:47.9

Wed Mar 19 22:22:01 2014
Adjusting the interferometer position.
Azimuth: 224:32:06.7
Altitude: 42:08:14.6

Wed Mar 19 22:22:34 2014
Adjusting the interferometer position.
Azimuth: 224:41:22.5
Altitude: 42:03:40.6

Wed Mar 19 22:23:08 2014
Adjusting the interferometer position.
Azimuth: 224:50:53.7
Altitude: 41:58:57.5

Wed Mar 19 22:23:41 2014
Adjusting the interferometer position.
Azimuth: 225:00:06.7
Altitude: 41:54:21.9

Wed Mar 19 22:24:14 2014
Adjusting the interferometer position.
Azimuth: 225:09:18.4
Altitude: 41:49:45.6

Wed Mar 19 22:24:48 2014
Adjusting the interferometer position.
Azimuth: 225:18:45.5
Altitude: 41:45:00.2

Wed Mar 19 22:25:21 2014
Adjusting the interferometer position.
Azimuth: 225:27:54.5
Altitude: 41:40:22.4

Wed Mar 19 22:25:54 2014
Resetting the interferometer to its home position.
Wed Mar 19 22:26:32 2014
Done. Data collection may now resume.

Wed Mar 19 22:26:32 2014
Adjusting the interferometer position.
Azimuth: 225:47:31.2
Altitude: 41:30:22.3

Wed Mar 19 22:27:13 2014
Adjusting the interferometer position.
Azimuth: 225:58:48.0
Altitude: 41:24:34.3

Wed Mar 19 22:27:46 2014
Adjusting the interferometer position.
Azimuth: 226:07:51.2
Altitude: 41:19:53.3

Wed Mar 19 22:28:19 2014
Adjusting the interferometer position.
Azimuth: 226:16:53.1
Altitude: 41:15:11.6

Wed Mar 19 22:28:53 2014
Adjusting the interferometer position.
Azimuth: 226:26:10.1
Altitude: 41:10:20.7

Wed Mar 19 22:29:26 2014
Adjusting the interferometer position.
Azimuth: 226:35:09.4
Altitude: 41:05:37.6

Wed Mar 19 22:29:59 2014
Adjusting the interferometer position.
Azimuth: 226:44:07.4
Altitude: 41:00:53.8

Wed Mar 19 22:30:33 2014
Adjusting the interferometer position.
Azimuth: 226:53:20.4
Altitude: 40:56:00.6

Wed Mar 19 22:31:06 2014
Adjusting the interferometer position.
Azimuth: 227:02:15.7
Altitude: 40:51:15.4

Wed Mar 19 22:31:39 2014
Adjusting the interferometer position.
Azimuth: 227:11:09.8
Altitude: 40:46:29.5

Wed Mar 19 22:32:12 2014
Adjusting the interferometer position.
Azimuth: 227:20:02.6
Altitude: 40:41:42.9

Wed Mar 19 22:32:46 2014
Adjusting the interferometer position.
Azimuth: 227:29:10.2
Altitude: 40:36:46.9

Wed Mar 19 22:33:19 2014
Adjusting the interferometer position.
Azimuth: 227:38:00.4
Altitude: 40:31:58.9

Wed Mar 19 22:33:52 2014
Adjusting the interferometer position.
Azimuth: 227:46:49.4
Altitude: 40:27:10.3

Wed Mar 19 22:34:26 2014
Adjusting the interferometer position.
Azimuth: 227:55:53.0
Altitude: 40:22:12.2

Wed Mar 19 22:34:59 2014
Adjusting the interferometer position.
Azimuth: 228:04:39.4
Altitude: 40:17:22.1

Wed Mar 19 22:35:32 2014
Adjusting the interferometer position.
Azimuth: 228:13:24.5
Altitude: 40:12:31.4

Wed Mar 19 22:36:05 2014
Adjusting the interferometer position.
Azimuth: 228:22:08.4
Altitude: 40:07:40.1

Wed Mar 19 22:36:39 2014
Adjusting the interferometer position.
Azimuth: 228:31:06.8
Altitude: 40:02:39.2

Wed Mar 19 22:37:12 2014
Adjusting the interferometer position.
Azimuth: 228:39:48.1
Altitude: 39:57:46.5

Wed Mar 19 22:37:45 2014
Adjusting the interferometer position.
Azimuth: 228:48:28.2
Altitude: 39:52:53.2

Wed Mar 19 22:38:19 2014
Adjusting the interferometer position.
Azimuth: 228:57:22.7
Altitude: 39:47:50.3

Wed Mar 19 22:38:52 2014
Adjusting the interferometer position.
Azimuth: 229:06:00.3
Altitude: 39:42:55.6

Wed Mar 19 22:39:25 2014
Adjusting the interferometer position.
Azimuth: 229:14:36.6
Altitude: 39:38:00.3

Wed Mar 19 22:39:59 2014
Adjusting the interferometer position.
Azimuth: 229:23:27.3
Altitude: 39:32:55.4

Wed Mar 19 22:40:32 2014
Adjusting the interferometer position.
Azimuth: 229:32:01.1
Altitude: 39:27:58.8

Wed Mar 19 22:41:05 2014
Adjusting the interferometer position.
Azimuth: 229:40:33.8
Altitude: 39:23:01.6

Wed Mar 19 22:41:38 2014
Adjusting the interferometer position.
Azimuth: 229:49:05.2
Altitude: 39:18:03.8

Wed Mar 19 22:42:12 2014
Adjusting the interferometer position.
Azimuth: 229:57:50.8
Altitude: 39:12:56.2

Wed Mar 19 22:42:45 2014
Adjusting the interferometer position.
Azimuth: 230:06:19.7
Altitude: 39:07:57.1

Wed Mar 19 22:43:18 2014
Adjusting the interferometer position.
Azimuth: 230:14:47.5
Altitude: 39:02:57.4

Wed Mar 19 22:43:52 2014
Adjusting the interferometer position.
Azimuth: 230:23:29.3
Altitude: 38:57:47.9

Wed Mar 19 22:44:25 2014
Adjusting the interferometer position.
Azimuth: 230:31:54.6
Altitude: 38:52:47.0

Wed Mar 19 22:44:58 2014
Adjusting the interferometer position.
Azimuth: 230:40:18.7
Altitude: 38:47:45.4

Wed Mar 19 22:45:31 2014
Adjusting the interferometer position.
Azimuth: 230:48:41.6
Altitude: 38:42:43.2

Wed Mar 19 22:46:05 2014
Adjusting the interferometer position.
Azimuth: 230:57:18.5
Altitude: 38:37:31.2

Wed Mar 19 22:46:38 2014
Adjusting the interferometer position.
Azimuth: 231:05:39.0
Altitude: 38:32:27.8

Wed Mar 19 22:47:11 2014
Adjusting the interferometer position.
Azimuth: 231:13:58.4
Altitude: 38:27:23.8

Wed Mar 19 22:47:45 2014
Adjusting the interferometer position.
Azimuth: 231:22:31.6
Altitude: 38:22:10.0

Wed Mar 19 22:48:18 2014
Adjusting the interferometer position.
Azimuth: 231:30:48.6
Altitude: 38:17:04.8

Wed Mar 19 22:48:51 2014
Adjusting the interferometer position.
Azimuth: 231:39:04.3
Altitude: 38:11:59.0

Wed Mar 19 22:49:25 2014
Adjusting the interferometer position.
Azimuth: 231:47:33.9
Altitude: 38:06:43.3

Wed Mar 19 22:49:58 2014
Adjusting the interferometer position.
Azimuth: 231:55:47.4
Altitude: 38:01:36.4

Wed Mar 19 22:50:31 2014
Adjusting the interferometer position.
Azimuth: 232:03:59.6
Altitude: 37:56:28.8

Wed Mar 19 22:51:04 2014
Adjusting the interferometer position.
Azimuth: 232:12:10.8
Altitude: 37:51:20.7

Wed Mar 19 22:51:38 2014
Adjusting the interferometer position.
Azimuth: 232:20:35.6
Altitude: 37:46:02.6

Wed Mar 19 22:52:11 2014
Adjusting the interferometer position.
Azimuth: 232:28:44.4
Altitude: 37:40:53.4

Wed Mar 19 22:52:44 2014
Adjusting the interferometer position.
Azimuth: 232:36:52.1
Altitude: 37:35:43.5

Wed Mar 19 22:53:18 2014
Adjusting the interferometer position.
Azimuth: 232:45:13.3
Altitude: 37:30:23.7

Wed Mar 19 22:53:51 2014
Adjusting the interferometer position.
Azimuth: 232:53:18.7
Altitude: 37:25:12.7

Wed Mar 19 22:54:24 2014
Adjusting the interferometer position.
Azimuth: 233:01:23.0
Altitude: 37:20:01.2

Wed Mar 19 22:54:57 2014
Adjusting the interferometer position.
Azimuth: 233:09:26.1
Altitude: 37:14:49.1

Wed Mar 19 22:55:31 2014
Adjusting the interferometer position.
Azimuth: 233:17:42.7
Altitude: 37:09:27.0

Wed Mar 19 22:56:04 2014
Adjusting the interferometer position.
Azimuth: 233:25:43.6
Altitude: 37:04:13.8

Wed Mar 19 22:56:37 2014
Adjusting the interferometer position.
Azimuth: 233:33:43.3
Altitude: 36:59:00.1

Wed Mar 19 22:57:11 2014
Adjusting the interferometer position.
Azimuth: 233:41:56.5
Altitude: 36:53:36.3

Wed Mar 19 22:57:44 2014
Adjusting the interferometer position.
Azimuth: 233:49:54.0
Altitude: 36:48:21.5

Wed Mar 19 22:58:17 2014
Adjusting the interferometer position.
Azimuth: 233:57:50.5
Altitude: 36:43:06.1

Wed Mar 19 22:58:50 2014
Adjusting the interferometer position.
Azimuth: 234:05:45.8
Altitude: 36:37:50.2

Wed Mar 19 22:59:24 2014
Adjusting the interferometer position.
Azimuth: 234:13:54.4
Altitude: 36:32:24.2

Wed Mar 19 22:59:57 2014
Adjusting the interferometer position.
Azimuth: 234:21:47.5
Altitude: 36:27:07.3

Wed Mar 19 23:00:30 2014
Adjusting the interferometer position.
Azimuth: 234:29:39.6
Altitude: 36:21:49.8

Wed Mar 19 23:01:04 2014
Adjusting the interferometer position.
Azimuth: 234:37:44.8
Altitude: 36:16:22.1

Wed Mar 19 23:01:37 2014
Adjusting the interferometer position.
Azimuth: 234:45:34.7
Altitude: 36:11:03.6

Wed Mar 19 23:02:10 2014
Adjusting the interferometer position.
Azimuth: 234:53:23.5
Altitude: 36:05:44.6

Wed Mar 19 23:02:44 2014
Adjusting the interferometer position.
Azimuth: 235:01:25.4
Altitude: 36:00:15.3

Wed Mar 19 23:03:17 2014
Adjusting the interferometer position.
Azimuth: 235:09:12.1
Altitude: 35:54:55.2

Wed Mar 19 23:03:50 2014
Adjusting the interferometer position.
Azimuth: 235:16:57.7
Altitude: 35:49:34.6

Wed Mar 19 23:04:23 2014
Adjusting the interferometer position.
Azimuth: 235:24:42.3
Altitude: 35:44:13.6

Wed Mar 19 23:04:57 2014
Adjusting the interferometer position.
Azimuth: 235:32:39.8
Altitude: 35:38:42.2

Wed Mar 19 23:05:30 2014
Adjusting the interferometer position.
Azimuth: 235:40:22.3
Altitude: 35:33:20.1

Wed Mar 19 23:06:03 2014
Adjusting the interferometer position.
Azimuth: 235:48:03.7
Altitude: 35:27:57.5

Wed Mar 19 23:06:37 2014
Adjusting the interferometer position.
Azimuth: 235:55:58.0
Altitude: 35:22:24.6

Wed Mar 19 23:07:10 2014
Adjusting the interferometer position.
Azimuth: 236:03:37.3
Altitude: 35:17:01.1

Wed Mar 19 23:07:43 2014
Adjusting the interferometer position.
Azimuth: 236:11:15.6
Altitude: 35:11:37.0

Wed Mar 19 23:08:16 2014
Adjusting the interferometer position.
Azimuth: 236:18:52.8
Altitude: 35:06:12.4

Wed Mar 19 23:08:50 2014
Adjusting the interferometer position.
Azimuth: 236:26:42.9
Altitude: 35:00:37.5

Wed Mar 19 23:09:23 2014
Adjusting the interferometer position.
Azimuth: 236:34:18.1
Altitude: 34:55:12.0

Wed Mar 19 23:09:56 2014
Adjusting the interferometer position.
Azimuth: 236:41:52.3
Altitude: 34:49:46.0

Wed Mar 19 23:10:30 2014
Adjusting the interferometer position.
Azimuth: 236:49:39.2
Altitude: 34:44:09.6

Wed Mar 19 23:11:03 2014
Adjusting the interferometer position.
Azimuth: 236:57:11.4
Altitude: 34:38:42.7

Wed Mar 19 23:11:36 2014
Adjusting the interferometer position.
Azimuth: 237:04:42.6
Altitude: 34:33:15.2

Wed Mar 19 23:12:09 2014
Adjusting the interferometer position.
Azimuth: 237:12:12.8
Altitude: 34:27:47.3

Wed Mar 19 23:12:43 2014
Adjusting the interferometer position.
Azimuth: 237:19:55.6
Altitude: 34:22:09.0

Wed Mar 19 23:13:16 2014
Adjusting the interferometer position.
Azimuth: 237:27:23.7
Altitude: 34:16:40.2

Wed Mar 19 23:13:49 2014
Adjusting the interferometer position.
Azimuth: 237:34:50.9
Altitude: 34:11:10.9

Wed Mar 19 23:14:23 2014
Adjusting the interferometer position.
Azimuth: 237:42:30.7
Altitude: 34:05:31.2

Wed Mar 19 23:14:56 2014
Adjusting the interferometer position.
Azimuth: 237:49:55.9
Altitude: 34:00:01.0

Wed Mar 19 23:15:29 2014
Adjusting the interferometer position.
Azimuth: 237:57:20.2
Altitude: 33:54:30.3

Wed Mar 19 23:16:03 2014
Adjusting the interferometer position.
Azimuth: 238:04:56.9
Altitude: 33:48:49.2

Wed Mar 19 23:16:36 2014
Adjusting the interferometer position.
Azimuth: 238:12:19.2
Altitude: 33:43:17.6

Wed Mar 19 23:17:09 2014
Adjusting the interferometer position.
Azimuth: 238:19:40.6
Altitude: 33:37:45.6

Wed Mar 19 23:17:42 2014
Adjusting the interferometer position.
Azimuth: 238:27:01.0
Altitude: 33:32:13.2

Wed Mar 19 23:18:16 2014
Adjusting the interferometer position.
Azimuth: 238:34:33.8
Altitude: 33:26:30.2

Wed Mar 19 23:18:49 2014
Adjusting the interferometer position.
Azimuth: 238:41:52.3
Altitude: 33:20:56.9

Wed Mar 19 23:19:22 2014
Adjusting the interferometer position.
Azimuth: 238:49:09.8
Altitude: 33:15:23.1

Wed Mar 19 23:19:56 2014
Adjusting the interferometer position.
Azimuth: 238:56:39.7
Altitude: 33:09:38.8

Wed Mar 19 23:20:29 2014
Adjusting the interferometer position.
Azimuth: 239:03:55.3
Altitude: 33:04:04.2

Wed Mar 19 23:21:02 2014
Adjusting the interferometer position.
Azimuth: 239:11:10.1
Altitude: 32:58:29.2

Wed Mar 19 23:21:35 2014
Adjusting the interferometer position.
Azimuth: 239:18:23.9
Altitude: 32:52:53.7

Wed Mar 19 23:22:09 2014
Adjusting the interferometer position.
Azimuth: 239:25:49.9
Altitude: 32:47:07.6

Wed Mar 19 23:22:42 2014
Adjusting the interferometer position.
Azimuth: 239:33:01.9
Altitude: 32:41:31.3

Wed Mar 19 23:23:15 2014
Adjusting the interferometer position.
Azimuth: 239:40:12.9
Altitude: 32:35:54.6

Wed Mar 19 23:23:49 2014
Adjusting the interferometer position.
Azimuth: 239:47:36.1
Altitude: 32:30:07.2

Wed Mar 19 23:24:22 2014
Adjusting the interferometer position.
Azimuth: 239:54:45.3
Altitude: 32:24:29.6

Wed Mar 19 23:24:55 2014
Adjusting the interferometer position.
Azimuth: 240:01:53.7
Altitude: 32:18:51.7

Wed Mar 19 23:25:28 2014
Adjusting the interferometer position.
Azimuth: 240:09:01.1
Altitude: 32:13:13.3

Wed Mar 19 23:26:02 2014
Adjusting the interferometer position.
Azimuth: 240:16:20.6
Altitude: 32:07:24.2

Wed Mar 19 23:26:35 2014
Adjusting the interferometer position.
Azimuth: 240:23:26.2
Altitude: 32:01:45.0

Wed Mar 19 23:27:08 2014
Resetting the interferometer to its home position.
Wed Mar 19 23:27:47 2014
Done. Data collection may now resume.

Wed Mar 19 23:27:47 2014
Adjusting the interferometer position.
Azimuth: 240:38:51.8
Altitude: 31:49:23.6

Wed Mar 19 23:28:29 2014
Adjusting the interferometer position.
Azimuth: 240:47:49.9
Altitude: 31:42:10.2

Wed Mar 19 23:29:02 2014
Adjusting the interferometer position.
Azimuth: 240:54:51.6
Altitude: 31:36:29.2

Wed Mar 19 23:29:36 2014
Adjusting the interferometer position.
Azimuth: 241:02:05.2
Altitude: 31:30:37.6

Wed Mar 19 23:30:09 2014
Adjusting the interferometer position.
Azimuth: 241:09:05.2
Altitude: 31:24:55.8

Wed Mar 19 23:30:42 2014
Adjusting the interferometer position.
Azimuth: 241:16:04.4
Altitude: 31:19:13.7

Wed Mar 19 23:31:16 2014
Adjusting the interferometer position.
Azimuth: 241:23:15.3
Altitude: 31:13:20.8

Wed Mar 19 23:31:49 2014
Adjusting the interferometer position.
Azimuth: 241:30:12.8
Altitude: 31:07:37.9

Wed Mar 19 23:32:22 2014
Adjusting the interferometer position.
Azimuth: 241:37:09.3
Altitude: 31:01:54.6

Wed Mar 19 23:32:55 2014
Adjusting the interferometer position.
Azimuth: 241:44:05.1
Altitude: 30:56:11.0

Wed Mar 19 23:33:29 2014
Adjusting the interferometer position.
Azimuth: 241:51:12.6
Altitude: 30:50:16.5

Wed Mar 19 23:34:02 2014
Adjusting the interferometer position.
Azimuth: 241:58:06.6
Altitude: 30:44:32.1

Wed Mar 19 23:34:35 2014
Adjusting the interferometer position.
Azimuth: 242:04:59.8
Altitude: 30:38:47.3

Wed Mar 19 23:35:09 2014
Adjusting the interferometer position.
Azimuth: 242:12:04.7
Altitude: 30:32:51.7

Wed Mar 19 23:35:42 2014
Adjusting the interferometer position.
Azimuth: 242:18:56.3
Altitude: 30:27:06.2

Wed Mar 19 23:36:15 2014
Adjusting the interferometer position.
Azimuth: 242:25:47.0
Altitude: 30:21:20.3

Wed Mar 19 23:36:49 2014
Adjusting the interferometer position.
Azimuth: 242:32:49.4
Altitude: 30:15:23.6

Wed Mar 19 23:37:22 2014
Adjusting the interferometer position.
Azimuth: 242:39:38.5
Altitude: 30:09:37.0

Wed Mar 19 23:37:55 2014
Adjusting the interferometer position.
Azimuth: 242:46:26.8
Altitude: 30:03:50.0

Wed Mar 19 23:38:28 2014
Adjusting the interferometer position.
Azimuth: 242:53:14.3
Altitude: 29:58:02.7

Wed Mar 19 23:39:02 2014
Adjusting the interferometer position.
Azimuth: 243:00:13.3
Altitude: 29:52:04.5

Wed Mar 19 23:39:35 2014
Adjusting the interferometer position.
Azimuth: 243:06:59.2
Altitude: 29:46:16.5

Wed Mar 19 23:40:08 2014
Adjusting the interferometer position.
Azimuth: 243:13:44.3
Altitude: 29:40:28.1

Wed Mar 19 23:40:42 2014
Adjusting the interferometer position.
Azimuth: 243:20:40.8
Altitude: 29:34:28.8

Wed Mar 19 23:41:15 2014
Adjusting the interferometer position.
Azimuth: 243:27:24.3
Altitude: 29:28:39.7

Wed Mar 19 23:41:48 2014
Adjusting the interferometer position.
Azimuth: 243:34:07.1
Altitude: 29:22:50.3

Wed Mar 19 23:42:22 2014
Adjusting the interferometer position.
Azimuth: 243:41:01.2
Altitude: 29:16:50.0

Wed Mar 19 23:42:55 2014
Adjusting the interferometer position.
Azimuth: 243:47:42.3
Altitude: 29:10:59.8

Wed Mar 19 23:43:28 2014
Adjusting the interferometer position.
Azimuth: 243:54:22.8
Altitude: 29:05:09.4

Wed Mar 19 23:44:01 2014
Adjusting the interferometer position.
Azimuth: 244:01:02.4
Altitude: 28:59:18.6

Wed Mar 19 23:44:35 2014
Adjusting the interferometer position.
Azimuth: 244:07:53.4
Altitude: 28:53:16.9

Wed Mar 19 23:45:08 2014
Adjusting the interferometer position.
Azimuth: 244:14:31.5
Altitude: 28:47:25.4

Wed Mar 19 23:45:41 2014
Adjusting the interferometer position.
Azimuth: 244:21:08.8
Altitude: 28:41:33.7

Wed Mar 19 23:46:15 2014
Adjusting the interferometer position.
Azimuth: 244:27:57.4
Altitude: 28:35:30.9

Wed Mar 19 23:46:48 2014
Adjusting the interferometer position.
Azimuth: 244:34:33.3
Altitude: 28:29:38.4

Wed Mar 19 23:47:21 2014
Adjusting the interferometer position.
Azimuth: 244:41:08.4
Altitude: 28:23:45.7

Wed Mar 19 23:47:54 2014
Adjusting the interferometer position.
Azimuth: 244:47:42.8
Altitude: 28:17:52.6

Wed Mar 19 23:48:28 2014
Adjusting the interferometer position.
Azimuth: 244:54:28.3
Altitude: 28:11:48.5

Wed Mar 19 23:49:01 2014
Adjusting the interferometer position.
Azimuth: 245:01:01.2
Altitude: 28:05:54.8

Wed Mar 19 23:49:34 2014
Adjusting the interferometer position.
Azimuth: 245:07:33.4
Altitude: 28:00:00.7

Wed Mar 19 23:50:08 2014
Adjusting the interferometer position.
Azimuth: 245:14:16.7
Altitude: 27:53:55.6

Wed Mar 19 23:50:41 2014
Adjusting the interferometer position.
Azimuth: 245:20:47.4
Altitude: 27:48:01.0

Wed Mar 19 23:51:14 2014
Adjusting the interferometer position.
Azimuth: 245:27:17.4
Altitude: 27:42:06.0

Wed Mar 19 23:51:47 2014
Adjusting the interferometer position.
Azimuth: 245:33:46.7
Altitude: 27:36:10.7

Wed Mar 19 23:52:21 2014
Adjusting the interferometer position.
Azimuth: 245:40:27.0
Altitude: 27:30:04.3

Wed Mar 19 23:52:54 2014
Adjusting the interferometer position.
Azimuth: 245:46:54.9
Altitude: 27:24:08.4

Wed Mar 19 23:53:27 2014
Adjusting the interferometer position.
Azimuth: 245:53:22.0
Altitude: 27:18:12.2

Wed Mar 19 23:54:01 2014
Adjusting the interferometer position.
Azimuth: 246:00:00.2
Altitude: 27:12:04.9

Wed Mar 19 23:54:34 2014
Adjusting the interferometer position.
Azimuth: 246:06:26.0
Altitude: 27:06:08.1

Wed Mar 19 23:55:07 2014
Adjusting the interferometer position.
Azimuth: 246:12:51.0
Altitude: 27:00:11.0

Wed Mar 19 23:55:40 2014
Adjusting the interferometer position.
Azimuth: 246:19:15.4
Altitude: 26:54:13.6

Wed Mar 19 23:56:14 2014
Adjusting the interferometer position.
Azimuth: 246:25:50.7
Altitude: 26:48:05.1

Wed Mar 19 23:56:47 2014
Adjusting the interferometer position.
Azimuth: 246:32:13.7
Altitude: 26:42:07.1

Wed Mar 19 23:57:20 2014
Adjusting the interferometer position.
Azimuth: 246:38:36.1
Altitude: 26:36:08.8

Wed Mar 19 23:57:54 2014
Adjusting the interferometer position.
Azimuth: 246:45:09.3
Altitude: 26:29:59.4

Wed Mar 19 23:58:27 2014
Adjusting the interferometer position.
Azimuth: 246:51:30.3
Altitude: 26:24:00.5

Wed Mar 19 23:59:00 2014
Adjusting the interferometer position.
Azimuth: 246:57:50.6
Altitude: 26:18:01.4

Wed Mar 19 23:59:34 2014
Adjusting the interferometer position.
Azimuth: 247:04:21.7
Altitude: 26:11:51.0

Thu Mar 20 00:00:07 2014
Adjusting the interferometer position.
Azimuth: 247:10:40.7
Altitude: 26:05:51.3

Thu Mar 20 00:00:40 2014
Adjusting the interferometer position.
Azimuth: 247:16:59.0
Altitude: 25:59:51.3

Thu Mar 20 00:01:13 2014
Adjusting the interferometer position.
Azimuth: 247:23:16.7
Altitude: 25:53:51.0

Thu Mar 20 00:01:47 2014
Adjusting the interferometer position.
Azimuth: 247:29:45.1
Altitude: 25:47:39.6

Thu Mar 20 00:02:20 2014
Adjusting the interferometer position.
Azimuth: 247:36:01.5
Altitude: 25:41:38.7

Thu Mar 20 00:02:53 2014
Adjusting the interferometer position.
Azimuth: 247:42:17.3
Altitude: 25:35:37.6

Thu Mar 20 00:03:27 2014
Adjusting the interferometer position.
Azimuth: 247:48:43.7
Altitude: 25:29:25.3

Thu Mar 20 00:04:00 2014
Adjusting the interferometer position.
Azimuth: 247:54:58.2
Altitude: 25:23:23.7

Thu Mar 20 00:04:33 2014
Adjusting the interferometer position.
Azimuth: 248:01:12.0
Altitude: 25:17:21.7

Thu Mar 20 00:05:06 2014
Adjusting the interferometer position.
Azimuth: 248:07:25.2
Altitude: 25:11:19.6

Thu Mar 20 00:05:40 2014
Adjusting the interferometer position.
Azimuth: 248:13:49.0
Altitude: 25:05:06.1

Thu Mar 20 00:06:13 2014
Adjusting the interferometer position.
Azimuth: 248:20:01.0
Altitude: 24:59:03.4

Thu Mar 20 00:06:46 2014
Adjusting the interferometer position.
Azimuth: 248:26:12.3
Altitude: 24:53:00.4

Thu Mar 20 00:07:20 2014
Adjusting the interferometer position.
Azimuth: 248:32:34.2
Altitude: 24:46:46.2

Thu Mar 20 00:08:06 2014
Adjusting the interferometer position.
Azimuth: 248:41:10.0
Altitude: 24:38:19.4

Thu Mar 20 00:08:41 2014
Adjusting the interferometer position.
Azimuth: 248:47:41.6
Altitude: 24:31:53.5

Thu Mar 20 00:09:14 2014
Adjusting the interferometer position.
Azimuth: 248:53:50.2
Altitude: 24:25:49.4

Thu Mar 20 00:09:47 2014
Adjusting the interferometer position.
Azimuth: 248:59:58.2
Altitude: 24:19:45.0

Thu Mar 20 00:10:21 2014
Adjusting the interferometer position.
Azimuth: 249:06:16.8
Altitude: 24:13:29.3

Thu Mar 20 00:10:54 2014
Adjusting the interferometer position.
Azimuth: 249:12:23.6
Altitude: 24:07:24.5

Thu Mar 20 00:11:27 2014
Adjusting the interferometer position.
Azimuth: 249:18:29.8
Altitude: 24:01:19.3

Thu Mar 20 00:12:01 2014
Adjusting the interferometer position.
Azimuth: 249:24:46.5
Altitude: 23:55:02.9

Thu Mar 20 00:12:34 2014
Adjusting the interferometer position.
Azimuth: 249:30:51.6
Altitude: 23:48:57.3

Thu Mar 20 00:13:08 2014
Adjusting the interferometer position.
Azimuth: 249:37:07.1
Altitude: 23:42:40.3

Thu Mar 20 00:13:42 2014
Adjusting the interferometer position.
Azimuth: 249:43:22.0
Altitude: 23:36:23.1

Thu Mar 20 00:14:15 2014
Adjusting the interferometer position.
Azimuth: 249:49:25.3
Altitude: 23:30:16.7

Thu Mar 20 00:14:48 2014
Adjusting the interferometer position.
Azimuth: 249:55:28.1
Altitude: 23:24:10.1

Thu Mar 20 00:15:22 2014
Adjusting the interferometer position.
Azimuth: 250:01:41.2
Altitude: 23:17:52.2

Thu Mar 20 00:15:55 2014
Adjusting the interferometer position.
Azimuth: 250:07:42.8
Altitude: 23:11:45.1

Thu Mar 20 00:16:28 2014
Adjusting the interferometer position.
Azimuth: 250:13:43.8
Altitude: 23:05:37.8

Thu Mar 20 00:17:01 2014
Adjusting the interferometer position.
Azimuth: 250:19:44.3
Altitude: 22:59:30.3

Thu Mar 20 00:17:36 2014
Adjusting the interferometer position.
Azimuth: 250:26:06.1
Altitude: 22:53:00.2

Thu Mar 20 00:18:11 2014
Adjusting the interferometer position.
Azimuth: 250:32:27.2
Altitude: 22:46:29.9

Thu Mar 20 00:18:45 2014
Adjusting the interferometer position.
Azimuth: 250:38:36.9
Altitude: 22:40:10.5

Thu Mar 20 00:19:20 2014
Adjusting the interferometer position.
Azimuth: 250:44:56.8
Altitude: 22:33:39.6

Thu Mar 20 00:19:53 2014
Adjusting the interferometer position.
Azimuth: 250:50:54.4
Altitude: 22:27:30.9

Thu Mar 20 00:20:26 2014
Adjusting the interferometer position.
Azimuth: 250:56:51.6
Altitude: 22:21:22.0

Thu Mar 20 00:20:59 2014
Adjusting the interferometer position.
Azimuth: 251:02:48.2
Altitude: 22:15:12.8

Thu Mar 20 00:21:33 2014
Adjusting the interferometer position.
Azimuth: 251:08:55.0
Altitude: 22:08:52.2

Thu Mar 20 00:22:06 2014
Adjusting the interferometer position.
Azimuth: 251:14:50.6
Altitude: 22:02:42.6

Thu Mar 20 00:22:39 2014
Adjusting the interferometer position.
Azimuth: 251:20:45.6
Altitude: 21:56:32.8

Thu Mar 20 00:23:13 2014
Adjusting the interferometer position.
Azimuth: 251:26:50.8
Altitude: 21:50:11.5

Thu Mar 20 00:23:46 2014
Adjusting the interferometer position.
Azimuth: 251:32:44.8
Altitude: 21:44:01.3

Thu Mar 20 00:24:20 2014
Adjusting the interferometer position.
Azimuth: 251:38:48.9
Altitude: 21:37:39.6

Thu Mar 20 00:24:54 2014
Adjusting the interferometer position.
Azimuth: 251:44:52.5
Altitude: 21:31:17.6

Thu Mar 20 00:25:27 2014
Adjusting the interferometer position.
Azimuth: 251:50:45.0
Altitude: 21:25:06.7

Thu Mar 20 00:26:00 2014
Adjusting the interferometer position.
Azimuth: 251:56:36.9
Altitude: 21:18:55.6

Thu Mar 20 00:26:34 2014
Adjusting the interferometer position.
Azimuth: 252:02:38.9
Altitude: 21:12:33.1

Thu Mar 20 00:27:07 2014
Adjusting the interferometer position.
Azimuth: 252:08:29.8
Altitude: 21:06:21.5

Thu Mar 20 00:27:40 2014
Adjusting the interferometer position.
Azimuth: 252:14:20.2
Altitude: 21:00:09.8

Thu Mar 20 00:28:13 2014
Resetting the interferometer to its home position.
Thu Mar 20 00:29:11 2014
Done. Data collection may now resume.

Thu Mar 20 00:29:11 2014
Adjusting the interferometer position.
Azimuth: 252:30:24.0
Altitude: 20:43:03.6

Thu Mar 20 00:29:54 2014
Adjusting the interferometer position.
Azimuth: 252:37:58.1
Altitude: 20:34:58.2

Thu Mar 20 00:30:27 2014
Adjusting the interferometer position.
Azimuth: 252:43:46.1
Altitude: 20:28:45.5

Thu Mar 20 00:31:01 2014
Adjusting the interferometer position.
Azimuth: 252:49:44.1
Altitude: 20:22:21.2

Thu Mar 20 00:31:34 2014
Adjusting the interferometer position.
Azimuth: 252:55:31.1
Altitude: 20:16:08.1

Thu Mar 20 00:32:07 2014
Adjusting the interferometer position.
Azimuth: 253:01:17.6
Altitude: 20:09:54.8

Thu Mar 20 00:32:40 2014
Adjusting the interferometer position.
Azimuth: 253:07:03.7
Altitude: 20:03:41.2

Thu Mar 20 00:33:14 2014
Adjusting the interferometer position.
Azimuth: 253:12:59.8
Altitude: 19:57:16.2

Thu Mar 20 00:33:47 2014
Adjusting the interferometer position.
Azimuth: 253:18:44.9
Altitude: 19:51:02.3

Thu Mar 20 00:34:20 2014
Adjusting the interferometer position.
Azimuth: 253:24:29.6
Altitude: 19:44:48.2

Thu Mar 20 00:34:54 2014
Adjusting the interferometer position.
Azimuth: 253:30:24.2
Altitude: 19:38:22.5

Thu Mar 20 00:35:27 2014
Adjusting the interferometer position.
Azimuth: 253:36:08.0
Altitude: 19:32:08.0

Thu Mar 20 00:36:01 2014
Adjusting the interferometer position.
Azimuth: 253:42:01.7
Altitude: 19:25:42.0

Thu Mar 20 00:36:36 2014
Adjusting the interferometer position.
Azimuth: 253:48:05.3
Altitude: 19:19:04.4

Thu Mar 20 00:37:10 2014
Adjusting the interferometer position.
Azimuth: 253:53:58.1
Altitude: 19:12:38.0

Thu Mar 20 00:37:46 2014
Adjusting the interferometer position.
Azimuth: 254:00:11.1
Altitude: 19:05:48.7

Thu Mar 20 00:38:21 2014
Adjusting the interferometer position.
Azimuth: 254:06:13.2
Altitude: 18:59:10.5

Thu Mar 20 00:38:55 2014
Adjusting the interferometer position.
Azimuth: 254:12:04.6
Altitude: 18:52:43.5

Thu Mar 20 00:39:37 2014
Adjusting the interferometer position.
Azimuth: 254:19:18.0
Altitude: 18:44:45.2

Thu Mar 20 00:40:19 2014
Adjusting the interferometer position.
Azimuth: 254:26:30.6
Altitude: 18:36:46.6

Thu Mar 20 00:40:53 2014
Adjusting the interferometer position.
Azimuth: 254:32:20.4
Altitude: 18:30:18.9

Thu Mar 20 00:41:26 2014
Adjusting the interferometer position.
Azimuth: 254:37:59.5
Altitude: 18:24:02.5

Thu Mar 20 00:41:59 2014
Adjusting the interferometer position.
Azimuth: 254:43:38.1
Altitude: 18:17:45.9

Thu Mar 20 00:42:33 2014
Adjusting the interferometer position.
Azimuth: 254:49:26.6
Altitude: 18:11:17.8

Thu Mar 20 00:43:06 2014
Adjusting the interferometer position.
Azimuth: 254:55:04.4
Altitude: 18:05:00.8

Thu Mar 20 00:43:39 2014
Adjusting the interferometer position.
Azimuth: 255:00:41.8
Altitude: 17:58:43.7

Thu Mar 20 00:44:12 2014
Adjusting the interferometer position.
Azimuth: 255:06:18.7
Altitude: 17:52:26.5

Thu Mar 20 00:44:46 2014
Adjusting the interferometer position.
Azimuth: 255:12:05.5
Altitude: 17:45:57.6

Thu Mar 20 00:45:19 2014
Adjusting the interferometer position.
Azimuth: 255:17:41.7
Altitude: 17:39:40.0

Thu Mar 20 00:45:52 2014
Adjusting the interferometer position.
Azimuth: 255:23:17.5
Altitude: 17:33:22.3

Thu Mar 20 00:46:26 2014
Adjusting the interferometer position.
Azimuth: 255:29:03.0
Altitude: 17:26:52.9

Thu Mar 20 00:46:59 2014
Adjusting the interferometer position.
Azimuth: 255:34:38.0
Altitude: 17:20:34.8

Thu Mar 20 00:47:35 2014
Adjusting the interferometer position.
Azimuth: 255:40:43.0
Altitude: 17:13:42.2

Thu Mar 20 00:48:10 2014
Adjusting the interferometer position.
Azimuth: 255:46:37.4
Altitude: 17:07:00.9

Thu Mar 20 00:48:43 2014
Adjusting the interferometer position.
Azimuth: 255:52:11.2
Altitude: 17:00:42.3

Thu Mar 20 00:49:17 2014
Adjusting the interferometer position.
Azimuth: 255:57:54.7
Altitude: 16:54:12.1

Thu Mar 20 00:49:51 2014
Adjusting the interferometer position.
Azimuth: 256:03:37.8
Altitude: 16:47:41.7

Thu Mar 20 00:50:26 2014
Adjusting the interferometer position.
Azimuth: 256:09:30.5
Altitude: 16:40:59.7

Thu Mar 20 00:50:45 2014
Data collection succesful!
