Fri Mar 21 11:01:07 2014
The interferometer is now tracking the object with (RA, DEC) of (275:18:54.7, -16:10:05.0).

Fri Mar 21 11:01:07 2014
Initializing tracking daemon.

Fri Mar 21 11:01:07 2014
Adjusting the interferometer position.
Azimuth: 126:32:07.7
Altitude: 16:19:19.7

Fri Mar 21 11:01:07 2014
Data collection is now starting.

Fri Mar 21 11:01:43 2014
Adjusting the interferometer position.
Azimuth: 126:38:54.9
Altitude: 16:25:02.9

Fri Mar 21 11:02:17 2014
Adjusting the interferometer position.
Azimuth: 126:45:20.2
Altitude: 16:30:26.5

Fri Mar 21 11:02:50 2014
Adjusting the interferometer position.
Azimuth: 126:51:34.7
Altitude: 16:35:40.2

Fri Mar 21 11:03:23 2014
Adjusting the interferometer position.
Azimuth: 126:57:49.7
Altitude: 16:40:53.5

Fri Mar 21 11:03:56 2014
Adjusting the interferometer position.
Azimuth: 127:04:05.3
Altitude: 16:46:06.4

Fri Mar 21 11:04:30 2014
Adjusting the interferometer position.
Azimuth: 127:10:32.9
Altitude: 16:51:28.2

Fri Mar 21 11:05:03 2014
Adjusting the interferometer position.
Azimuth: 127:16:49.6
Altitude: 16:56:40.2

Fri Mar 21 11:05:36 2014
Adjusting the interferometer position.
Azimuth: 127:23:06.9
Altitude: 17:01:51.7

Fri Mar 21 11:06:10 2014
Adjusting the interferometer position.
Azimuth: 127:29:36.3
Altitude: 17:07:12.3

Fri Mar 21 11:06:43 2014
Adjusting the interferometer position.
Azimuth: 127:35:54.7
Altitude: 17:12:22.9

Fri Mar 21 11:07:16 2014
Adjusting the interferometer position.
Azimuth: 127:42:13.8
Altitude: 17:17:33.1

Fri Mar 21 11:07:50 2014
Adjusting the interferometer position.
Azimuth: 127:48:44.9
Altitude: 17:22:52.3

Fri Mar 21 11:08:23 2014
Adjusting the interferometer position.
Azimuth: 127:55:05.1
Altitude: 17:28:01.6

Fri Mar 21 11:08:56 2014
Adjusting the interferometer position.
Azimuth: 128:01:25.9
Altitude: 17:33:10.5

Fri Mar 21 11:09:29 2014
Adjusting the interferometer position.
Azimuth: 128:07:47.2
Altitude: 17:38:18.9

Fri Mar 21 11:10:03 2014
Adjusting the interferometer position.
Azimuth: 128:14:20.7
Altitude: 17:43:36.2

Fri Mar 21 11:10:36 2014
Adjusting the interferometer position.
Azimuth: 128:20:43.2
Altitude: 17:48:43.7

Fri Mar 21 11:11:09 2014
Adjusting the interferometer position.
Azimuth: 128:27:06.4
Altitude: 17:53:50.8

Fri Mar 21 11:11:43 2014
Adjusting the interferometer position.
Azimuth: 128:33:41.7
Altitude: 17:59:06.7

Fri Mar 21 11:12:16 2014
Adjusting the interferometer position.
Azimuth: 128:40:06.0
Altitude: 18:04:12.8

Fri Mar 21 11:12:49 2014
Adjusting the interferometer position.
Azimuth: 128:46:30.9
Altitude: 18:09:18.5

Fri Mar 21 11:13:22 2014
Adjusting the interferometer position.
Azimuth: 128:52:56.4
Altitude: 18:14:23.7

Fri Mar 21 11:13:56 2014
Adjusting the interferometer position.
Azimuth: 128:59:34.1
Altitude: 18:19:37.7

Fri Mar 21 11:14:29 2014
Adjusting the interferometer position.
Azimuth: 129:06:00.8
Altitude: 18:24:42.0

Fri Mar 21 11:15:02 2014
Adjusting the interferometer position.
Azimuth: 129:12:28.1
Altitude: 18:29:45.9

Fri Mar 21 11:15:36 2014
Adjusting the interferometer position.
Azimuth: 129:19:07.7
Altitude: 18:34:58.4

Fri Mar 21 11:16:09 2014
Adjusting the interferometer position.
Azimuth: 129:25:36.2
Altitude: 18:40:01.3

Fri Mar 21 11:16:42 2014
Adjusting the interferometer position.
Azimuth: 129:32:05.3
Altitude: 18:45:03.7

Fri Mar 21 11:17:15 2014
Adjusting the interferometer position.
Azimuth: 129:38:35.0
Altitude: 18:50:05.6

Fri Mar 21 11:17:49 2014
Adjusting the interferometer position.
Azimuth: 129:45:17.1
Altitude: 18:55:16.2

Fri Mar 21 11:18:22 2014
Adjusting the interferometer position.
Azimuth: 129:51:48.0
Altitude: 19:00:17.2

Fri Mar 21 11:18:55 2014
Adjusting the interferometer position.
Azimuth: 129:58:19.5
Altitude: 19:05:17.7

Fri Mar 21 11:19:29 2014
Adjusting the interferometer position.
Azimuth: 130:05:03.6
Altitude: 19:10:26.8

Fri Mar 21 11:20:02 2014
Adjusting the interferometer position.
Azimuth: 130:11:36.3
Altitude: 19:15:26.4

Fri Mar 21 11:20:35 2014
Adjusting the interferometer position.
Azimuth: 130:18:09.7
Altitude: 19:20:25.4

Fri Mar 21 11:21:09 2014
Adjusting the interferometer position.
Azimuth: 130:24:55.6
Altitude: 19:25:33.0

Fri Mar 21 11:21:42 2014
Adjusting the interferometer position.
Azimuth: 130:31:30.2
Altitude: 19:30:31.1

Fri Mar 21 11:22:15 2014
Adjusting the interferometer position.
Azimuth: 130:38:05.5
Altitude: 19:35:28.7

Fri Mar 21 11:22:49 2014
Adjusting the interferometer position.
Azimuth: 130:44:53.3
Altitude: 19:40:34.7

Fri Mar 21 11:23:22 2014
Adjusting the interferometer position.
Azimuth: 130:51:29.8
Altitude: 19:45:31.3

Fri Mar 21 11:23:55 2014
Adjusting the interferometer position.
Azimuth: 130:58:06.9
Altitude: 19:50:27.4

Fri Mar 21 11:24:28 2014
Adjusting the interferometer position.
Azimuth: 131:04:44.6
Altitude: 19:55:23.0

Fri Mar 21 11:25:02 2014
Adjusting the interferometer position.
Azimuth: 131:11:35.0
Altitude: 20:00:27.0

Fri Mar 21 11:25:35 2014
Adjusting the interferometer position.
Azimuth: 131:18:14.0
Altitude: 20:05:21.6

Fri Mar 21 11:26:08 2014
Adjusting the interferometer position.
Azimuth: 131:24:53.7
Altitude: 20:10:15.7

Fri Mar 21 11:26:42 2014
Adjusting the interferometer position.
Azimuth: 131:31:46.0
Altitude: 20:15:18.2

Fri Mar 21 11:27:15 2014
Adjusting the interferometer position.
Azimuth: 131:38:26.9
Altitude: 20:20:11.2

Fri Mar 21 11:27:48 2014
Adjusting the interferometer position.
Azimuth: 131:45:08.5
Altitude: 20:25:03.8

Fri Mar 21 11:28:21 2014
Adjusting the interferometer position.
Azimuth: 131:51:50.6
Altitude: 20:29:55.8

Fri Mar 21 11:28:55 2014
Adjusting the interferometer position.
Azimuth: 131:58:45.6
Altitude: 20:34:56.2

Fri Mar 21 11:29:28 2014
Adjusting the interferometer position.
Azimuth: 132:05:29.1
Altitude: 20:39:47.2

Fri Mar 21 11:30:01 2014
Adjusting the interferometer position.
Azimuth: 132:12:13.2
Altitude: 20:44:37.7

Fri Mar 21 11:30:35 2014
Adjusting the interferometer position.
Azimuth: 132:19:10.2
Altitude: 20:49:36.5

Fri Mar 21 11:31:08 2014
Adjusting the interferometer position.
Azimuth: 132:25:55.6
Altitude: 20:54:25.9

Fri Mar 21 11:31:41 2014
Adjusting the interferometer position.
Azimuth: 132:32:41.6
Altitude: 20:59:14.8

Fri Mar 21 11:32:14 2014
Adjusting the interferometer position.
Azimuth: 132:39:28.3
Altitude: 21:04:03.2

Fri Mar 21 11:32:48 2014
Adjusting the interferometer position.
Azimuth: 132:46:27.9
Altitude: 21:08:59.8

Fri Mar 21 11:33:21 2014
Adjusting the interferometer position.
Azimuth: 132:53:15.9
Altitude: 21:13:47.2

Fri Mar 21 11:33:54 2014
Adjusting the interferometer position.
Azimuth: 133:00:04.5
Altitude: 21:18:34.0

Fri Mar 21 11:34:28 2014
Adjusting the interferometer position.
Azimuth: 133:07:06.2
Altitude: 21:23:28.9

Fri Mar 21 11:35:01 2014
Adjusting the interferometer position.
Azimuth: 133:13:56.2
Altitude: 21:28:14.7

Fri Mar 21 11:35:34 2014
Adjusting the interferometer position.
Azimuth: 133:20:46.8
Altitude: 21:32:59.9

Fri Mar 21 11:36:07 2014
Adjusting the interferometer position.
Azimuth: 133:27:38.0
Altitude: 21:37:44.5

Fri Mar 21 11:36:41 2014
Adjusting the interferometer position.
Azimuth: 133:34:42.5
Altitude: 21:42:37.2

Fri Mar 21 11:37:14 2014
Adjusting the interferometer position.
Azimuth: 133:41:35.0
Altitude: 21:47:20.8

Fri Mar 21 11:37:47 2014
Adjusting the interferometer position.
Azimuth: 133:48:28.3
Altitude: 21:52:03.8

Fri Mar 21 11:38:21 2014
Adjusting the interferometer position.
Azimuth: 133:55:34.7
Altitude: 21:56:54.9

Fri Mar 21 11:38:54 2014
Adjusting the interferometer position.
Azimuth: 134:02:29.3
Altitude: 22:01:36.8

Fri Mar 21 11:39:27 2014
Adjusting the interferometer position.
Azimuth: 134:09:24.6
Altitude: 22:06:18.2

Fri Mar 21 11:40:01 2014
Adjusting the interferometer position.
Azimuth: 134:16:33.1
Altitude: 22:11:07.5

Fri Mar 21 11:40:34 2014
Adjusting the interferometer position.
Azimuth: 134:23:29.7
Altitude: 22:15:47.7

Fri Mar 21 11:41:07 2014
Adjusting the interferometer position.
Azimuth: 134:30:27.0
Altitude: 22:20:27.4

Fri Mar 21 11:41:40 2014
Adjusting the interferometer position.
Azimuth: 134:37:24.9
Altitude: 22:25:06.6

Fri Mar 21 11:42:14 2014
Adjusting the interferometer position.
Azimuth: 134:44:36.2
Altitude: 22:29:53.6

Fri Mar 21 11:42:47 2014
Adjusting the interferometer position.
Azimuth: 134:51:35.5
Altitude: 22:34:31.6

Fri Mar 21 11:43:20 2014
Adjusting the interferometer position.
Azimuth: 134:58:35.4
Altitude: 22:39:09.1

Fri Mar 21 11:43:54 2014
Adjusting the interferometer position.
Azimuth: 135:05:48.8
Altitude: 22:43:54.3

Fri Mar 21 11:44:27 2014
Adjusting the interferometer position.
Azimuth: 135:12:50.2
Altitude: 22:48:30.6

Fri Mar 21 11:45:00 2014
Adjusting the interferometer position.
Azimuth: 135:19:52.2
Altitude: 22:53:06.3

Fri Mar 21 11:45:34 2014
Adjusting the interferometer position.
Azimuth: 135:27:07.6
Altitude: 22:57:49.8

Fri Mar 21 11:46:07 2014
Adjusting the interferometer position.
Azimuth: 135:34:11.0
Altitude: 23:02:24.4

Fri Mar 21 11:46:40 2014
Adjusting the interferometer position.
Azimuth: 135:41:15.1
Altitude: 23:06:58.4

Fri Mar 21 11:47:13 2014
Adjusting the interferometer position.
Azimuth: 135:48:19.8
Altitude: 23:11:31.8

Fri Mar 21 11:47:47 2014
Adjusting the interferometer position.
Azimuth: 135:55:38.1
Altitude: 23:16:12.9

Fri Mar 21 11:48:20 2014
Adjusting the interferometer position.
Azimuth: 136:02:44.3
Altitude: 23:20:45.2

Fri Mar 21 11:48:53 2014
Adjusting the interferometer position.
Azimuth: 136:09:51.1
Altitude: 23:25:16.8

Fri Mar 21 11:49:27 2014
Adjusting the interferometer position.
Azimuth: 136:17:11.5
Altitude: 23:29:56.1

Fri Mar 21 11:50:00 2014
Adjusting the interferometer position.
Azimuth: 136:24:19.7
Altitude: 23:34:26.6

Fri Mar 21 11:50:33 2014
Adjusting the interferometer position.
Azimuth: 136:31:28.6
Altitude: 23:38:56.4

Fri Mar 21 11:51:06 2014
Adjusting the interferometer position.
Azimuth: 136:38:38.2
Altitude: 23:43:25.7

Fri Mar 21 11:51:40 2014
Adjusting the interferometer position.
Azimuth: 136:46:01.5
Altitude: 23:48:02.5

Fri Mar 21 11:52:13 2014
Adjusting the interferometer position.
Azimuth: 136:53:12.5
Altitude: 23:52:30.6

Fri Mar 21 11:52:46 2014
Adjusting the interferometer position.
Azimuth: 137:00:24.1
Altitude: 23:56:58.1

Fri Mar 21 11:53:20 2014
Adjusting the interferometer position.
Azimuth: 137:07:49.6
Altitude: 24:01:33.1

Fri Mar 21 11:53:53 2014
Adjusting the interferometer position.
Azimuth: 137:15:02.7
Altitude: 24:05:59.3

Fri Mar 21 11:54:26 2014
Adjusting the interferometer position.
Azimuth: 137:22:16.4
Altitude: 24:10:25.0

Fri Mar 21 11:55:00 2014
Adjusting the interferometer position.
Azimuth: 137:29:44.1
Altitude: 24:14:58.0

Fri Mar 21 11:55:33 2014
Adjusting the interferometer position.
Azimuth: 137:36:59.3
Altitude: 24:19:22.5

Fri Mar 21 11:56:06 2014
Adjusting the interferometer position.
Azimuth: 137:44:15.1
Altitude: 24:23:46.3

Fri Mar 21 11:56:39 2014
Adjusting the interferometer position.
Azimuth: 137:51:31.7
Altitude: 24:28:09.5

Fri Mar 21 11:57:13 2014
Adjusting the interferometer position.
Azimuth: 137:59:02.3
Altitude: 24:32:40.0

Fri Mar 21 11:57:46 2014
Adjusting the interferometer position.
Azimuth: 138:06:20.3
Altitude: 24:37:01.9

Fri Mar 21 11:58:19 2014
Adjusting the interferometer position.
Azimuth: 138:13:39.0
Altitude: 24:41:23.2

Fri Mar 21 11:58:53 2014
Adjusting the interferometer position.
Azimuth: 138:21:11.7
Altitude: 24:45:51.8

Fri Mar 21 11:59:26 2014
Adjusting the interferometer position.
Azimuth: 138:28:31.9
Altitude: 24:50:11.9

Fri Mar 21 11:59:59 2014
Adjusting the interferometer position.
Azimuth: 138:35:52.7
Altitude: 24:54:31.3

Fri Mar 21 12:00:32 2014
Adjusting the interferometer position.
Azimuth: 138:43:14.2
Altitude: 24:58:50.1

Fri Mar 21 12:01:06 2014
Adjusting the interferometer position.
Azimuth: 138:50:49.9
Altitude: 25:03:16.1

Fri Mar 21 12:01:39 2014
Resetting the interferometer to its home position.

Fri Mar 21 12:02:14 2014
Done. Data collection may now resume.

Fri Mar 21 12:02:14 2014
Adjusting the interferometer position.
Azimuth: 139:06:03.5
Altitude: 25:12:06.1

Fri Mar 21 12:02:54 2014
Adjusting the interferometer position.
Azimuth: 139:15:02.3
Altitude: 25:17:16.5

Fri Mar 21 12:03:28 2014
Adjusting the interferometer position.
Azimuth: 139:22:41.1
Altitude: 25:21:39.7

Fri Mar 21 12:04:01 2014
Adjusting the interferometer position.
Azimuth: 139:30:07.2
Altitude: 25:25:54.5

Fri Mar 21 12:04:34 2014
Adjusting the interferometer position.
Azimuth: 139:37:33.9
Altitude: 25:30:08.6

Fri Mar 21 12:05:08 2014
Adjusting the interferometer position.
Azimuth: 139:45:15.0
Altitude: 25:34:29.8

Fri Mar 21 12:05:41 2014
Adjusting the interferometer position.
Azimuth: 139:52:43.2
Altitude: 25:38:42.6

Fri Mar 21 12:06:14 2014
Adjusting the interferometer position.
Azimuth: 140:00:12.1
Altitude: 25:42:54.7

Fri Mar 21 12:06:47 2014
Adjusting the interferometer position.
Azimuth: 140:07:41.7
Altitude: 25:47:06.2

Fri Mar 21 12:07:21 2014
Adjusting the interferometer position.
Azimuth: 140:15:25.7
Altitude: 25:51:24.7

Fri Mar 21 12:07:54 2014
Adjusting the interferometer position.
Azimuth: 140:22:56.8
Altitude: 25:55:34.8

Fri Mar 21 12:08:27 2014
Adjusting the interferometer position.
Azimuth: 140:30:28.6
Altitude: 25:59:44.4

Fri Mar 21 12:09:01 2014
Adjusting the interferometer position.
Azimuth: 140:38:14.9
Altitude: 26:04:00.7

Fri Mar 21 12:09:34 2014
Adjusting the interferometer position.
Azimuth: 140:45:48.1
Altitude: 26:08:08.9

Fri Mar 21 12:10:07 2014
Adjusting the interferometer position.
Azimuth: 140:53:22.1
Altitude: 26:12:16.4

Fri Mar 21 12:10:40 2014
Adjusting the interferometer position.
Azimuth: 141:00:56.8
Altitude: 26:16:23.2

Fri Mar 21 12:11:14 2014
Adjusting the interferometer position.
Azimuth: 141:08:46.1
Altitude: 26:20:36.8

Fri Mar 21 12:11:47 2014
Adjusting the interferometer position.
Azimuth: 141:16:22.2
Altitude: 26:24:42.3

Fri Mar 21 12:12:20 2014
Adjusting the interferometer position.
Azimuth: 141:23:59.1
Altitude: 26:28:47.1

Fri Mar 21 12:12:54 2014
Adjusting the interferometer position.
Azimuth: 141:31:50.6
Altitude: 26:32:58.5

Fri Mar 21 12:13:27 2014
Adjusting the interferometer position.
Azimuth: 141:39:29.0
Altitude: 26:37:01.9

Fri Mar 21 12:14:00 2014
Adjusting the interferometer position.
Azimuth: 141:47:08.1
Altitude: 26:41:04.7

Fri Mar 21 12:14:33 2014
Adjusting the interferometer position.
Azimuth: 141:54:47.9
Altitude: 26:45:06.7

Fri Mar 21 12:15:07 2014
Adjusting the interferometer position.
Azimuth: 142:02:42.4
Altitude: 26:49:15.3

Fri Mar 21 12:15:40 2014
Adjusting the interferometer position.
Azimuth: 142:10:23.6
Altitude: 26:53:16.0

Fri Mar 21 12:16:13 2014
Adjusting the interferometer position.
Azimuth: 142:18:05.7
Altitude: 26:57:15.9

Fri Mar 21 12:16:47 2014
Adjusting the interferometer position.
Azimuth: 142:26:02.4
Altitude: 27:01:22.4

Fri Mar 21 12:17:20 2014
Adjusting the interferometer position.
Azimuth: 142:33:45.9
Altitude: 27:05:20.9

Fri Mar 21 12:17:53 2014
Adjusting the interferometer position.
Azimuth: 142:41:30.1
Altitude: 27:09:18.8

Fri Mar 21 12:18:27 2014
Adjusting the interferometer position.
Azimuth: 142:49:29.2
Altitude: 27:13:23.1

Fri Mar 21 12:19:00 2014
Adjusting the interferometer position.
Azimuth: 142:57:14.8
Altitude: 27:17:19.5

Fri Mar 21 12:19:33 2014
Adjusting the interferometer position.
Azimuth: 143:05:01.3
Altitude: 27:21:15.1

Fri Mar 21 12:20:06 2014
Adjusting the interferometer position.
Azimuth: 143:12:48.4
Altitude: 27:25:10.1

Fri Mar 21 12:20:40 2014
Adjusting the interferometer position.
Azimuth: 143:20:50.5
Altitude: 27:29:11.5

Fri Mar 21 12:21:13 2014
Adjusting the interferometer position.
Azimuth: 143:28:39.1
Altitude: 27:33:05.0

Fri Mar 21 12:21:46 2014
Adjusting the interferometer position.
Azimuth: 143:36:28.4
Altitude: 27:36:57.9

Fri Mar 21 12:22:20 2014
Adjusting the interferometer position.
Azimuth: 143:44:32.8
Altitude: 27:40:57.0

Fri Mar 21 12:22:53 2014
Adjusting the interferometer position.
Azimuth: 143:52:23.6
Altitude: 27:44:48.3

Fri Mar 21 12:23:26 2014
Adjusting the interferometer position.
Azimuth: 144:00:15.2
Altitude: 27:48:39.0

Fri Mar 21 12:23:59 2014
Adjusting the interferometer position.
Azimuth: 144:08:07.5
Altitude: 27:52:28.9

Fri Mar 21 12:24:33 2014
Adjusting the interferometer position.
Azimuth: 144:16:14.8
Altitude: 27:56:25.0

Fri Mar 21 12:25:06 2014
Adjusting the interferometer position.
Azimuth: 144:24:08.6
Altitude: 28:00:13.4

Fri Mar 21 12:25:39 2014
Adjusting the interferometer position.
Azimuth: 144:32:03.1
Altitude: 28:04:01.1

Fri Mar 21 12:26:13 2014
Adjusting the interferometer position.
Azimuth: 144:40:12.8
Altitude: 28:07:55.0

Fri Mar 21 12:26:46 2014
Adjusting the interferometer position.
Azimuth: 144:48:08.8
Altitude: 28:11:41.2

Fri Mar 21 12:27:19 2014
Adjusting the interferometer position.
Azimuth: 144:56:05.5
Altitude: 28:15:26.6

Fri Mar 21 12:27:53 2014
Adjusting the interferometer position.
Azimuth: 145:04:17.4
Altitude: 28:19:18.2

Fri Mar 21 12:28:26 2014
Adjusting the interferometer position.
Azimuth: 145:12:15.6
Altitude: 28:23:02.1

Fri Mar 21 12:28:59 2014
Adjusting the interferometer position.
Azimuth: 145:20:14.6
Altitude: 28:26:45.3

Fri Mar 21 12:29:32 2014
Adjusting the interferometer position.
Azimuth: 145:28:14.3
Altitude: 28:30:27.8

Fri Mar 21 12:30:06 2014
Adjusting the interferometer position.
Azimuth: 145:36:29.2
Altitude: 28:34:16.2

Fri Mar 21 12:30:39 2014
Adjusting the interferometer position.
Azimuth: 145:44:30.4
Altitude: 28:37:57.2

Fri Mar 21 12:31:12 2014
Adjusting the interferometer position.
Azimuth: 145:52:32.3
Altitude: 28:41:37.3

Fri Mar 21 12:31:46 2014
Adjusting the interferometer position.
Azimuth: 146:00:49.5
Altitude: 28:45:23.4

Fri Mar 21 12:32:19 2014
Adjusting the interferometer position.
Azimuth: 146:08:52.9
Altitude: 28:49:02.0

Fri Mar 21 12:32:52 2014
Adjusting the interferometer position.
Azimuth: 146:16:57.0
Altitude: 28:52:39.9

Fri Mar 21 12:33:25 2014
Adjusting the interferometer position.
Azimuth: 146:25:01.8
Altitude: 28:56:17.0

Fri Mar 21 12:33:59 2014
Adjusting the interferometer position.
Azimuth: 146:33:22.1
Altitude: 28:59:59.9

Fri Mar 21 12:34:32 2014
Adjusting the interferometer position.
Azimuth: 146:41:28.4
Altitude: 29:03:35.5

Fri Mar 21 12:35:05 2014
Adjusting the interferometer position.
Azimuth: 146:49:35.4
Altitude: 29:07:10.2

Fri Mar 21 12:35:39 2014
Adjusting the interferometer position.
Azimuth: 146:57:58.0
Altitude: 29:10:50.7

Fri Mar 21 12:36:12 2014
Adjusting the interferometer position.
Azimuth: 147:06:06.5
Altitude: 29:14:23.9

Fri Mar 21 12:36:45 2014
Adjusting the interferometer position.
Azimuth: 147:14:15.7
Altitude: 29:17:56.3

Fri Mar 21 12:37:19 2014
Adjusting the interferometer position.
Azimuth: 147:22:40.6
Altitude: 29:21:34.4

Fri Mar 21 12:37:52 2014
Adjusting the interferometer position.
Azimuth: 147:30:51.3
Altitude: 29:25:05.2

Fri Mar 21 12:38:25 2014
Adjusting the interferometer position.
Azimuth: 147:39:02.8
Altitude: 29:28:35.2

Fri Mar 21 12:38:58 2014
Adjusting the interferometer position.
Azimuth: 147:47:14.9
Altitude: 29:32:04.5

Fri Mar 21 12:39:32 2014
Adjusting the interferometer position.
Azimuth: 147:55:42.8
Altitude: 29:35:39.3

Fri Mar 21 12:40:05 2014
Adjusting the interferometer position.
Azimuth: 148:03:56.4
Altitude: 29:39:06.9

Fri Mar 21 12:40:38 2014
Adjusting the interferometer position.
Azimuth: 148:12:10.8
Altitude: 29:42:33.7

Fri Mar 21 12:41:12 2014
Adjusting the interferometer position.
Azimuth: 148:20:40.9
Altitude: 29:46:06.0

Fri Mar 21 12:41:45 2014
Adjusting the interferometer position.
Azimuth: 148:28:56.8
Altitude: 29:49:31.2

Fri Mar 21 12:42:18 2014
Adjusting the interferometer position.
Azimuth: 148:37:13.3
Altitude: 29:52:55.7

Fri Mar 21 12:42:51 2014
Adjusting the interferometer position.
Azimuth: 148:45:30.6
Altitude: 29:56:19.3

Fri Mar 21 12:43:25 2014
Adjusting the interferometer position.
Azimuth: 148:54:03.7
Altitude: 29:59:48.2

Fri Mar 21 12:43:58 2014
Adjusting the interferometer position.
Azimuth: 149:02:22.5
Altitude: 30:03:10.2

Fri Mar 21 12:44:31 2014
Adjusting the interferometer position.
Azimuth: 149:10:42.0
Altitude: 30:06:31.3

Fri Mar 21 12:45:05 2014
Adjusting the interferometer position.
Azimuth: 149:19:17.3
Altitude: 30:09:57.7

Fri Mar 21 12:45:38 2014
Adjusting the interferometer position.
Azimuth: 149:27:38.3
Altitude: 30:13:17.2

Fri Mar 21 12:46:11 2014
Adjusting the interferometer position.
Azimuth: 149:35:59.9
Altitude: 30:16:35.9

Fri Mar 21 12:46:45 2014
Adjusting the interferometer position.
Azimuth: 149:44:37.5
Altitude: 30:19:59.8

Fri Mar 21 12:47:18 2014
Adjusting the interferometer position.
Azimuth: 149:53:00.6
Altitude: 30:23:16.8

Fri Mar 21 12:47:51 2014
Adjusting the interferometer position.
Azimuth: 150:01:24.4
Altitude: 30:26:33.0

Fri Mar 21 12:48:24 2014
Adjusting the interferometer position.
Azimuth: 150:09:49.0
Altitude: 30:29:48.3

Fri Mar 21 12:48:58 2014
Adjusting the interferometer position.
Azimuth: 150:18:29.6
Altitude: 30:33:08.7

Fri Mar 21 12:49:31 2014
Adjusting the interferometer position.
Azimuth: 150:26:55.5
Altitude: 30:36:22.4

Fri Mar 21 12:50:04 2014
Adjusting the interferometer position.
Azimuth: 150:35:22.2
Altitude: 30:39:35.2

Fri Mar 21 12:50:38 2014
Adjusting the interferometer position.
Azimuth: 150:44:05.0
Altitude: 30:42:53.0

Fri Mar 21 12:51:11 2014
Adjusting the interferometer position.
Azimuth: 150:52:33.2
Altitude: 30:46:04.1

Fri Mar 21 12:51:44 2014
Adjusting the interferometer position.
Azimuth: 151:01:02.0
Altitude: 30:49:14.4

Fri Mar 21 12:52:17 2014
Adjusting the interferometer position.
Azimuth: 151:09:31.6
Altitude: 30:52:23.8

Fri Mar 21 12:52:51 2014
Adjusting the interferometer position.
Azimuth: 151:18:17.3
Altitude: 30:55:38.1

Fri Mar 21 12:53:24 2014
Adjusting the interferometer position.
Azimuth: 151:26:48.3
Altitude: 30:58:45.8

Fri Mar 21 12:53:57 2014
Adjusting the interferometer position.
Azimuth: 151:35:20.0
Altitude: 31:01:52.6

Fri Mar 21 12:54:31 2014
Adjusting the interferometer position.
Azimuth: 151:44:07.9
Altitude: 31:05:04.2

Fri Mar 21 12:55:04 2014
Adjusting the interferometer position.
Azimuth: 151:52:41.0
Altitude: 31:08:09.3

Fri Mar 21 12:55:37 2014
Adjusting the interferometer position.
Azimuth: 152:01:14.9
Altitude: 31:11:13.6

Fri Mar 21 12:56:10 2014
Adjusting the interferometer position.
Azimuth: 152:09:49.4
Altitude: 31:14:17.0

Fri Mar 21 12:56:44 2014
Adjusting the interferometer position.
Azimuth: 152:18:40.2
Altitude: 31:17:25.0

Fri Mar 21 12:57:17 2014
Adjusting the interferometer position.
Azimuth: 152:27:16.2
Altitude: 31:20:26.6

Fri Mar 21 12:57:50 2014
Adjusting the interferometer position.
Azimuth: 152:35:52.8
Altitude: 31:23:27.4

Fri Mar 21 12:58:24 2014
Adjusting the interferometer position.
Azimuth: 152:44:45.8
Altitude: 31:26:32.7

Fri Mar 21 12:58:57 2014
Adjusting the interferometer position.
Azimuth: 152:53:23.8
Altitude: 31:29:31.7

Fri Mar 21 12:59:30 2014
Adjusting the interferometer position.
Azimuth: 153:02:02.5
Altitude: 31:32:29.8

Fri Mar 21 13:00:04 2014
Adjusting the interferometer position.
Azimuth: 153:10:57.7
Altitude: 31:35:32.4

Fri Mar 21 13:00:37 2014
Adjusting the interferometer position.
Azimuth: 153:19:37.8
Altitude: 31:38:28.7

Fri Mar 21 13:01:10 2014
Adjusting the interferometer position.
Azimuth: 153:28:18.6
Altitude: 31:41:24.2

Fri Mar 21 13:01:43 2014
Adjusting the interferometer position.
Azimuth: 153:37:00.1
Altitude: 31:44:18.7

Fri Mar 21 13:02:17 2014
Adjusting the interferometer position.
Azimuth: 153:45:58.1
Altitude: 31:47:17.6

Fri Mar 21 13:02:50 2014
Resetting the interferometer to its home position.

Fri Mar 21 13:03:24 2014
Done. Data collection may now resume.

Fri Mar 21 13:03:24 2014
Adjusting the interferometer position.
Azimuth: 154:03:40.4
Altitude: 31:53:07.4

Fri Mar 21 13:04:04 2014
Adjusting the interferometer position.
Azimuth: 154:14:15.9
Altitude: 31:56:34.5

Fri Mar 21 13:04:37 2014
Adjusting the interferometer position.
Azimuth: 154:23:01.0
Altitude: 31:59:24.3

Fri Mar 21 13:05:11 2014
Adjusting the interferometer position.
Azimuth: 154:32:02.7
Altitude: 32:02:18.4

Fri Mar 21 13:05:44 2014
Adjusting the interferometer position.
Azimuth: 154:40:49.1
Altitude: 32:05:06.4

Fri Mar 21 13:06:17 2014
Adjusting the interferometer position.
Azimuth: 154:49:36.2
Altitude: 32:07:53.5

Fri Mar 21 13:06:51 2014
Adjusting the interferometer position.
Azimuth: 154:58:40.0
Altitude: 32:10:44.8

Fri Mar 21 13:07:24 2014
Adjusting the interferometer position.
Azimuth: 155:07:28.4
Altitude: 32:13:30.0

Fri Mar 21 13:07:57 2014
Adjusting the interferometer position.
Azimuth: 155:16:17.5
Altitude: 32:16:14.4

Fri Mar 21 13:08:31 2014
Adjusting the interferometer position.
Azimuth: 155:25:23.4
Altitude: 32:19:02.8

Fri Mar 21 13:09:04 2014
Adjusting the interferometer position.
Azimuth: 155:34:13.8
Altitude: 32:21:45.3

Fri Mar 21 13:09:37 2014
Adjusting the interferometer position.
Azimuth: 155:43:04.9
Altitude: 32:24:26.8

Fri Mar 21 13:10:10 2014
Adjusting the interferometer position.
Azimuth: 155:51:56.7
Altitude: 32:27:07.5

Fri Mar 21 13:10:44 2014
Adjusting the interferometer position.
Azimuth: 156:01:05.3
Altitude: 32:29:52.1

Fri Mar 21 13:11:17 2014
Adjusting the interferometer position.
Azimuth: 156:09:58.3
Altitude: 32:32:30.9

Fri Mar 21 13:11:50 2014
Adjusting the interferometer position.
Azimuth: 156:18:52.1
Altitude: 32:35:08.7

Fri Mar 21 13:12:24 2014
Adjusting the interferometer position.
Azimuth: 156:28:02.7
Altitude: 32:37:50.4

Fri Mar 21 13:12:57 2014
Adjusting the interferometer position.
Azimuth: 156:36:57.7
Altitude: 32:40:26.4

Fri Mar 21 13:13:30 2014
Adjusting the interferometer position.
Azimuth: 156:45:53.4
Altitude: 32:43:01.4

Fri Mar 21 13:14:03 2014
Adjusting the interferometer position.
Azimuth: 156:54:49.7
Altitude: 32:45:35.5

Fri Mar 21 13:14:37 2014
Adjusting the interferometer position.
Azimuth: 157:04:03.0
Altitude: 32:48:13.3

Fri Mar 21 13:15:10 2014
Adjusting the interferometer position.
Azimuth: 157:13:00.6
Altitude: 32:50:45.5

Fri Mar 21 13:15:43 2014
Adjusting the interferometer position.
Azimuth: 157:21:58.8
Altitude: 32:53:16.7

Fri Mar 21 13:16:17 2014
Adjusting the interferometer position.
Azimuth: 157:31:14.0
Altitude: 32:55:51.6

Fri Mar 21 13:16:50 2014
Adjusting the interferometer position.
Azimuth: 157:40:13.6
Altitude: 32:58:20.9

Fri Mar 21 13:17:23 2014
Adjusting the interferometer position.
Azimuth: 157:49:13.7
Altitude: 33:00:49.3

Fri Mar 21 13:17:57 2014
Adjusting the interferometer position.
Azimuth: 157:58:30.9
Altitude: 33:03:21.2

Fri Mar 21 13:18:30 2014
Adjusting the interferometer position.
Azimuth: 158:07:32.3
Altitude: 33:05:47.7

Fri Mar 21 13:19:03 2014
Adjusting the interferometer position.
Azimuth: 158:16:34.3
Altitude: 33:08:13.2

Fri Mar 21 13:19:36 2014
Adjusting the interferometer position.
Azimuth: 158:25:37.0
Altitude: 33:10:37.7

Fri Mar 21 13:20:10 2014
Adjusting the interferometer position.
Azimuth: 158:34:56.7
Altitude: 33:13:05.6

Fri Mar 21 13:20:43 2014
Adjusting the interferometer position.
Azimuth: 158:44:00.6
Altitude: 33:15:28.2

Fri Mar 21 13:21:16 2014
Adjusting the interferometer position.
Azimuth: 158:53:05.0
Altitude: 33:17:49.8

Fri Mar 21 13:21:50 2014
Adjusting the interferometer position.
Azimuth: 159:02:26.7
Altitude: 33:20:14.8

Fri Mar 21 13:22:23 2014
Adjusting the interferometer position.
Azimuth: 159:11:32.4
Altitude: 33:22:34.4

Fri Mar 21 13:22:56 2014
Adjusting the interferometer position.
Azimuth: 159:20:38.7
Altitude: 33:24:53.1

Fri Mar 21 13:23:29 2014
Adjusting the interferometer position.
Azimuth: 159:29:45.6
Altitude: 33:27:10.8

Fri Mar 21 13:24:03 2014
Adjusting the interferometer position.
Azimuth: 159:39:09.6
Altitude: 33:29:31.7

Fri Mar 21 13:24:36 2014
Adjusting the interferometer position.
Azimuth: 159:48:17.7
Altitude: 33:31:47.5

Fri Mar 21 13:25:09 2014
Adjusting the interferometer position.
Azimuth: 159:57:26.4
Altitude: 33:34:02.2

Fri Mar 21 13:25:43 2014
Adjusting the interferometer position.
Azimuth: 160:06:52.3
Altitude: 33:36:20.1

Fri Mar 21 13:26:16 2014
Adjusting the interferometer position.
Azimuth: 160:16:02.2
Altitude: 33:38:32.9

Fri Mar 21 13:26:49 2014
Adjusting the interferometer position.
Azimuth: 160:25:12.6
Altitude: 33:40:44.7

Fri Mar 21 13:27:23 2014
Adjusting the interferometer position.
Azimuth: 160:34:40.3
Altitude: 33:42:59.4

Fri Mar 21 13:27:56 2014
Adjusting the interferometer position.
Azimuth: 160:43:51.9
Altitude: 33:45:09.2

Fri Mar 21 13:28:29 2014
Adjusting the interferometer position.
Azimuth: 160:53:04.1
Altitude: 33:47:18.0

Fri Mar 21 13:29:02 2014
Adjusting the interferometer position.
Azimuth: 161:02:16.8
Altitude: 33:49:25.8

Fri Mar 21 13:29:36 2014
Adjusting the interferometer position.
Azimuth: 161:11:46.9
Altitude: 33:51:36.5

Fri Mar 21 13:30:09 2014
Adjusting the interferometer position.
Azimuth: 161:21:00.7
Altitude: 33:53:42.3

Fri Mar 21 13:30:42 2014
Adjusting the interferometer position.
Azimuth: 161:30:15.1
Altitude: 33:55:47.0

Fri Mar 21 13:31:16 2014
Adjusting the interferometer position.
Azimuth: 161:39:46.9
Altitude: 33:57:54.6

Fri Mar 21 13:31:49 2014
Adjusting the interferometer position.
Azimuth: 161:49:02.4
Altitude: 33:59:57.3

Fri Mar 21 13:32:22 2014
Adjusting the interferometer position.
Azimuth: 161:58:18.5
Altitude: 34:01:59.1

Fri Mar 21 13:32:55 2014
Adjusting the interferometer position.
Azimuth: 162:07:35.1
Altitude: 34:03:59.9

Fri Mar 21 13:33:29 2014
Adjusting the interferometer position.
Azimuth: 162:17:09.1
Altitude: 34:06:03.2

Fri Mar 21 13:34:02 2014
Adjusting the interferometer position.
Azimuth: 162:26:26.8
Altitude: 34:08:01.9

Fri Mar 21 13:34:35 2014
Adjusting the interferometer position.
Azimuth: 162:35:45.1
Altitude: 34:09:59.6

Fri Mar 21 13:35:09 2014
Adjusting the interferometer position.
Azimuth: 162:45:20.7
Altitude: 34:11:59.8

Fri Mar 21 13:35:42 2014
Adjusting the interferometer position.
Azimuth: 162:54:40.0
Altitude: 34:13:55.5

Fri Mar 21 13:36:15 2014
Adjusting the interferometer position.
Azimuth: 163:03:59.8
Altitude: 34:15:50.1

Fri Mar 21 13:36:48 2014
Adjusting the interferometer position.
Azimuth: 163:13:20.1
Altitude: 34:17:43.7

Fri Mar 21 13:37:22 2014
Adjusting the interferometer position.
Azimuth: 163:22:58.0
Altitude: 34:19:39.7

Fri Mar 21 13:37:55 2014
Adjusting the interferometer position.
Azimuth: 163:32:19.3
Altitude: 34:21:31.2

Fri Mar 21 13:38:28 2014
Adjusting the interferometer position.
Azimuth: 163:41:41.2
Altitude: 34:23:21.8

Fri Mar 21 13:39:02 2014
Adjusting the interferometer position.
Azimuth: 163:51:20.6
Altitude: 34:25:14.5

Fri Mar 21 13:39:35 2014
Adjusting the interferometer position.
Azimuth: 164:00:43.4
Altitude: 34:27:03.0

Fri Mar 21 13:40:08 2014
Adjusting the interferometer position.
Azimuth: 164:10:06.8
Altitude: 34:28:50.4

Fri Mar 21 13:40:42 2014
Adjusting the interferometer position.
Azimuth: 164:19:47.7
Altitude: 34:30:40.0

Fri Mar 21 13:41:15 2014
Adjusting the interferometer position.
Azimuth: 164:29:12.1
Altitude: 34:32:25.3

Fri Mar 21 13:41:48 2014
Adjusting the interferometer position.
Azimuth: 164:38:36.9
Altitude: 34:34:09.6

Fri Mar 21 13:42:21 2014
Adjusting the interferometer position.
Azimuth: 164:48:02.2
Altitude: 34:35:52.8

Fri Mar 21 13:42:55 2014
Adjusting the interferometer position.
Azimuth: 164:57:45.1
Altitude: 34:37:38.1

Fri Mar 21 13:43:28 2014
Adjusting the interferometer position.
Azimuth: 165:07:11.4
Altitude: 34:39:19.2

Fri Mar 21 13:44:01 2014
Adjusting the interferometer position.
Azimuth: 165:16:38.1
Altitude: 34:40:59.3

Fri Mar 21 13:44:35 2014
Adjusting the interferometer position.
Azimuth: 165:26:22.5
Altitude: 34:42:41.3

Fri Mar 21 13:45:08 2014
Adjusting the interferometer position.
Azimuth: 165:35:50.1
Altitude: 34:44:19.3

Fri Mar 21 13:45:41 2014
Adjusting the interferometer position.
Azimuth: 165:45:18.2
Altitude: 34:45:56.3

Fri Mar 21 13:46:14 2014
Adjusting the interferometer position.
Azimuth: 165:54:46.8
Altitude: 34:47:32.2

Fri Mar 21 13:46:48 2014
Adjusting the interferometer position.
Azimuth: 166:04:33.0
Altitude: 34:49:09.8

Fri Mar 21 13:47:21 2014
Adjusting the interferometer position.
Azimuth: 166:14:02.5
Altitude: 34:50:43.6

Fri Mar 21 13:47:54 2014
Adjusting the interferometer position.
Azimuth: 166:23:32.3
Altitude: 34:52:16.3

Fri Mar 21 13:48:28 2014
Adjusting the interferometer position.
Azimuth: 166:33:19.9
Altitude: 34:53:50.7

Fri Mar 21 13:49:01 2014
Adjusting the interferometer position.
Azimuth: 166:42:50.7
Altitude: 34:55:21.3

Fri Mar 21 13:49:34 2014
Adjusting the interferometer position.
Azimuth: 166:52:21.8
Altitude: 34:56:50.8

Fri Mar 21 13:50:08 2014
Adjusting the interferometer position.
Azimuth: 167:02:10.8
Altitude: 34:58:21.9

Fri Mar 21 13:50:41 2014
Adjusting the interferometer position.
Azimuth: 167:11:42.8
Altitude: 34:59:49.3

Fri Mar 21 13:51:14 2014
Adjusting the interferometer position.
Azimuth: 167:21:15.2
Altitude: 35:01:15.6

Fri Mar 21 13:51:47 2014
Adjusting the interferometer position.
Azimuth: 167:30:48.0
Altitude: 35:02:40.9

Fri Mar 21 13:52:21 2014
Adjusting the interferometer position.
Azimuth: 167:40:38.6
Altitude: 35:04:07.6

Fri Mar 21 13:52:54 2014
Adjusting the interferometer position.
Azimuth: 167:50:12.2
Altitude: 35:05:30.7

Fri Mar 21 13:53:27 2014
Adjusting the interferometer position.
Azimuth: 167:59:46.3
Altitude: 35:06:52.7

Fri Mar 21 13:54:01 2014
Adjusting the interferometer position.
Azimuth: 168:09:38.1
Altitude: 35:08:16.1

Fri Mar 21 13:54:34 2014
Adjusting the interferometer position.
Azimuth: 168:19:12.9
Altitude: 35:09:35.9

Fri Mar 21 13:55:07 2014
Adjusting the interferometer position.
Azimuth: 168:28:48.0
Altitude: 35:10:54.7

Fri Mar 21 13:55:40 2014
Adjusting the interferometer position.
Azimuth: 168:38:23.6
Altitude: 35:12:12.4

Fri Mar 21 13:56:14 2014
Adjusting the interferometer position.
Azimuth: 168:48:17.0
Altitude: 35:13:31.4

Fri Mar 21 13:56:47 2014
Adjusting the interferometer position.
Azimuth: 168:57:53.2
Altitude: 35:14:46.9

Fri Mar 21 13:57:20 2014
Adjusting the interferometer position.
Azimuth: 169:07:29.9
Altitude: 35:16:01.4

Fri Mar 21 13:57:54 2014
Adjusting the interferometer position.
Azimuth: 169:17:24.4
Altitude: 35:17:16.9

Fri Mar 21 13:58:27 2014
Adjusting the interferometer position.
Azimuth: 169:27:01.7
Altitude: 35:18:29.2

Fri Mar 21 13:59:00 2014
Adjusting the interferometer position.
Azimuth: 169:36:39.4
Altitude: 35:19:40.4

Fri Mar 21 13:59:33 2014
Adjusting the interferometer position.
Azimuth: 169:46:17.5
Altitude: 35:20:50.5

Fri Mar 21 14:00:07 2014
Adjusting the interferometer position.
Azimuth: 169:56:13.4
Altitude: 35:22:01.6

Fri Mar 21 14:00:40 2014
Adjusting the interferometer position.
Azimuth: 170:05:52.1
Altitude: 35:23:09.6

Fri Mar 21 14:01:13 2014
Adjusting the interferometer position.
Azimuth: 170:15:31.1
Altitude: 35:24:16.4

Fri Mar 21 14:01:47 2014
Adjusting the interferometer position.
Azimuth: 170:25:28.0
Altitude: 35:25:24.1

Fri Mar 21 14:02:20 2014
Adjusting the interferometer position.
Azimuth: 170:35:07.7
Altitude: 35:26:28.8

Fri Mar 21 14:02:53 2014
Adjusting the interferometer position.
Azimuth: 170:44:47.7
Altitude: 35:27:32.3

Fri Mar 21 14:03:27 2014
Adjusting the interferometer position.
Azimuth: 170:54:45.6
Altitude: 35:28:36.6

Fri Mar 21 14:04:00 2014
Resetting the interferometer to its home position.

Fri Mar 21 14:04:35 2014
Done. Data collection may now resume.

Fri Mar 21 14:04:35 2014
Adjusting the interferometer position.
Azimuth: 171:14:42.3
Altitude: 35:30:41.8

Fri Mar 21 14:05:15 2014
Adjusting the interferometer position.
Azimuth: 171:26:26.8
Altitude: 35:31:53.3

Fri Mar 21 14:05:48 2014
Adjusting the interferometer position.
Azimuth: 171:36:08.4
Altitude: 35:32:51.1

Fri Mar 21 14:06:22 2014
Adjusting the interferometer position.
Azimuth: 171:46:07.8
Altitude: 35:33:49.5

Fri Mar 21 14:06:55 2014
Adjusting the interferometer position.
Azimuth: 171:55:49.9
Altitude: 35:34:45.0

Fri Mar 21 14:07:28 2014
Adjusting the interferometer position.
Azimuth: 172:05:32.3
Altitude: 35:35:39.5

Fri Mar 21 14:08:02 2014
Adjusting the interferometer position.
Azimuth: 172:15:32.6
Altitude: 35:36:34.4

Fri Mar 21 14:08:35 2014
Adjusting the interferometer position.
Azimuth: 172:25:15.5
Altitude: 35:37:26.6

Fri Mar 21 14:09:08 2014
Adjusting the interferometer position.
Azimuth: 172:34:58.6
Altitude: 35:38:17.8

Fri Mar 21 14:09:41 2014
Adjusting the interferometer position.
Azimuth: 172:44:42.0
Altitude: 35:39:07.8

Fri Mar 21 14:10:15 2014
Adjusting the interferometer position.
Azimuth: 172:54:43.4
Altitude: 35:39:58.2

Fri Mar 21 14:10:48 2014
Adjusting the interferometer position.
Azimuth: 173:04:27.2
Altitude: 35:40:46.0

Fri Mar 21 14:11:21 2014
Adjusting the interferometer position.
Azimuth: 173:14:11.4
Altitude: 35:41:32.7

Fri Mar 21 14:11:55 2014
Adjusting the interferometer position.
Azimuth: 173:24:13.4
Altitude: 35:42:19.6

Fri Mar 21 14:12:28 2014
Adjusting the interferometer position.
Azimuth: 173:33:58.0
Altitude: 35:43:04.1

Fri Mar 21 14:13:01 2014
Adjusting the interferometer position.
Azimuth: 173:43:42.7
Altitude: 35:43:47.5

Fri Mar 21 14:13:35 2014
Adjusting the interferometer position.
Azimuth: 173:53:45.5
Altitude: 35:44:31.0

Fri Mar 21 14:14:08 2014
Adjusting the interferometer position.
Azimuth: 174:03:30.7
Altitude: 35:45:12.1

Fri Mar 21 14:14:41 2014
Adjusting the interferometer position.
Azimuth: 174:13:16.1
Altitude: 35:45:52.1

Fri Mar 21 14:15:14 2014
Adjusting the interferometer position.
Azimuth: 174:23:01.7
Altitude: 35:46:31.0

Fri Mar 21 14:15:48 2014
Adjusting the interferometer position.
Azimuth: 174:33:05.2
Altitude: 35:47:09.9

Fri Mar 21 14:16:21 2014
Adjusting the interferometer position.
Azimuth: 174:42:51.2
Altitude: 35:47:46.5

Fri Mar 21 14:16:54 2014
Adjusting the interferometer position.
Azimuth: 174:52:37.3
Altitude: 35:48:22.1

Fri Mar 21 14:17:28 2014
Adjusting the interferometer position.
Azimuth: 175:02:41.4
Altitude: 35:48:57.5

Fri Mar 21 14:18:01 2014
Adjusting the interferometer position.
Azimuth: 175:12:27.9
Altitude: 35:49:30.8

Fri Mar 21 14:18:34 2014
Adjusting the interferometer position.
Azimuth: 175:22:14.6
Altitude: 35:50:03.0

Fri Mar 21 14:19:07 2014
Adjusting the interferometer position.
Azimuth: 175:32:01.4
Altitude: 35:50:34.1

Fri Mar 21 14:19:41 2014
Adjusting the interferometer position.
Azimuth: 175:42:06.1
Altitude: 35:51:04.9

Fri Mar 21 14:20:14 2014
Adjusting the interferometer position.
Azimuth: 175:51:53.2
Altitude: 35:51:33.7

Fri Mar 21 14:20:47 2014
Adjusting the interferometer position.
Azimuth: 176:01:40.5
Altitude: 35:52:01.4

Fri Mar 21 14:21:21 2014
Adjusting the interferometer position.
Azimuth: 176:11:45.7
Altitude: 35:52:28.8

Fri Mar 21 14:21:54 2014
Adjusting the interferometer position.
Azimuth: 176:21:33.2
Altitude: 35:52:54.2

Fri Mar 21 14:22:27 2014
Adjusting the interferometer position.
Azimuth: 176:31:20.8
Altitude: 35:53:18.6

Fri Mar 21 14:23:01 2014
Adjusting the interferometer position.
Azimuth: 176:41:26.4
Altitude: 35:53:42.5

Fri Mar 21 14:23:34 2014
Adjusting the interferometer position.
Azimuth: 176:51:14.3
Altitude: 35:54:04.5

Fri Mar 21 14:24:07 2014
Adjusting the interferometer position.
Azimuth: 177:01:02.3
Altitude: 35:54:25.5

Fri Mar 21 14:24:40 2014
Adjusting the interferometer position.
Azimuth: 177:10:50.3
Altitude: 35:54:45.3

Fri Mar 21 14:25:14 2014
Adjusting the interferometer position.
Azimuth: 177:20:56.3
Altitude: 35:55:04.6

Fri Mar 21 14:25:47 2014
Adjusting the interferometer position.
Azimuth: 177:30:44.6
Altitude: 35:55:22.1

Fri Mar 21 14:26:20 2014
Adjusting the interferometer position.
Azimuth: 177:40:33.0
Altitude: 35:55:38.6

Fri Mar 21 14:26:54 2014
Adjusting the interferometer position.
Azimuth: 177:50:39.2
Altitude: 35:55:54.3

Fri Mar 21 14:27:27 2014
Adjusting the interferometer position.
Azimuth: 178:00:27.7
Altitude: 35:56:08.5

Fri Mar 21 14:28:00 2014
Adjusting the interferometer position.
Azimuth: 178:10:16.3
Altitude: 35:56:21.6

Fri Mar 21 14:28:33 2014
Adjusting the interferometer position.
Azimuth: 178:20:05.0
Altitude: 35:56:33.5

Fri Mar 21 14:29:07 2014
Adjusting the interferometer position.
Azimuth: 178:30:11.5
Altitude: 35:56:44.7

Fri Mar 21 14:29:40 2014
Adjusting the interferometer position.
Azimuth: 178:40:00.2
Altitude: 35:56:54.3

Fri Mar 21 14:30:13 2014
Adjusting the interferometer position.
Azimuth: 178:49:49.0
Altitude: 35:57:02.9

Fri Mar 21 14:30:47 2014
Adjusting the interferometer position.
Azimuth: 178:59:55.7
Altitude: 35:57:10.5

Fri Mar 21 14:31:20 2014
Adjusting the interferometer position.
Azimuth: 179:09:44.6
Altitude: 35:57:16.8

Fri Mar 21 14:31:53 2014
Adjusting the interferometer position.
Azimuth: 179:19:33.5
Altitude: 35:57:22.0

Fri Mar 21 14:32:26 2014
Adjusting the interferometer position.
Azimuth: 179:29:22.4
Altitude: 35:57:26.1

Fri Mar 21 14:33:00 2014
Adjusting the interferometer position.
Azimuth: 179:39:29.2
Altitude: 35:57:29.1

Fri Mar 21 14:33:33 2014
Adjusting the interferometer position.
Azimuth: 179:49:18.1
Altitude: 35:57:30.8

Fri Mar 21 14:34:06 2014
Adjusting the interferometer position.
Azimuth: 179:59:07.1
Altitude: 35:57:31.5

Fri Mar 21 14:34:40 2014
Adjusting the interferometer position.
Azimuth: 180:09:13.9
Altitude: 35:57:31.0

Fri Mar 21 14:35:13 2014
Adjusting the interferometer position.
Azimuth: 180:19:02.8
Altitude: 35:57:29.4

Fri Mar 21 14:35:46 2014
Adjusting the interferometer position.
Azimuth: 180:28:51.8
Altitude: 35:57:26.7

Fri Mar 21 14:36:20 2014
Adjusting the interferometer position.
Azimuth: 180:38:58.5
Altitude: 35:57:22.7

Fri Mar 21 14:36:53 2014
Adjusting the interferometer position.
Azimuth: 180:48:47.4
Altitude: 35:57:17.7

Fri Mar 21 14:37:26 2014
Adjusting the interferometer position.
Azimuth: 180:58:36.3
Altitude: 35:57:11.6

Fri Mar 21 14:37:59 2014
Adjusting the interferometer position.
Azimuth: 181:08:25.1
Altitude: 35:57:04.3

Fri Mar 21 14:38:33 2014
Adjusting the interferometer position.
Azimuth: 181:18:31.8
Altitude: 35:56:55.7

Fri Mar 21 14:39:06 2014
Adjusting the interferometer position.
Azimuth: 181:28:20.5
Altitude: 35:56:46.2

Fri Mar 21 14:39:39 2014
Adjusting the interferometer position.
Azimuth: 181:38:09.2
Altitude: 35:56:35.6

Fri Mar 21 14:40:13 2014
Adjusting the interferometer position.
Azimuth: 181:48:15.7
Altitude: 35:56:23.4

Fri Mar 21 14:40:46 2014
Adjusting the interferometer position.
Azimuth: 181:58:04.3
Altitude: 35:56:10.5

Fri Mar 21 14:41:19 2014
Adjusting the interferometer position.
Azimuth: 182:07:52.8
Altitude: 35:55:56.5

Fri Mar 21 14:41:53 2014
Adjusting the interferometer position.
Azimuth: 182:17:59.1
Altitude: 35:55:40.9

Fri Mar 21 14:42:26 2014
Adjusting the interferometer position.
Azimuth: 182:27:47.5
Altitude: 35:55:24.6

Fri Mar 21 14:42:59 2014
Adjusting the interferometer position.
Azimuth: 182:37:35.8
Altitude: 35:55:07.2

Fri Mar 21 14:43:32 2014
Adjusting the interferometer position.
Azimuth: 182:47:23.9
Altitude: 35:54:48.7

Fri Mar 21 14:44:06 2014
Adjusting the interferometer position.
Azimuth: 182:57:29.9
Altitude: 35:54:28.5

Fri Mar 21 14:44:39 2014
Adjusting the interferometer position.
Azimuth: 183:07:17.9
Altitude: 35:54:07.7

Fri Mar 21 14:45:12 2014
Adjusting the interferometer position.
Azimuth: 183:17:05.8
Altitude: 35:53:45.8

Fri Mar 21 14:45:46 2014
Adjusting the interferometer position.
Azimuth: 183:27:11.3
Altitude: 35:53:22.1

Fri Mar 21 14:46:19 2014
Adjusting the interferometer position.
Azimuth: 183:36:59.0
Altitude: 35:52:57.9

Fri Mar 21 14:46:52 2014
Adjusting the interferometer position.
Azimuth: 183:46:46.5
Altitude: 35:52:32.7

Fri Mar 21 14:47:25 2014
Adjusting the interferometer position.
Azimuth: 183:56:33.9
Altitude: 35:52:06.3

Fri Mar 21 14:47:59 2014
Adjusting the interferometer position.
Azimuth: 184:06:39.0
Altitude: 35:51:37.9

Fri Mar 21 14:48:32 2014
Adjusting the interferometer position.
Azimuth: 184:16:26.1
Altitude: 35:51:09.3

Fri Mar 21 14:49:05 2014
Adjusting the interferometer position.
Azimuth: 184:26:13.1
Altitude: 35:50:39.5

Fri Mar 21 14:49:39 2014
Adjusting the interferometer position.
Azimuth: 184:36:17.8
Altitude: 35:50:07.7

Fri Mar 21 14:50:12 2014
Adjusting the interferometer position.
Azimuth: 184:46:04.4
Altitude: 35:49:35.7

Fri Mar 21 14:50:45 2014
Adjusting the interferometer position.
Azimuth: 184:55:51.0
Altitude: 35:49:02.6

Fri Mar 21 14:51:19 2014
Adjusting the interferometer position.
Azimuth: 185:05:55.1
Altitude: 35:48:27.3

Fri Mar 21 14:51:52 2014
Adjusting the interferometer position.
Azimuth: 185:15:41.2
Altitude: 35:47:51.9

Fri Mar 21 14:52:25 2014
Adjusting the interferometer position.
Azimuth: 185:25:27.2
Altitude: 35:47:15.4

Fri Mar 21 14:52:58 2014
Adjusting the interferometer position.
Azimuth: 185:35:13.1
Altitude: 35:46:37.9

Fri Mar 21 14:53:32 2014
Adjusting the interferometer position.
Azimuth: 185:45:16.4
Altitude: 35:45:58.0

Fri Mar 21 14:54:05 2014
Adjusting the interferometer position.
Azimuth: 185:55:01.9
Altitude: 35:45:18.1

Fri Mar 21 14:54:38 2014
Adjusting the interferometer position.
Azimuth: 186:04:47.1
Altitude: 35:44:37.2

Fri Mar 21 14:55:12 2014
Adjusting the interferometer position.
Azimuth: 186:14:49.8
Altitude: 35:43:53.8

Fri Mar 21 14:55:45 2014
Adjusting the interferometer position.
Azimuth: 186:24:34.7
Altitude: 35:43:10.7

Fri Mar 21 14:56:18 2014
Adjusting the interferometer position.
Azimuth: 186:34:19.3
Altitude: 35:42:26.4

Fri Mar 21 14:56:51 2014
Adjusting the interferometer position.
Azimuth: 186:44:03.6
Altitude: 35:41:41.0

Fri Mar 21 14:57:25 2014
Adjusting the interferometer position.
Azimuth: 186:54:05.5
Altitude: 35:40:53.0

Fri Mar 21 14:57:58 2014
Adjusting the interferometer position.
Azimuth: 187:03:49.4
Altitude: 35:40:05.4

Fri Mar 21 14:58:31 2014
Adjusting the interferometer position.
Azimuth: 187:13:33.1
Altitude: 35:39:16.7

Fri Mar 21 14:59:05 2014
Adjusting the interferometer position.
Azimuth: 187:23:34.2
Altitude: 35:38:25.3

Fri Mar 21 14:59:38 2014
Adjusting the interferometer position.
Azimuth: 187:33:17.4
Altitude: 35:37:34.4

Fri Mar 21 15:00:01 2014
Data collection succesful!

